#
# There is insufficient memory for the Java Runtime Environment to continue.
# Native memory allocation (mmap) failed to map 2064384 bytes for G1 virtual space
# Possible reasons:
#   The system is out of physical RAM or swap space
#   The process is running with CompressedOops enabled, and the Java Heap may be blocking the growth of the native heap
# Possible solutions:
#   Reduce memory load on the system
#   Increase physical memory or swap space
#   Check if swap backing store is full
#   Decrease Java heap size (-Xmx/-Xms)
#   Decrease number of Java threads
#   Decrease Java thread stack sizes (-Xss)
#   Set larger code cache with -XX:ReservedCodeCacheSize=
#   JVM is running with Unscaled Compressed Oops mode in which the Java heap is
#     placed in the first 4GB address space. The Java Heap base address is the
#     maximum limit for the native heap growth. Please use -XX:HeapBaseMinAddress
#     to set the Java Heap base and to place the Java Heap above 4GB virtual address.
# This output file may be truncated or incomplete.
#
#  Out of Memory Error (os_windows.cpp:3528), pid=320, tid=6288
#
# JRE version:  (20.0.1+9) (build )
# Java VM: OpenJDK 64-Bit Server VM (20.0.1+9, mixed mode, sharing, tiered, compressed oops, compressed class ptrs, g1 gc, windows-amd64)
# No core dump will be written. Minidumps are not enabled by default on client versions of Windows
#

---------------  S U M M A R Y ------------

Command Line: --module-path=C:\Users\DELL\Desktop\Desktop\Programming\library\javafx-sdk-17.0.8\lib --add-modules=javafx.controls,javafx.fxml -Dfile.encoding=windows-1252 --module-path=C:\Users\DELL\.p2\pool\plugins\org.eclipse.fx.ide.css.jfx8_3.10.0.202303150700.jar;C:\Users\DELL\Desktop\javafx-sdk-17.0.8\lib\javafx.base.jar;C:\Users\DELL\Desktop\javafx-sdk-17.0.8\lib\javafx.controls.jar;C:\Users\DELL\Desktop\javafx-sdk-17.0.8\lib\javafx.fxml.jar;C:\Users\DELL\Desktop\javafx-sdk-17.0.8\lib\javafx.graphics.jar;C:\Users\DELL\Desktop\javafx-sdk-17.0.8\lib\javafx.media.jar;C:\Users\DELL\Desktop\javafx-sdk-17.0.8\lib\javafx.swing.jar;C:\Users\DELL\Desktop\javafx-sdk-17.0.8\lib\javafx.web.jar;C:\Users\DELL\Desktop\javafx-sdk-17.0.8\lib\javafx-swt.jar -XX:+ShowCodeDetailsInExceptionMessages application.Main

Host: Intel(R) Core(TM) i7-7700HQ CPU @ 2.80GHz, 8 cores, 7G,  Windows 10 , 64 bit Build 19041 (10.0.19041.3393)
Time: Thu Oct 12 00:55:27 2023 India Standard Time elapsed time: 0.018329 seconds (0d 0h 0m 0s)

---------------  T H R E A D  ---------------

Current thread (0x000002a1080fc820):  JavaThread "Unknown thread" [_thread_in_vm, id=6288, stack(0x000000a504000000,0x000000a504100000)]

Stack: [0x000000a504000000,0x000000a504100000]
Native frames: (J=compiled Java code, j=interpreted, Vv=VM code, C=native code)
V  [jvm.dll+0x6c44aa]
V  [jvm.dll+0x8a27fc]
V  [jvm.dll+0x8a4405]
V  [jvm.dll+0x8a4b03]
V  [jvm.dll+0x284a4f]
V  [jvm.dll+0x6c1229]
V  [jvm.dll+0x6b5d1a]
V  [jvm.dll+0x360dad]
V  [jvm.dll+0x368f26]
V  [jvm.dll+0x3b9d43]
V  [jvm.dll+0x3b9fa5]
V  [jvm.dll+0x3313ba]
V  [jvm.dll+0x3321cb]
V  [jvm.dll+0x86b0ef]
V  [jvm.dll+0x3c6fb1]
V  [jvm.dll+0x856e76]
V  [jvm.dll+0x45296f]
V  [jvm.dll+0x454451]
C  [jli.dll+0x528f]
C  [ucrtbase.dll+0x21bb2]
C  [KERNEL32.DLL+0x17344]
C  [ntdll.dll+0x526b1]


---------------  P R O C E S S  ---------------

Threads class SMR info:
_java_thread_list=0x00007ff8fc029598, length=0, elements={
}

Java Threads: ( => current thread )

Other Threads:
  0x000002a10815e450 WorkerThread "GC Thread#0" [stack: 0x000000a504100000,0x000000a504200000] [id=17580]
  0x000002a10816f860 ConcurrentGCThread "G1 Main Marker" [stack: 0x000000a504200000,0x000000a504300000] [id=14316]
  0x000002a1081712a0 WorkerThread "G1 Conc#0" [stack: 0x000000a504300000,0x000000a504400000] [id=17256]

[error occurred during error reporting (printing all threads), id 0xc0000005, EXCEPTION_ACCESS_VIOLATION (0xc0000005) at pc=0x00007ff8fb7a4997]
VM state: not at safepoint (not fully initialized)

VM Mutex/Monitor currently owned by a thread:  ([mutex/lock_event])
[0x000002a1080f9090] Heap_lock - owner thread: 0x000002a1080fc820

Heap address: 0x0000000082200000, size: 2014 MB, Compressed Oops mode: 32-bit

CDS archive(s) mapped at: [0x0000000000000000-0x0000000000000000-0x0000000000000000), size 0, SharedBaseAddress: 0x0000000800000000, ArchiveRelocationMode: 0.
Narrow klass base: 0x0000000000000000, Narrow klass shift: 0, Narrow klass range: 0x0

GC Precious Log:
 CardTable entry size: 512
 Card Set container configuration: InlinePtr #cards 5 size 8 Array Of Cards #cards 12 size 40 Howl #buckets 4 coarsen threshold 1843 Howl Bitmap #cards 512 size 80 coarsen threshold 460 Card regions per heap region 1 cards per card region 2048

Heap:
 garbage-first heap   total 0K, used 0K [0x0000000082200000, 0x0000000100000000)
  region size 1024K, 0 young (0K), 0 survivors (0K)

[error occurred during error reporting (printing heap information), id 0xc0000005, EXCEPTION_ACCESS_VIOLATION (0xc0000005) at pc=0x00007ff8fbb7d559]
GC Heap History (0 events):
No events

Dll operation events (1 events):
Event: 0.009 Loaded shared library C:\Users\DELL\.p2\pool\plugins\org.eclipse.justj.openjdk.hotspot.jre.full.win32.x86_64_20.0.1.v20230425-1611\jre\bin\java.dll

Deoptimization events (0 events):
No events

Classes loaded (0 events):
No events

Classes unloaded (0 events):
No events

Classes redefined (0 events):
No events

Internal exceptions (0 events):
No events

VM Operations (0 events):
No events

Events (0 events):
No events


Dynamic libraries:
0x00007ff780610000 - 0x00007ff78061e000 	C:\Users\DELL\.p2\pool\plugins\org.eclipse.justj.openjdk.hotspot.jre.full.win32.x86_64_20.0.1.v20230425-1611\jre\bin\javaw.exe
0x00007ff94acf0000 - 0x00007ff94aee8000 	C:\WINDOWS\SYSTEM32\ntdll.dll
0x00007ff949dc0000 - 0x00007ff949e7d000 	C:\WINDOWS\System32\KERNEL32.DLL
0x00007ff948a50000 - 0x00007ff948d46000 	C:\WINDOWS\System32\KERNELBASE.dll
0x00007ff948550000 - 0x00007ff948650000 	C:\WINDOWS\System32\ucrtbase.dll
0x00007ff9289b0000 - 0x00007ff9289c7000 	C:\Users\DELL\.p2\pool\plugins\org.eclipse.justj.openjdk.hotspot.jre.full.win32.x86_64_20.0.1.v20230425-1611\jre\bin\jli.dll
0x00007ff937400000 - 0x00007ff93741b000 	C:\Users\DELL\.p2\pool\plugins\org.eclipse.justj.openjdk.hotspot.jre.full.win32.x86_64_20.0.1.v20230425-1611\jre\bin\VCRUNTIME140.dll
0x00007ff949000000 - 0x00007ff94919e000 	C:\WINDOWS\System32\USER32.dll
0x00007ff948520000 - 0x00007ff948542000 	C:\WINDOWS\System32\win32u.dll
0x00007ff938010000 - 0x00007ff9382aa000 	C:\WINDOWS\WinSxS\amd64_microsoft.windows.common-controls_6595b64144ccf1df_6.0.19041.1110_none_60b5254171f9507e\COMCTL32.dll
0x00007ff94a920000 - 0x00007ff94a94c000 	C:\WINDOWS\System32\GDI32.dll
0x00007ff94a7d0000 - 0x00007ff94a86e000 	C:\WINDOWS\System32\msvcrt.dll
0x00007ff948730000 - 0x00007ff94884a000 	C:\WINDOWS\System32\gdi32full.dll
0x00007ff9489b0000 - 0x00007ff948a4d000 	C:\WINDOWS\System32\msvcp_win.dll
0x00007ff94a280000 - 0x00007ff94a2b0000 	C:\WINDOWS\System32\IMM32.DLL
0x00007ff9338b0000 - 0x00007ff9338bc000 	C:\Users\DELL\.p2\pool\plugins\org.eclipse.justj.openjdk.hotspot.jre.full.win32.x86_64_20.0.1.v20230425-1611\jre\bin\vcruntime140_1.dll
0x00007ff914360000 - 0x00007ff9143ed000 	C:\Users\DELL\.p2\pool\plugins\org.eclipse.justj.openjdk.hotspot.jre.full.win32.x86_64_20.0.1.v20230425-1611\jre\bin\msvcp140.dll
0x00007ff8fb460000 - 0x00007ff8fc16e000 	C:\Users\DELL\.p2\pool\plugins\org.eclipse.justj.openjdk.hotspot.jre.full.win32.x86_64_20.0.1.v20230425-1611\jre\bin\server\jvm.dll
0x00007ff9491a0000 - 0x00007ff94924e000 	C:\WINDOWS\System32\ADVAPI32.dll
0x00007ff949d10000 - 0x00007ff949dac000 	C:\WINDOWS\System32\sechost.dll
0x00007ff949250000 - 0x00007ff949376000 	C:\WINDOWS\System32\RPCRT4.dll
0x00007ff935eb0000 - 0x00007ff935eb9000 	C:\WINDOWS\SYSTEM32\WSOCK32.dll
0x00007ff93a010000 - 0x00007ff93a037000 	C:\WINDOWS\SYSTEM32\WINMM.dll
0x00007ff941e50000 - 0x00007ff941e5a000 	C:\WINDOWS\SYSTEM32\VERSION.dll
0x00007ff94a210000 - 0x00007ff94a27b000 	C:\WINDOWS\System32\WS2_32.dll
0x00007ff946c40000 - 0x00007ff946c52000 	C:\WINDOWS\SYSTEM32\kernel.appcore.dll
0x00007ff944910000 - 0x00007ff94491a000 	C:\Users\DELL\.p2\pool\plugins\org.eclipse.justj.openjdk.hotspot.jre.full.win32.x86_64_20.0.1.v20230425-1611\jre\bin\jimage.dll
0x00007ff946760000 - 0x00007ff946944000 	C:\WINDOWS\SYSTEM32\DBGHELP.DLL
0x00007ff934870000 - 0x00007ff9348a4000 	C:\WINDOWS\SYSTEM32\dbgcore.DLL
0x00007ff9483d0000 - 0x00007ff948452000 	C:\WINDOWS\System32\bcryptPrimitives.dll
0x00007ff933e60000 - 0x00007ff933e86000 	C:\Users\DELL\.p2\pool\plugins\org.eclipse.justj.openjdk.hotspot.jre.full.win32.x86_64_20.0.1.v20230425-1611\jre\bin\java.dll

dbghelp: loaded successfully - version: 4.0.5 - missing functions: none
symbol engine: initialized successfully - sym options: 0x614 - pdb path: .;C:\Users\DELL\.p2\pool\plugins\org.eclipse.justj.openjdk.hotspot.jre.full.win32.x86_64_20.0.1.v20230425-1611\jre\bin;C:\WINDOWS\SYSTEM32;C:\WINDOWS\WinSxS\amd64_microsoft.windows.common-controls_6595b64144ccf1df_6.0.19041.1110_none_60b5254171f9507e;C:\Users\DELL\.p2\pool\plugins\org.eclipse.justj.openjdk.hotspot.jre.full.win32.x86_64_20.0.1.v20230425-1611\jre\bin\server

VM Arguments:
jvm_args: --module-path=C:\Users\DELL\Desktop\Desktop\Programming\library\javafx-sdk-17.0.8\lib --add-modules=javafx.controls,javafx.fxml -Dfile.encoding=windows-1252 --module-path=C:\Users\DELL\.p2\pool\plugins\org.eclipse.fx.ide.css.jfx8_3.10.0.202303150700.jar;C:\Users\DELL\Desktop\javafx-sdk-17.0.8\lib\javafx.base.jar;C:\Users\DELL\Desktop\javafx-sdk-17.0.8\lib\javafx.controls.jar;C:\Users\DELL\Desktop\javafx-sdk-17.0.8\lib\javafx.fxml.jar;C:\Users\DELL\Desktop\javafx-sdk-17.0.8\lib\javafx.graphics.jar;C:\Users\DELL\Desktop\javafx-sdk-17.0.8\lib\javafx.media.jar;C:\Users\DELL\Desktop\javafx-sdk-17.0.8\lib\javafx.swing.jar;C:\Users\DELL\Desktop\javafx-sdk-17.0.8\lib\javafx.web.jar;C:\Users\DELL\Desktop\javafx-sdk-17.0.8\lib\javafx-swt.jar -XX:+ShowCodeDetailsInExceptionMessages 
java_command: application.Main
java_class_path (initial): C:\Users\DELL\git\Data_Analytic_Hub\Data_Analytic_Hub\bin;C:\Users\DELL\Desktop\mysql-connector-j-8.1.0\mysql-connector-j-8.1.0.jar
Launcher Type: SUN_STANDARD

[Global flags]
     intx CICompilerCount                          = 4                                         {product} {ergonomic}
     uint ConcGCThreads                            = 2                                         {product} {ergonomic}
     uint G1ConcRefinementThreads                  = 8                                         {product} {ergonomic}
   size_t G1HeapRegionSize                         = 1048576                                   {product} {ergonomic}
    uintx GCDrainStackTargetSize                   = 64                                        {product} {ergonomic}
   size_t InitialHeapSize                          = 132120576                                 {product} {ergonomic}
   size_t MarkStackSize                            = 4194304                                   {product} {ergonomic}
   size_t MaxHeapSize                              = 2111832064                                {product} {ergonomic}
   size_t MinHeapDeltaBytes                        = 1048576                                   {product} {ergonomic}
   size_t MinHeapSize                              = 8388608                                   {product} {ergonomic}
    uintx NonNMethodCodeHeapSize                   = 5839372                                {pd product} {ergonomic}
    uintx NonProfiledCodeHeapSize                  = 122909434                              {pd product} {ergonomic}
    uintx ProfiledCodeHeapSize                     = 122909434                              {pd product} {ergonomic}
    uintx ReservedCodeCacheSize                    = 251658240                              {pd product} {ergonomic}
     bool SegmentedCodeCache                       = true                                      {product} {ergonomic}
     bool ShowCodeDetailsInExceptionMessages       = true                                   {manageable} {command line}
   size_t SoftMaxHeapSize                          = 2111832064                             {manageable} {ergonomic}
     bool UseCompressedClassPointers               = true                           {product lp64_product} {ergonomic}
     bool UseCompressedOops                        = true                           {product lp64_product} {ergonomic}
     bool UseG1GC                                  = true                                      {product} {ergonomic}
     bool UseLargePagesIndividualAllocation        = false                                  {pd product} {ergonomic}

Logging:
Log output configuration:
 #0: stdout all=warning uptime,level,tags foldmultilines=false
 #1: stderr all=off uptime,level,tags foldmultilines=false

Environment Variables:
PATH=C:/Users/DELL/.p2/pool/plugins/org.eclipse.justj.openjdk.hotspot.jre.full.win32.x86_64_20.0.1.v20230425-1611/jre/bin/server;C:/Users/DELL/.p2/pool/plugins/org.eclipse.justj.openjdk.hotspot.jre.full.win32.x86_64_20.0.1.v20230425-1611/jre/bin;C:\Program Files\Common Files\Oracle\Java\javapath;E:\VM\bin\;C:\Program Files (x86)\Common Files\Oracle\Java\javapath;C:\Windows\system32;C:\Windows;C:\Windows\System32\Wbem;C:\Windows\System32\WindowsPowerShell\v1.0\;C:\Program Files (x86)\NVIDIA Corporation\PhysX\Common;C:\WINDOWS\system32;C:\WINDOWS;C:\WINDOWS\System32\Wbem;C:\WINDOWS\System32\WindowsPowerShell\v1.0\;C:\WINDOWS\System32\OpenSSH\;C:\Program Files (x86)\Bitvise SSH Client;C:\Program Files\Git\cmd;C:\Program Files\nodejs\;C:\Program Files (x86)\Intel\Intel(R) Management Engine Components\DAL;C:\Program Files\Intel\Intel(R) Management Engine Components\DAL;C:\Program Files\dotnet\;C:\Users\DELL\AppData\Local\Programs\Python\Python311\;C:\Users\DELL\AppData\Local\Programs\Python\Python311\Scripts\;C:\Program Files\Java\jdk-20\bin;C:\Program Files\MySQL\MySQL Shell 8.0\bin\;C:\Users\DELL\AppData\Local\Programs\Python\Python311\Scripts\;C:\Users\DELL\AppData\Local\Programs\Python\Python311\;C:\Users\DELL\AppData\Local\Microsoft\WindowsApps;C:\Program Files (x86)\Nmap;C:\Users\DELL\AppData\Roaming\npm;C:\Users\DELL\AppData\Local\Programs\Microsoft VS Code\bin;C:\Program Files\heroku\bin;C:\Program Files\JetBrains\PyCharm Community Edition 2020.3.3\bin;;C:\Program Files\Java\jdk-20\bin\;C:\Users\DELL\AppData\Local\GitHubDesktop\bin;C:\WINDOWS\System32;
USERNAME=DELL
OS=Windows_NT
PROCESSOR_IDENTIFIER=Intel64 Family 6 Model 158 Stepping 9, GenuineIntel
TMP=C:\Users\DELL\AppData\Local\Temp
TEMP=C:\Users\DELL\AppData\Local\Temp




---------------  S Y S T E M  ---------------

OS:
 Windows 10 , 64 bit Build 19041 (10.0.19041.3393)
OS uptime: 0 days 21:55 hours

CPU: total 8 (initial active 8) (4 cores per cpu, 2 threads per core) family 6 model 158 stepping 9 microcode 0xb4, cx8, cmov, fxsr, ht, mmx, 3dnowpref, sse, sse2, sse3, ssse3, sse4.1, sse4.2, popcnt, lzcnt, tsc, tscinvbit, avx, avx2, aes, erms, clmul, bmi1, bmi2, adx, fma, vzeroupper, clflush, clflushopt, rdtscp, f16c

Memory: 4k page, system-wide physical 8053M (1021M free)
TotalPageFile size 12149M (AvailPageFile size 3M)
current process WorkingSet (physical memory assigned to process): 10M, peak: 10M
current process commit charge ("private bytes"): 186M, peak: 188M

vm_info: OpenJDK 64-Bit Server VM (20.0.1+9) for windows-amd64 JRE (20.0.1+9), built on 2023-04-18T00:00:00Z by "temurin" with MS VC++ 16.10 / 16.11 (VS2019)

END.
