#
# There is insufficient memory for the Java Runtime Environment to continue.
# Native memory allocation (mmap) failed to map 65536 bytes for Failed to commit metaspace.
# Possible reasons:
#   The system is out of physical RAM or swap space
#   The process is running with CompressedOops enabled, and the Java Heap may be blocking the growth of the native heap
# Possible solutions:
#   Reduce memory load on the system
#   Increase physical memory or swap space
#   Check if swap backing store is full
#   Decrease Java heap size (-Xmx/-Xms)
#   Decrease number of Java threads
#   Decrease Java thread stack sizes (-Xss)
#   Set larger code cache with -XX:ReservedCodeCacheSize=
#   JVM is running with Unscaled Compressed Oops mode in which the Java heap is
#     placed in the first 4GB address space. The Java Heap base address is the
#     maximum limit for the native heap growth. Please use -XX:HeapBaseMinAddress
#     to set the Java Heap base and to place the Java Heap above 4GB virtual address.
# This output file may be truncated or incomplete.
#
#  Out of Memory Error (virtualSpaceNode.cpp:110), pid=11616, tid=18256
#
# JRE version: OpenJDK Runtime Environment Temurin-17.0.8.1+1 (17.0.8.1+1) (build 17.0.8.1+1)
# Java VM: OpenJDK 64-Bit Server VM Temurin-17.0.8.1+1 (17.0.8.1+1, mixed mode, tiered, compressed oops, compressed class ptrs, parallel gc, windows-amd64)
# No core dump will be written. Minidumps are not enabled by default on client versions of Windows
#

---------------  S U M M A R Y ------------

Command Line: --add-modules=ALL-SYSTEM --add-opens=java.base/java.util=ALL-UNNAMED --add-opens=java.base/java.lang=ALL-UNNAMED --add-opens=java.base/sun.nio.fs=ALL-UNNAMED -Declipse.application=org.eclipse.jdt.ls.core.id1 -Dosgi.bundles.defaultStartLevel=4 -Declipse.product=org.eclipse.jdt.ls.core.product -Djava.import.generatesMetadataFilesAtProjectRoot=false -DDetectVMInstallationsJob.disabled=true -Dfile.encoding=utf8 -XX:+UseParallelGC -XX:GCTimeRatio=4 -XX:AdaptiveSizePolicyWeight=90 -Dsun.zip.disableMemoryMapping=true -Xmx1G -Xms100m -Xlog:disable -javaagent:c:\Users\DELL\.vscode\extensions\redhat.java-1.23.0-win32-x64\lombok\lombok-1.18.30.jar -XX:+HeapDumpOnOutOfMemoryError -XX:HeapDumpPath=c:\Users\DELL\AppData\Roaming\Code\User\workspaceStorage\72c155e9b7a7fa28bd4b3a5f12094ced\redhat.java -Daether.dependencyCollector.impl=bf c:\Users\DELL\.vscode\extensions\redhat.java-1.23.0-win32-x64\server\plugins\org.eclipse.equinox.launcher_1.6.500.v20230717-2134.jar -configuration c:\Users\DELL\AppData\Roaming\Code\User\globalStorage\redhat.java\1.23.0\config_win -data c:\Users\DELL\AppData\Roaming\Code\User\workspaceStorage\72c155e9b7a7fa28bd4b3a5f12094ced\redhat.java\jdt_ws

Host: Intel(R) Core(TM) i7-7700HQ CPU @ 2.80GHz, 8 cores, 7G,  Windows 10 , 64 bit Build 19041 (10.0.19041.3393)
Time: Tue Oct 10 17:09:51 2023 India Standard Time elapsed time: 1.875159 seconds (0d 0h 0m 1s)

---------------  T H R E A D  ---------------

Current thread (0x000001ce230f54f0):  JavaThread "Start Level: Equinox Container: a7a20ec4-8786-432b-abb7-c4bfade15f38" daemon [_thread_in_vm, id=18256, stack(0x000000894eb00000,0x000000894ec00000)]

Stack: [0x000000894eb00000,0x000000894ec00000]
Native frames: (J=compiled Java code, j=interpreted, Vv=VM code, C=native code)
V  [jvm.dll+0x678b0a]
V  [jvm.dll+0x835e84]
V  [jvm.dll+0x83762e]
V  [jvm.dll+0x837c93]
V  [jvm.dll+0x24746f]
V  [jvm.dll+0x831f1b]
V  [jvm.dll+0x61d3c6]
V  [jvm.dll+0x1c1aae]
V  [jvm.dll+0x61fd21]
V  [jvm.dll+0x61dd66]
V  [jvm.dll+0x1e9a27]
V  [jvm.dll+0x1ec833]
V  [jvm.dll+0x1e1d21]
V  [jvm.dll+0x53fba0]
V  [jvm.dll+0x1f2607]
V  [jvm.dll+0x7b06ab]
V  [jvm.dll+0x7b1a52]
V  [jvm.dll+0x7b1d88]
V  [jvm.dll+0x23f76e]
V  [jvm.dll+0x3818fe]
C  0x000001ce12eaae05

Java frames: (J=compiled Java code, j=interpreted, Vv=VM code)
j  sun.util.locale.provider.JRELocaleProviderAdapter.getLocaleResources(Ljava/util/Locale;)Lsun/util/locale/provider/LocaleResources;+18 java.base@17.0.8.1
j  java.text.DecimalFormatSymbols.initialize(Ljava/util/Locale;)V+44 java.base@17.0.8.1
j  java.text.DecimalFormatSymbols.<init>(Ljava/util/Locale;)V+11 java.base@17.0.8.1
j  sun.util.locale.provider.DecimalFormatSymbolsProviderImpl.getInstance(Ljava/util/Locale;)Ljava/text/DecimalFormatSymbols;+17 java.base@17.0.8.1
j  java.text.DecimalFormatSymbols.getInstance(Ljava/util/Locale;)Ljava/text/DecimalFormatSymbols;+14 java.base@17.0.8.1
j  java.util.Formatter.zero()C+35 java.base@17.0.8.1
j  java.util.Formatter$FormatSpecifier.getZero(Ljava/util/Locale;)C+32 java.base@17.0.8.1
j  java.util.Formatter$FormatSpecifier.localizedMagnitude(Ljava/lang/StringBuilder;Ljava/lang/CharSequence;ILjava/util/Formatter$Flags;ILjava/util/Locale;)Ljava/lang/StringBuilder;+21 java.base@17.0.8.1
j  java.util.Formatter$FormatSpecifier.localizedMagnitude(Ljava/lang/StringBuilder;JLjava/util/Formatter$Flags;ILjava/util/Locale;)Ljava/lang/StringBuilder;+15 java.base@17.0.8.1
j  java.util.Formatter$FormatSpecifier.print(Ljava/lang/StringBuilder;Ljava/time/temporal/TemporalAccessor;CLjava/util/Locale;)Ljava/lang/Appendable;+1233 java.base@17.0.8.1
j  java.util.Formatter$FormatSpecifier.print(Ljava/time/temporal/TemporalAccessor;CLjava/util/Locale;)V+15 java.base@17.0.8.1
j  java.util.Formatter$FormatSpecifier.printDateTime(Ljava/lang/Object;Ljava/util/Locale;)V+126 java.base@17.0.8.1
j  java.util.Formatter$FormatSpecifier.print(Ljava/lang/Object;Ljava/util/Locale;)V+10 java.base@17.0.8.1
j  java.util.Formatter.format(Ljava/util/Locale;Ljava/lang/String;[Ljava/lang/Object;)Ljava/util/Formatter;+259 java.base@17.0.8.1
j  java.util.Formatter.format(Ljava/lang/String;[Ljava/lang/Object;)Ljava/util/Formatter;+7 java.base@17.0.8.1
j  java.lang.String.format(Ljava/lang/String;[Ljava/lang/Object;)Ljava/lang/String;+9 java.base@17.0.8.1
j  java.util.logging.SimpleFormatter.format(Ljava/util/logging/LogRecord;)Ljava/lang/String;+157 java.logging@17.0.8.1
j  java.util.logging.StreamHandler.publish(Ljava/util/logging/LogRecord;)V+14 java.logging@17.0.8.1
j  java.util.logging.ConsoleHandler.publish(Ljava/util/logging/LogRecord;)V+2 java.logging@17.0.8.1
j  java.util.logging.Logger.log(Ljava/util/logging/LogRecord;)V+90 java.logging@17.0.8.1
j  java.util.logging.Logger.doLog(Ljava/util/logging/LogRecord;)V+46 java.logging@17.0.8.1
j  java.util.logging.Logger.log(Ljava/util/logging/Level;Ljava/lang/String;Ljava/lang/Throwable;)V+29 java.logging@17.0.8.1
j  org.apache.aries.spifly.BaseActivator.log(Ljava/util/logging/Level;Ljava/lang/String;Ljava/lang/Throwable;)V+16
j  org.apache.aries.spifly.BaseActivator.log(Ljava/util/logging/Level;Ljava/lang/String;)V+4
j  org.apache.aries.spifly.ProviderBundleTrackerCustomizer.log(Ljava/util/logging/Level;Ljava/lang/String;)V+6
j  org.apache.aries.spifly.ProviderBundleTrackerCustomizer.addingBundle(Lorg/osgi/framework/Bundle;Lorg/osgi/framework/BundleEvent;)Ljava/util/List;+829
j  org.apache.aries.spifly.ProviderBundleTrackerCustomizer.addingBundle(Lorg/osgi/framework/Bundle;Lorg/osgi/framework/BundleEvent;)Ljava/lang/Object;+3
j  org.osgi.util.tracker.BundleTracker$Tracked.customizerAdding(Lorg/osgi/framework/Bundle;Lorg/osgi/framework/BundleEvent;)Ljava/lang/Object;+9
j  org.osgi.util.tracker.BundleTracker$Tracked.customizerAdding(Ljava/lang/Object;Ljava/lang/Object;)Ljava/lang/Object;+9
j  org.osgi.util.tracker.AbstractTracked.trackAdding(Ljava/lang/Object;Ljava/lang/Object;)V+8
j  org.osgi.util.tracker.AbstractTracked.trackInitial()V+90
j  org.osgi.util.tracker.BundleTracker.open()V+130
j  org.apache.aries.spifly.BaseActivator.start(Lorg/osgi/framework/BundleContext;Ljava/lang/String;)V+105
j  org.apache.aries.spifly.dynamic.DynamicWeavingActivator.start(Lorg/osgi/framework/BundleContext;)V+31
j  org.eclipse.osgi.internal.framework.BundleContextImpl$2.run()Ljava/lang/Void;+23
j  org.eclipse.osgi.internal.framework.BundleContextImpl$2.run()Ljava/lang/Object;+1
J 895 c1 java.security.AccessController.executePrivileged(Ljava/security/PrivilegedExceptionAction;Ljava/security/AccessControlContext;Ljava/lang/Class;)Ljava/lang/Object; java.base@17.0.8.1 (65 bytes) @ 0x000001ce0bad3d34 [0x000001ce0bad3be0+0x0000000000000154]
j  java.security.AccessController.doPrivileged(Ljava/security/PrivilegedExceptionAction;)Ljava/lang/Object;+9 java.base@17.0.8.1
j  org.eclipse.osgi.internal.framework.BundleContextImpl.startActivator(Lorg/osgi/framework/BundleActivator;)V+9
j  org.eclipse.osgi.internal.framework.BundleContextImpl.start()V+134
j  org.eclipse.osgi.internal.framework.EquinoxBundle.startWorker0()V+35
j  org.eclipse.osgi.internal.framework.EquinoxBundle$EquinoxModule.startWorker()V+4
j  org.eclipse.osgi.container.Module.doStart([Lorg/eclipse/osgi/container/Module$StartOptions;)Lorg/eclipse/osgi/container/ModuleContainerAdaptor$ModuleEvent;+190
j  org.eclipse.osgi.container.Module.start([Lorg/eclipse/osgi/container/Module$StartOptions;)V+460
j  org.eclipse.osgi.container.ModuleContainer$ContainerStartLevel$2.run()V+71
j  org.eclipse.osgi.internal.framework.EquinoxContainerAdaptor$1$1.execute(Ljava/lang/Runnable;)V+1
j  org.eclipse.osgi.container.ModuleContainer$ContainerStartLevel.incStartLevel(ILjava/util/List;Z)V+192
j  org.eclipse.osgi.container.ModuleContainer$ContainerStartLevel.incStartLevel(ILjava/util/List;Ljava/util/List;Ljava/util/List;Ljava/util/List;)V+19
j  org.eclipse.osgi.container.ModuleContainer$ContainerStartLevel.doContainerStartLevel(Lorg/eclipse/osgi/container/Module;I[Lorg/osgi/framework/FrameworkListener;)V+349
j  org.eclipse.osgi.container.ModuleContainer$ContainerStartLevel.dispatchEvent(Lorg/eclipse/osgi/container/Module;[Lorg/osgi/framework/FrameworkListener;ILjava/lang/Integer;)V+32
j  org.eclipse.osgi.container.ModuleContainer$ContainerStartLevel.dispatchEvent(Ljava/lang/Object;Ljava/lang/Object;ILjava/lang/Object;)V+15
j  org.eclipse.osgi.framework.eventmgr.EventManager.dispatchEvent(Ljava/util/Set;Lorg/eclipse/osgi/framework/eventmgr/EventDispatcher;ILjava/lang/Object;)V+48
j  org.eclipse.osgi.framework.eventmgr.EventManager$EventThread.run()V+26
v  ~StubRoutines::call_stub

---------------  P R O C E S S  ---------------

Threads class SMR info:
_java_thread_list=0x000001ce2364ef20, length=16, elements={
0x000001ce08ce00c0, 0x000001ce08d98570, 0x000001ce08d99d20, 0x000001ce1cb59890,
0x000001ce21bf4790, 0x000001ce21bf9620, 0x000001ce21c26010, 0x000001ce21c34400,
0x000001ce21c34d10, 0x000001ce1cb59f60, 0x000001ce21da8230, 0x000001ce21f4aff0,
0x000001ce21f60df0, 0x000001ce230f4ad0, 0x000001ce230f4fe0, 0x000001ce230f54f0
}

Java Threads: ( => current thread )
  0x000001ce08ce00c0 JavaThread "main" [_thread_blocked, id=11672, stack(0x000000894d300000,0x000000894d400000)]
  0x000001ce08d98570 JavaThread "Reference Handler" daemon [_thread_blocked, id=7812, stack(0x000000894d600000,0x000000894d700000)]
  0x000001ce08d99d20 JavaThread "Finalizer" daemon [_thread_blocked, id=9408, stack(0x000000894d700000,0x000000894d800000)]
  0x000001ce1cb59890 JavaThread "Signal Dispatcher" daemon [_thread_blocked, id=23204, stack(0x000000894d800000,0x000000894d900000)]
  0x000001ce21bf4790 JavaThread "Attach Listener" daemon [_thread_blocked, id=12324, stack(0x000000894d900000,0x000000894da00000)]
  0x000001ce21bf9620 JavaThread "Service Thread" daemon [_thread_blocked, id=22772, stack(0x000000894da00000,0x000000894db00000)]
  0x000001ce21c26010 JavaThread "Monitor Deflation Thread" daemon [_thread_blocked, id=9228, stack(0x000000894db00000,0x000000894dc00000)]
  0x000001ce21c34400 JavaThread "C2 CompilerThread0" daemon [_thread_blocked, id=11756, stack(0x000000894dc00000,0x000000894dd00000)]
  0x000001ce21c34d10 JavaThread "C1 CompilerThread0" daemon [_thread_blocked, id=14700, stack(0x000000894dd00000,0x000000894de00000)]
  0x000001ce1cb59f60 JavaThread "Sweeper thread" daemon [_thread_blocked, id=21856, stack(0x000000894de00000,0x000000894df00000)]
  0x000001ce21da8230 JavaThread "Common-Cleaner" daemon [_thread_blocked, id=14252, stack(0x000000894df00000,0x000000894e000000)]
  0x000001ce21f4aff0 JavaThread "C2 CompilerThread1" daemon [_thread_blocked, id=18812, stack(0x000000894e000000,0x000000894e100000)]
  0x000001ce21f60df0 JavaThread "Notification Thread" daemon [_thread_blocked, id=9428, stack(0x000000894e100000,0x000000894e200000)]
  0x000001ce230f4ad0 JavaThread "Active Thread: Equinox Container: a7a20ec4-8786-432b-abb7-c4bfade15f38" [_thread_blocked, id=13640, stack(0x000000894e300000,0x000000894e400000)]
  0x000001ce230f4fe0 JavaThread "Framework Event Dispatcher: Equinox Container: a7a20ec4-8786-432b-abb7-c4bfade15f38" daemon [_thread_blocked, id=13920, stack(0x000000894ea00000,0x000000894eb00000)]
=>0x000001ce230f54f0 JavaThread "Start Level: Equinox Container: a7a20ec4-8786-432b-abb7-c4bfade15f38" daemon [_thread_in_vm, id=18256, stack(0x000000894eb00000,0x000000894ec00000)]

Other Threads:
  0x000001ce08d6aa40 VMThread "VM Thread" [stack: 0x000000894d500000,0x000000894d600000] [id=21764]
  0x000001ce21f612d0 WatcherThread [stack: 0x000000894e200000,0x000000894e300000] [id=8456]
  0x000001ce08cf7990 GCTaskThread "GC Thread#0" [stack: 0x000000894d400000,0x000000894d500000] [id=7104]
  0x000001ce232d7b00 GCTaskThread "GC Thread#1" [stack: 0x000000894e400000,0x000000894e500000] [id=11584]
  0x000001ce230b8a30 GCTaskThread "GC Thread#2" [stack: 0x000000894e500000,0x000000894e600000] [id=6696]
  0x000001ce230b8cf0 GCTaskThread "GC Thread#3" [stack: 0x000000894e600000,0x000000894e700000] [id=15284]
  0x000001ce230b8fb0 GCTaskThread "GC Thread#4" [stack: 0x000000894e700000,0x000000894e800000] [id=22764]
  0x000001ce230b9270 GCTaskThread "GC Thread#5" [stack: 0x000000894e800000,0x000000894e900000] [id=22132]
  0x000001ce230b9530 GCTaskThread "GC Thread#6" [stack: 0x000000894e900000,0x000000894ea00000] [id=11312]
  0x000001ce06c6a760 GCTaskThread "GC Thread#7" [stack: 0x000000894ec00000,0x000000894ed00000] [id=11764]

Threads with active compile tasks:

VM state: not at safepoint (normal execution)

VM Mutex/Monitor currently owned by a thread:  ([mutex/lock_event])
[0x000001ce08cd9ab0] Metaspace_lock - owner thread: 0x000001ce230f54f0

Heap address: 0x00000000c0000000, size: 1024 MB, Compressed Oops mode: 32-bit

CDS archive(s) not mapped
Compressed class space mapped at: 0x0000000100000000-0x0000000140000000, reserved size: 1073741824
Narrow klass base: 0x0000000000000000, Narrow klass shift: 3, Narrow klass range: 0x140000000

GC Precious Log:
 CPUs: 8 total, 8 available
 Memory: 8053M
 Large Page Support: Disabled
 NUMA Support: Disabled
 Compressed Oops: Enabled (32-bit)
 Alignments: Space 512K, Generation 512K, Heap 2M
 Heap Min Capacity: 100M
 Heap Initial Capacity: 100M
 Heap Max Capacity: 1G
 Pre-touch: Disabled
 Parallel Workers: 8

Heap:
 PSYoungGen      total 29696K, used 7825K [0x00000000eab00000, 0x00000000ecc00000, 0x0000000100000000)
  eden space 25600K, 14% used [0x00000000eab00000,0x00000000eaea65c8,0x00000000ec400000)
  from space 4096K, 99% used [0x00000000ec800000,0x00000000ecbfe028,0x00000000ecc00000)
  to   space 4096K, 0% used [0x00000000ec400000,0x00000000ec400000,0x00000000ec800000)
 ParOldGen       total 68608K, used 1466K [0x00000000c0000000, 0x00000000c4300000, 0x00000000eab00000)
  object space 68608K, 2% used [0x00000000c0000000,0x00000000c016ebb0,0x00000000c4300000)
 Metaspace       used 15466K, committed 15680K, reserved 1114112K
  class space    used 1564K, committed 1664K, reserved 1048576K

Card table byte_map: [0x000001ce086b0000,0x000001ce088c0000] _byte_map_base: 0x000001ce080b0000

Marking Bits: (ParMarkBitMap*) 0x00007ff8f49083a0
 Begin Bits: [0x000001ce1a960000, 0x000001ce1b960000)
 End Bits:   [0x000001ce1b960000, 0x000001ce1c960000)

Polling page: 0x000001ce084a0000

Metaspace:

Usage:
  Non-class:     13.58 MB used.
      Class:      1.53 MB used.
       Both:     15.10 MB used.

Virtual space:
  Non-class space:       64.00 MB reserved,      13.69 MB ( 21%) committed,  1 nodes.
      Class space:        1.00 GB reserved,       1.62 MB ( <1%) committed,  1 nodes.
             Both:        1.06 GB reserved,      15.31 MB (  1%) committed. 

Chunk freelists:
   Non-Class:  2.11 MB
       Class:  14.39 MB
        Both:  16.50 MB

MaxMetaspaceSize: unlimited
CompressedClassSpaceSize: 1.00 GB
Initial GC threshold: 21.00 MB
Current GC threshold: 21.00 MB
CDS: off
MetaspaceReclaimPolicy: balanced
 - commit_granule_bytes: 65536.
 - commit_granule_words: 8192.
 - virtual_space_node_default_size: 8388608.
 - enlarge_chunks_in_place: 1.
 - new_chunks_are_fully_committed: 0.
 - uncommit_free_chunks: 1.
 - use_allocation_guard: 0.
 - handle_deallocations: 1.


Internal statistics:

num_allocs_failed_limit: 0.
num_arena_births: 96.
num_arena_deaths: 0.
num_vsnodes_births: 2.
num_vsnodes_deaths: 0.
num_space_committed: 245.
num_space_uncommitted: 0.
num_chunks_returned_to_freelist: 0.
num_chunks_taken_from_freelist: 301.
num_chunk_merges: 0.
num_chunk_splits: 193.
num_chunks_enlarged: 147.
num_inconsistent_stats: 0.

CodeHeap 'non-profiled nmethods': size=120000Kb used=758Kb max_used=758Kb free=119241Kb
 bounds [0x000001ce13430000, 0x000001ce136a0000, 0x000001ce1a960000]
CodeHeap 'profiled nmethods': size=120000Kb used=3195Kb max_used=3195Kb free=116804Kb
 bounds [0x000001ce0b960000, 0x000001ce0bc80000, 0x000001ce12e90000]
CodeHeap 'non-nmethods': size=5760Kb used=1163Kb max_used=1205Kb free=4596Kb
 bounds [0x000001ce12e90000, 0x000001ce13100000, 0x000001ce13430000]
 total_blobs=2188 nmethods=1728 adapters=374
 compilation: enabled
              stopped_count=0, restarted_count=0
 full_count=0

Compilation events (20 events):
Event: 1.853 Thread 0x000001ce21c34d10 1715       3       java.util.ImmutableCollections$List12::get (35 bytes)
Event: 1.854 Thread 0x000001ce21c34d10 nmethod 1715 0x000001ce0bc79d10 code [0x000001ce0bc79ec0, 0x000001ce0bc7a168]
Event: 1.854 Thread 0x000001ce21c34d10 1716       3       java.lang.invoke.DirectMethodHandle::<init> (148 bytes)
Event: 1.856 Thread 0x000001ce21c34d10 nmethod 1716 0x000001ce0bc7a210 code [0x000001ce0bc7a4c0, 0x000001ce0bc7b3a8]
Event: 1.856 Thread 0x000001ce21c34d10 1717       3       java.lang.Character::codePointAt (51 bytes)
Event: 1.856 Thread 0x000001ce21c34d10 nmethod 1717 0x000001ce0bc7b890 code [0x000001ce0bc7ba80, 0x000001ce0bc7c0e8]
Event: 1.856 Thread 0x000001ce21c34d10 1718       3       java.util.regex.Pattern::next (33 bytes)
Event: 1.857 Thread 0x000001ce21c34d10 nmethod 1718 0x000001ce0bc7c290 code [0x000001ce0bc7c440, 0x000001ce0bc7c6a8]
Event: 1.857 Thread 0x000001ce21c34d10 1720       3       java.lang.invoke.InnerClassLambdaMetafactory::getOpcodeOffset (38 bytes)
Event: 1.857 Thread 0x000001ce21c34d10 nmethod 1720 0x000001ce0bc7c810 code [0x000001ce0bc7c9e0, 0x000001ce0bc7ccb8]
Event: 1.858 Thread 0x000001ce21c34d10 1724       1       java.util.Formatter$Flags::valueOf (5 bytes)
Event: 1.858 Thread 0x000001ce21c34d10 nmethod 1724 0x000001ce134ed510 code [0x000001ce134ed6a0, 0x000001ce134ed778]
Event: 1.862 Thread 0x000001ce21c34d10 1725       3       sun.util.locale.LocaleUtils::isUpper (18 bytes)
Event: 1.862 Thread 0x000001ce21c34d10 nmethod 1725 0x000001ce0bc7cd90 code [0x000001ce0bc7cf20, 0x000001ce0bc7d098]
Event: 1.862 Thread 0x000001ce21c34d10 1726       1       sun.util.locale.BaseLocale::getRegion (5 bytes)
Event: 1.862 Thread 0x000001ce21c34d10 nmethod 1726 0x000001ce134ed810 code [0x000001ce134ed9a0, 0x000001ce134eda78]
Event: 1.862 Thread 0x000001ce21c34d10 1727       3       java.util.ImmutableCollections$Set12::<init> (53 bytes)
Event: 1.863 Thread 0x000001ce21c34d10 nmethod 1727 0x000001ce0bc7d110 code [0x000001ce0bc7d3c0, 0x000001ce0bc7dfc8]
Event: 1.863 Thread 0x000001ce21c34d10 1728       3       jdk.internal.org.objectweb.asm.ClassReader::readUtf (161 bytes)
Event: 1.863 Thread 0x000001ce21c34d10 nmethod 1728 0x000001ce0bc7e410 code [0x000001ce0bc7e5e0, 0x000001ce0bc7ea48]

GC Heap History (4 events):
Event: 1.067 GC heap before
{Heap before GC invocations=1 (full 0):
 PSYoungGen      total 29696K, used 25600K [0x00000000eab00000, 0x00000000ecc00000, 0x0000000100000000)
  eden space 25600K, 100% used [0x00000000eab00000,0x00000000ec400000,0x00000000ec400000)
  from space 4096K, 0% used [0x00000000ec800000,0x00000000ec800000,0x00000000ecc00000)
  to   space 4096K, 0% used [0x00000000ec400000,0x00000000ec400000,0x00000000ec800000)
 ParOldGen       total 68608K, used 0K [0x00000000c0000000, 0x00000000c4300000, 0x00000000eab00000)
  object space 68608K, 0% used [0x00000000c0000000,0x00000000c0000000,0x00000000c4300000)
 Metaspace       used 11015K, committed 11200K, reserved 1114112K
  class space    used 1100K, committed 1216K, reserved 1048576K
}
Event: 1.072 GC heap after
{Heap after GC invocations=1 (full 0):
 PSYoungGen      total 29696K, used 3171K [0x00000000eab00000, 0x00000000ecc00000, 0x0000000100000000)
  eden space 25600K, 0% used [0x00000000eab00000,0x00000000eab00000,0x00000000ec400000)
  from space 4096K, 77% used [0x00000000ec400000,0x00000000ec718c28,0x00000000ec800000)
  to   space 4096K, 0% used [0x00000000ec800000,0x00000000ec800000,0x00000000ecc00000)
 ParOldGen       total 68608K, used 16K [0x00000000c0000000, 0x00000000c4300000, 0x00000000eab00000)
  object space 68608K, 0% used [0x00000000c0000000,0x00000000c0004000,0x00000000c4300000)
 Metaspace       used 11015K, committed 11200K, reserved 1114112K
  class space    used 1100K, committed 1216K, reserved 1048576K
}
Event: 1.792 GC heap before
{Heap before GC invocations=2 (full 0):
 PSYoungGen      total 29696K, used 28771K [0x00000000eab00000, 0x00000000ecc00000, 0x0000000100000000)
  eden space 25600K, 100% used [0x00000000eab00000,0x00000000ec400000,0x00000000ec400000)
  from space 4096K, 77% used [0x00000000ec400000,0x00000000ec718c28,0x00000000ec800000)
  to   space 4096K, 0% used [0x00000000ec800000,0x00000000ec800000,0x00000000ecc00000)
 ParOldGen       total 68608K, used 16K [0x00000000c0000000, 0x00000000c4300000, 0x00000000eab00000)
  object space 68608K, 0% used [0x00000000c0000000,0x00000000c0004000,0x00000000c4300000)
 Metaspace       used 14737K, committed 14976K, reserved 1114112K
  class space    used 1480K, committed 1600K, reserved 1048576K
}
Event: 1.798 GC heap after
{Heap after GC invocations=2 (full 0):
 PSYoungGen      total 29696K, used 4088K [0x00000000eab00000, 0x00000000ecc00000, 0x0000000100000000)
  eden space 25600K, 0% used [0x00000000eab00000,0x00000000eab00000,0x00000000ec400000)
  from space 4096K, 99% used [0x00000000ec800000,0x00000000ecbfe028,0x00000000ecc00000)
  to   space 4096K, 0% used [0x00000000ec400000,0x00000000ec400000,0x00000000ec800000)
 ParOldGen       total 68608K, used 1466K [0x00000000c0000000, 0x00000000c4300000, 0x00000000eab00000)
  object space 68608K, 2% used [0x00000000c0000000,0x00000000c016ebb0,0x00000000c4300000)
 Metaspace       used 14737K, committed 14976K, reserved 1114112K
  class space    used 1480K, committed 1600K, reserved 1048576K
}

Dll operation events (9 events):
Event: 0.009 Loaded shared library c:\Users\DELL\.vscode\extensions\redhat.java-1.23.0-win32-x64\jre\17.0.8.1-win32-x86_64\bin\java.dll
Event: 0.184 Loaded shared library c:\Users\DELL\.vscode\extensions\redhat.java-1.23.0-win32-x64\jre\17.0.8.1-win32-x86_64\bin\zip.dll
Event: 0.190 Loaded shared library C:\Users\DELL\.vscode\extensions\redhat.java-1.23.0-win32-x64\jre\17.0.8.1-win32-x86_64\bin\instrument.dll
Event: 0.203 Loaded shared library C:\Users\DELL\.vscode\extensions\redhat.java-1.23.0-win32-x64\jre\17.0.8.1-win32-x86_64\bin\net.dll
Event: 0.207 Loaded shared library C:\Users\DELL\.vscode\extensions\redhat.java-1.23.0-win32-x64\jre\17.0.8.1-win32-x86_64\bin\nio.dll
Event: 0.216 Loaded shared library C:\Users\DELL\.vscode\extensions\redhat.java-1.23.0-win32-x64\jre\17.0.8.1-win32-x86_64\bin\zip.dll
Event: 0.233 Loaded shared library C:\Users\DELL\.vscode\extensions\redhat.java-1.23.0-win32-x64\jre\17.0.8.1-win32-x86_64\bin\jimage.dll
Event: 0.293 Loaded shared library c:\Users\DELL\.vscode\extensions\redhat.java-1.23.0-win32-x64\jre\17.0.8.1-win32-x86_64\bin\verify.dll
Event: 1.702 Loaded shared library C:\Users\DELL\AppData\Roaming\Code\User\globalStorage\redhat.java\1.23.0\config_win\org.eclipse.equinox.launcher\org.eclipse.equinox.launcher.win32.win32.x86_64_1.2.700.v20221108-1024\eclipse_11801.dll

Deoptimization events (20 events):
Event: 1.812 Thread 0x000001ce230f54f0 Uncommon trap: trap_request=0xffffffde fr.pc=0x000001ce134996d0 relative=0x00000000000002b0
Event: 1.812 Thread 0x000001ce230f54f0 Uncommon trap: reason=class_check action=maybe_recompile pc=0x000001ce134996d0 method=java.io.DataInputStream.readByte()B @ 4 c2
Event: 1.812 Thread 0x000001ce230f54f0 DEOPT PACKING pc=0x000001ce134996d0 sp=0x000000894ebfdda0
Event: 1.812 Thread 0x000001ce230f54f0 DEOPT UNPACKING pc=0x000001ce12ee66a3 sp=0x000000894ebfdd58 mode 2
Event: 1.812 Thread 0x000001ce230f54f0 Uncommon trap: trap_request=0xffffffde fr.pc=0x000001ce1349a5dc relative=0x00000000000009dc
Event: 1.812 Thread 0x000001ce230f54f0 Uncommon trap: reason=class_check action=maybe_recompile pc=0x000001ce1349a5dc method=java.io.DataInputStream.readInt()I @ 4 c2
Event: 1.812 Thread 0x000001ce230f54f0 DEOPT PACKING pc=0x000001ce1349a5dc sp=0x000000894ebfdda0
Event: 1.812 Thread 0x000001ce230f54f0 DEOPT UNPACKING pc=0x000001ce12ee66a3 sp=0x000000894ebfdd60 mode 2
Event: 1.812 Thread 0x000001ce230f54f0 Uncommon trap: trap_request=0xffffffde fr.pc=0x000001ce1349a5dc relative=0x00000000000009dc
Event: 1.812 Thread 0x000001ce230f54f0 Uncommon trap: reason=class_check action=maybe_recompile pc=0x000001ce1349a5dc method=java.io.DataInputStream.readInt()I @ 4 c2
Event: 1.812 Thread 0x000001ce230f54f0 DEOPT PACKING pc=0x000001ce1349a5dc sp=0x000000894ebfdda0
Event: 1.812 Thread 0x000001ce230f54f0 DEOPT UNPACKING pc=0x000001ce12ee66a3 sp=0x000000894ebfdd60 mode 2
Event: 1.812 Thread 0x000001ce230f54f0 Uncommon trap: trap_request=0xffffffde fr.pc=0x000001ce1349a5dc relative=0x00000000000009dc
Event: 1.812 Thread 0x000001ce230f54f0 Uncommon trap: reason=class_check action=maybe_recompile pc=0x000001ce1349a5dc method=java.io.DataInputStream.readInt()I @ 4 c2
Event: 1.812 Thread 0x000001ce230f54f0 DEOPT PACKING pc=0x000001ce1349a5dc sp=0x000000894ebfdda0
Event: 1.812 Thread 0x000001ce230f54f0 DEOPT UNPACKING pc=0x000001ce12ee66a3 sp=0x000000894ebfdd60 mode 2
Event: 1.863 Thread 0x000001ce230f54f0 Uncommon trap: trap_request=0xffffff45 fr.pc=0x000001ce13480274 relative=0x0000000000000074
Event: 1.863 Thread 0x000001ce230f54f0 Uncommon trap: reason=unstable_if action=reinterpret pc=0x000001ce13480274 method=jdk.internal.misc.Unsafe.convEndian(ZJ)J @ 4 c2
Event: 1.863 Thread 0x000001ce230f54f0 DEOPT PACKING pc=0x000001ce13480274 sp=0x000000894ebfc7a0
Event: 1.863 Thread 0x000001ce230f54f0 DEOPT UNPACKING pc=0x000001ce12ee66a3 sp=0x000000894ebfc6c8 mode 2

Classes unloaded (0 events):
No events

Classes redefined (0 events):
No events

Internal exceptions (20 events):
Event: 0.971 Thread 0x000001ce08ce00c0 Exception <a 'java/lang/ClassNotFoundException'{0x00000000ec0a48d0}: sun/net/www/protocol/c/Handler> (0x00000000ec0a48d0) 
thrown [s\src\hotspot\share\classfile\systemDictionary.cpp, line 256]
Event: 0.971 Thread 0x000001ce08ce00c0 Exception <a 'java/lang/ClassNotFoundException'{0x00000000ec0a5a48}: sun/net/www/protocol/c/Handler> (0x00000000ec0a5a48) 
thrown [s\src\hotspot\share\classfile\systemDictionary.cpp, line 256]
Event: 0.980 Thread 0x000001ce08ce00c0 Exception <a 'java/io/FileNotFoundException'{0x00000000ec0cc568}> (0x00000000ec0cc568) 
thrown [s\src\hotspot\share\prims\jni.cpp, line 516]
Event: 1.014 Thread 0x000001ce08ce00c0 Implicit null exception at 0x000001ce13476cc0 to 0x000001ce13477614
Event: 1.014 Thread 0x000001ce08ce00c0 Implicit null exception at 0x000001ce134824ec to 0x000001ce134826e8
Event: 1.014 Thread 0x000001ce08ce00c0 Implicit null exception at 0x000001ce1347900e to 0x000001ce13479260
Event: 1.014 Thread 0x000001ce08ce00c0 Implicit null exception at 0x000001ce1347a28f to 0x000001ce1347a309
Event: 1.056 Thread 0x000001ce08ce00c0 Exception <a 'java/lang/NoSuchMethodError'{0x00000000ec397ff8}: 'int java.lang.invoke.DirectMethodHandle$Holder.invokeStaticInit(java.lang.Object, java.lang.Object, java.lang.Object, java.lang.Object)'> (0x00000000ec397ff8) 
thrown [s\src\hotspot\share\interpreter\linkResolver.cpp, line 759]
Event: 1.058 Thread 0x000001ce08ce00c0 Exception <a 'java/lang/NoSuchMethodError'{0x00000000ec3a2668}: 'java.lang.Object java.lang.invoke.DirectMethodHandle$Holder.invokeInterface(java.lang.Object, java.lang.Object)'> (0x00000000ec3a2668) 
thrown [s\src\hotspot\share\interpreter\linkResolver.cpp, line 759]
Event: 1.058 Thread 0x000001ce08ce00c0 Exception <a 'java/lang/IncompatibleClassChangeError'{0x00000000ec3a5e60}: Found class java.lang.Object, but interface was expected> (0x00000000ec3a5e60) 
thrown [s\src\hotspot\share\interpreter\linkResolver.cpp, line 826]
Event: 1.059 Thread 0x000001ce08ce00c0 Exception <a 'java/lang/NoSuchMethodError'{0x00000000ec3aa358}: 'void java.lang.invoke.DirectMethodHandle$Holder.invokeStatic(java.lang.Object, java.lang.Object)'> (0x00000000ec3aa358) 
thrown [s\src\hotspot\share\interpreter\linkResolver.cpp, line 759]
Event: 1.059 Thread 0x000001ce08ce00c0 Exception <a 'java/lang/NoSuchMethodError'{0x00000000ec3adb58}: 'void java.lang.invoke.DirectMethodHandle$Holder.invokeStaticInit(java.lang.Object, java.lang.Object)'> (0x00000000ec3adb58) 
thrown [s\src\hotspot\share\interpreter\linkResolver.cpp, line 759]
Event: 1.060 Thread 0x000001ce08ce00c0 Exception <a 'java/lang/NoSuchMethodError'{0x00000000ec3b4fb0}: 'int java.lang.invoke.DirectMethodHandle$Holder.invokeStaticInit(java.lang.Object, java.lang.Object)'> (0x00000000ec3b4fb0) 
thrown [s\src\hotspot\share\interpreter\linkResolver.cpp, line 759]
Event: 1.093 Thread 0x000001ce08ce00c0 Exception <a 'java/lang/NoSuchMethodError'{0x00000000eac3d000}: 'void java.lang.invoke.DirectMethodHandle$Holder.invokeSpecial(java.lang.Object, java.lang.Object, java.lang.Object)'> (0x00000000eac3d000) 
thrown [s\src\hotspot\share\interpreter\linkResolver.cpp, line 759]
Event: 1.451 Thread 0x000001ce08ce00c0 Exception <a 'java/lang/NoSuchMethodError'{0x00000000eb9c9a08}: 'java.lang.Object java.lang.invoke.DirectMethodHandle$Holder.newInvokeSpecial(java.lang.Object, int, java.lang.Object)'> (0x00000000eb9c9a08) 
thrown [s\src\hotspot\share\interpreter\linkResolver.cpp, line 759]
Event: 1.698 Thread 0x000001ce08ce00c0 Exception <a 'java/lang/UnsatisfiedLinkError'{0x00000000ebf5c2a0}: 'void org.eclipse.equinox.launcher.JNIBridge._update_splash()'> (0x00000000ebf5c2a0) 
thrown [s\src\hotspot\share\prims\nativeLookup.cpp, line 543]
Event: 1.764 Thread 0x000001ce230f54f0 Exception <a 'java/lang/NoSuchMethodError'{0x00000000ec2afc58}: 'java.lang.Object java.lang.invoke.DirectMethodHandle$Holder.invokeStaticInit(java.lang.Object)'> (0x00000000ec2afc58) 
thrown [s\src\hotspot\share\interpreter\linkResolver.cpp, line 759]
Event: 1.780 Thread 0x000001ce230f54f0 Exception <a 'java/lang/NoSuchMethodError'{0x00000000ec3760a8}: 'java.lang.Object java.lang.invoke.DirectMethodHandle$Holder.newInvokeSpecial(java.lang.Object, java.lang.Object, int, java.lang.Object)'> (0x00000000ec3760a8) 
thrown [s\src\hotspot\share\interpreter\linkResolver.cpp, line 759]
Event: 1.780 Thread 0x000001ce230f54f0 Exception <a 'java/lang/NoSuchMethodError'{0x00000000ec37a390}: 'java.lang.Object java.lang.invoke.DirectMethodHandle$Holder.invokeSpecial(java.lang.Object, java.lang.Object, java.lang.Object, int, java.lang.Object)'> (0x00000000ec37a390) 
thrown [s\src\hotspot\share\interpreter\linkResolver.cpp, line 759]
Event: 1.851 Thread 0x000001ce230f54f0 Exception <a 'java/lang/ClassNotFoundException'{0x00000000ead36e90}: sun/util/logging/resources/spi/loggingProvider> (0x00000000ead36e90) 
thrown [s\src\hotspot\share\classfile\systemDictionary.cpp, line 256]

VM Operations (20 events):
Event: 1.022 Executing VM operation: ICBufferFull
Event: 1.022 Executing VM operation: ICBufferFull done
Event: 1.067 Executing VM operation: ParallelGCFailedAllocation
Event: 1.072 Executing VM operation: ParallelGCFailedAllocation done
Event: 1.422 Executing VM operation: HandshakeAllThreads
Event: 1.422 Executing VM operation: HandshakeAllThreads done
Event: 1.423 Executing VM operation: HandshakeAllThreads
Event: 1.423 Executing VM operation: HandshakeAllThreads done
Event: 1.429 Executing VM operation: HandshakeAllThreads
Event: 1.429 Executing VM operation: HandshakeAllThreads done
Event: 1.445 Executing VM operation: HandshakeAllThreads
Event: 1.445 Executing VM operation: HandshakeAllThreads done
Event: 1.756 Executing VM operation: HandshakeAllThreads
Event: 1.756 Executing VM operation: HandshakeAllThreads done
Event: 1.792 Executing VM operation: ParallelGCFailedAllocation
Event: 1.798 Executing VM operation: ParallelGCFailedAllocation done
Event: 1.812 Executing VM operation: HandshakeAllThreads
Event: 1.812 Executing VM operation: HandshakeAllThreads done
Event: 1.863 Executing VM operation: HandshakeAllThreads
Event: 1.863 Executing VM operation: HandshakeAllThreads done

Events (20 events):
Event: 1.866 loading class java/util/ResourceBundle$SingleFormatControl
Event: 1.866 loading class java/util/ResourceBundle$SingleFormatControl done
Event: 1.866 loading class java/util/ResourceBundle$NoFallbackControl done
Event: 1.867 loading class sun/text/resources/cldr/FormatData
Event: 1.867 loading class sun/text/resources/cldr/FormatData done
Event: 1.867 loading class sun/util/resources/Bundles$BundleReference
Event: 1.867 loading class sun/util/resources/Bundles$CacheKeyReference
Event: 1.867 loading class sun/util/resources/Bundles$CacheKeyReference done
Event: 1.867 loading class sun/util/resources/Bundles$BundleReference done
Event: 1.867 loading class sun/text/resources/cldr/FormatData_en
Event: 1.868 loading class sun/text/resources/cldr/FormatData_en done
Event: 1.868 loading class sun/util/resources/Bundles$2
Event: 1.868 loading class sun/util/resources/Bundles$2 done
Event: 1.871 loading class java/text/DecimalFormatSymbols
Event: 1.871 loading class java/text/DecimalFormatSymbols done
Event: 1.872 loading class java/text/spi/DecimalFormatSymbolsProvider
Event: 1.872 loading class java/text/spi/DecimalFormatSymbolsProvider done
Event: 1.872 loading class sun/util/locale/provider/DecimalFormatSymbolsProviderImpl
Event: 1.873 loading class sun/util/locale/provider/DecimalFormatSymbolsProviderImpl done
Event: 1.873 loading class sun/util/locale/provider/LocaleResources


Dynamic libraries:
0x00007ff64cc90000 - 0x00007ff64cc9e000 	c:\Users\DELL\.vscode\extensions\redhat.java-1.23.0-win32-x64\jre\17.0.8.1-win32-x86_64\bin\java.exe
0x00007ff932e10000 - 0x00007ff933008000 	C:\WINDOWS\SYSTEM32\ntdll.dll
0x00007ff931f20000 - 0x00007ff931fdd000 	C:\WINDOWS\System32\KERNEL32.DLL
0x00007ff9309b0000 - 0x00007ff930ca6000 	C:\WINDOWS\System32\KERNELBASE.dll
0x00007ff9306b0000 - 0x00007ff9307b0000 	C:\WINDOWS\System32\ucrtbase.dll
0x00007ff914160000 - 0x00007ff914177000 	c:\Users\DELL\.vscode\extensions\redhat.java-1.23.0-win32-x64\jre\17.0.8.1-win32-x86_64\bin\jli.dll
0x00007ff913aa0000 - 0x00007ff913ab9000 	c:\Users\DELL\.vscode\extensions\redhat.java-1.23.0-win32-x64\jre\17.0.8.1-win32-x86_64\bin\VCRUNTIME140.dll
0x00007ff931030000 - 0x00007ff9311ce000 	C:\WINDOWS\System32\USER32.dll
0x00007ff920120000 - 0x00007ff9203ba000 	C:\WINDOWS\WinSxS\amd64_microsoft.windows.common-controls_6595b64144ccf1df_6.0.19041.1110_none_60b5254171f9507e\COMCTL32.dll
0x00007ff932d30000 - 0x00007ff932dce000 	C:\WINDOWS\System32\msvcrt.dll
0x00007ff932c00000 - 0x00007ff932c2c000 	C:\WINDOWS\System32\GDI32.dll
0x00007ff930e40000 - 0x00007ff930e62000 	C:\WINDOWS\System32\win32u.dll
0x00007ff930590000 - 0x00007ff9306aa000 	C:\WINDOWS\System32\gdi32full.dll
0x00007ff9304f0000 - 0x00007ff93058d000 	C:\WINDOWS\System32\msvcp_win.dll
0x00007ff930e70000 - 0x00007ff930ea0000 	C:\WINDOWS\System32\IMM32.DLL
0x00007ff928850000 - 0x00007ff92885c000 	c:\Users\DELL\.vscode\extensions\redhat.java-1.23.0-win32-x64\jre\17.0.8.1-win32-x86_64\bin\vcruntime140_1.dll
0x00007ff8ff020000 - 0x00007ff8ff0b1000 	c:\Users\DELL\.vscode\extensions\redhat.java-1.23.0-win32-x64\jre\17.0.8.1-win32-x86_64\bin\msvcp140.dll
0x00007ff8f3d80000 - 0x00007ff8f49cc000 	c:\Users\DELL\.vscode\extensions\redhat.java-1.23.0-win32-x64\jre\17.0.8.1-win32-x86_64\bin\server\jvm.dll
0x00007ff932b50000 - 0x00007ff932bfe000 	C:\WINDOWS\System32\ADVAPI32.dll
0x00007ff930f90000 - 0x00007ff93102c000 	C:\WINDOWS\System32\sechost.dll
0x00007ff932840000 - 0x00007ff932966000 	C:\WINDOWS\System32\RPCRT4.dll
0x00007ff922100000 - 0x00007ff922127000 	C:\WINDOWS\SYSTEM32\WINMM.dll
0x00007ff91f1b0000 - 0x00007ff91f1b9000 	C:\WINDOWS\SYSTEM32\WSOCK32.dll
0x00007ff92faa0000 - 0x00007ff92faeb000 	C:\WINDOWS\SYSTEM32\POWRPROF.dll
0x00007ff929cc0000 - 0x00007ff929cca000 	C:\WINDOWS\SYSTEM32\VERSION.dll
0x00007ff932cc0000 - 0x00007ff932d2b000 	C:\WINDOWS\System32\WS2_32.dll
0x00007ff92f910000 - 0x00007ff92f922000 	C:\WINDOWS\SYSTEM32\UMPDC.dll
0x00007ff92ed60000 - 0x00007ff92ed72000 	C:\WINDOWS\SYSTEM32\kernel.appcore.dll
0x00007ff9288e0000 - 0x00007ff9288ea000 	c:\Users\DELL\.vscode\extensions\redhat.java-1.23.0-win32-x64\jre\17.0.8.1-win32-x86_64\bin\jimage.dll
0x00007ff92e880000 - 0x00007ff92ea64000 	C:\WINDOWS\SYSTEM32\DBGHELP.DLL
0x00007ff91e960000 - 0x00007ff91e994000 	C:\WINDOWS\SYSTEM32\dbgcore.DLL
0x00007ff930920000 - 0x00007ff9309a2000 	C:\WINDOWS\System32\bcryptPrimitives.dll
0x00007ff9286b0000 - 0x00007ff9286be000 	c:\Users\DELL\.vscode\extensions\redhat.java-1.23.0-win32-x64\jre\17.0.8.1-win32-x86_64\bin\instrument.dll
0x00007ff90cb80000 - 0x00007ff90cba5000 	c:\Users\DELL\.vscode\extensions\redhat.java-1.23.0-win32-x64\jre\17.0.8.1-win32-x86_64\bin\java.dll
0x00007ff912820000 - 0x00007ff912838000 	c:\Users\DELL\.vscode\extensions\redhat.java-1.23.0-win32-x64\jre\17.0.8.1-win32-x86_64\bin\zip.dll
0x00007ff931720000 - 0x00007ff931e65000 	C:\WINDOWS\System32\SHELL32.dll
0x00007ff92e010000 - 0x00007ff92e7ab000 	C:\WINDOWS\SYSTEM32\windows.storage.dll
0x00007ff932170000 - 0x00007ff9324c4000 	C:\WINDOWS\System32\combase.dll
0x00007ff92ff30000 - 0x00007ff92ff5e000 	C:\WINDOWS\SYSTEM32\Wldp.dll
0x00007ff9329d0000 - 0x00007ff932a7d000 	C:\WINDOWS\System32\SHCORE.dll
0x00007ff932970000 - 0x00007ff9329c5000 	C:\WINDOWS\System32\shlwapi.dll
0x00007ff930420000 - 0x00007ff930445000 	C:\WINDOWS\SYSTEM32\profapi.dll
0x00007ff9117b0000 - 0x00007ff9117c9000 	C:\Users\DELL\.vscode\extensions\redhat.java-1.23.0-win32-x64\jre\17.0.8.1-win32-x86_64\bin\net.dll
0x00007ff927570000 - 0x00007ff92767a000 	C:\WINDOWS\SYSTEM32\WINHTTP.dll
0x00007ff92fc90000 - 0x00007ff92fcfa000 	C:\WINDOWS\system32\mswsock.dll
0x00007ff90f920000 - 0x00007ff90f935000 	C:\Users\DELL\.vscode\extensions\redhat.java-1.23.0-win32-x64\jre\17.0.8.1-win32-x86_64\bin\nio.dll
0x00007ff924580000 - 0x00007ff924590000 	c:\Users\DELL\.vscode\extensions\redhat.java-1.23.0-win32-x64\jre\17.0.8.1-win32-x86_64\bin\verify.dll
0x00007ff90c790000 - 0x00007ff90c7ce000 	C:\Users\DELL\AppData\Roaming\Code\User\globalStorage\redhat.java\1.23.0\config_win\org.eclipse.equinox.launcher\org.eclipse.equinox.launcher.win32.win32.x86_64_1.2.700.v20221108-1024\eclipse_11801.dll
0x00007ff932710000 - 0x00007ff93283a000 	C:\WINDOWS\System32\ole32.dll

dbghelp: loaded successfully - version: 4.0.5 - missing functions: none
symbol engine: initialized successfully - sym options: 0x614 - pdb path: .;c:\Users\DELL\.vscode\extensions\redhat.java-1.23.0-win32-x64\jre\17.0.8.1-win32-x86_64\bin;C:\WINDOWS\SYSTEM32;C:\WINDOWS\WinSxS\amd64_microsoft.windows.common-controls_6595b64144ccf1df_6.0.19041.1110_none_60b5254171f9507e;c:\Users\DELL\.vscode\extensions\redhat.java-1.23.0-win32-x64\jre\17.0.8.1-win32-x86_64\bin\server;C:\Users\DELL\AppData\Roaming\Code\User\globalStorage\redhat.java\1.23.0\config_win\org.eclipse.equinox.launcher\org.eclipse.equinox.launcher.win32.win32.x86_64_1.2.700.v20221108-1024

VM Arguments:
jvm_args: --add-modules=ALL-SYSTEM --add-opens=java.base/java.util=ALL-UNNAMED --add-opens=java.base/java.lang=ALL-UNNAMED --add-opens=java.base/sun.nio.fs=ALL-UNNAMED -Declipse.application=org.eclipse.jdt.ls.core.id1 -Dosgi.bundles.defaultStartLevel=4 -Declipse.product=org.eclipse.jdt.ls.core.product -Djava.import.generatesMetadataFilesAtProjectRoot=false -DDetectVMInstallationsJob.disabled=true -Dfile.encoding=utf8 -XX:+UseParallelGC -XX:GCTimeRatio=4 -XX:AdaptiveSizePolicyWeight=90 -Dsun.zip.disableMemoryMapping=true -Xmx1G -Xms100m -Xlog:disable -javaagent:c:\Users\DELL\.vscode\extensions\redhat.java-1.23.0-win32-x64\lombok\lombok-1.18.30.jar -XX:+HeapDumpOnOutOfMemoryError -XX:HeapDumpPath=c:\Users\DELL\AppData\Roaming\Code\User\workspaceStorage\72c155e9b7a7fa28bd4b3a5f12094ced\redhat.java -Daether.dependencyCollector.impl=bf 
java_command: c:\Users\DELL\.vscode\extensions\redhat.java-1.23.0-win32-x64\server\plugins\org.eclipse.equinox.launcher_1.6.500.v20230717-2134.jar -configuration c:\Users\DELL\AppData\Roaming\Code\User\globalStorage\redhat.java\1.23.0\config_win -data c:\Users\DELL\AppData\Roaming\Code\User\workspaceStorage\72c155e9b7a7fa28bd4b3a5f12094ced\redhat.java\jdt_ws
java_class_path (initial): c:\Users\DELL\.vscode\extensions\redhat.java-1.23.0-win32-x64\server\plugins\org.eclipse.equinox.launcher_1.6.500.v20230717-2134.jar
Launcher Type: SUN_STANDARD

[Global flags]
    uintx AdaptiveSizePolicyWeight                 = 90                                        {product} {command line}
     intx CICompilerCount                          = 4                                         {product} {ergonomic}
    uintx GCTimeRatio                              = 4                                         {product} {command line}
     bool HeapDumpOnOutOfMemoryError               = true                                   {manageable} {command line}
    ccstr HeapDumpPath                             = c:\Users\DELL\AppData\Roaming\Code\User\workspaceStorage\72c155e9b7a7fa28bd4b3a5f12094ced\redhat.java         {manageable} {command line}
   size_t InitialHeapSize                          = 104857600                                 {product} {command line}
   size_t MaxHeapSize                              = 1073741824                                {product} {command line}
   size_t MaxNewSize                               = 357564416                                 {product} {ergonomic}
   size_t MinHeapDeltaBytes                        = 524288                                    {product} {ergonomic}
   size_t MinHeapSize                              = 104857600                                 {product} {command line}
   size_t NewSize                                  = 34603008                                  {product} {ergonomic}
    uintx NonNMethodCodeHeapSize                   = 5839372                                {pd product} {ergonomic}
    uintx NonProfiledCodeHeapSize                  = 122909434                              {pd product} {ergonomic}
   size_t OldSize                                  = 70254592                                  {product} {ergonomic}
    uintx ProfiledCodeHeapSize                     = 122909434                              {pd product} {ergonomic}
    uintx ReservedCodeCacheSize                    = 251658240                              {pd product} {ergonomic}
     bool SegmentedCodeCache                       = true                                      {product} {ergonomic}
   size_t SoftMaxHeapSize                          = 1073741824                             {manageable} {ergonomic}
     bool UseCompressedClassPointers               = true                           {product lp64_product} {ergonomic}
     bool UseCompressedOops                        = true                           {product lp64_product} {ergonomic}
     bool UseLargePagesIndividualAllocation        = false                                  {pd product} {ergonomic}
     bool UseParallelGC                            = true                                      {product} {command line}

Logging:
Log output configuration:
 #0: stdout all=off uptime,level,tags
 #1: stderr all=off uptime,level,tags

Environment Variables:
PATH=C:\Program Files\Common Files\Oracle\Java\javapath;E:\VM\bin\;C:\Program Files (x86)\Common Files\Oracle\Java\javapath;C:\Windows\system32;C:\Windows;C:\Windows\System32\Wbem;C:\Windows\System32\WindowsPowerShell\v1.0\;C:\Program Files (x86)\NVIDIA Corporation\PhysX\Common;C:\WINDOWS\system32;C:\WINDOWS;C:\WINDOWS\System32\Wbem;C:\WINDOWS\System32\WindowsPowerShell\v1.0\;C:\WINDOWS\System32\OpenSSH\;C:\Program Files (x86)\Bitvise SSH Client;C:\Program Files\Git\cmd;C:\Program Files\nodejs\;C:\Program Files (x86)\Intel\Intel(R) Management Engine Components\DAL;C:\Program Files\Intel\Intel(R) Management Engine Components\DAL;C:\Program Files\dotnet\;C:\Users\DELL\AppData\Local\Programs\Python\Python311\;C:\Users\DELL\AppData\Local\Programs\Python\Python311\Scripts\;C:\Program Files\Java\jdk-20\bin;C:\Users\DELL\AppData\Local\Programs\Python\Python311\Scripts\;C:\Users\DELL\AppData\Local\Programs\Python\Python311\;C:\Users\DELL\AppData\Local\Microsoft\WindowsApps;C:\Program Files (x86)\Nmap;C:\Users\DELL\AppData\Roaming\npm;C:\Users\DELL\AppData\Local\Programs\Microsoft VS Code\bin;C:\Program Files\heroku\bin;C:\Program Files\JetBrains\PyCharm Community Edition 2020.3.3\bin;;C:\Program Files\Java\jdk-20\bin\;C:\Users\DELL\AppData\Local\GitHubDesktop\bin
USERNAME=DELL
OS=Windows_NT
PROCESSOR_IDENTIFIER=Intel64 Family 6 Model 158 Stepping 9, GenuineIntel
TMP=C:\Users\DELL\AppData\Local\Temp
TEMP=C:\Users\DELL\AppData\Local\Temp



---------------  S Y S T E M  ---------------

OS:
 Windows 10 , 64 bit Build 19041 (10.0.19041.3393)
OS uptime: 2 days 0:17 hours

CPU: total 8 (initial active 8) (4 cores per cpu, 2 threads per core) family 6 model 158 stepping 9 microcode 0xb4, cx8, cmov, fxsr, ht, mmx, 3dnowpref, sse, sse2, sse3, ssse3, sse4.1, sse4.2, popcnt, lzcnt, tsc, tscinvbit, avx, avx2, aes, erms, clmul, bmi1, bmi2, adx, fma, vzeroupper, clflush, clflushopt
Processor Information for all 8 processors :
  Max Mhz: 2801, Current Mhz: 2800, Mhz Limit: 2772

Memory: 4k page, system-wide physical 8053M (573M free)
TotalPageFile size 12149M (AvailPageFile size 107M)
current process WorkingSet (physical memory assigned to process): 95M, peak: 95M
current process commit charge ("private bytes"): 211M, peak: 211M

vm_info: OpenJDK 64-Bit Server VM (17.0.8.1+1) for windows-amd64 JRE (17.0.8.1+1), built on Aug 23 2023 15:29:17 by "admin" with MS VC++ 16.7 (VS2019)

END.
