#
# There is insufficient memory for the Java Runtime Environment to continue.
# Native memory allocation (malloc) failed to allocate 1218656 bytes for Chunk::new
# Possible reasons:
#   The system is out of physical RAM or swap space
#   The process is running with CompressedOops enabled, and the Java Heap may be blocking the growth of the native heap
# Possible solutions:
#   Reduce memory load on the system
#   Increase physical memory or swap space
#   Check if swap backing store is full
#   Decrease Java heap size (-Xmx/-Xms)
#   Decrease number of Java threads
#   Decrease Java thread stack sizes (-Xss)
#   Set larger code cache with -XX:ReservedCodeCacheSize=
#   JVM is running with Unscaled Compressed Oops mode in which the Java heap is
#     placed in the first 4GB address space. The Java Heap base address is the
#     maximum limit for the native heap growth. Please use -XX:HeapBaseMinAddress
#     to set the Java Heap base and to place the Java Heap above 4GB virtual address.
# This output file may be truncated or incomplete.
#
#  Out of Memory Error (arena.cpp:189), pid=9988, tid=16152
#
# JRE version: OpenJDK Runtime Environment Temurin-17.0.8.1+1 (17.0.8.1+1) (build 17.0.8.1+1)
# Java VM: OpenJDK 64-Bit Server VM Temurin-17.0.8.1+1 (17.0.8.1+1, mixed mode, tiered, compressed oops, compressed class ptrs, parallel gc, windows-amd64)
# No core dump will be written. Minidumps are not enabled by default on client versions of Windows
#

---------------  S U M M A R Y ------------

Command Line: --add-modules=ALL-SYSTEM --add-opens=java.base/java.util=ALL-UNNAMED --add-opens=java.base/java.lang=ALL-UNNAMED --add-opens=java.base/sun.nio.fs=ALL-UNNAMED -Declipse.application=org.eclipse.jdt.ls.core.id1 -Dosgi.bundles.defaultStartLevel=4 -Declipse.product=org.eclipse.jdt.ls.core.product -Djava.import.generatesMetadataFilesAtProjectRoot=false -DDetectVMInstallationsJob.disabled=true -Dfile.encoding=utf8 -XX:+UseParallelGC -XX:GCTimeRatio=4 -XX:AdaptiveSizePolicyWeight=90 -Dsun.zip.disableMemoryMapping=true -Xmx1G -Xms100m -Xlog:disable -javaagent:c:\Users\DELL\.vscode\extensions\redhat.java-1.23.0-win32-x64\lombok\lombok-1.18.30.jar -XX:+HeapDumpOnOutOfMemoryError -XX:HeapDumpPath=c:\Users\DELL\AppData\Roaming\Code\User\workspaceStorage\72c155e9b7a7fa28bd4b3a5f12094ced\redhat.java -Daether.dependencyCollector.impl=bf c:\Users\DELL\.vscode\extensions\redhat.java-1.23.0-win32-x64\server\plugins\org.eclipse.equinox.launcher_1.6.500.v20230717-2134.jar -configuration c:\Users\DELL\AppData\Roaming\Code\User\globalStorage\redhat.java\1.23.0\config_win -data c:\Users\DELL\AppData\Roaming\Code\User\workspaceStorage\72c155e9b7a7fa28bd4b3a5f12094ced\redhat.java\jdt_ws

Host: Intel(R) Core(TM) i7-7700HQ CPU @ 2.80GHz, 8 cores, 7G,  Windows 10 , 64 bit Build 19041 (10.0.19041.3393)
Time: Tue Oct 10 22:51:36 2023 India Standard Time elapsed time: 9.373255 seconds (0d 0h 0m 9s)

---------------  T H R E A D  ---------------

Current thread (0x0000029d76f46fc0):  JavaThread "C2 CompilerThread0" daemon [_thread_in_native, id=16152, stack(0x000000a979400000,0x000000a979500000)]


Current CompileTask:
C2:   9373 6308   !   4       org.eclipse.osgi.internal.loader.BundleLoader::findLocalClass (152 bytes)

Stack: [0x000000a979400000,0x000000a979500000]
Native frames: (J=compiled Java code, j=interpreted, Vv=VM code, C=native code)
V  [jvm.dll+0x678b0a]
V  [jvm.dll+0x835e84]
V  [jvm.dll+0x83762e]
V  [jvm.dll+0x837c93]
V  [jvm.dll+0x24746f]
V  [jvm.dll+0xac20c]
V  [jvm.dll+0xac7dc]
V  [jvm.dll+0x2ae7af]
V  [jvm.dll+0x581427]
V  [jvm.dll+0x222602]
V  [jvm.dll+0x2229df]
V  [jvm.dll+0x21ba55]
V  [jvm.dll+0x218f0b]
V  [jvm.dll+0x1a534d]
V  [jvm.dll+0x228d8a]
V  [jvm.dll+0x226dcc]
V  [jvm.dll+0x7ec09b]
V  [jvm.dll+0x7e64ca]
V  [jvm.dll+0x677955]
C  [ucrtbase.dll+0x21bb2]
C  [KERNEL32.DLL+0x17344]
C  [ntdll.dll+0x526b1]


---------------  P R O C E S S  ---------------

Threads class SMR info:
_java_thread_list=0x0000029d7c093d90, length=35, elements={
0x0000029d5ddff1b0, 0x0000029d5debe7d0, 0x0000029d76f23c80, 0x0000029d71c7e3c0,
0x0000029d76f3d270, 0x0000029d76f3e7a0, 0x0000029d76f45c20, 0x0000029d76f46fc0,
0x0000029d76f48120, 0x0000029d76f51200, 0x0000029d770531d0, 0x0000029d771ebc90,
0x0000029d77209a80, 0x0000029d7889a2a0, 0x0000029d788adb50, 0x0000029d788d58f0,
0x0000029d78fa9db0, 0x0000029d792621f0, 0x0000029d79265490, 0x0000029d79264050,
0x0000029d79263630, 0x0000029d79262700, 0x0000029d7979e9e0, 0x0000029d79264560,
0x0000029d79262c10, 0x0000029d79264f80, 0x0000029d79d4a650, 0x0000029d79d4ab60,
0x0000029d79d4b580, 0x0000029d79d4a140, 0x0000029d79d4b070, 0x0000029d79d4ba90,
0x0000029d79d4bfa0, 0x0000029d79d49720, 0x0000029d79d487f0
}

Java Threads: ( => current thread )
  0x0000029d5ddff1b0 JavaThread "main" [_thread_blocked, id=21860, stack(0x000000a978b00000,0x000000a978c00000)]
  0x0000029d5debe7d0 JavaThread "Reference Handler" daemon [_thread_blocked, id=21156, stack(0x000000a978e00000,0x000000a978f00000)]
  0x0000029d76f23c80 JavaThread "Finalizer" daemon [_thread_blocked, id=9140, stack(0x000000a978f00000,0x000000a979000000)]
  0x0000029d71c7e3c0 JavaThread "Signal Dispatcher" daemon [_thread_blocked, id=2096, stack(0x000000a979000000,0x000000a979100000)]
  0x0000029d76f3d270 JavaThread "Attach Listener" daemon [_thread_blocked, id=20292, stack(0x000000a979100000,0x000000a979200000)]
  0x0000029d76f3e7a0 JavaThread "Service Thread" daemon [_thread_blocked, id=11336, stack(0x000000a979200000,0x000000a979300000)]
  0x0000029d76f45c20 JavaThread "Monitor Deflation Thread" daemon [_thread_blocked, id=22752, stack(0x000000a979300000,0x000000a979400000)]
=>0x0000029d76f46fc0 JavaThread "C2 CompilerThread0" daemon [_thread_in_native, id=16152, stack(0x000000a979400000,0x000000a979500000)]
  0x0000029d76f48120 JavaThread "C1 CompilerThread0" daemon [_thread_in_native, id=13532, stack(0x000000a979500000,0x000000a979600000)]
  0x0000029d76f51200 JavaThread "Sweeper thread" daemon [_thread_blocked, id=8408, stack(0x000000a979600000,0x000000a979700000)]
  0x0000029d770531d0 JavaThread "Common-Cleaner" daemon [_thread_blocked, id=12100, stack(0x000000a979700000,0x000000a979800000)]
  0x0000029d771ebc90 JavaThread "C2 CompilerThread1" daemon [_thread_in_native, id=9808, stack(0x000000a979800000,0x000000a979900000)]
  0x0000029d77209a80 JavaThread "Notification Thread" daemon [_thread_blocked, id=6884, stack(0x000000a979900000,0x000000a979a00000)]
  0x0000029d7889a2a0 JavaThread "Active Thread: Equinox Container: 7ee444d1-6cb2-427f-baa8-87c3d21b8052" [_thread_blocked, id=11052, stack(0x000000a97a200000,0x000000a97a300000)]
  0x0000029d788adb50 JavaThread "Framework Event Dispatcher: Equinox Container: 7ee444d1-6cb2-427f-baa8-87c3d21b8052" daemon [_thread_blocked, id=22692, stack(0x000000a97a300000,0x000000a97a400000)]
  0x0000029d788d58f0 JavaThread "Start Level: Equinox Container: 7ee444d1-6cb2-427f-baa8-87c3d21b8052" daemon [_thread_blocked, id=13720, stack(0x000000a97a400000,0x000000a97a500000)]
  0x0000029d78fa9db0 JavaThread "Bundle File Closer" daemon [_thread_blocked, id=14068, stack(0x000000a97a600000,0x000000a97a700000)]
  0x0000029d792621f0 JavaThread "SCR Component Actor" daemon [_thread_blocked, id=15232, stack(0x000000a97a700000,0x000000a97a800000)]
  0x0000029d79265490 JavaThread "Worker-JM" [_thread_blocked, id=11948, stack(0x000000a979b00000,0x000000a979c00000)]
  0x0000029d79264050 JavaThread "Worker-0: Initialize workspace" [_thread_in_Java, id=14076, stack(0x000000a97a900000,0x000000a97aa00000)]
  0x0000029d79263630 JavaThread "Worker-1: Validate documents" [_thread_in_vm, id=12844, stack(0x000000a97aa00000,0x000000a97ab00000)]
  0x0000029d79262700 JavaThread "Java indexing" daemon [_thread_in_vm, id=22108, stack(0x000000a97ab00000,0x000000a97ac00000)]
  0x0000029d7979e9e0 JavaThread "C2 CompilerThread2" daemon [_thread_in_native, id=18448, stack(0x000000a97ac00000,0x000000a97ad00000)]
  0x0000029d79264560 JavaThread "JNA Cleaner" daemon [_thread_blocked, id=2968, stack(0x000000a97ad00000,0x000000a97ae00000)]
  0x0000029d79262c10 JavaThread "pool-2-thread-1" [_thread_blocked, id=3204, stack(0x000000a97ae00000,0x000000a97af00000)]
  0x0000029d79264f80 JavaThread "Worker-2" [_thread_blocked, id=19436, stack(0x000000a97af00000,0x000000a97b000000)]
  0x0000029d79d4a650 JavaThread "WorkspaceEventsHandler" [_thread_blocked, id=21396, stack(0x000000a97b000000,0x000000a97b100000)]
  0x0000029d79d4ab60 JavaThread "pool-1-thread-1" [_thread_in_native, id=17780, stack(0x000000a97b100000,0x000000a97b200000)]
  0x0000029d79d4b580 JavaThread "Worker-3: Java indexing... " [_thread_blocked, id=10940, stack(0x000000a97b200000,0x000000a97b300000)]
  0x0000029d79d4a140 JavaThread "ForkJoinPool.commonPool-worker-1" daemon [_thread_blocked, id=11468, stack(0x000000a97a800000,0x000000a97a900000)]
  0x0000029d79d4b070 JavaThread "ForkJoinPool.commonPool-worker-2" daemon [_thread_blocked, id=14188, stack(0x000000a97b300000,0x000000a97b400000)]
  0x0000029d79d4ba90 JavaThread "ForkJoinPool.commonPool-worker-3" daemon [_thread_blocked, id=3668, stack(0x000000a97b400000,0x000000a97b500000)]
  0x0000029d79d4bfa0 JavaThread "ForkJoinPool.commonPool-worker-4" daemon [_thread_blocked, id=18048, stack(0x000000a97b500000,0x000000a97b600000)]
  0x0000029d79d49720 JavaThread "ForkJoinPool.commonPool-worker-5" daemon [_thread_blocked, id=5240, stack(0x000000a97b600000,0x000000a97b700000)]
  0x0000029d79d487f0 JavaThread "ForkJoinPool.commonPool-worker-6" daemon [_thread_blocked, id=1468, stack(0x000000a97b700000,0x000000a97b800000)]

Other Threads:
  0x0000029d71c6fbc0 VMThread "VM Thread" [stack: 0x000000a978d00000,0x000000a978e00000] [id=18884]
  0x0000029d77209f60 WatcherThread [stack: 0x000000a979a00000,0x000000a979b00000] [id=13024]
  0x0000029d5de13360 GCTaskThread "GC Thread#0" [stack: 0x000000a978c00000,0x000000a978d00000] [id=22176]
  0x0000029d7802ffa0 GCTaskThread "GC Thread#1" [stack: 0x000000a979c00000,0x000000a979d00000] [id=18524]
  0x0000029d780b6490 GCTaskThread "GC Thread#2" [stack: 0x000000a979d00000,0x000000a979e00000] [id=10180]
  0x0000029d780b6750 GCTaskThread "GC Thread#3" [stack: 0x000000a979e00000,0x000000a979f00000] [id=15696]
  0x0000029d780b6a10 GCTaskThread "GC Thread#4" [stack: 0x000000a979f00000,0x000000a97a000000] [id=676]
  0x0000029d780b6cd0 GCTaskThread "GC Thread#5" [stack: 0x000000a97a000000,0x000000a97a100000] [id=22004]
  0x0000029d780b6f90 GCTaskThread "GC Thread#6" [stack: 0x000000a97a100000,0x000000a97a200000] [id=2336]
  0x0000029d788ab7b0 GCTaskThread "GC Thread#7" [stack: 0x000000a97a500000,0x000000a97a600000] [id=22204]

Threads with active compile tasks:
C2 CompilerThread0     9411 6308   !   4       org.eclipse.osgi.internal.loader.BundleLoader::findLocalClass (152 bytes)
C1 CompilerThread0     9411 6493   !   3       org.eclipse.jdt.internal.compiler.parser.Scanner::getNextToken0 (2562 bytes)
C2 CompilerThread1     9411 6471       4       java.util.regex.Pattern$CharPropertyGreedy::match (160 bytes)
C2 CompilerThread2     9411 6407       4       org.eclipse.jdt.internal.core.JarPackageFragmentRoot::initRawPackageInfo (349 bytes)

VM state: not at safepoint (normal execution)

VM Mutex/Monitor currently owned by a thread: None

Heap address: 0x00000000c0000000, size: 1024 MB, Compressed Oops mode: 32-bit

CDS archive(s) not mapped
Compressed class space mapped at: 0x0000000100000000-0x0000000140000000, reserved size: 1073741824
Narrow klass base: 0x0000000000000000, Narrow klass shift: 3, Narrow klass range: 0x140000000

GC Precious Log:
 CPUs: 8 total, 8 available
 Memory: 8053M
 Large Page Support: Disabled
 NUMA Support: Disabled
 Compressed Oops: Enabled (32-bit)
 Alignments: Space 512K, Generation 512K, Heap 2M
 Heap Min Capacity: 100M
 Heap Initial Capacity: 100M
 Heap Max Capacity: 1G
 Pre-touch: Disabled
 Parallel Workers: 8

Heap:
 PSYoungGen      total 17920K, used 12845K [0x00000000eab00000, 0x00000000ebe80000, 0x0000000100000000)
  eden space 16896K, 69% used [0x00000000eab00000,0x00000000eb68bd58,0x00000000ebb80000)
  from space 1024K, 99% used [0x00000000ebc00000,0x00000000ebcff768,0x00000000ebd00000)
  to   space 1536K, 0% used [0x00000000ebd00000,0x00000000ebd00000,0x00000000ebe80000)
 ParOldGen       total 68608K, used 35438K [0x00000000c0000000, 0x00000000c4300000, 0x00000000eab00000)
  object space 68608K, 51% used [0x00000000c0000000,0x00000000c229bb48,0x00000000c4300000)
 Metaspace       used 59018K, committed 60032K, reserved 1114112K
  class space    used 6375K, committed 6848K, reserved 1048576K

Card table byte_map: [0x0000029d5d7c0000,0x0000029d5d9d0000] _byte_map_base: 0x0000029d5d1c0000

Marking Bits: (ParMarkBitMap*) 0x00007ff8efaa83a0
 Begin Bits: [0x0000029d6fa80000, 0x0000029d70a80000)
 End Bits:   [0x0000029d70a80000, 0x0000029d71a80000)

Polling page: 0x0000029d5be00000

Metaspace:

Usage:
  Non-class:     51.41 MB used.
      Class:      6.23 MB used.
       Both:     57.64 MB used.

Virtual space:
  Non-class space:       64.00 MB reserved,      51.94 MB ( 81%) committed,  1 nodes.
      Class space:        1.00 GB reserved,       6.69 MB ( <1%) committed,  1 nodes.
             Both:        1.06 GB reserved,      58.62 MB (  5%) committed. 

Chunk freelists:
   Non-Class:  11.69 MB
       Class:  9.30 MB
        Both:  20.99 MB

MaxMetaspaceSize: unlimited
CompressedClassSpaceSize: 1.00 GB
Initial GC threshold: 21.00 MB
Current GC threshold: 97.31 MB
CDS: off
MetaspaceReclaimPolicy: balanced
 - commit_granule_bytes: 65536.
 - commit_granule_words: 8192.
 - virtual_space_node_default_size: 8388608.
 - enlarge_chunks_in_place: 1.
 - new_chunks_are_fully_committed: 0.
 - uncommit_free_chunks: 1.
 - use_allocation_guard: 0.
 - handle_deallocations: 1.


Internal statistics:

num_allocs_failed_limit: 9.
num_arena_births: 486.
num_arena_deaths: 14.
num_vsnodes_births: 2.
num_vsnodes_deaths: 0.
num_space_committed: 938.
num_space_uncommitted: 0.
num_chunks_returned_to_freelist: 23.
num_chunks_taken_from_freelist: 2698.
num_chunk_merges: 13.
num_chunk_splits: 1742.
num_chunks_enlarged: 1093.
num_inconsistent_stats: 0.

CodeHeap 'non-profiled nmethods': size=120000Kb used=3383Kb max_used=3383Kb free=116616Kb
 bounds [0x0000029d68550000, 0x0000029d688a0000, 0x0000029d6fa80000]
CodeHeap 'profiled nmethods': size=120000Kb used=11812Kb max_used=11812Kb free=108187Kb
 bounds [0x0000029d60a80000, 0x0000029d61610000, 0x0000029d67fb0000]
CodeHeap 'non-nmethods': size=5760Kb used=1314Kb max_used=1367Kb free=4445Kb
 bounds [0x0000029d67fb0000, 0x0000029d68220000, 0x0000029d68550000]
 total_blobs=6301 nmethods=5650 adapters=563
 compilation: enabled
              stopped_count=0, restarted_count=0
 full_count=0

Compilation events (20 events):
Event: 9.354 Thread 0x0000029d76f48120 6463       3       org.eclipse.jdt.internal.core.JarPackageFragmentRoot::createChildren (67 bytes)
Event: 9.355 Thread 0x0000029d76f48120 nmethod 6463 0x0000029d615f9990 code [0x0000029d615f9b60, 0x0000029d615fa1c8]
Event: 9.355 Thread 0x0000029d76f48120 6467       3       org.eclipse.jdt.internal.core.util.HashSetOfArray::hashCode (35 bytes)
Event: 9.355 Thread 0x0000029d76f48120 nmethod 6467 0x0000029d615fa410 code [0x0000029d615fa5c0, 0x0000029d615fa928]
Event: 9.355 Thread 0x0000029d76f48120 6465       3       org.eclipse.jdt.internal.core.util.HashSetOfArray::add (100 bytes)
Event: 9.356 Thread 0x0000029d76f48120 nmethod 6465 0x0000029d615fab10 code [0x0000029d615fad20, 0x0000029d615fb448]
Event: 9.356 Thread 0x0000029d76f48120 6466       3       org.eclipse.jdt.internal.core.util.HashSetOfArray::hashCode (8 bytes)
Event: 9.356 Thread 0x0000029d76f48120 nmethod 6466 0x0000029d615fb790 code [0x0000029d615fb940, 0x0000029d615fba88]
Event: 9.356 Thread 0x0000029d76f48120 6464       1       org.eclipse.jdt.internal.core.util.HashtableOfArrayToObject::size (5 bytes)
Event: 9.356 Thread 0x0000029d76f48120 nmethod 6464 0x0000029d6889bd10 code [0x0000029d6889bea0, 0x0000029d6889bf78]
Event: 9.358 Thread 0x0000029d76f48120 6468       3       org.eclipse.core.internal.dtree.DataTreeNode::<init> (12 bytes)
Event: 9.358 Thread 0x0000029d76f48120 nmethod 6468 0x0000029d615fbb90 code [0x0000029d615fbd40, 0x0000029d615fc018]
Event: 9.358 Thread 0x0000029d76f48120 6469       3       org.eclipse.core.internal.resources.ResourceInfo::getMarkers (31 bytes)
Event: 9.359 Thread 0x0000029d76f48120 nmethod 6469 0x0000029d615fc190 code [0x0000029d615fc380, 0x0000029d615fca18]
Event: 9.361 Thread 0x0000029d76f48120 6472       3       lombok.patcher.MethodTarget::classMatches (9 bytes)
Event: 9.362 Thread 0x0000029d76f48120 nmethod 6472 0x0000029d615fcc90 code [0x0000029d615fce40, 0x0000029d615fd058]
Event: 9.362 Thread 0x0000029d76f48120 6473       3       lombok.patcher.MethodTarget::descriptorMatch (119 bytes)
Event: 9.362 Thread 0x0000029d76f48120 nmethod 6473 0x0000029d615fd190 code [0x0000029d615fd440, 0x0000029d615fe238]
Event: 9.363 Thread 0x0000029d76f48120 6474       3       java.util.regex.IntHashSet::add (111 bytes)
Event: 9.363 Thread 0x0000029d76f48120 nmethod 6474 0x0000029d615fe510 code [0x0000029d615fe6e0, 0x0000029d615fea68]

GC Heap History (20 events):
Event: 7.559 GC heap after
{Heap after GC invocations=22 (full 2):
 PSYoungGen      total 21504K, used 1888K [0x00000000eab00000, 0x00000000ec300000, 0x0000000100000000)
  eden space 19456K, 0% used [0x00000000eab00000,0x00000000eab00000,0x00000000ebe00000)
  from space 2048K, 92% used [0x00000000ec100000,0x00000000ec2d8000,0x00000000ec300000)
  to   space 2048K, 0% used [0x00000000ebe00000,0x00000000ebe00000,0x00000000ec000000)
 ParOldGen       total 68608K, used 27018K [0x00000000c0000000, 0x00000000c4300000, 0x00000000eab00000)
  object space 68608K, 39% used [0x00000000c0000000,0x00000000c1a62950,0x00000000c4300000)
 Metaspace       used 51256K, committed 52288K, reserved 1114112K
  class space    used 5575K, committed 6080K, reserved 1048576K
}
Event: 7.613 GC heap before
{Heap before GC invocations=23 (full 2):
 PSYoungGen      total 21504K, used 21344K [0x00000000eab00000, 0x00000000ec300000, 0x0000000100000000)
  eden space 19456K, 100% used [0x00000000eab00000,0x00000000ebe00000,0x00000000ebe00000)
  from space 2048K, 92% used [0x00000000ec100000,0x00000000ec2d8000,0x00000000ec300000)
  to   space 2048K, 0% used [0x00000000ebe00000,0x00000000ebe00000,0x00000000ec000000)
 ParOldGen       total 68608K, used 27018K [0x00000000c0000000, 0x00000000c4300000, 0x00000000eab00000)
  object space 68608K, 39% used [0x00000000c0000000,0x00000000c1a62950,0x00000000c4300000)
 Metaspace       used 51256K, committed 52288K, reserved 1114112K
  class space    used 5575K, committed 6080K, reserved 1048576K
}
Event: 7.617 GC heap after
{Heap after GC invocations=23 (full 2):
 PSYoungGen      total 21504K, used 2016K [0x00000000eab00000, 0x00000000ec200000, 0x0000000100000000)
  eden space 19456K, 0% used [0x00000000eab00000,0x00000000eab00000,0x00000000ebe00000)
  from space 2048K, 98% used [0x00000000ebe00000,0x00000000ebff8010,0x00000000ec000000)
  to   space 2048K, 0% used [0x00000000ec000000,0x00000000ec000000,0x00000000ec200000)
 ParOldGen       total 68608K, used 28810K [0x00000000c0000000, 0x00000000c4300000, 0x00000000eab00000)
  object space 68608K, 41% used [0x00000000c0000000,0x00000000c1c22950,0x00000000c4300000)
 Metaspace       used 51256K, committed 52288K, reserved 1114112K
  class space    used 5575K, committed 6080K, reserved 1048576K
}
Event: 8.033 GC heap before
{Heap before GC invocations=24 (full 2):
 PSYoungGen      total 21504K, used 21472K [0x00000000eab00000, 0x00000000ec200000, 0x0000000100000000)
  eden space 19456K, 100% used [0x00000000eab00000,0x00000000ebe00000,0x00000000ebe00000)
  from space 2048K, 98% used [0x00000000ebe00000,0x00000000ebff8010,0x00000000ec000000)
  to   space 2048K, 0% used [0x00000000ec000000,0x00000000ec000000,0x00000000ec200000)
 ParOldGen       total 68608K, used 28810K [0x00000000c0000000, 0x00000000c4300000, 0x00000000eab00000)
  object space 68608K, 41% used [0x00000000c0000000,0x00000000c1c22950,0x00000000c4300000)
 Metaspace       used 51792K, committed 52800K, reserved 1114112K
  class space    used 5621K, committed 6080K, reserved 1048576K
}
Event: 8.038 GC heap after
{Heap after GC invocations=24 (full 2):
 PSYoungGen      total 18944K, used 2048K [0x00000000eab00000, 0x00000000ec700000, 0x0000000100000000)
  eden space 16896K, 0% used [0x00000000eab00000,0x00000000eab00000,0x00000000ebb80000)
  from space 2048K, 100% used [0x00000000ec000000,0x00000000ec200000,0x00000000ec200000)
  to   space 4608K, 0% used [0x00000000ebb80000,0x00000000ebb80000,0x00000000ec000000)
 ParOldGen       total 68608K, used 30710K [0x00000000c0000000, 0x00000000c4300000, 0x00000000eab00000)
  object space 68608K, 44% used [0x00000000c0000000,0x00000000c1dfdb98,0x00000000c4300000)
 Metaspace       used 51792K, committed 52800K, reserved 1114112K
  class space    used 5621K, committed 6080K, reserved 1048576K
}
Event: 8.329 GC heap before
{Heap before GC invocations=25 (full 2):
 PSYoungGen      total 18944K, used 18944K [0x00000000eab00000, 0x00000000ec700000, 0x0000000100000000)
  eden space 16896K, 100% used [0x00000000eab00000,0x00000000ebb80000,0x00000000ebb80000)
  from space 2048K, 100% used [0x00000000ec000000,0x00000000ec200000,0x00000000ec200000)
  to   space 4608K, 0% used [0x00000000ebb80000,0x00000000ebb80000,0x00000000ec000000)
 ParOldGen       total 68608K, used 30710K [0x00000000c0000000, 0x00000000c4300000, 0x00000000eab00000)
  object space 68608K, 44% used [0x00000000c0000000,0x00000000c1dfdb98,0x00000000c4300000)
 Metaspace       used 53767K, committed 54784K, reserved 1114112K
  class space    used 5848K, committed 6272K, reserved 1048576K
}
Event: 8.336 GC heap after
{Heap after GC invocations=25 (full 2):
 PSYoungGen      total 17920K, used 1018K [0x00000000eab00000, 0x00000000ec080000, 0x0000000100000000)
  eden space 16896K, 0% used [0x00000000eab00000,0x00000000eab00000,0x00000000ebb80000)
  from space 1024K, 99% used [0x00000000ebb80000,0x00000000ebc7e958,0x00000000ebc80000)
  to   space 2560K, 0% used [0x00000000ebe00000,0x00000000ebe00000,0x00000000ec080000)
 ParOldGen       total 68608K, used 32713K [0x00000000c0000000, 0x00000000c4300000, 0x00000000eab00000)
  object space 68608K, 47% used [0x00000000c0000000,0x00000000c1ff2770,0x00000000c4300000)
 Metaspace       used 53767K, committed 54784K, reserved 1114112K
  class space    used 5848K, committed 6272K, reserved 1048576K
}
Event: 8.634 GC heap before
{Heap before GC invocations=26 (full 2):
 PSYoungGen      total 17920K, used 17914K [0x00000000eab00000, 0x00000000ec080000, 0x0000000100000000)
  eden space 16896K, 100% used [0x00000000eab00000,0x00000000ebb80000,0x00000000ebb80000)
  from space 1024K, 99% used [0x00000000ebb80000,0x00000000ebc7e958,0x00000000ebc80000)
  to   space 2560K, 0% used [0x00000000ebe00000,0x00000000ebe00000,0x00000000ec080000)
 ParOldGen       total 68608K, used 32713K [0x00000000c0000000, 0x00000000c4300000, 0x00000000eab00000)
  object space 68608K, 47% used [0x00000000c0000000,0x00000000c1ff2770,0x00000000c4300000)
 Metaspace       used 55567K, committed 56640K, reserved 1114112K
  class space    used 6050K, committed 6528K, reserved 1048576K
}
Event: 8.636 GC heap after
{Heap after GC invocations=26 (full 2):
 PSYoungGen      total 17920K, used 856K [0x00000000eab00000, 0x00000000ebf00000, 0x0000000100000000)
  eden space 16896K, 0% used [0x00000000eab00000,0x00000000eab00000,0x00000000ebb80000)
  from space 1024K, 83% used [0x00000000ebe00000,0x00000000ebed60a8,0x00000000ebf00000)
  to   space 1536K, 0% used [0x00000000ebc00000,0x00000000ebc00000,0x00000000ebd80000)
 ParOldGen       total 68608K, used 33341K [0x00000000c0000000, 0x00000000c4300000, 0x00000000eab00000)
  object space 68608K, 48% used [0x00000000c0000000,0x00000000c208f6c0,0x00000000c4300000)
 Metaspace       used 55567K, committed 56640K, reserved 1114112K
  class space    used 6050K, committed 6528K, reserved 1048576K
}
Event: 8.857 GC heap before
{Heap before GC invocations=27 (full 2):
 PSYoungGen      total 17920K, used 17752K [0x00000000eab00000, 0x00000000ebf00000, 0x0000000100000000)
  eden space 16896K, 100% used [0x00000000eab00000,0x00000000ebb80000,0x00000000ebb80000)
  from space 1024K, 83% used [0x00000000ebe00000,0x00000000ebed60a8,0x00000000ebf00000)
  to   space 1536K, 0% used [0x00000000ebc00000,0x00000000ebc00000,0x00000000ebd80000)
 ParOldGen       total 68608K, used 33341K [0x00000000c0000000, 0x00000000c4300000, 0x00000000eab00000)
  object space 68608K, 48% used [0x00000000c0000000,0x00000000c208f6c0,0x00000000c4300000)
 Metaspace       used 56409K, committed 57472K, reserved 1114112K
  class space    used 6141K, committed 6592K, reserved 1048576K
}
Event: 8.858 GC heap after
{Heap after GC invocations=27 (full 2):
 PSYoungGen      total 18432K, used 448K [0x00000000eab00000, 0x00000000ebe80000, 0x0000000100000000)
  eden space 16896K, 0% used [0x00000000eab00000,0x00000000eab00000,0x00000000ebb80000)
  from space 1536K, 29% used [0x00000000ebc00000,0x00000000ebc70010,0x00000000ebd80000)
  to   space 1024K, 0% used [0x00000000ebd80000,0x00000000ebd80000,0x00000000ebe80000)
 ParOldGen       total 68608K, used 34033K [0x00000000c0000000, 0x00000000c4300000, 0x00000000eab00000)
  object space 68608K, 49% used [0x00000000c0000000,0x00000000c213c758,0x00000000c4300000)
 Metaspace       used 56409K, committed 57472K, reserved 1114112K
  class space    used 6141K, committed 6592K, reserved 1048576K
}
Event: 9.026 GC heap before
{Heap before GC invocations=28 (full 2):
 PSYoungGen      total 18432K, used 17344K [0x00000000eab00000, 0x00000000ebe80000, 0x0000000100000000)
  eden space 16896K, 100% used [0x00000000eab00000,0x00000000ebb80000,0x00000000ebb80000)
  from space 1536K, 29% used [0x00000000ebc00000,0x00000000ebc70010,0x00000000ebd80000)
  to   space 1024K, 0% used [0x00000000ebd80000,0x00000000ebd80000,0x00000000ebe80000)
 ParOldGen       total 68608K, used 34033K [0x00000000c0000000, 0x00000000c4300000, 0x00000000eab00000)
  object space 68608K, 49% used [0x00000000c0000000,0x00000000c213c758,0x00000000c4300000)
 Metaspace       used 58133K, committed 59072K, reserved 1114112K
  class space    used 6293K, committed 6720K, reserved 1048576K
}
Event: 9.028 GC heap after
{Heap after GC invocations=28 (full 2):
 PSYoungGen      total 17920K, used 1015K [0x00000000eab00000, 0x00000000ebf80000, 0x0000000100000000)
  eden space 16896K, 0% used [0x00000000eab00000,0x00000000eab00000,0x00000000ebb80000)
  from space 1024K, 99% used [0x00000000ebd80000,0x00000000ebe7df48,0x00000000ebe80000)
  to   space 2048K, 0% used [0x00000000ebb80000,0x00000000ebb80000,0x00000000ebd80000)
 ParOldGen       total 68608K, used 34770K [0x00000000c0000000, 0x00000000c4300000, 0x00000000eab00000)
  object space 68608K, 50% used [0x00000000c0000000,0x00000000c21f4a30,0x00000000c4300000)
 Metaspace       used 58133K, committed 59072K, reserved 1114112K
  class space    used 6293K, committed 6720K, reserved 1048576K
}
Event: 9.140 GC heap before
{Heap before GC invocations=29 (full 2):
 PSYoungGen      total 17920K, used 17911K [0x00000000eab00000, 0x00000000ebf80000, 0x0000000100000000)
  eden space 16896K, 100% used [0x00000000eab00000,0x00000000ebb80000,0x00000000ebb80000)
  from space 1024K, 99% used [0x00000000ebd80000,0x00000000ebe7df48,0x00000000ebe80000)
  to   space 2048K, 0% used [0x00000000ebb80000,0x00000000ebb80000,0x00000000ebd80000)
 ParOldGen       total 68608K, used 34770K [0x00000000c0000000, 0x00000000c4300000, 0x00000000eab00000)
  object space 68608K, 50% used [0x00000000c0000000,0x00000000c21f4a30,0x00000000c4300000)
 Metaspace       used 58726K, committed 59712K, reserved 1114112K
  class space    used 6352K, committed 6784K, reserved 1048576K
}
Event: 9.143 GC heap after
{Heap after GC invocations=29 (full 2):
 PSYoungGen      total 18432K, used 1245K [0x00000000eab00000, 0x00000000ebe80000, 0x0000000100000000)
  eden space 16896K, 0% used [0x00000000eab00000,0x00000000eab00000,0x00000000ebb80000)
  from space 1536K, 81% used [0x00000000ebb80000,0x00000000ebcb7488,0x00000000ebd00000)
  to   space 1536K, 0% used [0x00000000ebd00000,0x00000000ebd00000,0x00000000ebe80000)
 ParOldGen       total 68608K, used 35763K [0x00000000c0000000, 0x00000000c4300000, 0x00000000eab00000)
  object space 68608K, 52% used [0x00000000c0000000,0x00000000c22ecdc8,0x00000000c4300000)
 Metaspace       used 58726K, committed 59712K, reserved 1114112K
  class space    used 6352K, committed 6784K, reserved 1048576K
}
Event: 9.175 GC heap before
{Heap before GC invocations=30 (full 2):
 PSYoungGen      total 18432K, used 5281K [0x00000000eab00000, 0x00000000ebe80000, 0x0000000100000000)
  eden space 16896K, 23% used [0x00000000eab00000,0x00000000eaef12b0,0x00000000ebb80000)
  from space 1536K, 81% used [0x00000000ebb80000,0x00000000ebcb7488,0x00000000ebd00000)
  to   space 1536K, 0% used [0x00000000ebd00000,0x00000000ebd00000,0x00000000ebe80000)
 ParOldGen       total 68608K, used 35763K [0x00000000c0000000, 0x00000000c4300000, 0x00000000eab00000)
  object space 68608K, 52% used [0x00000000c0000000,0x00000000c22ecdc8,0x00000000c4300000)
 Metaspace       used 58796K, committed 59776K, reserved 1114112K
  class space    used 6358K, committed 6784K, reserved 1048576K
}
Event: 9.178 GC heap after
{Heap after GC invocations=30 (full 2):
 PSYoungGen      total 17920K, used 554K [0x00000000eab00000, 0x00000000ebe00000, 0x0000000100000000)
  eden space 16896K, 0% used [0x00000000eab00000,0x00000000eab00000,0x00000000ebb80000)
  from space 1024K, 54% used [0x00000000ebd00000,0x00000000ebd8a9b0,0x00000000ebe00000)
  to   space 1024K, 0% used [0x00000000ebc00000,0x00000000ebc00000,0x00000000ebd00000)
 ParOldGen       total 68608K, used 36856K [0x00000000c0000000, 0x00000000c4300000, 0x00000000eab00000)
  object space 68608K, 53% used [0x00000000c0000000,0x00000000c23fe250,0x00000000c4300000)
 Metaspace       used 58796K, committed 59776K, reserved 1114112K
  class space    used 6358K, committed 6784K, reserved 1048576K
}
Event: 9.178 GC heap before
{Heap before GC invocations=31 (full 3):
 PSYoungGen      total 17920K, used 554K [0x00000000eab00000, 0x00000000ebe00000, 0x0000000100000000)
  eden space 16896K, 0% used [0x00000000eab00000,0x00000000eab00000,0x00000000ebb80000)
  from space 1024K, 54% used [0x00000000ebd00000,0x00000000ebd8a9b0,0x00000000ebe00000)
  to   space 1024K, 0% used [0x00000000ebc00000,0x00000000ebc00000,0x00000000ebd00000)
 ParOldGen       total 68608K, used 36856K [0x00000000c0000000, 0x00000000c4300000, 0x00000000eab00000)
  object space 68608K, 53% used [0x00000000c0000000,0x00000000c23fe250,0x00000000c4300000)
 Metaspace       used 58796K, committed 59776K, reserved 1114112K
  class space    used 6358K, committed 6784K, reserved 1048576K
}
Event: 9.269 GC heap after
{Heap after GC invocations=31 (full 3):
 PSYoungGen      total 17920K, used 0K [0x00000000eab00000, 0x00000000ebe00000, 0x0000000100000000)
  eden space 16896K, 0% used [0x00000000eab00000,0x00000000eab00000,0x00000000ebb80000)
  from space 1024K, 0% used [0x00000000ebd00000,0x00000000ebd00000,0x00000000ebe00000)
  to   space 1024K, 0% used [0x00000000ebc00000,0x00000000ebc00000,0x00000000ebd00000)
 ParOldGen       total 68608K, used 35177K [0x00000000c0000000, 0x00000000c4300000, 0x00000000eab00000)
  object space 68608K, 51% used [0x00000000c0000000,0x00000000c225a608,0x00000000c4300000)
 Metaspace       used 58796K, committed 59776K, reserved 1114112K
  class space    used 6358K, committed 6784K, reserved 1048576K
}
Event: 9.370 GC heap before
{Heap before GC invocations=32 (full 3):
 PSYoungGen      total 17920K, used 16896K [0x00000000eab00000, 0x00000000ebe00000, 0x0000000100000000)
  eden space 16896K, 100% used [0x00000000eab00000,0x00000000ebb80000,0x00000000ebb80000)
  from space 1024K, 0% used [0x00000000ebd00000,0x00000000ebd00000,0x00000000ebe00000)
  to   space 1024K, 0% used [0x00000000ebc00000,0x00000000ebc00000,0x00000000ebd00000)
 ParOldGen       total 68608K, used 35177K [0x00000000c0000000, 0x00000000c4300000, 0x00000000eab00000)
  object space 68608K, 51% used [0x00000000c0000000,0x00000000c225a608,0x00000000c4300000)
 Metaspace       used 58866K, committed 59840K, reserved 1114112K
  class space    used 6364K, committed 6784K, reserved 1048576K
}

Dll operation events (10 events):
Event: 0.008 Loaded shared library c:\Users\DELL\.vscode\extensions\redhat.java-1.23.0-win32-x64\jre\17.0.8.1-win32-x86_64\bin\java.dll
Event: 0.182 Loaded shared library c:\Users\DELL\.vscode\extensions\redhat.java-1.23.0-win32-x64\jre\17.0.8.1-win32-x86_64\bin\zip.dll
Event: 0.186 Loaded shared library C:\Users\DELL\.vscode\extensions\redhat.java-1.23.0-win32-x64\jre\17.0.8.1-win32-x86_64\bin\instrument.dll
Event: 0.200 Loaded shared library C:\Users\DELL\.vscode\extensions\redhat.java-1.23.0-win32-x64\jre\17.0.8.1-win32-x86_64\bin\net.dll
Event: 0.202 Loaded shared library C:\Users\DELL\.vscode\extensions\redhat.java-1.23.0-win32-x64\jre\17.0.8.1-win32-x86_64\bin\nio.dll
Event: 0.209 Loaded shared library C:\Users\DELL\.vscode\extensions\redhat.java-1.23.0-win32-x64\jre\17.0.8.1-win32-x86_64\bin\zip.dll
Event: 0.224 Loaded shared library C:\Users\DELL\.vscode\extensions\redhat.java-1.23.0-win32-x64\jre\17.0.8.1-win32-x86_64\bin\jimage.dll
Event: 0.275 Loaded shared library c:\Users\DELL\.vscode\extensions\redhat.java-1.23.0-win32-x64\jre\17.0.8.1-win32-x86_64\bin\verify.dll
Event: 1.806 Loaded shared library C:\Users\DELL\AppData\Roaming\Code\User\globalStorage\redhat.java\1.23.0\config_win\org.eclipse.equinox.launcher\org.eclipse.equinox.launcher.win32.win32.x86_64_1.2.700.v20221108-1024\eclipse_11801.dll
Event: 4.088 Loaded shared library C:\Users\DELL\AppData\Local\Temp\jna-2094529\jna11991402725100390054.dll

Deoptimization events (20 events):
Event: 9.127 Thread 0x0000029d79d4ba90 DEOPT PACKING pc=0x0000029d686e3e90 sp=0x000000a97b4fdf30
Event: 9.127 Thread 0x0000029d79d4ba90 DEOPT UNPACKING pc=0x0000029d680066a3 sp=0x000000a97b4fde60 mode 2
Event: 9.127 Thread 0x0000029d79d4ba90 Uncommon trap: trap_request=0xffffff45 fr.pc=0x0000029d686e1e34 relative=0x0000000000000294
Event: 9.127 Thread 0x0000029d79d4ba90 Uncommon trap: reason=unstable_if action=reinterpret pc=0x0000029d686e1e34 method=org.eclipse.osgi.internal.framework.BundleContextImpl.setContextFinder()Ljava/lang/Object; @ 36 c2
Event: 9.127 Thread 0x0000029d79d4ba90 DEOPT PACKING pc=0x0000029d686e1e34 sp=0x000000a97b4fde90
Event: 9.127 Thread 0x0000029d79d4ba90 DEOPT UNPACKING pc=0x0000029d680066a3 sp=0x000000a97b4fde50 mode 2
Event: 9.134 Thread 0x0000029d79d4ba90 Uncommon trap: trap_request=0xffffff45 fr.pc=0x0000029d688305c0 relative=0x0000000000002d60
Event: 9.134 Thread 0x0000029d79d4ba90 Uncommon trap: reason=unstable_if action=reinterpret pc=0x0000029d688305c0 method=java.util.concurrent.locks.ReentrantReadWriteLock$Sync.tryReleaseShared(I)Z @ 129 c2
Event: 9.134 Thread 0x0000029d79d4ba90 DEOPT PACKING pc=0x0000029d688305c0 sp=0x000000a97b4fdc90
Event: 9.134 Thread 0x0000029d79d4ba90 DEOPT UNPACKING pc=0x0000029d680066a3 sp=0x000000a97b4fd8d8 mode 2
Event: 9.148 Thread 0x0000029d79d4ab60 Uncommon trap: trap_request=0xffffff45 fr.pc=0x0000029d685ba0f4 relative=0x00000000000003d4
Event: 9.148 Thread 0x0000029d79d4ab60 Uncommon trap: reason=unstable_if action=reinterpret pc=0x0000029d685ba0f4 method=com.google.gson.stream.JsonReader.isLiteral(C)Z @ 1 c2
Event: 9.148 Thread 0x0000029d79d4ab60 DEOPT PACKING pc=0x0000029d685ba0f4 sp=0x000000a97b1fe800
Event: 9.148 Thread 0x0000029d79d4ab60 DEOPT UNPACKING pc=0x0000029d680066a3 sp=0x000000a97b1fe6b8 mode 2
Event: 9.353 Thread 0x0000029d79d4b070 DEOPT PACKING pc=0x0000029d61247f57 sp=0x000000a97b3fe300
Event: 9.353 Thread 0x0000029d79d4b070 DEOPT UNPACKING pc=0x0000029d68006e43 sp=0x000000a97b3fd808 mode 3
Event: 9.361 Thread 0x0000029d79262700 DEOPT PACKING pc=0x0000029d610ee80d sp=0x000000a97abf9290
Event: 9.361 Thread 0x0000029d79262700 DEOPT UNPACKING pc=0x0000029d68006e43 sp=0x000000a97abf8740 mode 0
Event: 9.363 Thread 0x0000029d79262700 DEOPT PACKING pc=0x0000029d610ee80d sp=0x000000a97abf9a10
Event: 9.363 Thread 0x0000029d79262700 DEOPT UNPACKING pc=0x0000029d68006e43 sp=0x000000a97abf8ec0 mode 0

Classes unloaded (7 events):
Event: 2.743 Thread 0x0000029d71c6fbc0 Unloading class 0x0000000100258000 'java/lang/invoke/LambdaForm$MH+0x0000000100258000'
Event: 2.743 Thread 0x0000029d71c6fbc0 Unloading class 0x0000000100257c00 'java/lang/invoke/LambdaForm$MH+0x0000000100257c00'
Event: 2.743 Thread 0x0000029d71c6fbc0 Unloading class 0x0000000100257800 'java/lang/invoke/LambdaForm$MH+0x0000000100257800'
Event: 2.743 Thread 0x0000029d71c6fbc0 Unloading class 0x0000000100257400 'java/lang/invoke/LambdaForm$MH+0x0000000100257400'
Event: 2.743 Thread 0x0000029d71c6fbc0 Unloading class 0x0000000100257000 'java/lang/invoke/LambdaForm$BMH+0x0000000100257000'
Event: 2.743 Thread 0x0000029d71c6fbc0 Unloading class 0x0000000100256c00 'java/lang/invoke/LambdaForm$DMH+0x0000000100256c00'
Event: 2.743 Thread 0x0000029d71c6fbc0 Unloading class 0x0000000100254000 'java/lang/invoke/LambdaForm$DMH+0x0000000100254000'

Classes redefined (0 events):
No events

Internal exceptions (20 events):
Event: 7.909 Thread 0x0000029d79264050 Exception <a 'sun/nio/fs/WindowsException'{0x00000000ebbad3b0}> (0x00000000ebbad3b0) 
thrown [s\src\hotspot\share\prims\jni.cpp, line 516]
Event: 7.910 Thread 0x0000029d79264050 Exception <a 'sun/nio/fs/WindowsException'{0x00000000ebbb1088}> (0x00000000ebbb1088) 
thrown [s\src\hotspot\share\prims\jni.cpp, line 516]
Event: 7.910 Thread 0x0000029d79264050 Exception <a 'sun/nio/fs/WindowsException'{0x00000000ebbb4d58}> (0x00000000ebbb4d58) 
thrown [s\src\hotspot\share\prims\jni.cpp, line 516]
Event: 7.911 Thread 0x0000029d79264050 Exception <a 'sun/nio/fs/WindowsException'{0x00000000ebbb8ce0}> (0x00000000ebbb8ce0) 
thrown [s\src\hotspot\share\prims\jni.cpp, line 516]
Event: 7.912 Thread 0x0000029d79264050 Exception <a 'sun/nio/fs/WindowsException'{0x00000000ebbc0380}> (0x00000000ebbc0380) 
thrown [s\src\hotspot\share\prims\jni.cpp, line 516]
Event: 7.912 Thread 0x0000029d79264050 Exception <a 'sun/nio/fs/WindowsException'{0x00000000ebbc4558}> (0x00000000ebbc4558) 
thrown [s\src\hotspot\share\prims\jni.cpp, line 516]
Event: 7.914 Thread 0x0000029d79264050 Exception <a 'sun/nio/fs/WindowsException'{0x00000000ebbcba30}> (0x00000000ebbcba30) 
thrown [s\src\hotspot\share\prims\jni.cpp, line 516]
Event: 7.916 Thread 0x0000029d79264050 Exception <a 'sun/nio/fs/WindowsException'{0x00000000ebbcf680}> (0x00000000ebbcf680) 
thrown [s\src\hotspot\share\prims\jni.cpp, line 516]
Event: 7.918 Thread 0x0000029d79264050 Exception <a 'sun/nio/fs/WindowsException'{0x00000000ebbd32f0}> (0x00000000ebbd32f0) 
thrown [s\src\hotspot\share\prims\jni.cpp, line 516]
Event: 8.028 Thread 0x0000029d79264050 Exception <a 'sun/nio/fs/WindowsException'{0x00000000ebdb45b8}> (0x00000000ebdb45b8) 
thrown [s\src\hotspot\share\prims\jni.cpp, line 516]
Event: 8.029 Thread 0x0000029d79264f80 Exception <a 'java/lang/NoSuchMethodError'{0x00000000ebddea98}: 'int java.lang.invoke.DirectMethodHandle$Holder.invokeVirtual(java.lang.Object, java.lang.Object)'> (0x00000000ebddea98) 
thrown [s\src\hotspot\share\interpreter\linkResolver.cpp, line 759]
Event: 8.062 Thread 0x0000029d79264050 Exception <a 'sun/nio/fs/WindowsException'{0x00000000eabf6b48}> (0x00000000eabf6b48) 
thrown [s\src\hotspot\share\prims\jni.cpp, line 516]
Event: 8.105 Thread 0x0000029d79d4ab60 Exception <a 'java/lang/NoSuchMethodError'{0x00000000eadfdaa0}: 'java.lang.Object java.lang.invoke.DirectMethodHandle$Holder.invokeInterface(java.lang.Object, java.lang.Object, java.lang.Object)'> (0x00000000eadfdaa0) 
thrown [s\src\hotspot\share\interpreter\linkResolver.cpp, line 759]
Event: 8.219 Thread 0x0000029d79d4ab60 Exception <a 'java/io/FileNotFoundException'{0x00000000eb830ad0}> (0x00000000eb830ad0) 
thrown [s\src\hotspot\share\prims\jni.cpp, line 516]
Event: 8.462 Thread 0x0000029d79263630 Exception <a 'java/io/FileNotFoundException'{0x00000000eb1b5700}> (0x00000000eb1b5700) 
thrown [s\src\hotspot\share\prims\jni.cpp, line 516]
Event: 8.471 Thread 0x0000029d79263630 Exception <a 'java/io/FileNotFoundException'{0x00000000eb26de20}> (0x00000000eb26de20) 
thrown [s\src\hotspot\share\prims\jni.cpp, line 516]
Event: 8.472 Thread 0x0000029d79263630 Exception <a 'java/io/FileNotFoundException'{0x00000000eb26ee30}> (0x00000000eb26ee30) 
thrown [s\src\hotspot\share\prims\jni.cpp, line 516]
Event: 8.487 Thread 0x0000029d79263630 Exception <a 'java/lang/NoSuchMethodError'{0x00000000eb34be58}: 'java.lang.Object java.lang.invoke.DirectMethodHandle$Holder.invokeStatic(java.lang.Object, java.lang.Object, int, java.lang.Object)'> (0x00000000eb34be58) 
thrown [s\src\hotspot\share\interpreter\linkResolver.cpp, line 759]
Event: 8.488 Thread 0x0000029d79263630 Exception <a 'java/lang/NoSuchMethodError'{0x00000000eb352f80}: 'java.lang.Object java.lang.invoke.DirectMethodHandle$Holder.newInvokeSpecial(java.lang.Object, java.lang.Object, int)'> (0x00000000eb352f80) 
thrown [s\src\hotspot\share\interpreter\linkResolver.cpp, line 759]
Event: 9.297 Thread 0x0000029d79264050 Exception <a 'java/io/FileNotFoundException'{0x00000000eab3fd80}> (0x00000000eab3fd80) 
thrown [s\src\hotspot\share\prims\jni.cpp, line 516]

VM Operations (20 events):
Event: 8.161 Executing VM operation: HandshakeAllThreads done
Event: 8.327 Executing VM operation: ParallelGCFailedAllocation
Event: 8.336 Executing VM operation: ParallelGCFailedAllocation done
Event: 8.424 Executing VM operation: HandshakeAllThreads
Event: 8.424 Executing VM operation: HandshakeAllThreads done
Event: 8.634 Executing VM operation: ParallelGCFailedAllocation
Event: 8.636 Executing VM operation: ParallelGCFailedAllocation done
Event: 8.857 Executing VM operation: ParallelGCFailedAllocation
Event: 8.858 Executing VM operation: ParallelGCFailedAllocation done
Event: 8.977 Executing VM operation: HandshakeAllThreads
Event: 8.977 Executing VM operation: HandshakeAllThreads done
Event: 9.026 Executing VM operation: ParallelGCFailedAllocation
Event: 9.029 Executing VM operation: ParallelGCFailedAllocation done
Event: 9.138 Executing VM operation: ParallelGCFailedAllocation
Event: 9.157 Executing VM operation: ParallelGCFailedAllocation done
Event: 9.175 Executing VM operation: CollectForMetadataAllocation
Event: 9.296 Executing VM operation: CollectForMetadataAllocation done
Event: 9.338 Executing VM operation: HandshakeAllThreads
Event: 9.352 Executing VM operation: HandshakeAllThreads done
Event: 9.370 Executing VM operation: ParallelGCFailedAllocation

Events (20 events):
Event: 8.989 loading class java/util/concurrent/CompletableFuture$UniCompletion done
Event: 8.989 loading class java/util/concurrent/CompletableFuture$UniApply done
Event: 8.989 loading class java/util/concurrent/ForkJoinPool$DefaultCommonPoolForkJoinWorkerThreadFactory$1
Event: 8.989 loading class java/util/concurrent/ForkJoinPool$DefaultCommonPoolForkJoinWorkerThreadFactory$1 done
Event: 8.990 Thread 0x0000029d79d4a140 Thread added: 0x0000029d79d4a140
Event: 8.990 loading class java/util/concurrent/CompletableFuture$UniAccept
Event: 8.990 loading class java/util/concurrent/CompletableFuture$UniAccept done
Event: 8.990 loading class java/util/concurrent/CompletableFuture$UniExceptionally
Event: 8.990 loading class java/util/concurrent/CompletableFuture$UniExceptionally done
Event: 9.018 loading class java/util/Hashtable$KeySet
Event: 9.018 loading class java/util/Hashtable$KeySet done
Event: 9.083 Thread 0x0000029d79d4b070 Thread added: 0x0000029d79d4b070
Event: 9.090 loading class java/util/concurrent/CompletionException
Event: 9.091 loading class java/util/concurrent/CompletionException done
Event: 9.094 Thread 0x0000029d79d4ba90 Thread added: 0x0000029d79d4ba90
Event: 9.108 loading class java/util/HashMap$ValueSpliterator
Event: 9.109 loading class java/util/HashMap$ValueSpliterator done
Event: 9.112 Thread 0x0000029d79d4bfa0 Thread added: 0x0000029d79d4bfa0
Event: 9.126 Thread 0x0000029d79d49720 Thread added: 0x0000029d79d49720
Event: 9.164 Thread 0x0000029d79d487f0 Thread added: 0x0000029d79d487f0


Dynamic libraries:
0x00007ff6af670000 - 0x00007ff6af67e000 	c:\Users\DELL\.vscode\extensions\redhat.java-1.23.0-win32-x64\jre\17.0.8.1-win32-x86_64\bin\java.exe
0x00007ff932e10000 - 0x00007ff933008000 	C:\WINDOWS\SYSTEM32\ntdll.dll
0x00007ff931f20000 - 0x00007ff931fdd000 	C:\WINDOWS\System32\KERNEL32.DLL
0x00007ff9309b0000 - 0x00007ff930ca6000 	C:\WINDOWS\System32\KERNELBASE.dll
0x00007ff9306b0000 - 0x00007ff9307b0000 	C:\WINDOWS\System32\ucrtbase.dll
0x00007ff924570000 - 0x00007ff924587000 	c:\Users\DELL\.vscode\extensions\redhat.java-1.23.0-win32-x64\jre\17.0.8.1-win32-x86_64\bin\jli.dll
0x00007ff931030000 - 0x00007ff9311ce000 	C:\WINDOWS\System32\USER32.dll
0x00007ff930e40000 - 0x00007ff930e62000 	C:\WINDOWS\System32\win32u.dll
0x00007ff932c00000 - 0x00007ff932c2c000 	C:\WINDOWS\System32\GDI32.dll
0x00007ff930590000 - 0x00007ff9306aa000 	C:\WINDOWS\System32\gdi32full.dll
0x00007ff9304f0000 - 0x00007ff93058d000 	C:\WINDOWS\System32\msvcp_win.dll
0x00007ff916ac0000 - 0x00007ff916ad9000 	c:\Users\DELL\.vscode\extensions\redhat.java-1.23.0-win32-x64\jre\17.0.8.1-win32-x86_64\bin\VCRUNTIME140.dll
0x00007ff920120000 - 0x00007ff9203ba000 	C:\WINDOWS\WinSxS\amd64_microsoft.windows.common-controls_6595b64144ccf1df_6.0.19041.1110_none_60b5254171f9507e\COMCTL32.dll
0x00007ff932d30000 - 0x00007ff932dce000 	C:\WINDOWS\System32\msvcrt.dll
0x00007ff930e70000 - 0x00007ff930ea0000 	C:\WINDOWS\System32\IMM32.DLL
0x00007ff92a210000 - 0x00007ff92a21c000 	c:\Users\DELL\.vscode\extensions\redhat.java-1.23.0-win32-x64\jre\17.0.8.1-win32-x86_64\bin\vcruntime140_1.dll
0x00007ff8ff410000 - 0x00007ff8ff4a1000 	c:\Users\DELL\.vscode\extensions\redhat.java-1.23.0-win32-x64\jre\17.0.8.1-win32-x86_64\bin\msvcp140.dll
0x00007ff8eef20000 - 0x00007ff8efb6c000 	c:\Users\DELL\.vscode\extensions\redhat.java-1.23.0-win32-x64\jre\17.0.8.1-win32-x86_64\bin\server\jvm.dll
0x00007ff932b50000 - 0x00007ff932bfe000 	C:\WINDOWS\System32\ADVAPI32.dll
0x00007ff930f90000 - 0x00007ff93102c000 	C:\WINDOWS\System32\sechost.dll
0x00007ff932840000 - 0x00007ff932966000 	C:\WINDOWS\System32\RPCRT4.dll
0x00007ff91f1b0000 - 0x00007ff91f1b9000 	C:\WINDOWS\SYSTEM32\WSOCK32.dll
0x00007ff922100000 - 0x00007ff922127000 	C:\WINDOWS\SYSTEM32\WINMM.dll
0x00007ff92faa0000 - 0x00007ff92faeb000 	C:\WINDOWS\SYSTEM32\POWRPROF.dll
0x00007ff932cc0000 - 0x00007ff932d2b000 	C:\WINDOWS\System32\WS2_32.dll
0x00007ff929cc0000 - 0x00007ff929cca000 	C:\WINDOWS\SYSTEM32\VERSION.dll
0x00007ff92f910000 - 0x00007ff92f922000 	C:\WINDOWS\SYSTEM32\UMPDC.dll
0x00007ff92ed60000 - 0x00007ff92ed72000 	C:\WINDOWS\SYSTEM32\kernel.appcore.dll
0x00007ff924500000 - 0x00007ff92450a000 	c:\Users\DELL\.vscode\extensions\redhat.java-1.23.0-win32-x64\jre\17.0.8.1-win32-x86_64\bin\jimage.dll
0x00007ff92e880000 - 0x00007ff92ea64000 	C:\WINDOWS\SYSTEM32\DBGHELP.DLL
0x00007ff91e960000 - 0x00007ff91e994000 	C:\WINDOWS\SYSTEM32\dbgcore.DLL
0x00007ff930920000 - 0x00007ff9309a2000 	C:\WINDOWS\System32\bcryptPrimitives.dll
0x00007ff91f5b0000 - 0x00007ff91f5be000 	c:\Users\DELL\.vscode\extensions\redhat.java-1.23.0-win32-x64\jre\17.0.8.1-win32-x86_64\bin\instrument.dll
0x00007ff910190000 - 0x00007ff9101b5000 	c:\Users\DELL\.vscode\extensions\redhat.java-1.23.0-win32-x64\jre\17.0.8.1-win32-x86_64\bin\java.dll
0x00007ff911ad0000 - 0x00007ff911ae8000 	c:\Users\DELL\.vscode\extensions\redhat.java-1.23.0-win32-x64\jre\17.0.8.1-win32-x86_64\bin\zip.dll
0x00007ff931720000 - 0x00007ff931e65000 	C:\WINDOWS\System32\SHELL32.dll
0x00007ff92e010000 - 0x00007ff92e7ab000 	C:\WINDOWS\SYSTEM32\windows.storage.dll
0x00007ff932170000 - 0x00007ff9324c4000 	C:\WINDOWS\System32\combase.dll
0x00007ff92ff30000 - 0x00007ff92ff5e000 	C:\WINDOWS\SYSTEM32\Wldp.dll
0x00007ff9329d0000 - 0x00007ff932a7d000 	C:\WINDOWS\System32\SHCORE.dll
0x00007ff932970000 - 0x00007ff9329c5000 	C:\WINDOWS\System32\shlwapi.dll
0x00007ff930420000 - 0x00007ff930445000 	C:\WINDOWS\SYSTEM32\profapi.dll
0x00007ff9117b0000 - 0x00007ff9117c9000 	C:\Users\DELL\.vscode\extensions\redhat.java-1.23.0-win32-x64\jre\17.0.8.1-win32-x86_64\bin\net.dll
0x00007ff927570000 - 0x00007ff92767a000 	C:\WINDOWS\SYSTEM32\WINHTTP.dll
0x00007ff92fc90000 - 0x00007ff92fcfa000 	C:\WINDOWS\system32\mswsock.dll
0x00007ff90f920000 - 0x00007ff90f935000 	C:\Users\DELL\.vscode\extensions\redhat.java-1.23.0-win32-x64\jre\17.0.8.1-win32-x86_64\bin\nio.dll
0x00007ff9286b0000 - 0x00007ff9286c0000 	c:\Users\DELL\.vscode\extensions\redhat.java-1.23.0-win32-x64\jre\17.0.8.1-win32-x86_64\bin\verify.dll
0x00007ff9083a0000 - 0x00007ff9083de000 	C:\Users\DELL\AppData\Roaming\Code\User\globalStorage\redhat.java\1.23.0\config_win\org.eclipse.equinox.launcher\org.eclipse.equinox.launcher.win32.win32.x86_64_1.2.700.v20221108-1024\eclipse_11801.dll
0x00007ff932710000 - 0x00007ff93283a000 	C:\WINDOWS\System32\ole32.dll
0x00007ff92fe90000 - 0x00007ff92fea8000 	C:\WINDOWS\SYSTEM32\CRYPTSP.dll
0x00007ff92f4d0000 - 0x00007ff92f504000 	C:\WINDOWS\system32\rsaenh.dll
0x00007ff930e10000 - 0x00007ff930e37000 	C:\WINDOWS\System32\bcrypt.dll
0x00007ff9303a0000 - 0x00007ff9303ce000 	C:\WINDOWS\SYSTEM32\USERENV.dll
0x00007ff92fe80000 - 0x00007ff92fe8c000 	C:\WINDOWS\SYSTEM32\CRYPTBASE.dll
0x00007ff92f930000 - 0x00007ff92f96b000 	C:\WINDOWS\SYSTEM32\IPHLPAPI.DLL
0x00007ff931fe0000 - 0x00007ff931fe8000 	C:\WINDOWS\System32\NSI.dll
0x00007ff929590000 - 0x00007ff9295a7000 	C:\WINDOWS\SYSTEM32\dhcpcsvc6.DLL
0x00007ff929570000 - 0x00007ff92958d000 	C:\WINDOWS\SYSTEM32\dhcpcsvc.DLL
0x00007ff92f970000 - 0x00007ff92fa3a000 	C:\WINDOWS\SYSTEM32\DNSAPI.dll
0x00007ff905d50000 - 0x00007ff905d95000 	C:\Users\DELL\AppData\Local\Temp\jna-2094529\jna11991402725100390054.dll
0x00007ff932cb0000 - 0x00007ff932cb8000 	C:\WINDOWS\System32\PSAPI.DLL

dbghelp: loaded successfully - version: 4.0.5 - missing functions: none
symbol engine: initialized successfully - sym options: 0x614 - pdb path: .;c:\Users\DELL\.vscode\extensions\redhat.java-1.23.0-win32-x64\jre\17.0.8.1-win32-x86_64\bin;C:\WINDOWS\SYSTEM32;C:\WINDOWS\WinSxS\amd64_microsoft.windows.common-controls_6595b64144ccf1df_6.0.19041.1110_none_60b5254171f9507e;c:\Users\DELL\.vscode\extensions\redhat.java-1.23.0-win32-x64\jre\17.0.8.1-win32-x86_64\bin\server;C:\Users\DELL\AppData\Roaming\Code\User\globalStorage\redhat.java\1.23.0\config_win\org.eclipse.equinox.launcher\org.eclipse.equinox.launcher.win32.win32.x86_64_1.2.700.v20221108-1024;C:\Users\DELL\AppData\Local\Temp\jna-2094529

VM Arguments:
jvm_args: --add-modules=ALL-SYSTEM --add-opens=java.base/java.util=ALL-UNNAMED --add-opens=java.base/java.lang=ALL-UNNAMED --add-opens=java.base/sun.nio.fs=ALL-UNNAMED -Declipse.application=org.eclipse.jdt.ls.core.id1 -Dosgi.bundles.defaultStartLevel=4 -Declipse.product=org.eclipse.jdt.ls.core.product -Djava.import.generatesMetadataFilesAtProjectRoot=false -DDetectVMInstallationsJob.disabled=true -Dfile.encoding=utf8 -XX:+UseParallelGC -XX:GCTimeRatio=4 -XX:AdaptiveSizePolicyWeight=90 -Dsun.zip.disableMemoryMapping=true -Xmx1G -Xms100m -Xlog:disable -javaagent:c:\Users\DELL\.vscode\extensions\redhat.java-1.23.0-win32-x64\lombok\lombok-1.18.30.jar -XX:+HeapDumpOnOutOfMemoryError -XX:HeapDumpPath=c:\Users\DELL\AppData\Roaming\Code\User\workspaceStorage\72c155e9b7a7fa28bd4b3a5f12094ced\redhat.java -Daether.dependencyCollector.impl=bf 
java_command: c:\Users\DELL\.vscode\extensions\redhat.java-1.23.0-win32-x64\server\plugins\org.eclipse.equinox.launcher_1.6.500.v20230717-2134.jar -configuration c:\Users\DELL\AppData\Roaming\Code\User\globalStorage\redhat.java\1.23.0\config_win -data c:\Users\DELL\AppData\Roaming\Code\User\workspaceStorage\72c155e9b7a7fa28bd4b3a5f12094ced\redhat.java\jdt_ws
java_class_path (initial): c:\Users\DELL\.vscode\extensions\redhat.java-1.23.0-win32-x64\server\plugins\org.eclipse.equinox.launcher_1.6.500.v20230717-2134.jar
Launcher Type: SUN_STANDARD

[Global flags]
    uintx AdaptiveSizePolicyWeight                 = 90                                        {product} {command line}
     intx CICompilerCount                          = 4                                         {product} {ergonomic}
    uintx GCTimeRatio                              = 4                                         {product} {command line}
     bool HeapDumpOnOutOfMemoryError               = true                                   {manageable} {command line}
    ccstr HeapDumpPath                             = c:\Users\DELL\AppData\Roaming\Code\User\workspaceStorage\72c155e9b7a7fa28bd4b3a5f12094ced\redhat.java         {manageable} {command line}
   size_t InitialHeapSize                          = 104857600                                 {product} {command line}
   size_t MaxHeapSize                              = 1073741824                                {product} {command line}
   size_t MaxNewSize                               = 357564416                                 {product} {ergonomic}
   size_t MinHeapDeltaBytes                        = 524288                                    {product} {ergonomic}
   size_t MinHeapSize                              = 104857600                                 {product} {command line}
   size_t NewSize                                  = 34603008                                  {product} {ergonomic}
    uintx NonNMethodCodeHeapSize                   = 5839372                                {pd product} {ergonomic}
    uintx NonProfiledCodeHeapSize                  = 122909434                              {pd product} {ergonomic}
   size_t OldSize                                  = 70254592                                  {product} {ergonomic}
    uintx ProfiledCodeHeapSize                     = 122909434                              {pd product} {ergonomic}
    uintx ReservedCodeCacheSize                    = 251658240                              {pd product} {ergonomic}
     bool SegmentedCodeCache                       = true                                      {product} {ergonomic}
   size_t SoftMaxHeapSize                          = 1073741824                             {manageable} {ergonomic}
     bool UseCompressedClassPointers               = true                           {product lp64_product} {ergonomic}
     bool UseCompressedOops                        = true                           {product lp64_product} {ergonomic}
     bool UseLargePagesIndividualAllocation        = false                                  {pd product} {ergonomic}
     bool UseParallelGC                            = true                                      {product} {command line}

Logging:
Log output configuration:
 #0: stdout all=off uptime,level,tags
 #1: stderr all=off uptime,level,tags

Environment Variables:
PATH=C:\Program Files\Common Files\Oracle\Java\javapath;E:\VM\bin\;C:\Program Files (x86)\Common Files\Oracle\Java\javapath;C:\Windows\system32;C:\Windows;C:\Windows\System32\Wbem;C:\Windows\System32\WindowsPowerShell\v1.0\;C:\Program Files (x86)\NVIDIA Corporation\PhysX\Common;C:\WINDOWS\system32;C:\WINDOWS;C:\WINDOWS\System32\Wbem;C:\WINDOWS\System32\WindowsPowerShell\v1.0\;C:\WINDOWS\System32\OpenSSH\;C:\Program Files (x86)\Bitvise SSH Client;C:\Program Files\Git\cmd;C:\Program Files\nodejs\;C:\Program Files (x86)\Intel\Intel(R) Management Engine Components\DAL;C:\Program Files\Intel\Intel(R) Management Engine Components\DAL;C:\Program Files\dotnet\;C:\Users\DELL\AppData\Local\Programs\Python\Python311\;C:\Users\DELL\AppData\Local\Programs\Python\Python311\Scripts\;C:\Program Files\Java\jdk-20\bin;C:\Users\DELL\AppData\Local\Programs\Python\Python311\Scripts\;C:\Users\DELL\AppData\Local\Programs\Python\Python311\;C:\Users\DELL\AppData\Local\Microsoft\WindowsApps;C:\Program Files (x86)\Nmap;C:\Users\DELL\AppData\Roaming\npm;C:\Users\DELL\AppData\Local\Programs\Microsoft VS Code\bin;C:\Program Files\heroku\bin;C:\Program Files\JetBrains\PyCharm Community Edition 2020.3.3\bin;;C:\Program Files\Java\jdk-20\bin\;C:\Users\DELL\AppData\Local\GitHubDesktop\bin
USERNAME=DELL
OS=Windows_NT
PROCESSOR_IDENTIFIER=Intel64 Family 6 Model 158 Stepping 9, GenuineIntel
TMP=C:\Users\DELL\AppData\Local\Temp
TEMP=C:\Users\DELL\AppData\Local\Temp



---------------  S Y S T E M  ---------------

OS:
 Windows 10 , 64 bit Build 19041 (10.0.19041.3393)
OS uptime: 2 days 5:59 hours

CPU: total 8 (initial active 8) (4 cores per cpu, 2 threads per core) family 6 model 158 stepping 9 microcode 0xb4, cx8, cmov, fxsr, ht, mmx, 3dnowpref, sse, sse2, sse3, ssse3, sse4.1, sse4.2, popcnt, lzcnt, tsc, tscinvbit, avx, avx2, aes, erms, clmul, bmi1, bmi2, adx, fma, vzeroupper, clflush, clflushopt
Processor Information for all 8 processors :
  Max Mhz: 2801, Current Mhz: 2800, Mhz Limit: 2772

Memory: 4k page, system-wide physical 8053M (447M free)
TotalPageFile size 12149M (AvailPageFile size 5M)
current process WorkingSet (physical memory assigned to process): 242M, peak: 242M
current process commit charge ("private bytes"): 315M, peak: 316M

vm_info: OpenJDK 64-Bit Server VM (17.0.8.1+1) for windows-amd64 JRE (17.0.8.1+1), built on Aug 23 2023 15:29:17 by "admin" with MS VC++ 16.7 (VS2019)

END.
