#
# There is insufficient memory for the Java Runtime Environment to continue.
# Native memory allocation (malloc) failed to allocate 2010112 bytes for Chunk::new
# Possible reasons:
#   The system is out of physical RAM or swap space
#   The process is running with CompressedOops enabled, and the Java Heap may be blocking the growth of the native heap
# Possible solutions:
#   Reduce memory load on the system
#   Increase physical memory or swap space
#   Check if swap backing store is full
#   Decrease Java heap size (-Xmx/-Xms)
#   Decrease number of Java threads
#   Decrease Java thread stack sizes (-Xss)
#   Set larger code cache with -XX:ReservedCodeCacheSize=
#   JVM is running with Unscaled Compressed Oops mode in which the Java heap is
#     placed in the first 4GB address space. The Java Heap base address is the
#     maximum limit for the native heap growth. Please use -XX:HeapBaseMinAddress
#     to set the Java Heap base and to place the Java Heap above 4GB virtual address.
# This output file may be truncated or incomplete.
#
#  Out of Memory Error (arena.cpp:189), pid=23016, tid=6016
#
# JRE version: OpenJDK Runtime Environment Temurin-17.0.8.1+1 (17.0.8.1+1) (build 17.0.8.1+1)
# Java VM: OpenJDK 64-Bit Server VM Temurin-17.0.8.1+1 (17.0.8.1+1, mixed mode, tiered, compressed oops, compressed class ptrs, parallel gc, windows-amd64)
# No core dump will be written. Minidumps are not enabled by default on client versions of Windows
#

---------------  S U M M A R Y ------------

Command Line: --add-modules=ALL-SYSTEM --add-opens=java.base/java.util=ALL-UNNAMED --add-opens=java.base/java.lang=ALL-UNNAMED --add-opens=java.base/sun.nio.fs=ALL-UNNAMED -Declipse.application=org.eclipse.jdt.ls.core.id1 -Dosgi.bundles.defaultStartLevel=4 -Declipse.product=org.eclipse.jdt.ls.core.product -Djava.import.generatesMetadataFilesAtProjectRoot=false -DDetectVMInstallationsJob.disabled=true -Dfile.encoding=utf8 -XX:+UseParallelGC -XX:GCTimeRatio=4 -XX:AdaptiveSizePolicyWeight=90 -Dsun.zip.disableMemoryMapping=true -Xmx1G -Xms100m -Xlog:disable -javaagent:c:\Users\DELL\.vscode\extensions\redhat.java-1.23.0-win32-x64\lombok\lombok-1.18.30.jar c:\Users\DELL\.vscode\extensions\redhat.java-1.23.0-win32-x64\server\plugins\org.eclipse.equinox.launcher_1.6.500.v20230717-2134.jar -configuration c:\Users\DELL\AppData\Roaming\Code\User\globalStorage\redhat.java\1.23.0\config_ss_win -data c:\Users\DELL\AppData\Roaming\Code\User\workspaceStorage\72c155e9b7a7fa28bd4b3a5f12094ced\redhat.java\ss_ws

Host: Intel(R) Core(TM) i7-7700HQ CPU @ 2.80GHz, 8 cores, 7G,  Windows 10 , 64 bit Build 19041 (10.0.19041.3393)
Time: Tue Oct 10 22:51:27 2023 India Standard Time elapsed time: 7.874483 seconds (0d 0h 0m 7s)

---------------  T H R E A D  ---------------

Current thread (0x000001f385277d30):  JavaThread "C2 CompilerThread0" daemon [_thread_in_native, id=6016, stack(0x0000002ac4d00000,0x0000002ac4e00000)]


Current CompileTask:
C2:   7874 4309       4       org.lombokweb.asm.ClassReader::readMethod (1066 bytes)

Stack: [0x0000002ac4d00000,0x0000002ac4e00000]
Native frames: (J=compiled Java code, j=interpreted, Vv=VM code, C=native code)
V  [jvm.dll+0x678b0a]
V  [jvm.dll+0x835e84]
V  [jvm.dll+0x83762e]
V  [jvm.dll+0x837c93]
V  [jvm.dll+0x24746f]
V  [jvm.dll+0xac20c]
V  [jvm.dll+0xac7dc]
V  [jvm.dll+0x365ca7]
V  [jvm.dll+0x1bd012]
V  [jvm.dll+0x219d49]
V  [jvm.dll+0x219011]
V  [jvm.dll+0x1a534d]
V  [jvm.dll+0x228d8a]
V  [jvm.dll+0x226dcc]
V  [jvm.dll+0x7ec09b]
V  [jvm.dll+0x7e64ca]
V  [jvm.dll+0x677955]
C  [ucrtbase.dll+0x21bb2]
C  [KERNEL32.DLL+0x17344]
C  [ntdll.dll+0x526b1]


---------------  P R O C E S S  ---------------

Threads class SMR info:
_java_thread_list=0x000001f392616a90, length=29, elements={
0x000001f3e7e9f120, 0x000001f3e7f5c090, 0x000001f3e7f5d840, 0x000001f3fbd176f0,
0x000001f38526d100, 0x000001f38526d940, 0x000001f385275260, 0x000001f385277d30,
0x000001f38528dd50, 0x000001f385297000, 0x000001f3853c7be0, 0x000001f3862796f0,
0x000001f386cb67f0, 0x000001f386e382f0, 0x000001f386b54390, 0x000001f3868a51d0,
0x000001f386d9a570, 0x000001f386d9b9b0, 0x000001f386d9aa80, 0x000001f386f52480,
0x000001f386d9b4a0, 0x000001f386d9a060, 0x000001f388278790, 0x000001f388276930,
0x000001f388275f10, 0x000001f38827ab00, 0x000001f3882740b0, 0x000001f388273690,
0x000001f388276420
}

Java Threads: ( => current thread )
  0x000001f3e7e9f120 JavaThread "main" [_thread_blocked, id=16504, stack(0x0000002ac4400000,0x0000002ac4500000)]
  0x000001f3e7f5c090 JavaThread "Reference Handler" daemon [_thread_blocked, id=8852, stack(0x0000002ac4700000,0x0000002ac4800000)]
  0x000001f3e7f5d840 JavaThread "Finalizer" daemon [_thread_blocked, id=11528, stack(0x0000002ac4800000,0x0000002ac4900000)]
  0x000001f3fbd176f0 JavaThread "Signal Dispatcher" daemon [_thread_blocked, id=14272, stack(0x0000002ac4900000,0x0000002ac4a00000)]
  0x000001f38526d100 JavaThread "Attach Listener" daemon [_thread_blocked, id=3348, stack(0x0000002ac4a00000,0x0000002ac4b00000)]
  0x000001f38526d940 JavaThread "Service Thread" daemon [_thread_blocked, id=1496, stack(0x0000002ac4b00000,0x0000002ac4c00000)]
  0x000001f385275260 JavaThread "Monitor Deflation Thread" daemon [_thread_blocked, id=6928, stack(0x0000002ac4c00000,0x0000002ac4d00000)]
=>0x000001f385277d30 JavaThread "C2 CompilerThread0" daemon [_thread_in_native, id=6016, stack(0x0000002ac4d00000,0x0000002ac4e00000)]
  0x000001f38528dd50 JavaThread "C1 CompilerThread0" daemon [_thread_blocked, id=16520, stack(0x0000002ac4e00000,0x0000002ac4f00000)]
  0x000001f385297000 JavaThread "Sweeper thread" daemon [_thread_blocked, id=13416, stack(0x0000002ac4f00000,0x0000002ac5000000)]
  0x000001f3853c7be0 JavaThread "Common-Cleaner" daemon [_thread_blocked, id=820, stack(0x0000002ac5000000,0x0000002ac5100000)]
  0x000001f3862796f0 JavaThread "Notification Thread" daemon [_thread_blocked, id=8276, stack(0x0000002ac5200000,0x0000002ac5300000)]
  0x000001f386cb67f0 JavaThread "Active Thread: Equinox Container: bbd6ed3e-1f5f-49b2-9425-a0513c639564" [_thread_blocked, id=12660, stack(0x0000002ac5b00000,0x0000002ac5c00000)]
  0x000001f386e382f0 JavaThread "Framework Event Dispatcher: Equinox Container: bbd6ed3e-1f5f-49b2-9425-a0513c639564" daemon [_thread_blocked, id=18100, stack(0x0000002ac5c00000,0x0000002ac5d00000)]
  0x000001f386b54390 JavaThread "Start Level: Equinox Container: bbd6ed3e-1f5f-49b2-9425-a0513c639564" daemon [_thread_blocked, id=23372, stack(0x0000002ac5d00000,0x0000002ac5e00000)]
  0x000001f3868a51d0 JavaThread "SCR Component Actor" daemon [_thread_blocked, id=21068, stack(0x0000002ac5e00000,0x0000002ac5f00000)]
  0x000001f386d9a570 JavaThread "Worker-JM" [_thread_blocked, id=22648, stack(0x0000002ac5400000,0x0000002ac5500000)]
  0x000001f386d9b9b0 JavaThread "Worker-0" [_thread_blocked, id=15832, stack(0x0000002ac6100000,0x0000002ac6200000)]
  0x000001f386d9aa80 JavaThread "Worker-1" [_thread_blocked, id=16064, stack(0x0000002ac6200000,0x0000002ac6300000)]
  0x000001f386f52480 JavaThread "C2 CompilerThread1" daemon [_thread_blocked, id=15824, stack(0x0000002ac6000000,0x0000002ac6100000)]
  0x000001f386d9b4a0 JavaThread "JNA Cleaner" daemon [_thread_blocked, id=14956, stack(0x0000002ac6300000,0x0000002ac6400000)]
  0x000001f386d9a060 JavaThread "pool-2-thread-1" [_thread_blocked, id=22220, stack(0x0000002ac6400000,0x0000002ac6500000)]
  0x000001f388278790 JavaThread "WorkspaceEventsHandler" [_thread_blocked, id=3216, stack(0x0000002ac6500000,0x0000002ac6600000)]
  0x000001f388276930 JavaThread "pool-1-thread-1" [_thread_in_native, id=23348, stack(0x0000002ac6600000,0x0000002ac6700000)]
  0x000001f388275f10 JavaThread "ForkJoinPool.commonPool-worker-1" daemon [_thread_blocked, id=17320, stack(0x0000002ac6700000,0x0000002ac6800000)]
  0x000001f38827ab00 JavaThread "ForkJoinPool.commonPool-worker-2" daemon [_thread_blocked, id=16248, stack(0x0000002ac6800000,0x0000002ac6900000)]
  0x000001f3882740b0 JavaThread "ForkJoinPool.commonPool-worker-3" daemon [_thread_blocked, id=14480, stack(0x0000002ac6900000,0x0000002ac6a00000)]
  0x000001f388273690 JavaThread "ForkJoinPool.commonPool-worker-4" daemon [_thread_blocked, id=9000, stack(0x0000002ac6a00000,0x0000002ac6b00000)]
  0x000001f388276420 JavaThread "ForkJoinPool.commonPool-worker-5" daemon [_thread_blocked, id=2264, stack(0x0000002ac6b00000,0x0000002ac6c00000)]

Other Threads:
  0x000001f385240c20 VMThread "VM Thread" [stack: 0x0000002ac4600000,0x0000002ac4700000] [id=2116]
  0x000001f386289bb0 WatcherThread [stack: 0x0000002ac5300000,0x0000002ac5400000] [id=16592]
  0x000001f3e7eb0c80 GCTaskThread "GC Thread#0" [stack: 0x0000002ac4500000,0x0000002ac4600000] [id=16804]
  0x000001f386e1e820 GCTaskThread "GC Thread#1" [stack: 0x0000002ac5500000,0x0000002ac5600000] [id=8188]
  0x000001f386910c80 GCTaskThread "GC Thread#2" [stack: 0x0000002ac5600000,0x0000002ac5700000] [id=12676]
  0x000001f3866a86e0 GCTaskThread "GC Thread#3" [stack: 0x0000002ac5700000,0x0000002ac5800000] [id=11612]
  0x000001f3866a89a0 GCTaskThread "GC Thread#4" [stack: 0x0000002ac5800000,0x0000002ac5900000] [id=13732]
  0x000001f3866a8c60 GCTaskThread "GC Thread#5" [stack: 0x0000002ac5900000,0x0000002ac5a00000] [id=21348]
  0x000001f3866a9730 GCTaskThread "GC Thread#6" [stack: 0x0000002ac5a00000,0x0000002ac5b00000] [id=2152]
  0x000001f386b32800 GCTaskThread "GC Thread#7" [stack: 0x0000002ac5f00000,0x0000002ac6000000] [id=4708]

Threads with active compile tasks:
C2 CompilerThread0     7904 4309       4       org.lombokweb.asm.ClassReader::readMethod (1066 bytes)

VM state: not at safepoint (normal execution)

VM Mutex/Monitor currently owned by a thread: None

Heap address: 0x00000000c0000000, size: 1024 MB, Compressed Oops mode: 32-bit

CDS archive(s) not mapped
Compressed class space mapped at: 0x0000000100000000-0x0000000140000000, reserved size: 1073741824
Narrow klass base: 0x0000000000000000, Narrow klass shift: 3, Narrow klass range: 0x140000000

GC Precious Log:
 CPUs: 8 total, 8 available
 Memory: 8053M
 Large Page Support: Disabled
 NUMA Support: Disabled
 Compressed Oops: Enabled (32-bit)
 Alignments: Space 512K, Generation 512K, Heap 2M
 Heap Min Capacity: 100M
 Heap Initial Capacity: 100M
 Heap Max Capacity: 1G
 Pre-touch: Disabled
 Parallel Workers: 8

Heap:
 PSYoungGen      total 21504K, used 4172K [0x00000000eab00000, 0x00000000ec280000, 0x0000000100000000)
  eden space 20992K, 18% used [0x00000000eab00000,0x00000000eaecb178,0x00000000ebf80000)
  from space 512K, 56% used [0x00000000ebf80000,0x00000000ebfc8000,0x00000000ec000000)
  to   space 1024K, 0% used [0x00000000ec180000,0x00000000ec180000,0x00000000ec280000)
 ParOldGen       total 68608K, used 26968K [0x00000000c0000000, 0x00000000c4300000, 0x00000000eab00000)
  object space 68608K, 39% used [0x00000000c0000000,0x00000000c1a56008,0x00000000c4300000)
 Metaspace       used 45313K, committed 46144K, reserved 1114112K
  class space    used 4574K, committed 4992K, reserved 1048576K

Card table byte_map: [0x000001f3e7840000,0x000001f3e7a50000] _byte_map_base: 0x000001f3e7240000

Marking Bits: (ParMarkBitMap*) 0x00007ff8efaa83a0
 Begin Bits: [0x000001f3f9b20000, 0x000001f3fab20000)
 End Bits:   [0x000001f3fab20000, 0x000001f3fbb20000)

Polling page: 0x000001f3e5e20000

Metaspace:

Usage:
  Non-class:     39.78 MB used.
      Class:      4.47 MB used.
       Both:     44.25 MB used.

Virtual space:
  Non-class space:       64.00 MB reserved,      40.19 MB ( 63%) committed,  1 nodes.
      Class space:        1.00 GB reserved,       4.88 MB ( <1%) committed,  1 nodes.
             Both:        1.06 GB reserved,      45.06 MB (  4%) committed. 

Chunk freelists:
   Non-Class:  7.01 MB
       Class:  11.06 MB
        Both:  18.07 MB

MaxMetaspaceSize: unlimited
CompressedClassSpaceSize: 1.00 GB
Initial GC threshold: 21.00 MB
Current GC threshold: 58.38 MB
CDS: off
MetaspaceReclaimPolicy: balanced
 - commit_granule_bytes: 65536.
 - commit_granule_words: 8192.
 - virtual_space_node_default_size: 8388608.
 - enlarge_chunks_in_place: 1.
 - new_chunks_are_fully_committed: 0.
 - uncommit_free_chunks: 1.
 - use_allocation_guard: 0.
 - handle_deallocations: 1.


Internal statistics:

num_allocs_failed_limit: 6.
num_arena_births: 382.
num_arena_deaths: 14.
num_vsnodes_births: 2.
num_vsnodes_deaths: 0.
num_space_committed: 721.
num_space_uncommitted: 0.
num_chunks_returned_to_freelist: 26.
num_chunks_taken_from_freelist: 1873.
num_chunk_merges: 14.
num_chunk_splits: 1239.
num_chunks_enlarged: 827.
num_inconsistent_stats: 0.

CodeHeap 'non-profiled nmethods': size=120000Kb used=2445Kb max_used=2445Kb free=117554Kb
 bounds [0x000001f3f25f0000, 0x000001f3f2860000, 0x000001f3f9b20000]
CodeHeap 'profiled nmethods': size=120000Kb used=9449Kb max_used=9449Kb free=110551Kb
 bounds [0x000001f3eab20000, 0x000001f3eb460000, 0x000001f3f2050000]
CodeHeap 'non-nmethods': size=5760Kb used=1307Kb max_used=1389Kb free=4452Kb
 bounds [0x000001f3f2050000, 0x000001f3f22c0000, 0x000001f3f25f0000]
 total_blobs=5040 nmethods=4395 adapters=557
 compilation: enabled
              stopped_count=0, restarted_count=0
 full_count=0

Compilation events (20 events):
Event: 7.663 Thread 0x000001f386f52480 4294       4       org.lombokweb.asm.MethodVisitor::visitVarInsn (17 bytes)
Event: 7.673 Thread 0x000001f386f52480 nmethod 4294 0x000001f3f284f590 code [0x000001f3f284f740, 0x000001f3f2850088]
Event: 7.673 Thread 0x000001f386f52480 4378       4       java.lang.invoke.DirectMethodHandle$Holder::newInvokeSpecial (21 bytes)
Event: 7.676 Thread 0x000001f386f52480 nmethod 4378 0x000001f3f2850590 code [0x000001f3f2850720, 0x000001f3f2850928]
Event: 7.676 Thread 0x000001f386f52480 4257       4       java.lang.String::substring (10 bytes)
Event: 7.681 Thread 0x000001f386f52480 nmethod 4257 0x000001f3f2850b10 code [0x000001f3f2850ca0, 0x000001f3f2851118]
Event: 7.681 Thread 0x000001f386f52480 4296       4       org.lombokweb.asm.ClassReader::createDebugLabel (23 bytes)
Event: 7.683 Thread 0x000001f386f52480 nmethod 4296 0x000001f3f2851390 code [0x000001f3f2851520, 0x000001f3f2851678]
Event: 7.683 Thread 0x000001f386f52480 4315       4       java.util.regex.Pattern$GroupHead::match (47 bytes)
Event: 7.685 Thread 0x000001f386f52480 nmethod 4315 0x000001f3f2851790 code [0x000001f3f2851920, 0x000001f3f2851a78]
Event: 7.685 Thread 0x000001f386f52480 4298       4       org.lombokweb.asm.ByteVector::put12 (64 bytes)
Event: 7.690 Thread 0x000001f386f52480 nmethod 4298 0x000001f3f2851c10 code [0x000001f3f2851da0, 0x000001f3f2852218]
Event: 7.690 Thread 0x000001f386f52480 4249       4       org.lombokweb.asm.MethodWriter::hasFrames (13 bytes)
Event: 7.690 Thread 0x000001f386f52480 nmethod 4249 0x000001f3f2852410 code [0x000001f3f2852580, 0x000001f3f2852618]
Event: 7.690 Thread 0x000001f386f52480 4302       4       java.util.ArrayList::grow (60 bytes)
Event: 7.695 Thread 0x000001f386f52480 nmethod 4302 0x000001f3f2852710 code [0x000001f3f28528a0, 0x000001f3f2852d78]
Event: 7.695 Thread 0x000001f386f52480 4344       4       java.lang.invoke.MemberName::getReferenceKind (12 bytes)
Event: 7.695 Thread 0x000001f386f52480 nmethod 4344 0x000001f3f2852f10 code [0x000001f3f2853080, 0x000001f3f28530f8]
Event: 7.696 Thread 0x000001f386f52480 4391       4       org.eclipse.jdt.internal.compiler.classfmt.ClassFileStruct::u4At (73 bytes)
Event: 7.697 Thread 0x000001f386f52480 nmethod 4391 0x000001f3f2853210 code [0x000001f3f2853380, 0x000001f3f2853498]

GC Heap History (20 events):
Event: 4.651 GC heap before
{Heap before GC invocations=12 (full 2):
 PSYoungGen      total 26112K, used 25600K [0x00000000eab00000, 0x00000000ec700000, 0x0000000100000000)
  eden space 23552K, 100% used [0x00000000eab00000,0x00000000ec200000,0x00000000ec200000)
  from space 2560K, 80% used [0x00000000ec300000,0x00000000ec500020,0x00000000ec580000)
  to   space 1536K, 0% used [0x00000000ec580000,0x00000000ec580000,0x00000000ec700000)
 ParOldGen       total 68608K, used 11023K [0x00000000c0000000, 0x00000000c4300000, 0x00000000eab00000)
  object space 68608K, 16% used [0x00000000c0000000,0x00000000c0ac3ea0,0x00000000c4300000)
 Metaspace       used 36617K, committed 37312K, reserved 1114112K
  class space    used 3727K, committed 4032K, reserved 1048576K
}
Event: 4.654 GC heap after
{Heap after GC invocations=12 (full 2):
 PSYoungGen      total 24064K, used 1504K [0x00000000eab00000, 0x00000000eca80000, 0x0000000100000000)
  eden space 22528K, 0% used [0x00000000eab00000,0x00000000eab00000,0x00000000ec100000)
  from space 1536K, 97% used [0x00000000ec580000,0x00000000ec6f8020,0x00000000ec700000)
  to   space 4608K, 0% used [0x00000000ec100000,0x00000000ec100000,0x00000000ec580000)
 ParOldGen       total 68608K, used 13415K [0x00000000c0000000, 0x00000000c4300000, 0x00000000eab00000)
  object space 68608K, 19% used [0x00000000c0000000,0x00000000c0d19ea0,0x00000000c4300000)
 Metaspace       used 36617K, committed 37312K, reserved 1114112K
  class space    used 3727K, committed 4032K, reserved 1048576K
}
Event: 4.752 GC heap before
{Heap before GC invocations=13 (full 2):
 PSYoungGen      total 24064K, used 24032K [0x00000000eab00000, 0x00000000eca80000, 0x0000000100000000)
  eden space 22528K, 100% used [0x00000000eab00000,0x00000000ec100000,0x00000000ec100000)
  from space 1536K, 97% used [0x00000000ec580000,0x00000000ec6f8020,0x00000000ec700000)
  to   space 4608K, 0% used [0x00000000ec100000,0x00000000ec100000,0x00000000ec580000)
 ParOldGen       total 68608K, used 13415K [0x00000000c0000000, 0x00000000c4300000, 0x00000000eab00000)
  object space 68608K, 19% used [0x00000000c0000000,0x00000000c0d19ea0,0x00000000c4300000)
 Metaspace       used 36694K, committed 37376K, reserved 1114112K
  class space    used 3740K, committed 4032K, reserved 1048576K
}
Event: 4.755 GC heap after
{Heap after GC invocations=13 (full 2):
 PSYoungGen      total 24576K, used 2464K [0x00000000eab00000, 0x00000000ec680000, 0x0000000100000000)
  eden space 22016K, 0% used [0x00000000eab00000,0x00000000eab00000,0x00000000ec080000)
  from space 2560K, 96% used [0x00000000ec100000,0x00000000ec368020,0x00000000ec380000)
  to   space 3072K, 0% used [0x00000000ec380000,0x00000000ec380000,0x00000000ec680000)
 ParOldGen       total 68608K, used 14884K [0x00000000c0000000, 0x00000000c4300000, 0x00000000eab00000)
  object space 68608K, 21% used [0x00000000c0000000,0x00000000c0e89218,0x00000000c4300000)
 Metaspace       used 36694K, committed 37376K, reserved 1114112K
  class space    used 3740K, committed 4032K, reserved 1048576K
}
Event: 4.797 GC heap before
{Heap before GC invocations=14 (full 2):
 PSYoungGen      total 24576K, used 24480K [0x00000000eab00000, 0x00000000ec680000, 0x0000000100000000)
  eden space 22016K, 100% used [0x00000000eab00000,0x00000000ec080000,0x00000000ec080000)
  from space 2560K, 96% used [0x00000000ec100000,0x00000000ec368020,0x00000000ec380000)
  to   space 3072K, 0% used [0x00000000ec380000,0x00000000ec380000,0x00000000ec680000)
 ParOldGen       total 68608K, used 14884K [0x00000000c0000000, 0x00000000c4300000, 0x00000000eab00000)
  object space 68608K, 21% used [0x00000000c0000000,0x00000000c0e89218,0x00000000c4300000)
 Metaspace       used 36694K, committed 37376K, reserved 1114112K
  class space    used 3740K, committed 4032K, reserved 1048576K
}
Event: 4.801 GC heap after
{Heap after GC invocations=14 (full 2):
 PSYoungGen      total 24576K, used 2112K [0x00000000eab00000, 0x00000000ec600000, 0x0000000100000000)
  eden space 22016K, 0% used [0x00000000eab00000,0x00000000eab00000,0x00000000ec080000)
  from space 2560K, 82% used [0x00000000ec380000,0x00000000ec590000,0x00000000ec600000)
  to   space 2560K, 0% used [0x00000000ec100000,0x00000000ec100000,0x00000000ec380000)
 ParOldGen       total 68608K, used 17240K [0x00000000c0000000, 0x00000000c4300000, 0x00000000eab00000)
  object space 68608K, 25% used [0x00000000c0000000,0x00000000c10d6348,0x00000000c4300000)
 Metaspace       used 36694K, committed 37376K, reserved 1114112K
  class space    used 3740K, committed 4032K, reserved 1048576K
}
Event: 4.857 GC heap before
{Heap before GC invocations=15 (full 2):
 PSYoungGen      total 24576K, used 24128K [0x00000000eab00000, 0x00000000ec600000, 0x0000000100000000)
  eden space 22016K, 100% used [0x00000000eab00000,0x00000000ec080000,0x00000000ec080000)
  from space 2560K, 82% used [0x00000000ec380000,0x00000000ec590000,0x00000000ec600000)
  to   space 2560K, 0% used [0x00000000ec100000,0x00000000ec100000,0x00000000ec380000)
 ParOldGen       total 68608K, used 17240K [0x00000000c0000000, 0x00000000c4300000, 0x00000000eab00000)
  object space 68608K, 25% used [0x00000000c0000000,0x00000000c10d6348,0x00000000c4300000)
 Metaspace       used 36698K, committed 37376K, reserved 1114112K
  class space    used 3740K, committed 4032K, reserved 1048576K
}
Event: 4.861 GC heap after
{Heap after GC invocations=15 (full 2):
 PSYoungGen      total 24576K, used 2336K [0x00000000eab00000, 0x00000000ec580000, 0x0000000100000000)
  eden space 22016K, 0% used [0x00000000eab00000,0x00000000eab00000,0x00000000ec080000)
  from space 2560K, 91% used [0x00000000ec100000,0x00000000ec348010,0x00000000ec380000)
  to   space 2048K, 0% used [0x00000000ec380000,0x00000000ec380000,0x00000000ec580000)
 ParOldGen       total 68608K, used 19184K [0x00000000c0000000, 0x00000000c4300000, 0x00000000eab00000)
  object space 68608K, 27% used [0x00000000c0000000,0x00000000c12bc348,0x00000000c4300000)
 Metaspace       used 36698K, committed 37376K, reserved 1114112K
  class space    used 3740K, committed 4032K, reserved 1048576K
}
Event: 4.906 GC heap before
{Heap before GC invocations=16 (full 2):
 PSYoungGen      total 24576K, used 24352K [0x00000000eab00000, 0x00000000ec580000, 0x0000000100000000)
  eden space 22016K, 100% used [0x00000000eab00000,0x00000000ec080000,0x00000000ec080000)
  from space 2560K, 91% used [0x00000000ec100000,0x00000000ec348010,0x00000000ec380000)
  to   space 2048K, 0% used [0x00000000ec380000,0x00000000ec380000,0x00000000ec580000)
 ParOldGen       total 68608K, used 19184K [0x00000000c0000000, 0x00000000c4300000, 0x00000000eab00000)
  object space 68608K, 27% used [0x00000000c0000000,0x00000000c12bc348,0x00000000c4300000)
 Metaspace       used 36698K, committed 37376K, reserved 1114112K
  class space    used 3740K, committed 4032K, reserved 1048576K
}
Event: 4.910 GC heap after
{Heap after GC invocations=16 (full 2):
 PSYoungGen      total 24064K, used 1952K [0x00000000eab00000, 0x00000000ec580000, 0x0000000100000000)
  eden space 22016K, 0% used [0x00000000eab00000,0x00000000eab00000,0x00000000ec080000)
  from space 2048K, 95% used [0x00000000ec380000,0x00000000ec568000,0x00000000ec580000)
  to   space 2560K, 0% used [0x00000000ec080000,0x00000000ec080000,0x00000000ec300000)
 ParOldGen       total 68608K, used 21416K [0x00000000c0000000, 0x00000000c4300000, 0x00000000eab00000)
  object space 68608K, 31% used [0x00000000c0000000,0x00000000c14ea358,0x00000000c4300000)
 Metaspace       used 36698K, committed 37376K, reserved 1114112K
  class space    used 3740K, committed 4032K, reserved 1048576K
}
Event: 5.225 GC heap before
{Heap before GC invocations=17 (full 2):
 PSYoungGen      total 24064K, used 23968K [0x00000000eab00000, 0x00000000ec580000, 0x0000000100000000)
  eden space 22016K, 100% used [0x00000000eab00000,0x00000000ec080000,0x00000000ec080000)
  from space 2048K, 95% used [0x00000000ec380000,0x00000000ec568000,0x00000000ec580000)
  to   space 2560K, 0% used [0x00000000ec080000,0x00000000ec080000,0x00000000ec300000)
 ParOldGen       total 68608K, used 21416K [0x00000000c0000000, 0x00000000c4300000, 0x00000000eab00000)
  object space 68608K, 31% used [0x00000000c0000000,0x00000000c14ea358,0x00000000c4300000)
 Metaspace       used 38866K, committed 39488K, reserved 1114112K
  class space    used 4001K, committed 4288K, reserved 1048576K
}
Event: 5.228 GC heap after
{Heap after GC invocations=17 (full 2):
 PSYoungGen      total 24064K, used 2022K [0x00000000eab00000, 0x00000000ec480000, 0x0000000100000000)
  eden space 22016K, 0% used [0x00000000eab00000,0x00000000eab00000,0x00000000ec080000)
  from space 2048K, 98% used [0x00000000ec080000,0x00000000ec279b98,0x00000000ec280000)
  to   space 2048K, 0% used [0x00000000ec280000,0x00000000ec280000,0x00000000ec480000)
 ParOldGen       total 68608K, used 23198K [0x00000000c0000000, 0x00000000c4300000, 0x00000000eab00000)
  object space 68608K, 33% used [0x00000000c0000000,0x00000000c16a7bd8,0x00000000c4300000)
 Metaspace       used 38866K, committed 39488K, reserved 1114112K
  class space    used 4001K, committed 4288K, reserved 1048576K
}
Event: 5.850 GC heap before
{Heap before GC invocations=18 (full 2):
 PSYoungGen      total 24064K, used 24038K [0x00000000eab00000, 0x00000000ec480000, 0x0000000100000000)
  eden space 22016K, 100% used [0x00000000eab00000,0x00000000ec080000,0x00000000ec080000)
  from space 2048K, 98% used [0x00000000ec080000,0x00000000ec279b98,0x00000000ec280000)
  to   space 2048K, 0% used [0x00000000ec280000,0x00000000ec280000,0x00000000ec480000)
 ParOldGen       total 68608K, used 23198K [0x00000000c0000000, 0x00000000c4300000, 0x00000000eab00000)
  object space 68608K, 33% used [0x00000000c0000000,0x00000000c16a7bd8,0x00000000c4300000)
 Metaspace       used 40292K, committed 41024K, reserved 1114112K
  class space    used 4140K, committed 4480K, reserved 1048576K
}
Event: 5.853 GC heap after
{Heap after GC invocations=18 (full 2):
 PSYoungGen      total 23040K, used 448K [0x00000000eab00000, 0x00000000ec380000, 0x0000000100000000)
  eden space 22016K, 0% used [0x00000000eab00000,0x00000000eab00000,0x00000000ec080000)
  from space 1024K, 43% used [0x00000000ec280000,0x00000000ec2f0000,0x00000000ec380000)
  to   space 1536K, 0% used [0x00000000ec080000,0x00000000ec080000,0x00000000ec200000)
 ParOldGen       total 68608K, used 25052K [0x00000000c0000000, 0x00000000c4300000, 0x00000000eab00000)
  object space 68608K, 36% used [0x00000000c0000000,0x00000000c1877248,0x00000000c4300000)
 Metaspace       used 40292K, committed 41024K, reserved 1114112K
  class space    used 4140K, committed 4480K, reserved 1048576K
}
Event: 6.570 GC heap before
{Heap before GC invocations=19 (full 2):
 PSYoungGen      total 23040K, used 22464K [0x00000000eab00000, 0x00000000ec380000, 0x0000000100000000)
  eden space 22016K, 100% used [0x00000000eab00000,0x00000000ec080000,0x00000000ec080000)
  from space 1024K, 43% used [0x00000000ec280000,0x00000000ec2f0000,0x00000000ec380000)
  to   space 1536K, 0% used [0x00000000ec080000,0x00000000ec080000,0x00000000ec200000)
 ParOldGen       total 68608K, used 25052K [0x00000000c0000000, 0x00000000c4300000, 0x00000000eab00000)
  object space 68608K, 36% used [0x00000000c0000000,0x00000000c1877248,0x00000000c4300000)
 Metaspace       used 42715K, committed 43520K, reserved 1114112K
  class space    used 4349K, committed 4736K, reserved 1048576K
}
Event: 6.572 GC heap after
{Heap after GC invocations=19 (full 2):
 PSYoungGen      total 23552K, used 608K [0x00000000eab00000, 0x00000000ec300000, 0x0000000100000000)
  eden space 22016K, 0% used [0x00000000eab00000,0x00000000eab00000,0x00000000ec080000)
  from space 1536K, 39% used [0x00000000ec080000,0x00000000ec118000,0x00000000ec200000)
  to   space 1024K, 0% used [0x00000000ec200000,0x00000000ec200000,0x00000000ec300000)
 ParOldGen       total 68608K, used 25348K [0x00000000c0000000, 0x00000000c4300000, 0x00000000eab00000)
  object space 68608K, 36% used [0x00000000c0000000,0x00000000c18c1248,0x00000000c4300000)
 Metaspace       used 42715K, committed 43520K, reserved 1114112K
  class space    used 4349K, committed 4736K, reserved 1048576K
}
Event: 6.822 GC heap before
{Heap before GC invocations=20 (full 2):
 PSYoungGen      total 23552K, used 22624K [0x00000000eab00000, 0x00000000ec300000, 0x0000000100000000)
  eden space 22016K, 100% used [0x00000000eab00000,0x00000000ec080000,0x00000000ec080000)
  from space 1536K, 39% used [0x00000000ec080000,0x00000000ec118000,0x00000000ec200000)
  to   space 1024K, 0% used [0x00000000ec200000,0x00000000ec200000,0x00000000ec300000)
 ParOldGen       total 68608K, used 25348K [0x00000000c0000000, 0x00000000c4300000, 0x00000000eab00000)
  object space 68608K, 36% used [0x00000000c0000000,0x00000000c18c1248,0x00000000c4300000)
 Metaspace       used 43523K, committed 44288K, reserved 1114112K
  class space    used 4411K, committed 4800K, reserved 1048576K
}
Event: 6.824 GC heap after
{Heap after GC invocations=20 (full 2):
 PSYoungGen      total 22016K, used 1014K [0x00000000eab00000, 0x00000000ec580000, 0x0000000100000000)
  eden space 20992K, 0% used [0x00000000eab00000,0x00000000eab00000,0x00000000ebf80000)
  from space 1024K, 99% used [0x00000000ec200000,0x00000000ec2fdbb8,0x00000000ec300000)
  to   space 2560K, 0% used [0x00000000ebf80000,0x00000000ebf80000,0x00000000ec200000)
 ParOldGen       total 68608K, used 26563K [0x00000000c0000000, 0x00000000c4300000, 0x00000000eab00000)
  object space 68608K, 38% used [0x00000000c0000000,0x00000000c19f0f78,0x00000000c4300000)
 Metaspace       used 43523K, committed 44288K, reserved 1114112K
  class space    used 4411K, committed 4800K, reserved 1048576K
}
Event: 7.066 GC heap before
{Heap before GC invocations=21 (full 2):
 PSYoungGen      total 22016K, used 22006K [0x00000000eab00000, 0x00000000ec580000, 0x0000000100000000)
  eden space 20992K, 100% used [0x00000000eab00000,0x00000000ebf80000,0x00000000ebf80000)
  from space 1024K, 99% used [0x00000000ec200000,0x00000000ec2fdbb8,0x00000000ec300000)
  to   space 2560K, 0% used [0x00000000ebf80000,0x00000000ebf80000,0x00000000ec200000)
 ParOldGen       total 68608K, used 26563K [0x00000000c0000000, 0x00000000c4300000, 0x00000000eab00000)
  object space 68608K, 38% used [0x00000000c0000000,0x00000000c19f0f78,0x00000000c4300000)
 Metaspace       used 44745K, committed 45504K, reserved 1114112K
  class space    used 4520K, committed 4864K, reserved 1048576K
}
Event: 7.067 GC heap after
{Heap after GC invocations=21 (full 2):
 PSYoungGen      total 21504K, used 288K [0x00000000eab00000, 0x00000000ec280000, 0x0000000100000000)
  eden space 20992K, 0% used [0x00000000eab00000,0x00000000eab00000,0x00000000ebf80000)
  from space 512K, 56% used [0x00000000ebf80000,0x00000000ebfc8000,0x00000000ec000000)
  to   space 1024K, 0% used [0x00000000ec180000,0x00000000ec180000,0x00000000ec280000)
 ParOldGen       total 68608K, used 26968K [0x00000000c0000000, 0x00000000c4300000, 0x00000000eab00000)
  object space 68608K, 39% used [0x00000000c0000000,0x00000000c1a56008,0x00000000c4300000)
 Metaspace       used 44745K, committed 45504K, reserved 1114112K
  class space    used 4520K, committed 4864K, reserved 1048576K
}

Dll operation events (10 events):
Event: 0.018 Loaded shared library c:\Users\DELL\.vscode\extensions\redhat.java-1.23.0-win32-x64\jre\17.0.8.1-win32-x86_64\bin\java.dll
Event: 0.234 Loaded shared library c:\Users\DELL\.vscode\extensions\redhat.java-1.23.0-win32-x64\jre\17.0.8.1-win32-x86_64\bin\zip.dll
Event: 0.237 Loaded shared library C:\Users\DELL\.vscode\extensions\redhat.java-1.23.0-win32-x64\jre\17.0.8.1-win32-x86_64\bin\instrument.dll
Event: 0.249 Loaded shared library C:\Users\DELL\.vscode\extensions\redhat.java-1.23.0-win32-x64\jre\17.0.8.1-win32-x86_64\bin\net.dll
Event: 0.251 Loaded shared library C:\Users\DELL\.vscode\extensions\redhat.java-1.23.0-win32-x64\jre\17.0.8.1-win32-x86_64\bin\nio.dll
Event: 0.256 Loaded shared library C:\Users\DELL\.vscode\extensions\redhat.java-1.23.0-win32-x64\jre\17.0.8.1-win32-x86_64\bin\zip.dll
Event: 0.271 Loaded shared library C:\Users\DELL\.vscode\extensions\redhat.java-1.23.0-win32-x64\jre\17.0.8.1-win32-x86_64\bin\jimage.dll
Event: 0.335 Loaded shared library c:\Users\DELL\.vscode\extensions\redhat.java-1.23.0-win32-x64\jre\17.0.8.1-win32-x86_64\bin\verify.dll
Event: 1.287 Loaded shared library C:\Users\DELL\AppData\Roaming\Code\User\globalStorage\redhat.java\1.23.0\config_ss_win\org.eclipse.equinox.launcher\org.eclipse.equinox.launcher.win32.win32.x86_64_1.2.700.v20221108-1024\eclipse_11801.dll
Event: 3.882 Loaded shared library C:\Users\DELL\AppData\Local\Temp\jna-2094529\jna8853443355654291696.dll

Deoptimization events (20 events):
Event: 6.831 Thread 0x000001f388273690 DEOPT PACKING pc=0x000001f3eb262712 sp=0x0000002ac6afb8b0
Event: 6.831 Thread 0x000001f388273690 DEOPT UNPACKING pc=0x000001f3f20a6e43 sp=0x0000002ac6afad78 mode 0
Event: 6.835 Thread 0x000001f388273690 DEOPT PACKING pc=0x000001f3eaf9139b sp=0x0000002ac6afbda0
Event: 6.835 Thread 0x000001f388273690 DEOPT UNPACKING pc=0x000001f3f20a6e43 sp=0x0000002ac6afb2a0 mode 0
Event: 6.842 Thread 0x000001f388273690 DEOPT PACKING pc=0x000001f3eaf9139b sp=0x0000002ac6afbda0
Event: 6.842 Thread 0x000001f388273690 DEOPT UNPACKING pc=0x000001f3f20a6e43 sp=0x0000002ac6afb2a0 mode 0
Event: 6.853 Thread 0x000001f388273690 DEOPT PACKING pc=0x000001f3eaf9139b sp=0x0000002ac6afbda0
Event: 6.853 Thread 0x000001f388273690 DEOPT UNPACKING pc=0x000001f3f20a6e43 sp=0x0000002ac6afb2a0 mode 0
Event: 6.859 Thread 0x000001f388273690 DEOPT PACKING pc=0x000001f3eaf9139b sp=0x0000002ac6afbda0
Event: 6.860 Thread 0x000001f388273690 DEOPT UNPACKING pc=0x000001f3f20a6e43 sp=0x0000002ac6afb2a0 mode 0
Event: 6.865 Thread 0x000001f388273690 DEOPT PACKING pc=0x000001f3eaf9139b sp=0x0000002ac6afbda0
Event: 6.865 Thread 0x000001f388273690 DEOPT UNPACKING pc=0x000001f3f20a6e43 sp=0x0000002ac6afb2a0 mode 0
Event: 6.870 Thread 0x000001f388273690 DEOPT PACKING pc=0x000001f3eaf9139b sp=0x0000002ac6afbda0
Event: 6.870 Thread 0x000001f388273690 DEOPT UNPACKING pc=0x000001f3f20a6e43 sp=0x0000002ac6afb2a0 mode 0
Event: 6.883 Thread 0x000001f388273690 DEOPT PACKING pc=0x000001f3eaf9139b sp=0x0000002ac6afbda0
Event: 6.883 Thread 0x000001f388273690 DEOPT UNPACKING pc=0x000001f3f20a6e43 sp=0x0000002ac6afb2a0 mode 0
Event: 7.168 Thread 0x000001f386d9b9b0 Uncommon trap: trap_request=0xffffffde fr.pc=0x000001f3f27f2560 relative=0x00000000000005a0
Event: 7.168 Thread 0x000001f386d9b9b0 Uncommon trap: reason=class_check action=maybe_recompile pc=0x000001f3f27f2560 method=java.lang.AbstractStringBuilder.<init>(Ljava/lang/String;)V @ 58 c2
Event: 7.168 Thread 0x000001f386d9b9b0 DEOPT PACKING pc=0x000001f3f27f2560 sp=0x0000002ac61fd330
Event: 7.168 Thread 0x000001f386d9b9b0 DEOPT UNPACKING pc=0x000001f3f20a66a3 sp=0x0000002ac61fd310 mode 2

Classes unloaded (7 events):
Event: 2.470 Thread 0x000001f385240c20 Unloading class 0x000000010021e400 'java/lang/invoke/LambdaForm$MH+0x000000010021e400'
Event: 2.470 Thread 0x000001f385240c20 Unloading class 0x000000010021e000 'java/lang/invoke/LambdaForm$MH+0x000000010021e000'
Event: 2.470 Thread 0x000001f385240c20 Unloading class 0x000000010021dc00 'java/lang/invoke/LambdaForm$MH+0x000000010021dc00'
Event: 2.470 Thread 0x000001f385240c20 Unloading class 0x000000010021d800 'java/lang/invoke/LambdaForm$MH+0x000000010021d800'
Event: 2.470 Thread 0x000001f385240c20 Unloading class 0x000000010021d400 'java/lang/invoke/LambdaForm$BMH+0x000000010021d400'
Event: 2.470 Thread 0x000001f385240c20 Unloading class 0x000000010021d000 'java/lang/invoke/LambdaForm$DMH+0x000000010021d000'
Event: 2.470 Thread 0x000001f385240c20 Unloading class 0x000000010021a000 'java/lang/invoke/LambdaForm$DMH+0x000000010021a000'

Classes redefined (0 events):
No events

Internal exceptions (20 events):
Event: 4.229 Thread 0x000001f388276930 Exception <a 'java/io/FileNotFoundException'{0x00000000eb9e3d78}> (0x00000000eb9e3d78) 
thrown [s\src\hotspot\share\prims\jni.cpp, line 516]
Event: 4.257 Thread 0x000001f388276930 Exception <a 'sun/nio/fs/WindowsException'{0x00000000ebb8c628}> (0x00000000ebb8c628) 
thrown [s\src\hotspot\share\prims\jni.cpp, line 516]
Event: 4.263 Thread 0x000001f386d9aa80 Exception <a 'java/io/FileNotFoundException'{0x00000000ebbb90d8}> (0x00000000ebbb90d8) 
thrown [s\src\hotspot\share\prims\jni.cpp, line 516]
Event: 4.263 Thread 0x000001f386d9aa80 Exception <a 'java/io/FileNotFoundException'{0x00000000ebbba0d8}> (0x00000000ebbba0d8) 
thrown [s\src\hotspot\share\prims\jni.cpp, line 516]
Event: 4.356 Thread 0x000001f386d9b9b0 Exception <a 'java/lang/NoSuchMethodError'{0x00000000ead873c0}: 'java.lang.Object java.lang.invoke.Invokers$Holder.invoke_MT(java.lang.Object, java.lang.Object, java.lang.Object)'> (0x00000000ead873c0) 
thrown [s\src\hotspot\share\interpreter\linkResolver.cpp, line 759]
Event: 4.358 Thread 0x000001f388276930 Exception <a 'java/lang/NoSuchMethodError'{0x00000000ead964b8}: 'int java.lang.invoke.DirectMethodHandle$Holder.invokeVirtual(java.lang.Object, java.lang.Object)'> (0x00000000ead964b8) 
thrown [s\src\hotspot\share\interpreter\linkResolver.cpp, line 759]
Event: 4.581 Thread 0x000001f386d9b9b0 Exception <a 'java/io/FileNotFoundException'{0x00000000eaeb1758}> (0x00000000eaeb1758) 
thrown [s\src\hotspot\share\prims\jni.cpp, line 516]
Event: 4.582 Thread 0x000001f386d9b9b0 Exception <a 'java/io/FileNotFoundException'{0x00000000eaeb2c80}> (0x00000000eaeb2c80) 
thrown [s\src\hotspot\share\prims\jni.cpp, line 516]
Event: 4.583 Thread 0x000001f386d9b9b0 Exception <a 'java/lang/NoSuchMethodError'{0x00000000eaebee48}: 'void java.lang.invoke.DirectMethodHandle$Holder.invokeStaticInit(java.lang.Object, java.lang.Object, java.lang.Object)'> (0x00000000eaebee48) 
thrown [s\src\hotspot\share\interpreter\linkResolver.cpp, line 759]
Event: 4.981 Thread 0x000001f388275f10 Exception <a 'java/lang/NoSuchMethodError'{0x00000000eaf9ff88}: 'java.lang.Object java.lang.invoke.DirectMethodHandle$Holder.invokeInterface(java.lang.Object, java.lang.Object, java.lang.Object)'> (0x00000000eaf9ff88) 
thrown [s\src\hotspot\share\interpreter\linkResolver.cpp, line 759]
Event: 4.981 Thread 0x000001f3882740b0 Exception <a 'java/lang/NoSuchMethodError'{0x00000000eaf39b68}: 'java.lang.Object java.lang.invoke.DirectMethodHandle$Holder.invokeInterface(java.lang.Object, java.lang.Object, java.lang.Object)'> (0x00000000eaf39b68) 
thrown [s\src\hotspot\share\interpreter\linkResolver.cpp, line 759]
Event: 4.981 Thread 0x000001f38827ab00 Exception <a 'java/lang/NoSuchMethodError'{0x00000000eaf88c70}: 'java.lang.Object java.lang.invoke.DirectMethodHandle$Holder.invokeInterface(java.lang.Object, java.lang.Object, java.lang.Object)'> (0x00000000eaf88c70) 
thrown [s\src\hotspot\share\interpreter\linkResolver.cpp, line 759]
Event: 4.982 Thread 0x000001f388276930 Exception <a 'java/lang/NoSuchMethodError'{0x00000000eafdcb98}: 'java.lang.Object java.lang.invoke.DirectMethodHandle$Holder.invokeInterface(java.lang.Object, java.lang.Object, java.lang.Object)'> (0x00000000eafdcb98) 
thrown [s\src\hotspot\share\interpreter\linkResolver.cpp, line 759]
Event: 5.257 Thread 0x000001f388276930 Exception <a 'java/lang/LinkageError'{0x00000000eac7f9c0}: loader lombok.launch.ShadowClassLoader @41f111ab attempted duplicate class definition for lombok.launch.PatchFixesHider$Transform. (lombok.launch.PatchFixesHider$Transform is in unnamed module of loader lombok.launch.ShadowClassLoader @41f111ab, parent loader org.eclipse.osgi.internal.loader.EquinoxClassLoader @6d973f8b)> (0x00000000eac7f9c0) 
thrown [s\src\hotspot\share\classfile\systemDictionary.cpp, line 1724]
Event: 5.257 Thread 0x000001f3882740b0 Exception <a 'java/lang/LinkageError'{0x00000000eac538e8}: loader lombok.launch.ShadowClassLoader @41f111ab attempted duplicate class definition for lombok.launch.PatchFixesHider$Transform. (lombok.launch.PatchFixesHider$Transform is in unnamed module of loader lombok.launch.ShadowClassLoader @41f111ab, parent loader org.eclipse.osgi.internal.loader.EquinoxClassLoader @6d973f8b)> (0x00000000eac538e8) 
thrown [s\src\hotspot\share\classfile\systemDictionary.cpp, line 1724]
Event: 5.257 Thread 0x000001f388275f10 Exception <a 'java/lang/LinkageError'{0x00000000eac35fc0}: loader lombok.launch.ShadowClassLoader @41f111ab attempted duplicate class definition for lombok.launch.PatchFixesHider$Transform. (lombok.launch.PatchFixesHider$Transform is in unnamed module of loader lombok.launch.ShadowClassLoader @41f111ab, parent loader org.eclipse.osgi.internal.loader.EquinoxClassLoader @6d973f8b)> (0x00000000eac35fc0) 
thrown [s\src\hotspot\share\classfile\systemDictionary.cpp, line 1724]
Event: 5.907 Thread 0x000001f38827ab00 Implicit null exception at 0x000001f3f27c9acf to 0x000001f3f27ca7cc
Event: 7.207 Thread 0x000001f386d9b9b0 Exception <a 'java/io/FileNotFoundException'{0x00000000eadd8cd8}> (0x00000000eadd8cd8) 
thrown [s\src\hotspot\share\prims\jni.cpp, line 516]
Event: 7.208 Thread 0x000001f386d9b9b0 Exception <a 'java/io/FileNotFoundException'{0x00000000eadda2f0}> (0x00000000eadda2f0) 
thrown [s\src\hotspot\share\prims\jni.cpp, line 516]
Event: 7.208 Thread 0x000001f386d9b9b0 Exception <a 'java/io/FileNotFoundException'{0x00000000eaddb2f8}> (0x00000000eaddb2f8) 
thrown [s\src\hotspot\share\prims\jni.cpp, line 516]

VM Operations (20 events):
Event: 5.850 Executing VM operation: ParallelGCFailedAllocation
Event: 5.853 Executing VM operation: ParallelGCFailedAllocation done
Event: 6.057 Executing VM operation: HandshakeAllThreads
Event: 6.057 Executing VM operation: HandshakeAllThreads done
Event: 6.541 Executing VM operation: HandshakeAllThreads
Event: 6.541 Executing VM operation: HandshakeAllThreads done
Event: 6.570 Executing VM operation: ParallelGCFailedAllocation
Event: 6.572 Executing VM operation: ParallelGCFailedAllocation done
Event: 6.581 Executing VM operation: HandshakeAllThreads
Event: 6.581 Executing VM operation: HandshakeAllThreads done
Event: 6.682 Executing VM operation: HandshakeAllThreads
Event: 6.682 Executing VM operation: HandshakeAllThreads done
Event: 6.694 Executing VM operation: HandshakeAllThreads
Event: 6.694 Executing VM operation: HandshakeAllThreads done
Event: 6.702 Executing VM operation: HandshakeAllThreads
Event: 6.702 Executing VM operation: HandshakeAllThreads done
Event: 6.821 Executing VM operation: ParallelGCFailedAllocation
Event: 6.824 Executing VM operation: ParallelGCFailedAllocation done
Event: 7.066 Executing VM operation: ParallelGCFailedAllocation
Event: 7.067 Executing VM operation: ParallelGCFailedAllocation done

Events (20 events):
Event: 6.598 loading class jdk/internal/reflect/UnsafeQualifiedStaticIntegerFieldAccessorImpl done
Event: 6.639 loading class java/util/stream/MatchOps$MatchKind
Event: 6.639 loading class java/util/stream/MatchOps$MatchKind done
Event: 6.640 loading class java/util/stream/MatchOps
Event: 6.640 loading class java/util/stream/MatchOps done
Event: 6.640 loading class java/util/stream/MatchOps$MatchOp
Event: 6.640 loading class java/util/stream/MatchOps$MatchOp done
Event: 6.640 loading class java/util/stream/MatchOps$BooleanTerminalSink
Event: 6.640 loading class java/util/stream/MatchOps$BooleanTerminalSink done
Event: 6.641 loading class java/util/stream/MatchOps$1MatchSink
Event: 6.641 loading class java/util/stream/MatchOps$1MatchSink done
Event: 6.686 loading class java/util/Spliterators$IntArraySpliterator
Event: 6.686 loading class java/util/Spliterators$IntArraySpliterator done
Event: 6.687 loading class java/util/stream/Nodes$IntSpinedNodeBuilder
Event: 6.687 loading class java/util/stream/SpinedBuffer$OfInt
Event: 6.692 loading class java/util/stream/SpinedBuffer$OfPrimitive
Event: 6.692 loading class java/util/stream/SpinedBuffer$OfPrimitive done
Event: 6.693 loading class java/util/stream/SpinedBuffer$OfInt done
Event: 6.695 loading class java/util/stream/Nodes$IntSpinedNodeBuilder done
Event: 7.518 Thread 0x000001f38559f650 Thread exited: 0x000001f38559f650


Dynamic libraries:
0x00007ff6af670000 - 0x00007ff6af67e000 	c:\Users\DELL\.vscode\extensions\redhat.java-1.23.0-win32-x64\jre\17.0.8.1-win32-x86_64\bin\java.exe
0x00007ff932e10000 - 0x00007ff933008000 	C:\WINDOWS\SYSTEM32\ntdll.dll
0x00007ff931f20000 - 0x00007ff931fdd000 	C:\WINDOWS\System32\KERNEL32.DLL
0x00007ff9309b0000 - 0x00007ff930ca6000 	C:\WINDOWS\System32\KERNELBASE.dll
0x00007ff9306b0000 - 0x00007ff9307b0000 	C:\WINDOWS\System32\ucrtbase.dll
0x00007ff924570000 - 0x00007ff924587000 	c:\Users\DELL\.vscode\extensions\redhat.java-1.23.0-win32-x64\jre\17.0.8.1-win32-x86_64\bin\jli.dll
0x00007ff916ac0000 - 0x00007ff916ad9000 	c:\Users\DELL\.vscode\extensions\redhat.java-1.23.0-win32-x64\jre\17.0.8.1-win32-x86_64\bin\VCRUNTIME140.dll
0x00007ff931030000 - 0x00007ff9311ce000 	C:\WINDOWS\System32\USER32.dll
0x00007ff930e40000 - 0x00007ff930e62000 	C:\WINDOWS\System32\win32u.dll
0x00007ff920120000 - 0x00007ff9203ba000 	C:\WINDOWS\WinSxS\amd64_microsoft.windows.common-controls_6595b64144ccf1df_6.0.19041.1110_none_60b5254171f9507e\COMCTL32.dll
0x00007ff932c00000 - 0x00007ff932c2c000 	C:\WINDOWS\System32\GDI32.dll
0x00007ff932d30000 - 0x00007ff932dce000 	C:\WINDOWS\System32\msvcrt.dll
0x00007ff930590000 - 0x00007ff9306aa000 	C:\WINDOWS\System32\gdi32full.dll
0x00007ff9304f0000 - 0x00007ff93058d000 	C:\WINDOWS\System32\msvcp_win.dll
0x00007ff930e70000 - 0x00007ff930ea0000 	C:\WINDOWS\System32\IMM32.DLL
0x00007ff92a210000 - 0x00007ff92a21c000 	c:\Users\DELL\.vscode\extensions\redhat.java-1.23.0-win32-x64\jre\17.0.8.1-win32-x86_64\bin\vcruntime140_1.dll
0x00007ff8ff410000 - 0x00007ff8ff4a1000 	c:\Users\DELL\.vscode\extensions\redhat.java-1.23.0-win32-x64\jre\17.0.8.1-win32-x86_64\bin\msvcp140.dll
0x00007ff8eef20000 - 0x00007ff8efb6c000 	c:\Users\DELL\.vscode\extensions\redhat.java-1.23.0-win32-x64\jre\17.0.8.1-win32-x86_64\bin\server\jvm.dll
0x00007ff932b50000 - 0x00007ff932bfe000 	C:\WINDOWS\System32\ADVAPI32.dll
0x00007ff930f90000 - 0x00007ff93102c000 	C:\WINDOWS\System32\sechost.dll
0x00007ff932840000 - 0x00007ff932966000 	C:\WINDOWS\System32\RPCRT4.dll
0x00007ff92faa0000 - 0x00007ff92faeb000 	C:\WINDOWS\SYSTEM32\POWRPROF.dll
0x00007ff922100000 - 0x00007ff922127000 	C:\WINDOWS\SYSTEM32\WINMM.dll
0x00007ff91f1b0000 - 0x00007ff91f1b9000 	C:\WINDOWS\SYSTEM32\WSOCK32.dll
0x00007ff929cc0000 - 0x00007ff929cca000 	C:\WINDOWS\SYSTEM32\VERSION.dll
0x00007ff932cc0000 - 0x00007ff932d2b000 	C:\WINDOWS\System32\WS2_32.dll
0x00007ff92f910000 - 0x00007ff92f922000 	C:\WINDOWS\SYSTEM32\UMPDC.dll
0x00007ff92ed60000 - 0x00007ff92ed72000 	C:\WINDOWS\SYSTEM32\kernel.appcore.dll
0x00007ff924500000 - 0x00007ff92450a000 	c:\Users\DELL\.vscode\extensions\redhat.java-1.23.0-win32-x64\jre\17.0.8.1-win32-x86_64\bin\jimage.dll
0x00007ff92e880000 - 0x00007ff92ea64000 	C:\WINDOWS\SYSTEM32\DBGHELP.DLL
0x00007ff91e960000 - 0x00007ff91e994000 	C:\WINDOWS\SYSTEM32\dbgcore.DLL
0x00007ff930920000 - 0x00007ff9309a2000 	C:\WINDOWS\System32\bcryptPrimitives.dll
0x00007ff91f5b0000 - 0x00007ff91f5be000 	c:\Users\DELL\.vscode\extensions\redhat.java-1.23.0-win32-x64\jre\17.0.8.1-win32-x86_64\bin\instrument.dll
0x00007ff910190000 - 0x00007ff9101b5000 	c:\Users\DELL\.vscode\extensions\redhat.java-1.23.0-win32-x64\jre\17.0.8.1-win32-x86_64\bin\java.dll
0x00007ff911ad0000 - 0x00007ff911ae8000 	c:\Users\DELL\.vscode\extensions\redhat.java-1.23.0-win32-x64\jre\17.0.8.1-win32-x86_64\bin\zip.dll
0x00007ff931720000 - 0x00007ff931e65000 	C:\WINDOWS\System32\SHELL32.dll
0x00007ff92e010000 - 0x00007ff92e7ab000 	C:\WINDOWS\SYSTEM32\windows.storage.dll
0x00007ff932170000 - 0x00007ff9324c4000 	C:\WINDOWS\System32\combase.dll
0x00007ff92ff30000 - 0x00007ff92ff5e000 	C:\WINDOWS\SYSTEM32\Wldp.dll
0x00007ff9329d0000 - 0x00007ff932a7d000 	C:\WINDOWS\System32\SHCORE.dll
0x00007ff932970000 - 0x00007ff9329c5000 	C:\WINDOWS\System32\shlwapi.dll
0x00007ff930420000 - 0x00007ff930445000 	C:\WINDOWS\SYSTEM32\profapi.dll
0x00007ff9117b0000 - 0x00007ff9117c9000 	C:\Users\DELL\.vscode\extensions\redhat.java-1.23.0-win32-x64\jre\17.0.8.1-win32-x86_64\bin\net.dll
0x00007ff927570000 - 0x00007ff92767a000 	C:\WINDOWS\SYSTEM32\WINHTTP.dll
0x00007ff92fc90000 - 0x00007ff92fcfa000 	C:\WINDOWS\system32\mswsock.dll
0x00007ff90f920000 - 0x00007ff90f935000 	C:\Users\DELL\.vscode\extensions\redhat.java-1.23.0-win32-x64\jre\17.0.8.1-win32-x86_64\bin\nio.dll
0x00007ff91f4c0000 - 0x00007ff91f4d0000 	c:\Users\DELL\.vscode\extensions\redhat.java-1.23.0-win32-x64\jre\17.0.8.1-win32-x86_64\bin\verify.dll
0x00007ff9083a0000 - 0x00007ff9083de000 	C:\Users\DELL\AppData\Roaming\Code\User\globalStorage\redhat.java\1.23.0\config_ss_win\org.eclipse.equinox.launcher\org.eclipse.equinox.launcher.win32.win32.x86_64_1.2.700.v20221108-1024\eclipse_11801.dll
0x00007ff932710000 - 0x00007ff93283a000 	C:\WINDOWS\System32\ole32.dll
0x00007ff92fe90000 - 0x00007ff92fea8000 	C:\WINDOWS\SYSTEM32\CRYPTSP.dll
0x00007ff92f4d0000 - 0x00007ff92f504000 	C:\WINDOWS\system32\rsaenh.dll
0x00007ff930e10000 - 0x00007ff930e37000 	C:\WINDOWS\System32\bcrypt.dll
0x00007ff9303a0000 - 0x00007ff9303ce000 	C:\WINDOWS\SYSTEM32\USERENV.dll
0x00007ff92fe80000 - 0x00007ff92fe8c000 	C:\WINDOWS\SYSTEM32\CRYPTBASE.dll
0x00007ff92f930000 - 0x00007ff92f96b000 	C:\WINDOWS\SYSTEM32\IPHLPAPI.DLL
0x00007ff931fe0000 - 0x00007ff931fe8000 	C:\WINDOWS\System32\NSI.dll
0x00007ff929590000 - 0x00007ff9295a7000 	C:\WINDOWS\SYSTEM32\dhcpcsvc6.DLL
0x00007ff929570000 - 0x00007ff92958d000 	C:\WINDOWS\SYSTEM32\dhcpcsvc.DLL
0x00007ff92f970000 - 0x00007ff92fa3a000 	C:\WINDOWS\SYSTEM32\DNSAPI.dll
0x00007ff906570000 - 0x00007ff9065b5000 	C:\Users\DELL\AppData\Local\Temp\jna-2094529\jna8853443355654291696.dll
0x00007ff932cb0000 - 0x00007ff932cb8000 	C:\WINDOWS\System32\PSAPI.DLL

dbghelp: loaded successfully - version: 4.0.5 - missing functions: none
symbol engine: initialized successfully - sym options: 0x614 - pdb path: .;c:\Users\DELL\.vscode\extensions\redhat.java-1.23.0-win32-x64\jre\17.0.8.1-win32-x86_64\bin;C:\WINDOWS\SYSTEM32;C:\WINDOWS\WinSxS\amd64_microsoft.windows.common-controls_6595b64144ccf1df_6.0.19041.1110_none_60b5254171f9507e;c:\Users\DELL\.vscode\extensions\redhat.java-1.23.0-win32-x64\jre\17.0.8.1-win32-x86_64\bin\server;C:\Users\DELL\AppData\Roaming\Code\User\globalStorage\redhat.java\1.23.0\config_ss_win\org.eclipse.equinox.launcher\org.eclipse.equinox.launcher.win32.win32.x86_64_1.2.700.v20221108-1024;C:\Users\DELL\AppData\Local\Temp\jna-2094529

VM Arguments:
jvm_args: --add-modules=ALL-SYSTEM --add-opens=java.base/java.util=ALL-UNNAMED --add-opens=java.base/java.lang=ALL-UNNAMED --add-opens=java.base/sun.nio.fs=ALL-UNNAMED -Declipse.application=org.eclipse.jdt.ls.core.id1 -Dosgi.bundles.defaultStartLevel=4 -Declipse.product=org.eclipse.jdt.ls.core.product -Djava.import.generatesMetadataFilesAtProjectRoot=false -DDetectVMInstallationsJob.disabled=true -Dfile.encoding=utf8 -XX:+UseParallelGC -XX:GCTimeRatio=4 -XX:AdaptiveSizePolicyWeight=90 -Dsun.zip.disableMemoryMapping=true -Xmx1G -Xms100m -Xlog:disable -javaagent:c:\Users\DELL\.vscode\extensions\redhat.java-1.23.0-win32-x64\lombok\lombok-1.18.30.jar 
java_command: c:\Users\DELL\.vscode\extensions\redhat.java-1.23.0-win32-x64\server\plugins\org.eclipse.equinox.launcher_1.6.500.v20230717-2134.jar -configuration c:\Users\DELL\AppData\Roaming\Code\User\globalStorage\redhat.java\1.23.0\config_ss_win -data c:\Users\DELL\AppData\Roaming\Code\User\workspaceStorage\72c155e9b7a7fa28bd4b3a5f12094ced\redhat.java\ss_ws
java_class_path (initial): c:\Users\DELL\.vscode\extensions\redhat.java-1.23.0-win32-x64\server\plugins\org.eclipse.equinox.launcher_1.6.500.v20230717-2134.jar
Launcher Type: SUN_STANDARD

[Global flags]
    uintx AdaptiveSizePolicyWeight                 = 90                                        {product} {command line}
     intx CICompilerCount                          = 4                                         {product} {ergonomic}
    uintx GCTimeRatio                              = 4                                         {product} {command line}
   size_t InitialHeapSize                          = 104857600                                 {product} {command line}
   size_t MaxHeapSize                              = 1073741824                                {product} {command line}
   size_t MaxNewSize                               = 357564416                                 {product} {ergonomic}
   size_t MinHeapDeltaBytes                        = 524288                                    {product} {ergonomic}
   size_t MinHeapSize                              = 104857600                                 {product} {command line}
   size_t NewSize                                  = 34603008                                  {product} {ergonomic}
    uintx NonNMethodCodeHeapSize                   = 5839372                                {pd product} {ergonomic}
    uintx NonProfiledCodeHeapSize                  = 122909434                              {pd product} {ergonomic}
   size_t OldSize                                  = 70254592                                  {product} {ergonomic}
    uintx ProfiledCodeHeapSize                     = 122909434                              {pd product} {ergonomic}
    uintx ReservedCodeCacheSize                    = 251658240                              {pd product} {ergonomic}
     bool SegmentedCodeCache                       = true                                      {product} {ergonomic}
   size_t SoftMaxHeapSize                          = 1073741824                             {manageable} {ergonomic}
     bool UseCompressedClassPointers               = true                           {product lp64_product} {ergonomic}
     bool UseCompressedOops                        = true                           {product lp64_product} {ergonomic}
     bool UseLargePagesIndividualAllocation        = false                                  {pd product} {ergonomic}
     bool UseParallelGC                            = true                                      {product} {command line}

Logging:
Log output configuration:
 #0: stdout all=off uptime,level,tags
 #1: stderr all=off uptime,level,tags

Environment Variables:
PATH=C:\Program Files\Common Files\Oracle\Java\javapath;E:\VM\bin\;C:\Program Files (x86)\Common Files\Oracle\Java\javapath;C:\Windows\system32;C:\Windows;C:\Windows\System32\Wbem;C:\Windows\System32\WindowsPowerShell\v1.0\;C:\Program Files (x86)\NVIDIA Corporation\PhysX\Common;C:\WINDOWS\system32;C:\WINDOWS;C:\WINDOWS\System32\Wbem;C:\WINDOWS\System32\WindowsPowerShell\v1.0\;C:\WINDOWS\System32\OpenSSH\;C:\Program Files (x86)\Bitvise SSH Client;C:\Program Files\Git\cmd;C:\Program Files\nodejs\;C:\Program Files (x86)\Intel\Intel(R) Management Engine Components\DAL;C:\Program Files\Intel\Intel(R) Management Engine Components\DAL;C:\Program Files\dotnet\;C:\Users\DELL\AppData\Local\Programs\Python\Python311\;C:\Users\DELL\AppData\Local\Programs\Python\Python311\Scripts\;C:\Program Files\Java\jdk-20\bin;C:\Users\DELL\AppData\Local\Programs\Python\Python311\Scripts\;C:\Users\DELL\AppData\Local\Programs\Python\Python311\;C:\Users\DELL\AppData\Local\Microsoft\WindowsApps;C:\Program Files (x86)\Nmap;C:\Users\DELL\AppData\Roaming\npm;C:\Users\DELL\AppData\Local\Programs\Microsoft VS Code\bin;C:\Program Files\heroku\bin;C:\Program Files\JetBrains\PyCharm Community Edition 2020.3.3\bin;;C:\Program Files\Java\jdk-20\bin\;C:\Users\DELL\AppData\Local\GitHubDesktop\bin
USERNAME=DELL
OS=Windows_NT
PROCESSOR_IDENTIFIER=Intel64 Family 6 Model 158 Stepping 9, GenuineIntel
TMP=C:\Users\DELL\AppData\Local\Temp
TEMP=C:\Users\DELL\AppData\Local\Temp



---------------  S Y S T E M  ---------------

OS:
 Windows 10 , 64 bit Build 19041 (10.0.19041.3393)
OS uptime: 2 days 5:59 hours

CPU: total 8 (initial active 8) (4 cores per cpu, 2 threads per core) family 6 model 158 stepping 9 microcode 0xb4, cx8, cmov, fxsr, ht, mmx, 3dnowpref, sse, sse2, sse3, ssse3, sse4.1, sse4.2, popcnt, lzcnt, tsc, tscinvbit, avx, avx2, aes, erms, clmul, bmi1, bmi2, adx, fma, vzeroupper, clflush, clflushopt
Processor Information for all 8 processors :
  Max Mhz: 2801, Current Mhz: 2800, Mhz Limit: 2772

Memory: 4k page, system-wide physical 8053M (460M free)
TotalPageFile size 12149M (AvailPageFile size 3M)
current process WorkingSet (physical memory assigned to process): 202M, peak: 209M
current process commit charge ("private bytes"): 287M, peak: 294M

vm_info: OpenJDK 64-Bit Server VM (17.0.8.1+1) for windows-amd64 JRE (17.0.8.1+1), built on Aug 23 2023 15:29:17 by "admin" with MS VC++ 16.7 (VS2019)

END.
