#
# There is insufficient memory for the Java Runtime Environment to continue.
# Native memory allocation (malloc) failed to allocate 535376 bytes for Chunk::new
# Possible reasons:
#   The system is out of physical RAM or swap space
#   The process is running with CompressedOops enabled, and the Java Heap may be blocking the growth of the native heap
# Possible solutions:
#   Reduce memory load on the system
#   Increase physical memory or swap space
#   Check if swap backing store is full
#   Decrease Java heap size (-Xmx/-Xms)
#   Decrease number of Java threads
#   Decrease Java thread stack sizes (-Xss)
#   Set larger code cache with -XX:ReservedCodeCacheSize=
#   JVM is running with Unscaled Compressed Oops mode in which the Java heap is
#     placed in the first 4GB address space. The Java Heap base address is the
#     maximum limit for the native heap growth. Please use -XX:HeapBaseMinAddress
#     to set the Java Heap base and to place the Java Heap above 4GB virtual address.
# This output file may be truncated or incomplete.
#
#  Out of Memory Error (arena.cpp:189), pid=2592, tid=22684
#
# JRE version: OpenJDK Runtime Environment Temurin-17.0.8.1+1 (17.0.8.1+1) (build 17.0.8.1+1)
# Java VM: OpenJDK 64-Bit Server VM Temurin-17.0.8.1+1 (17.0.8.1+1, mixed mode, tiered, compressed oops, compressed class ptrs, parallel gc, windows-amd64)
# No core dump will be written. Minidumps are not enabled by default on client versions of Windows
#

---------------  S U M M A R Y ------------

Command Line: --add-modules=ALL-SYSTEM --add-opens=java.base/java.util=ALL-UNNAMED --add-opens=java.base/java.lang=ALL-UNNAMED --add-opens=java.base/sun.nio.fs=ALL-UNNAMED -Declipse.application=org.eclipse.jdt.ls.core.id1 -Dosgi.bundles.defaultStartLevel=4 -Declipse.product=org.eclipse.jdt.ls.core.product -Djava.import.generatesMetadataFilesAtProjectRoot=false -DDetectVMInstallationsJob.disabled=true -Dfile.encoding=utf8 -XX:+UseParallelGC -XX:GCTimeRatio=4 -XX:AdaptiveSizePolicyWeight=90 -Dsun.zip.disableMemoryMapping=true -Xmx1G -Xms100m -Xlog:disable -javaagent:c:\Users\DELL\.vscode\extensions\redhat.java-1.23.0-win32-x64\lombok\lombok-1.18.30.jar c:\Users\DELL\.vscode\extensions\redhat.java-1.23.0-win32-x64\server\plugins\org.eclipse.equinox.launcher_1.6.500.v20230717-2134.jar -configuration c:\Users\DELL\AppData\Roaming\Code\User\globalStorage\redhat.java\1.23.0\config_ss_win -data c:\Users\DELL\AppData\Roaming\Code\User\workspaceStorage\72c155e9b7a7fa28bd4b3a5f12094ced\redhat.java\ss_ws

Host: Intel(R) Core(TM) i7-7700HQ CPU @ 2.80GHz, 8 cores, 7G,  Windows 10 , 64 bit Build 19041 (10.0.19041.3393)
Time: Sun Oct  8 02:39:09 2023 India Standard Time elapsed time: 3.140617 seconds (0d 0h 0m 3s)

---------------  T H R E A D  ---------------

Current thread (0x0000018d27f414c0):  JavaThread "C2 CompilerThread0" daemon [_thread_in_native, id=22684, stack(0x0000002e26e00000,0x0000002e26f00000)]


Current CompileTask:
C2:   3140 2326       4       org.lombokweb.asm.ClassReader::readMethod (1066 bytes)

Stack: [0x0000002e26e00000,0x0000002e26f00000]
Native frames: (J=compiled Java code, j=interpreted, Vv=VM code, C=native code)
V  [jvm.dll+0x678b0a]
V  [jvm.dll+0x835e84]
V  [jvm.dll+0x83762e]
V  [jvm.dll+0x837c93]
V  [jvm.dll+0x24746f]
V  [jvm.dll+0xac20c]
V  [jvm.dll+0xac7dc]
V  [jvm.dll+0x2ae7af]
V  [jvm.dll+0x581427]
V  [jvm.dll+0x222602]
V  [jvm.dll+0x21b702]
V  [jvm.dll+0x218f0b]
V  [jvm.dll+0x1a534d]
V  [jvm.dll+0x228d8a]
V  [jvm.dll+0x226dcc]
V  [jvm.dll+0x7ec09b]
V  [jvm.dll+0x7e64ca]
V  [jvm.dll+0x677955]
C  [ucrtbase.dll+0x21bb2]
C  [KERNEL32.DLL+0x17344]
C  [ntdll.dll+0x526b1]


---------------  P R O C E S S  ---------------

Threads class SMR info:
_java_thread_list=0x0000018d299755b0, length=21, elements={
0x0000018d0ee0b600, 0x0000018d0eecc380, 0x0000018d0eecdcf0, 0x0000018d22c8d0e0,
0x0000018d22c8df60, 0x0000018d27f3cbc0, 0x0000018d27f3ec40, 0x0000018d27f414c0,
0x0000018d27f41f70, 0x0000018d27f4cf30, 0x0000018d2807e050, 0x0000018d282933c0,
0x0000018d291300e0, 0x0000018d29837fe0, 0x0000018d299cdbc0, 0x0000018d29c51520,
0x0000018d2973d7b0, 0x0000018d29982ec0, 0x0000018d29981f90, 0x0000018d29981060,
0x0000018d29be88d0
}

Java Threads: ( => current thread )
  0x0000018d0ee0b600 JavaThread "main" [_thread_blocked, id=15544, stack(0x0000002e26400000,0x0000002e26500000)]
  0x0000018d0eecc380 JavaThread "Reference Handler" daemon [_thread_blocked, id=27868, stack(0x0000002e26700000,0x0000002e26800000)]
  0x0000018d0eecdcf0 JavaThread "Finalizer" daemon [_thread_blocked, id=26732, stack(0x0000002e26800000,0x0000002e26900000)]
  0x0000018d22c8d0e0 JavaThread "Signal Dispatcher" daemon [_thread_blocked, id=13380, stack(0x0000002e26a00000,0x0000002e26b00000)]
  0x0000018d22c8df60 JavaThread "Attach Listener" daemon [_thread_blocked, id=21500, stack(0x0000002e26b00000,0x0000002e26c00000)]
  0x0000018d27f3cbc0 JavaThread "Service Thread" daemon [_thread_blocked, id=29460, stack(0x0000002e26c00000,0x0000002e26d00000)]
  0x0000018d27f3ec40 JavaThread "Monitor Deflation Thread" daemon [_thread_blocked, id=14216, stack(0x0000002e26d00000,0x0000002e26e00000)]
=>0x0000018d27f414c0 JavaThread "C2 CompilerThread0" daemon [_thread_in_native, id=22684, stack(0x0000002e26e00000,0x0000002e26f00000)]
  0x0000018d27f41f70 JavaThread "C1 CompilerThread0" daemon [_thread_blocked, id=18192, stack(0x0000002e26f00000,0x0000002e27000000)]
  0x0000018d27f4cf30 JavaThread "Sweeper thread" daemon [_thread_blocked, id=25580, stack(0x0000002e27000000,0x0000002e27100000)]
  0x0000018d2807e050 JavaThread "Common-Cleaner" daemon [_thread_blocked, id=23764, stack(0x0000002e27100000,0x0000002e27200000)]
  0x0000018d282933c0 JavaThread "Notification Thread" daemon [_thread_blocked, id=12384, stack(0x0000002e27200000,0x0000002e27300000)]
  0x0000018d291300e0 JavaThread "Active Thread: Equinox Container: fb2f1b4f-5ee5-4206-aacd-1544338f62ec" [_thread_blocked, id=2024, stack(0x0000002e27500000,0x0000002e27600000)]
  0x0000018d29837fe0 JavaThread "Framework Event Dispatcher: Equinox Container: fb2f1b4f-5ee5-4206-aacd-1544338f62ec" daemon [_thread_blocked, id=20976, stack(0x0000002e27c00000,0x0000002e27d00000)]
  0x0000018d299cdbc0 JavaThread "Start Level: Equinox Container: fb2f1b4f-5ee5-4206-aacd-1544338f62ec" daemon [_thread_in_Java, id=19112, stack(0x0000002e27d00000,0x0000002e27e00000)]
  0x0000018d29c51520 JavaThread "SCR Component Actor" daemon [_thread_blocked, id=9952, stack(0x0000002e27e00000,0x0000002e27f00000)]
  0x0000018d2973d7b0 JavaThread "SCR Component Registry" daemon [_thread_blocked, id=25124, stack(0x0000002e27400000,0x0000002e27500000)]
  0x0000018d29982ec0 JavaThread "Worker-JM" [_thread_blocked, id=25948, stack(0x0000002e28000000,0x0000002e28100000)]
  0x0000018d29981f90 JavaThread "Worker-0" [_thread_blocked, id=3288, stack(0x0000002e28100000,0x0000002e28200000)]
  0x0000018d29981060 JavaThread "Worker-1" [_thread_blocked, id=11160, stack(0x0000002e28200000,0x0000002e28300000)]
  0x0000018d29be88d0 JavaThread "C2 CompilerThread1" daemon [_thread_in_native, id=21188, stack(0x0000002e28300000,0x0000002e28400000)]

Other Threads:
  0x0000018d22c7fbe0 VMThread "VM Thread" [stack: 0x0000002e26600000,0x0000002e26700000] [id=16948]
  0x0000018d282938a0 WatcherThread [stack: 0x0000002e27300000,0x0000002e27400000] [id=24580]
  0x0000018d0ee208a0 GCTaskThread "GC Thread#0" [stack: 0x0000002e26500000,0x0000002e26600000] [id=15208]
  0x0000018d293e2110 GCTaskThread "GC Thread#1" [stack: 0x0000002e27600000,0x0000002e27700000] [id=29348]
  0x0000018d294499c0 GCTaskThread "GC Thread#2" [stack: 0x0000002e27700000,0x0000002e27800000] [id=10592]
  0x0000018d296373f0 GCTaskThread "GC Thread#3" [stack: 0x0000002e27800000,0x0000002e27900000] [id=7396]
  0x0000018d296376b0 GCTaskThread "GC Thread#4" [stack: 0x0000002e27900000,0x0000002e27a00000] [id=22376]
  0x0000018d293a2450 GCTaskThread "GC Thread#5" [stack: 0x0000002e27a00000,0x0000002e27b00000] [id=13660]
  0x0000018d2993c020 GCTaskThread "GC Thread#6" [stack: 0x0000002e27b00000,0x0000002e27c00000] [id=4292]
  0x0000018d293e5020 GCTaskThread "GC Thread#7" [stack: 0x0000002e27f00000,0x0000002e28000000] [id=23384]

Threads with active compile tasks:
C2 CompilerThread0     3177 2326       4       org.lombokweb.asm.ClassReader::readMethod (1066 bytes)
C2 CompilerThread1     3177 2330       4       lombok.patcher.PatchScript$MethodPatcher::visitMethod (158 bytes)

VM state: not at safepoint (normal execution)

VM Mutex/Monitor currently owned by a thread: None

Heap address: 0x00000000c0000000, size: 1024 MB, Compressed Oops mode: 32-bit

CDS archive(s) not mapped
Compressed class space mapped at: 0x0000000100000000-0x0000000140000000, reserved size: 1073741824
Narrow klass base: 0x0000000000000000, Narrow klass shift: 3, Narrow klass range: 0x140000000

GC Precious Log:
 CPUs: 8 total, 8 available
 Memory: 8053M
 Large Page Support: Disabled
 NUMA Support: Disabled
 Compressed Oops: Enabled (32-bit)
 Alignments: Space 512K, Generation 512K, Heap 2M
 Heap Min Capacity: 100M
 Heap Initial Capacity: 100M
 Heap Max Capacity: 1G
 Pre-touch: Disabled
 Parallel Workers: 8

Heap:
 PSYoungGen      total 26112K, used 22511K [0x00000000eab00000, 0x00000000ec880000, 0x0000000100000000)
  eden space 25088K, 87% used [0x00000000eab00000,0x00000000ec059a20,0x00000000ec380000)
  from space 1024K, 63% used [0x00000000ec400000,0x00000000ec4a2480,0x00000000ec500000)
  to   space 2560K, 0% used [0x00000000ec600000,0x00000000ec600000,0x00000000ec880000)
 ParOldGen       total 68608K, used 6621K [0x00000000c0000000, 0x00000000c4300000, 0x00000000eab00000)
  object space 68608K, 9% used [0x00000000c0000000,0x00000000c0677658,0x00000000c4300000)
 Metaspace       used 26654K, committed 27136K, reserved 1114112K
  class space    used 2568K, committed 2816K, reserved 1048576K

Card table byte_map: [0x0000018d0e7b0000,0x0000018d0e9c0000] _byte_map_base: 0x0000018d0e1b0000

Marking Bits: (ParMarkBitMap*) 0x00007ffed2df83a0
 Begin Bits: [0x0000018d20a90000, 0x0000018d21a90000)
 End Bits:   [0x0000018d21a90000, 0x0000018d22a90000)

Polling page: 0x0000018d0cd30000

Metaspace:

Usage:
  Non-class:     23.52 MB used.
      Class:      2.51 MB used.
       Both:     26.03 MB used.

Virtual space:
  Non-class space:       64.00 MB reserved,      23.75 MB ( 37%) committed,  1 nodes.
      Class space:        1.00 GB reserved,       2.75 MB ( <1%) committed,  1 nodes.
             Both:        1.06 GB reserved,      26.50 MB (  2%) committed. 

Chunk freelists:
   Non-Class:  8.22 MB
       Class:  13.30 MB
        Both:  21.52 MB

MaxMetaspaceSize: unlimited
CompressedClassSpaceSize: 1.00 GB
Initial GC threshold: 21.00 MB
Current GC threshold: 35.00 MB
CDS: off
MetaspaceReclaimPolicy: balanced
 - commit_granule_bytes: 65536.
 - commit_granule_words: 8192.
 - virtual_space_node_default_size: 8388608.
 - enlarge_chunks_in_place: 1.
 - new_chunks_are_fully_committed: 0.
 - uncommit_free_chunks: 1.
 - use_allocation_guard: 0.
 - handle_deallocations: 1.


Internal statistics:

num_allocs_failed_limit: 3.
num_arena_births: 272.
num_arena_deaths: 14.
num_vsnodes_births: 2.
num_vsnodes_deaths: 0.
num_space_committed: 424.
num_space_uncommitted: 0.
num_chunks_returned_to_freelist: 17.
num_chunks_taken_from_freelist: 1008.
num_chunk_merges: 7.
num_chunk_splits: 662.
num_chunks_enlarged: 442.
num_inconsistent_stats: 0.

CodeHeap 'non-profiled nmethods': size=120000Kb used=933Kb max_used=933Kb free=119066Kb
 bounds [0x0000018d19560000, 0x0000018d197d0000, 0x0000018d20a90000]
CodeHeap 'profiled nmethods': size=120000Kb used=4663Kb max_used=4663Kb free=115336Kb
 bounds [0x0000018d11a90000, 0x0000018d11f20000, 0x0000018d18fc0000]
CodeHeap 'non-nmethods': size=5760Kb used=1227Kb max_used=1238Kb free=4533Kb
 bounds [0x0000018d18fc0000, 0x0000018d19230000, 0x0000018d19560000]
 total_blobs=2898 nmethods=2359 adapters=453
 compilation: enabled
              stopped_count=0, restarted_count=0
 full_count=0

Compilation events (20 events):
Event: 3.068 Thread 0x0000018d29be88d0 2330       4       lombok.patcher.PatchScript$MethodPatcher::visitMethod (158 bytes)
Event: 3.069 Thread 0x0000018d27f41f70 nmethod 2329% 0x0000018d11ef7010 code [0x0000018d11ef75c0, 0x0000018d11efa1c8]
Event: 3.086 Thread 0x0000018d27f41f70 2335 %     3       org.lombokweb.asm.ClassReader::<init> @ 110 (371 bytes)
Event: 3.088 Thread 0x0000018d27f41f70 nmethod 2335% 0x0000018d11efb390 code [0x0000018d11efb680, 0x0000018d11efc9d8]
Event: 3.088 Thread 0x0000018d27f41f70 2336       3       org.lombokweb.asm.SymbolTable::<init> (536 bytes)
Event: 3.092 Thread 0x0000018d27f41f70 nmethod 2336 0x0000018d11efcf90 code [0x0000018d11efd520, 0x0000018d11effe88]
Event: 3.094 Thread 0x0000018d27f41f70 2337       3       org.lombokweb.asm.MethodVisitor::visitJumpInsn (17 bytes)
Event: 3.094 Thread 0x0000018d27f41f70 nmethod 2337 0x0000018d11f00f90 code [0x0000018d11f01140, 0x0000018d11f01348]
Event: 3.094 Thread 0x0000018d27f41f70 2339       3       org.lombokweb.asm.MethodWriter::visitFrame (811 bytes)
Event: 3.097 Thread 0x0000018d27f41f70 nmethod 2339 0x0000018d11f01410 code [0x0000018d11f01900, 0x0000018d11f03b38]
Event: 3.097 Thread 0x0000018d27f41f70 2340       3       java.lang.String::subSequence (7 bytes)
Event: 3.097 Thread 0x0000018d27f41f70 nmethod 2340 0x0000018d11f04a90 code [0x0000018d11f04c20, 0x0000018d11f04d68]
Event: 3.097 Thread 0x0000018d27f41f70 2338       3       java.util.ArrayList$SubList::toArray (79 bytes)
Event: 3.098 Thread 0x0000018d27f41f70 nmethod 2338 0x0000018d11f04e10 code [0x0000018d11f05000, 0x0000018d11f05688]
Event: 3.122 Thread 0x0000018d27f41f70 2341       3       org.eclipse.core.internal.preferences.EclipsePreferences::internalNode (153 bytes)
Event: 3.124 Thread 0x0000018d27f41f70 nmethod 2341 0x0000018d11f05890 code [0x0000018d11f05cc0, 0x0000018d11f07f18]
Event: 3.124 Thread 0x0000018d27f41f70 2342       3       org.eclipse.core.internal.registry.Handle::<init> (15 bytes)
Event: 3.124 Thread 0x0000018d27f41f70 nmethod 2342 0x0000018d11f08a90 code [0x0000018d11f08c20, 0x0000018d11f08d98]
Event: 3.124 Thread 0x0000018d27f41f70 2343       3       jdk.internal.reflect.ConstructorAccessorImpl::<init> (5 bytes)
Event: 3.124 Thread 0x0000018d27f41f70 nmethod 2343 0x0000018d11f08e90 code [0x0000018d11f09040, 0x0000018d11f091f8]

GC Heap History (12 events):
Event: 1.097 GC heap before
{Heap before GC invocations=1 (full 0):
 PSYoungGen      total 29696K, used 25600K [0x00000000eab00000, 0x00000000ecc00000, 0x0000000100000000)
  eden space 25600K, 100% used [0x00000000eab00000,0x00000000ec400000,0x00000000ec400000)
  from space 4096K, 0% used [0x00000000ec800000,0x00000000ec800000,0x00000000ecc00000)
  to   space 4096K, 0% used [0x00000000ec400000,0x00000000ec400000,0x00000000ec800000)
 ParOldGen       total 68608K, used 0K [0x00000000c0000000, 0x00000000c4300000, 0x00000000eab00000)
  object space 68608K, 0% used [0x00000000c0000000,0x00000000c0000000,0x00000000c4300000)
 Metaspace       used 11014K, committed 11200K, reserved 1114112K
  class space    used 1100K, committed 1216K, reserved 1048576K
}
Event: 1.103 GC heap after
{Heap after GC invocations=1 (full 0):
 PSYoungGen      total 29696K, used 3187K [0x00000000eab00000, 0x00000000ecc00000, 0x0000000100000000)
  eden space 25600K, 0% used [0x00000000eab00000,0x00000000eab00000,0x00000000ec400000)
  from space 4096K, 77% used [0x00000000ec400000,0x00000000ec71cc18,0x00000000ec800000)
  to   space 4096K, 0% used [0x00000000ec800000,0x00000000ec800000,0x00000000ecc00000)
 ParOldGen       total 68608K, used 16K [0x00000000c0000000, 0x00000000c4300000, 0x00000000eab00000)
  object space 68608K, 0% used [0x00000000c0000000,0x00000000c0004000,0x00000000c4300000)
 Metaspace       used 11014K, committed 11200K, reserved 1114112K
  class space    used 1100K, committed 1216K, reserved 1048576K
}
Event: 1.851 GC heap before
{Heap before GC invocations=2 (full 0):
 PSYoungGen      total 29696K, used 28787K [0x00000000eab00000, 0x00000000ecc00000, 0x0000000100000000)
  eden space 25600K, 100% used [0x00000000eab00000,0x00000000ec400000,0x00000000ec400000)
  from space 4096K, 77% used [0x00000000ec400000,0x00000000ec71cc18,0x00000000ec800000)
  to   space 4096K, 0% used [0x00000000ec800000,0x00000000ec800000,0x00000000ecc00000)
 ParOldGen       total 68608K, used 16K [0x00000000c0000000, 0x00000000c4300000, 0x00000000eab00000)
  object space 68608K, 0% used [0x00000000c0000000,0x00000000c0004000,0x00000000c4300000)
 Metaspace       used 15181K, committed 15424K, reserved 1114112K
  class space    used 1541K, committed 1664K, reserved 1048576K
}
Event: 1.857 GC heap after
{Heap after GC invocations=2 (full 0):
 PSYoungGen      total 29696K, used 4088K [0x00000000eab00000, 0x00000000ecc00000, 0x0000000100000000)
  eden space 25600K, 0% used [0x00000000eab00000,0x00000000eab00000,0x00000000ec400000)
  from space 4096K, 99% used [0x00000000ec800000,0x00000000ecbfe118,0x00000000ecc00000)
  to   space 4096K, 0% used [0x00000000ec400000,0x00000000ec400000,0x00000000ec800000)
 ParOldGen       total 68608K, used 706K [0x00000000c0000000, 0x00000000c4300000, 0x00000000eab00000)
  object space 68608K, 1% used [0x00000000c0000000,0x00000000c00b0b70,0x00000000c4300000)
 Metaspace       used 15181K, committed 15424K, reserved 1114112K
  class space    used 1541K, committed 1664K, reserved 1048576K
}
Event: 2.509 GC heap before
{Heap before GC invocations=3 (full 0):
 PSYoungGen      total 29696K, used 29688K [0x00000000eab00000, 0x00000000ecc00000, 0x0000000100000000)
  eden space 25600K, 100% used [0x00000000eab00000,0x00000000ec400000,0x00000000ec400000)
  from space 4096K, 99% used [0x00000000ec800000,0x00000000ecbfe118,0x00000000ecc00000)
  to   space 4096K, 0% used [0x00000000ec400000,0x00000000ec400000,0x00000000ec800000)
 ParOldGen       total 68608K, used 706K [0x00000000c0000000, 0x00000000c4300000, 0x00000000eab00000)
  object space 68608K, 1% used [0x00000000c0000000,0x00000000c00b0b70,0x00000000c4300000)
 Metaspace       used 20199K, committed 20672K, reserved 1114112K
  class space    used 2066K, committed 2240K, reserved 1048576K
}
Event: 2.514 GC heap after
{Heap after GC invocations=3 (full 0):
 PSYoungGen      total 29696K, used 4086K [0x00000000eab00000, 0x00000000ecc00000, 0x0000000100000000)
  eden space 25600K, 0% used [0x00000000eab00000,0x00000000eab00000,0x00000000ec400000)
  from space 4096K, 99% used [0x00000000ec400000,0x00000000ec7fdb20,0x00000000ec800000)
  to   space 4096K, 0% used [0x00000000ec800000,0x00000000ec800000,0x00000000ecc00000)
 ParOldGen       total 68608K, used 2523K [0x00000000c0000000, 0x00000000c4300000, 0x00000000eab00000)
  object space 68608K, 3% used [0x00000000c0000000,0x00000000c0276d70,0x00000000c4300000)
 Metaspace       used 20199K, committed 20672K, reserved 1114112K
  class space    used 2066K, committed 2240K, reserved 1048576K
}
Event: 2.634 GC heap before
{Heap before GC invocations=4 (full 0):
 PSYoungGen      total 29696K, used 9532K [0x00000000eab00000, 0x00000000ecc00000, 0x0000000100000000)
  eden space 25600K, 21% used [0x00000000eab00000,0x00000000eb051648,0x00000000ec400000)
  from space 4096K, 99% used [0x00000000ec400000,0x00000000ec7fdb20,0x00000000ec800000)
  to   space 4096K, 0% used [0x00000000ec800000,0x00000000ec800000,0x00000000ecc00000)
 ParOldGen       total 68608K, used 2523K [0x00000000c0000000, 0x00000000c4300000, 0x00000000eab00000)
  object space 68608K, 3% used [0x00000000c0000000,0x00000000c0276d70,0x00000000c4300000)
 Metaspace       used 21073K, committed 21504K, reserved 1114112K
  class space    used 2164K, committed 2368K, reserved 1048576K
}
Event: 2.637 GC heap after
{Heap after GC invocations=4 (full 0):
 PSYoungGen      total 29696K, used 4071K [0x00000000eab00000, 0x00000000ecc00000, 0x0000000100000000)
  eden space 25600K, 0% used [0x00000000eab00000,0x00000000eab00000,0x00000000ec400000)
  from space 4096K, 99% used [0x00000000ec800000,0x00000000ecbf9e78,0x00000000ecc00000)
  to   space 4096K, 0% used [0x00000000ec400000,0x00000000ec400000,0x00000000ec800000)
 ParOldGen       total 68608K, used 2735K [0x00000000c0000000, 0x00000000c4300000, 0x00000000eab00000)
  object space 68608K, 3% used [0x00000000c0000000,0x00000000c02abf60,0x00000000c4300000)
 Metaspace       used 21073K, committed 21504K, reserved 1114112K
  class space    used 2164K, committed 2368K, reserved 1048576K
}
Event: 2.637 GC heap before
{Heap before GC invocations=5 (full 1):
 PSYoungGen      total 29696K, used 4071K [0x00000000eab00000, 0x00000000ecc00000, 0x0000000100000000)
  eden space 25600K, 0% used [0x00000000eab00000,0x00000000eab00000,0x00000000ec400000)
  from space 4096K, 99% used [0x00000000ec800000,0x00000000ecbf9e78,0x00000000ecc00000)
  to   space 4096K, 0% used [0x00000000ec400000,0x00000000ec400000,0x00000000ec800000)
 ParOldGen       total 68608K, used 2735K [0x00000000c0000000, 0x00000000c4300000, 0x00000000eab00000)
  object space 68608K, 3% used [0x00000000c0000000,0x00000000c02abf60,0x00000000c4300000)
 Metaspace       used 21073K, committed 21504K, reserved 1114112K
  class space    used 2164K, committed 2368K, reserved 1048576K
}
Event: 2.659 GC heap after
{Heap after GC invocations=5 (full 1):
 PSYoungGen      total 29696K, used 0K [0x00000000eab00000, 0x00000000ecc00000, 0x0000000100000000)
  eden space 25600K, 0% used [0x00000000eab00000,0x00000000eab00000,0x00000000ec400000)
  from space 4096K, 0% used [0x00000000ec800000,0x00000000ec800000,0x00000000ecc00000)
  to   space 4096K, 0% used [0x00000000ec400000,0x00000000ec400000,0x00000000ec800000)
 ParOldGen       total 68608K, used 6613K [0x00000000c0000000, 0x00000000c4300000, 0x00000000eab00000)
  object space 68608K, 9% used [0x00000000c0000000,0x00000000c0675658,0x00000000c4300000)
 Metaspace       used 21060K, committed 21504K, reserved 1114112K
  class space    used 2161K, committed 2368K, reserved 1048576K
}
Event: 2.996 GC heap before
{Heap before GC invocations=6 (full 1):
 PSYoungGen      total 29696K, used 25600K [0x00000000eab00000, 0x00000000ecc00000, 0x0000000100000000)
  eden space 25600K, 100% used [0x00000000eab00000,0x00000000ec400000,0x00000000ec400000)
  from space 4096K, 0% used [0x00000000ec800000,0x00000000ec800000,0x00000000ecc00000)
  to   space 4096K, 0% used [0x00000000ec400000,0x00000000ec400000,0x00000000ec800000)
 ParOldGen       total 68608K, used 6613K [0x00000000c0000000, 0x00000000c4300000, 0x00000000eab00000)
  object space 68608K, 9% used [0x00000000c0000000,0x00000000c0675658,0x00000000c4300000)
 Metaspace       used 24507K, committed 24960K, reserved 1114112K
  class space    used 2413K, committed 2624K, reserved 1048576K
}
Event: 2.997 GC heap after
{Heap after GC invocations=6 (full 1):
 PSYoungGen      total 26112K, used 649K [0x00000000eab00000, 0x00000000ec880000, 0x0000000100000000)
  eden space 25088K, 0% used [0x00000000eab00000,0x00000000eab00000,0x00000000ec380000)
  from space 1024K, 63% used [0x00000000ec400000,0x00000000ec4a2480,0x00000000ec500000)
  to   space 2560K, 0% used [0x00000000ec600000,0x00000000ec600000,0x00000000ec880000)
 ParOldGen       total 68608K, used 6621K [0x00000000c0000000, 0x00000000c4300000, 0x00000000eab00000)
  object space 68608K, 9% used [0x00000000c0000000,0x00000000c0677658,0x00000000c4300000)
 Metaspace       used 24507K, committed 24960K, reserved 1114112K
  class space    used 2413K, committed 2624K, reserved 1048576K
}

Dll operation events (9 events):
Event: 0.016 Loaded shared library c:\Users\DELL\.vscode\extensions\redhat.java-1.23.0-win32-x64\jre\17.0.8.1-win32-x86_64\bin\java.dll
Event: 0.254 Loaded shared library c:\Users\DELL\.vscode\extensions\redhat.java-1.23.0-win32-x64\jre\17.0.8.1-win32-x86_64\bin\zip.dll
Event: 0.257 Loaded shared library C:\Users\DELL\.vscode\extensions\redhat.java-1.23.0-win32-x64\jre\17.0.8.1-win32-x86_64\bin\instrument.dll
Event: 0.273 Loaded shared library C:\Users\DELL\.vscode\extensions\redhat.java-1.23.0-win32-x64\jre\17.0.8.1-win32-x86_64\bin\net.dll
Event: 0.275 Loaded shared library C:\Users\DELL\.vscode\extensions\redhat.java-1.23.0-win32-x64\jre\17.0.8.1-win32-x86_64\bin\nio.dll
Event: 0.287 Loaded shared library C:\Users\DELL\.vscode\extensions\redhat.java-1.23.0-win32-x64\jre\17.0.8.1-win32-x86_64\bin\zip.dll
Event: 0.309 Loaded shared library C:\Users\DELL\.vscode\extensions\redhat.java-1.23.0-win32-x64\jre\17.0.8.1-win32-x86_64\bin\jimage.dll
Event: 0.404 Loaded shared library c:\Users\DELL\.vscode\extensions\redhat.java-1.23.0-win32-x64\jre\17.0.8.1-win32-x86_64\bin\verify.dll
Event: 1.659 Loaded shared library C:\Users\DELL\AppData\Roaming\Code\User\globalStorage\redhat.java\1.23.0\config_ss_win\org.eclipse.equinox.launcher\org.eclipse.equinox.launcher.win32.win32.x86_64_1.2.700.v20221108-1024\eclipse_11801.dll

Deoptimization events (20 events):
Event: 2.202 Thread 0x0000018d299cdbc0 Uncommon trap: trap_request=0xffffffc6 fr.pc=0x0000018d19617c44 relative=0x0000000000000d84
Event: 2.202 Thread 0x0000018d299cdbc0 Uncommon trap: reason=bimorphic_or_optimized_type_check action=maybe_recompile pc=0x0000018d19617c44 method=java.io.DataInputStream.readInt()I @ 4 c2
Event: 2.202 Thread 0x0000018d299cdbc0 DEOPT PACKING pc=0x0000018d19617c44 sp=0x0000002e27df85e0
Event: 2.202 Thread 0x0000018d299cdbc0 DEOPT UNPACKING pc=0x0000018d190166a3 sp=0x0000002e27df8590 mode 2
Event: 2.202 Thread 0x0000018d299cdbc0 Uncommon trap: trap_request=0xffffffc6 fr.pc=0x0000018d19617c44 relative=0x0000000000000d84
Event: 2.202 Thread 0x0000018d299cdbc0 Uncommon trap: reason=bimorphic_or_optimized_type_check action=maybe_recompile pc=0x0000018d19617c44 method=java.io.DataInputStream.readInt()I @ 4 c2
Event: 2.202 Thread 0x0000018d299cdbc0 DEOPT PACKING pc=0x0000018d19617c44 sp=0x0000002e27df85e0
Event: 2.202 Thread 0x0000018d299cdbc0 DEOPT UNPACKING pc=0x0000018d190166a3 sp=0x0000002e27df8590 mode 2
Event: 2.202 Thread 0x0000018d299cdbc0 Uncommon trap: trap_request=0xffffffc6 fr.pc=0x0000018d19617c44 relative=0x0000000000000d84
Event: 2.202 Thread 0x0000018d299cdbc0 Uncommon trap: reason=bimorphic_or_optimized_type_check action=maybe_recompile pc=0x0000018d19617c44 method=java.io.DataInputStream.readInt()I @ 4 c2
Event: 2.202 Thread 0x0000018d299cdbc0 DEOPT PACKING pc=0x0000018d19617c44 sp=0x0000002e27df85e0
Event: 2.202 Thread 0x0000018d299cdbc0 DEOPT UNPACKING pc=0x0000018d190166a3 sp=0x0000002e27df8590 mode 2
Event: 2.317 Thread 0x0000018d299cdbc0 Uncommon trap: trap_request=0xffffff45 fr.pc=0x0000018d1959aa34 relative=0x0000000000000c14
Event: 2.317 Thread 0x0000018d299cdbc0 Uncommon trap: reason=unstable_if action=reinterpret pc=0x0000018d1959aa34 method=lombok.patcher.PatchScript.classMatches(Ljava/lang/String;Ljava/util/Collection;)Z @ 25 c2
Event: 2.317 Thread 0x0000018d299cdbc0 DEOPT PACKING pc=0x0000018d1959aa34 sp=0x0000002e27df6ae0
Event: 2.317 Thread 0x0000018d299cdbc0 DEOPT UNPACKING pc=0x0000018d190166a3 sp=0x0000002e27df6aa0 mode 2
Event: 2.529 Thread 0x0000018d299cdbc0 Uncommon trap: trap_request=0xffffff45 fr.pc=0x0000018d195f5bc0 relative=0x0000000000000040
Event: 2.529 Thread 0x0000018d299cdbc0 Uncommon trap: reason=unstable_if action=reinterpret pc=0x0000018d195f5bc0 method=sun.nio.fs.WindowsPathParser.isSlash(C)Z @ 9 c2
Event: 2.529 Thread 0x0000018d299cdbc0 DEOPT PACKING pc=0x0000018d195f5bc0 sp=0x0000002e27df8f40
Event: 2.529 Thread 0x0000018d299cdbc0 DEOPT UNPACKING pc=0x0000018d190166a3 sp=0x0000002e27df8ec8 mode 2

Classes unloaded (7 events):
Event: 2.640 Thread 0x0000018d22c7fbe0 Unloading class 0x000000010021e000 'java/lang/invoke/LambdaForm$MH+0x000000010021e000'
Event: 2.641 Thread 0x0000018d22c7fbe0 Unloading class 0x000000010021dc00 'java/lang/invoke/LambdaForm$MH+0x000000010021dc00'
Event: 2.641 Thread 0x0000018d22c7fbe0 Unloading class 0x000000010021d800 'java/lang/invoke/LambdaForm$MH+0x000000010021d800'
Event: 2.641 Thread 0x0000018d22c7fbe0 Unloading class 0x000000010021d400 'java/lang/invoke/LambdaForm$MH+0x000000010021d400'
Event: 2.641 Thread 0x0000018d22c7fbe0 Unloading class 0x000000010021d000 'java/lang/invoke/LambdaForm$BMH+0x000000010021d000'
Event: 2.641 Thread 0x0000018d22c7fbe0 Unloading class 0x000000010021cc00 'java/lang/invoke/LambdaForm$DMH+0x000000010021cc00'
Event: 2.641 Thread 0x0000018d22c7fbe0 Unloading class 0x000000010021a000 'java/lang/invoke/LambdaForm$DMH+0x000000010021a000'

Classes redefined (0 events):
No events

Internal exceptions (20 events):
Event: 2.335 Thread 0x0000018d299cdbc0 Exception <a 'java/lang/NoSuchMethodError'{0x00000000ebe1e368}: 'int java.lang.invoke.DirectMethodHandle$Holder.invokeSpecial(java.lang.Object, java.lang.Object, java.lang.Object)'> (0x00000000ebe1e368) 
thrown [s\src\hotspot\share\interpreter\linkResolver.cpp, line 759]
Event: 2.336 Thread 0x0000018d299cdbc0 Exception <a 'java/lang/NoSuchMethodError'{0x00000000ebe2fb60}: 'int java.lang.invoke.DirectMethodHandle$Holder.invokeStatic(java.lang.Object, java.lang.Object, int)'> (0x00000000ebe2fb60) 
thrown [s\src\hotspot\share\interpreter\linkResolver.cpp, line 759]
Event: 2.336 Thread 0x0000018d299cdbc0 Exception <a 'java/lang/NoSuchMethodError'{0x00000000ebe33b88}: 'int java.lang.invoke.DirectMethodHandle$Holder.invokeSpecial(java.lang.Object, java.lang.Object, java.lang.Object, int)'> (0x00000000ebe33b88) 
thrown [s\src\hotspot\share\interpreter\linkResolver.cpp, line 759]
Event: 2.338 Thread 0x0000018d299cdbc0 Exception <a 'java/lang/NoSuchMethodError'{0x00000000ebe4f9d8}: 'java.lang.Object java.lang.invoke.DirectMethodHandle$Holder.invokeStatic(java.lang.Object, java.lang.Object, java.lang.Object, java.lang.Object, int)'> (0x00000000ebe4f9d8) 
thrown [s\src\hotspot\share\interpreter\linkResolver.cpp, line 759]
Event: 2.339 Thread 0x0000018d299cdbc0 Exception <a 'java/lang/NoSuchMethodError'{0x00000000ebe5b9d0}: 'java.lang.Object java.lang.invoke.DelegatingMethodHandle$Holder.reinvoke_L(java.lang.Object, java.lang.Object, java.lang.Object, java.lang.Object, int, int)'> (0x00000000ebe5b9d0) 
thrown [s\src\hotspot\share\interpreter\linkResolver.cpp, line 759]
Event: 2.341 Thread 0x0000018d299cdbc0 Exception <a 'java/lang/NoSuchMethodError'{0x00000000ebe702c8}: 'java.lang.Object java.lang.invoke.Invokers$Holder.invokeExact_MT(java.lang.Object, java.lang.Object, java.lang.Object, java.lang.Object)'> (0x00000000ebe702c8) 
thrown [s\src\hotspot\share\interpreter\linkResolver.cpp, line 759]
Event: 2.407 Thread 0x0000018d299cdbc0 Exception <a 'java/io/FileNotFoundException'{0x00000000ec0e23f0}> (0x00000000ec0e23f0) 
thrown [s\src\hotspot\share\prims\jni.cpp, line 516]
Event: 2.496 Thread 0x0000018d299cdbc0 Exception <a 'java/lang/NoSuchMethodError'{0x00000000ec36a900}: 'java.lang.Object java.lang.invoke.DirectMethodHandle$Holder.newInvokeSpecial(java.lang.Object, java.lang.Object, java.lang.Object, java.lang.Object, java.lang.Object)'> (0x00000000ec36a900) 
thrown [s\src\hotspot\share\interpreter\linkResolver.cpp, line 759]
Event: 2.593 Thread 0x0000018d299cdbc0 Exception <a 'java/lang/NoSuchMethodError'{0x00000000eae14420}: 'java.lang.Object java.lang.invoke.DirectMethodHandle$Holder.invokeSpecial(java.lang.Object, java.lang.Object, java.lang.Object, long, java.lang.Object)'> (0x00000000eae14420) 
thrown [s\src\hotspot\share\interpreter\linkResolver.cpp, line 759]
Event: 2.594 Thread 0x0000018d299cdbc0 Exception <a 'java/lang/NoSuchMethodError'{0x00000000eae1c5d8}: 'java.lang.Object java.lang.invoke.DirectMethodHandle$Holder.newInvokeSpecial(java.lang.Object, java.lang.Object, java.lang.Object, long)'> (0x00000000eae1c5d8) 
thrown [s\src\hotspot\share\interpreter\linkResolver.cpp, line 759]
Event: 2.594 Thread 0x0000018d299cdbc0 Exception <a 'java/lang/NoSuchMethodError'{0x00000000eae20b78}: 'java.lang.Object java.lang.invoke.DirectMethodHandle$Holder.invokeSpecial(java.lang.Object, java.lang.Object, java.lang.Object, java.lang.Object, long)'> (0x00000000eae20b78) 
thrown [s\src\hotspot\share\interpreter\linkResolver.cpp, line 759]
Event: 2.594 Thread 0x0000018d299cdbc0 Exception <a 'java/lang/NoSuchMethodError'{0x00000000eae249f0}: 'java.lang.Object java.lang.invoke.Invokers$Holder.linkToTargetMethod(java.lang.Object, java.lang.Object, long, java.lang.Object)'> (0x00000000eae249f0) 
thrown [s\src\hotspot\share\interpreter\linkResolver.cpp, line 759]
Event: 2.605 Thread 0x0000018d299cdbc0 Exception <a 'java/lang/NoSuchMethodError'{0x00000000eaea08f8}: 'int java.lang.invoke.DirectMethodHandle$Holder.invokeStaticInit(java.lang.Object, java.lang.Object, java.lang.Object)'> (0x00000000eaea08f8) 
thrown [s\src\hotspot\share\interpreter\linkResolver.cpp, line 759]
Event: 2.615 Thread 0x0000018d299cdbc0 Exception <a 'java/lang/IncompatibleClassChangeError'{0x00000000eaf09438}: Found class java.lang.Object, but interface was expected> (0x00000000eaf09438) 
thrown [s\src\hotspot\share\interpreter\linkResolver.cpp, line 826]
Event: 2.620 Thread 0x0000018d299cdbc0 Exception <a 'java/lang/NoSuchMethodError'{0x00000000eaf1b7d8}: 'java.lang.Object java.lang.invoke.DirectMethodHandle$Holder.invokeSpecial(java.lang.Object, java.lang.Object, java.lang.Object, int, java.lang.Object, java.lang.Object)'> (0x00000000eaf1b7d8) 
thrown [s\src\hotspot\share\interpreter\linkResolver.cpp, line 759]
Event: 2.621 Thread 0x0000018d299cdbc0 Exception <a 'java/lang/NoSuchMethodError'{0x00000000eaf23f60}: 'java.lang.Object java.lang.invoke.DirectMethodHandle$Holder.newInvokeSpecial(java.lang.Object, java.lang.Object, java.lang.Object, int, java.lang.Object)'> (0x00000000eaf23f60) 
thrown [s\src\hotspot\share\interpreter\linkResolver.cpp, line 759]
Event: 2.621 Thread 0x0000018d299cdbc0 Exception <a 'java/lang/NoSuchMethodError'{0x00000000eaf283b8}: 'java.lang.Object java.lang.invoke.DirectMethodHandle$Holder.invokeSpecial(java.lang.Object, java.lang.Object, java.lang.Object, java.lang.Object, int, java.lang.Object)'> (0x00000000eaf283b8) 
thrown [s\src\hotspot\share\interpreter\linkResolver.cpp, line 759]
Event: 2.622 Thread 0x0000018d29981f90 Exception <a 'java/lang/NoSuchMethodError'{0x00000000eae4e428}: 'java.lang.Object java.lang.invoke.DirectMethodHandle$Holder.invokeSpecial(java.lang.Object, java.lang.Object, int, java.lang.Object, java.lang.Object)'> (0x00000000eae4e428) 
thrown [s\src\hotspot\share\interpreter\linkResolver.cpp, line 759]
Event: 2.623 Thread 0x0000018d29981f90 Exception <a 'java/lang/NoSuchMethodError'{0x00000000eae55af8}: 'java.lang.Object java.lang.invoke.DirectMethodHandle$Holder.newInvokeSpecial(java.lang.Object, java.lang.Object, int, java.lang.Object)'> (0x00000000eae55af8) 
thrown [s\src\hotspot\share\interpreter\linkResolver.cpp, line 759]
Event: 2.623 Thread 0x0000018d29981f90 Exception <a 'java/lang/NoSuchMethodError'{0x00000000eae59608}: 'java.lang.Object java.lang.invoke.DirectMethodHandle$Holder.invokeSpecial(java.lang.Object, java.lang.Object, java.lang.Object, int, java.lang.Object)'> (0x00000000eae59608) 
thrown [s\src\hotspot\share\interpreter\linkResolver.cpp, line 759]

VM Operations (20 events):
Event: 1.475 Executing VM operation: HandshakeAllThreads
Event: 1.475 Executing VM operation: HandshakeAllThreads done
Event: 1.799 Executing VM operation: HandshakeAllThreads
Event: 1.799 Executing VM operation: HandshakeAllThreads done
Event: 1.851 Executing VM operation: ParallelGCFailedAllocation
Event: 1.857 Executing VM operation: ParallelGCFailedAllocation done
Event: 2.203 Executing VM operation: HandshakeAllThreads
Event: 2.203 Executing VM operation: HandshakeAllThreads done
Event: 2.333 Executing VM operation: HandshakeAllThreads
Event: 2.333 Executing VM operation: HandshakeAllThreads done
Event: 2.509 Executing VM operation: ParallelGCFailedAllocation
Event: 2.514 Executing VM operation: ParallelGCFailedAllocation done
Event: 2.633 Executing VM operation: HandshakeAllThreads
Event: 2.633 Executing VM operation: HandshakeAllThreads done
Event: 2.634 Executing VM operation: CollectForMetadataAllocation
Event: 2.662 Executing VM operation: CollectForMetadataAllocation done
Event: 2.983 Executing VM operation: HandshakeAllThreads
Event: 2.983 Executing VM operation: HandshakeAllThreads done
Event: 2.996 Executing VM operation: ParallelGCFailedAllocation
Event: 2.997 Executing VM operation: ParallelGCFailedAllocation done

Events (20 events):
Event: 2.709 loading class java/util/zip/GZIPOutputStream done
Event: 2.733 loading class java/io/StringReader
Event: 2.733 loading class java/io/StringReader done
Event: 2.738 loading class java/util/zip/GZIPInputStream
Event: 2.738 loading class java/util/zip/GZIPInputStream done
Event: 2.745 loading class java/net/SocketTimeoutException
Event: 2.746 loading class java/io/InterruptedIOException
Event: 2.746 loading class java/io/InterruptedIOException done
Event: 2.746 loading class java/net/SocketTimeoutException done
Event: 2.746 loading class java/net/SocketException
Event: 2.746 loading class java/net/SocketException done
Event: 2.746 loading class java/net/UnknownHostException
Event: 2.746 loading class java/net/UnknownHostException done
Event: 2.746 loading class java/net/ProtocolException
Event: 2.746 loading class java/net/ProtocolException done
Event: 2.801 loading class java/io/FileWriter
Event: 2.801 loading class java/io/FileWriter done
Event: 2.830 Thread 0x0000018d29be88d0 Thread added: 0x0000018d29be88d0
Event: 2.853 loading class java/lang/NegativeArraySizeException
Event: 2.853 loading class java/lang/NegativeArraySizeException done


Dynamic libraries:
0x00007ff69b3b0000 - 0x00007ff69b3be000 	c:\Users\DELL\.vscode\extensions\redhat.java-1.23.0-win32-x64\jre\17.0.8.1-win32-x86_64\bin\java.exe
0x00007fff25df0000 - 0x00007fff25fe8000 	C:\WINDOWS\SYSTEM32\ntdll.dll
0x00007fff248a0000 - 0x00007fff2495d000 	C:\WINDOWS\System32\KERNEL32.DLL
0x00007fff236e0000 - 0x00007fff239d6000 	C:\WINDOWS\System32\KERNELBASE.dll
0x00007fff23ad0000 - 0x00007fff23bd0000 	C:\WINDOWS\System32\ucrtbase.dll
0x00007fff1b440000 - 0x00007fff1b457000 	c:\Users\DELL\.vscode\extensions\redhat.java-1.23.0-win32-x64\jre\17.0.8.1-win32-x86_64\bin\jli.dll
0x00007fff24000000 - 0x00007fff2419e000 	C:\WINDOWS\System32\USER32.dll
0x00007fff234d0000 - 0x00007fff234f2000 	C:\WINDOWS\System32\win32u.dll
0x00007fff241a0000 - 0x00007fff241cc000 	C:\WINDOWS\System32\GDI32.dll
0x00007fff23d30000 - 0x00007fff23e4a000 	C:\WINDOWS\System32\gdi32full.dll
0x00007fff239e0000 - 0x00007fff23a7d000 	C:\WINDOWS\System32\msvcp_win.dll
0x00007fff17af0000 - 0x00007fff17b09000 	c:\Users\DELL\.vscode\extensions\redhat.java-1.23.0-win32-x64\jre\17.0.8.1-win32-x86_64\bin\VCRUNTIME140.dll
0x00007fff13280000 - 0x00007fff1351a000 	C:\WINDOWS\WinSxS\amd64_microsoft.windows.common-controls_6595b64144ccf1df_6.0.19041.1110_none_60b5254171f9507e\COMCTL32.dll
0x00007fff24370000 - 0x00007fff2440e000 	C:\WINDOWS\System32\msvcrt.dll
0x00007fff25b10000 - 0x00007fff25b40000 	C:\WINDOWS\System32\IMM32.DLL
0x00007fff18270000 - 0x00007fff1827c000 	c:\Users\DELL\.vscode\extensions\redhat.java-1.23.0-win32-x64\jre\17.0.8.1-win32-x86_64\bin\vcruntime140_1.dll
0x00007ffefc670000 - 0x00007ffefc701000 	c:\Users\DELL\.vscode\extensions\redhat.java-1.23.0-win32-x64\jre\17.0.8.1-win32-x86_64\bin\msvcp140.dll
0x00007ffed2270000 - 0x00007ffed2ebc000 	c:\Users\DELL\.vscode\extensions\redhat.java-1.23.0-win32-x64\jre\17.0.8.1-win32-x86_64\bin\server\jvm.dll
0x00007fff25230000 - 0x00007fff252de000 	C:\WINDOWS\System32\ADVAPI32.dll
0x00007fff24960000 - 0x00007fff249fc000 	C:\WINDOWS\System32\sechost.dll
0x00007fff24770000 - 0x00007fff24896000 	C:\WINDOWS\System32\RPCRT4.dll
0x00007fff22e40000 - 0x00007fff22e8b000 	C:\WINDOWS\SYSTEM32\POWRPROF.dll
0x00007fff124f0000 - 0x00007fff124f9000 	C:\WINDOWS\SYSTEM32\WSOCK32.dll
0x00007fff252e0000 - 0x00007fff2534b000 	C:\WINDOWS\System32\WS2_32.dll
0x00007fff15280000 - 0x00007fff152a7000 	C:\WINDOWS\SYSTEM32\WINMM.dll
0x00007fff1c330000 - 0x00007fff1c33a000 	C:\WINDOWS\SYSTEM32\VERSION.dll
0x00007fff22cd0000 - 0x00007fff22ce2000 	C:\WINDOWS\SYSTEM32\UMPDC.dll
0x00007fff21d40000 - 0x00007fff21d52000 	C:\WINDOWS\SYSTEM32\kernel.appcore.dll
0x00007fff178d0000 - 0x00007fff178da000 	c:\Users\DELL\.vscode\extensions\redhat.java-1.23.0-win32-x64\jre\17.0.8.1-win32-x86_64\bin\jimage.dll
0x00007fff21860000 - 0x00007fff21a44000 	C:\WINDOWS\SYSTEM32\DBGHELP.DLL
0x00007fff11880000 - 0x00007fff118b4000 	C:\WINDOWS\SYSTEM32\dbgcore.DLL
0x00007fff235a0000 - 0x00007fff23622000 	C:\WINDOWS\System32\bcryptPrimitives.dll
0x00007fff178c0000 - 0x00007fff178ce000 	c:\Users\DELL\.vscode\extensions\redhat.java-1.23.0-win32-x64\jre\17.0.8.1-win32-x86_64\bin\instrument.dll
0x00007fff0ecb0000 - 0x00007fff0ecd5000 	c:\Users\DELL\.vscode\extensions\redhat.java-1.23.0-win32-x64\jre\17.0.8.1-win32-x86_64\bin\java.dll
0x00007fff12720000 - 0x00007fff12738000 	c:\Users\DELL\.vscode\extensions\redhat.java-1.23.0-win32-x64\jre\17.0.8.1-win32-x86_64\bin\zip.dll
0x00007fff24ae0000 - 0x00007fff25225000 	C:\WINDOWS\System32\SHELL32.dll
0x00007fff20fa0000 - 0x00007fff2173b000 	C:\WINDOWS\SYSTEM32\windows.storage.dll
0x00007fff24410000 - 0x00007fff24764000 	C:\WINDOWS\System32\combase.dll
0x00007fff22f10000 - 0x00007fff22f3e000 	C:\WINDOWS\SYSTEM32\Wldp.dll
0x00007fff25a60000 - 0x00007fff25b0d000 	C:\WINDOWS\System32\SHCORE.dll
0x00007fff25cf0000 - 0x00007fff25d45000 	C:\WINDOWS\System32\shlwapi.dll
0x00007fff23400000 - 0x00007fff23425000 	C:\WINDOWS\SYSTEM32\profapi.dll
0x00007fff04770000 - 0x00007fff04789000 	C:\Users\DELL\.vscode\extensions\redhat.java-1.23.0-win32-x64\jre\17.0.8.1-win32-x86_64\bin\net.dll
0x00007fff1a940000 - 0x00007fff1aa4a000 	C:\WINDOWS\SYSTEM32\WINHTTP.dll
0x00007fff22bf0000 - 0x00007fff22c5a000 	C:\WINDOWS\system32\mswsock.dll
0x00007fff02980000 - 0x00007fff02995000 	C:\Users\DELL\.vscode\extensions\redhat.java-1.23.0-win32-x64\jre\17.0.8.1-win32-x86_64\bin\nio.dll
0x00007fff173c0000 - 0x00007fff173d0000 	c:\Users\DELL\.vscode\extensions\redhat.java-1.23.0-win32-x64\jre\17.0.8.1-win32-x86_64\bin\verify.dll
0x00007ffefd6d0000 - 0x00007ffefd70e000 	C:\Users\DELL\AppData\Roaming\Code\User\globalStorage\redhat.java\1.23.0\config_ss_win\org.eclipse.equinox.launcher\org.eclipse.equinox.launcher.win32.win32.x86_64_1.2.700.v20221108-1024\eclipse_11801.dll
0x00007fff23ed0000 - 0x00007fff23ffa000 	C:\WINDOWS\System32\ole32.dll

dbghelp: loaded successfully - version: 4.0.5 - missing functions: none
symbol engine: initialized successfully - sym options: 0x614 - pdb path: .;c:\Users\DELL\.vscode\extensions\redhat.java-1.23.0-win32-x64\jre\17.0.8.1-win32-x86_64\bin;C:\WINDOWS\SYSTEM32;C:\WINDOWS\WinSxS\amd64_microsoft.windows.common-controls_6595b64144ccf1df_6.0.19041.1110_none_60b5254171f9507e;c:\Users\DELL\.vscode\extensions\redhat.java-1.23.0-win32-x64\jre\17.0.8.1-win32-x86_64\bin\server;C:\Users\DELL\AppData\Roaming\Code\User\globalStorage\redhat.java\1.23.0\config_ss_win\org.eclipse.equinox.launcher\org.eclipse.equinox.launcher.win32.win32.x86_64_1.2.700.v20221108-1024

VM Arguments:
jvm_args: --add-modules=ALL-SYSTEM --add-opens=java.base/java.util=ALL-UNNAMED --add-opens=java.base/java.lang=ALL-UNNAMED --add-opens=java.base/sun.nio.fs=ALL-UNNAMED -Declipse.application=org.eclipse.jdt.ls.core.id1 -Dosgi.bundles.defaultStartLevel=4 -Declipse.product=org.eclipse.jdt.ls.core.product -Djava.import.generatesMetadataFilesAtProjectRoot=false -DDetectVMInstallationsJob.disabled=true -Dfile.encoding=utf8 -XX:+UseParallelGC -XX:GCTimeRatio=4 -XX:AdaptiveSizePolicyWeight=90 -Dsun.zip.disableMemoryMapping=true -Xmx1G -Xms100m -Xlog:disable -javaagent:c:\Users\DELL\.vscode\extensions\redhat.java-1.23.0-win32-x64\lombok\lombok-1.18.30.jar 
java_command: c:\Users\DELL\.vscode\extensions\redhat.java-1.23.0-win32-x64\server\plugins\org.eclipse.equinox.launcher_1.6.500.v20230717-2134.jar -configuration c:\Users\DELL\AppData\Roaming\Code\User\globalStorage\redhat.java\1.23.0\config_ss_win -data c:\Users\DELL\AppData\Roaming\Code\User\workspaceStorage\72c155e9b7a7fa28bd4b3a5f12094ced\redhat.java\ss_ws
java_class_path (initial): c:\Users\DELL\.vscode\extensions\redhat.java-1.23.0-win32-x64\server\plugins\org.eclipse.equinox.launcher_1.6.500.v20230717-2134.jar
Launcher Type: SUN_STANDARD

[Global flags]
    uintx AdaptiveSizePolicyWeight                 = 90                                        {product} {command line}
     intx CICompilerCount                          = 4                                         {product} {ergonomic}
    uintx GCTimeRatio                              = 4                                         {product} {command line}
   size_t InitialHeapSize                          = 104857600                                 {product} {command line}
   size_t MaxHeapSize                              = 1073741824                                {product} {command line}
   size_t MaxNewSize                               = 357564416                                 {product} {ergonomic}
   size_t MinHeapDeltaBytes                        = 524288                                    {product} {ergonomic}
   size_t MinHeapSize                              = 104857600                                 {product} {command line}
   size_t NewSize                                  = 34603008                                  {product} {ergonomic}
    uintx NonNMethodCodeHeapSize                   = 5839372                                {pd product} {ergonomic}
    uintx NonProfiledCodeHeapSize                  = 122909434                              {pd product} {ergonomic}
   size_t OldSize                                  = 70254592                                  {product} {ergonomic}
    uintx ProfiledCodeHeapSize                     = 122909434                              {pd product} {ergonomic}
    uintx ReservedCodeCacheSize                    = 251658240                              {pd product} {ergonomic}
     bool SegmentedCodeCache                       = true                                      {product} {ergonomic}
   size_t SoftMaxHeapSize                          = 1073741824                             {manageable} {ergonomic}
     bool UseCompressedClassPointers               = true                           {product lp64_product} {ergonomic}
     bool UseCompressedOops                        = true                           {product lp64_product} {ergonomic}
     bool UseLargePagesIndividualAllocation        = false                                  {pd product} {ergonomic}
     bool UseParallelGC                            = true                                      {product} {command line}

Logging:
Log output configuration:
 #0: stdout all=off uptime,level,tags
 #1: stderr all=off uptime,level,tags

Environment Variables:
PATH=C:\Program Files\Common Files\Oracle\Java\javapath;E:\VM\bin\;C:\Program Files (x86)\Common Files\Oracle\Java\javapath;C:\Windows\system32;C:\Windows;C:\Windows\System32\Wbem;C:\Windows\System32\WindowsPowerShell\v1.0\;C:\Program Files (x86)\NVIDIA Corporation\PhysX\Common;C:\WINDOWS\system32;C:\WINDOWS;C:\WINDOWS\System32\Wbem;C:\WINDOWS\System32\WindowsPowerShell\v1.0\;C:\WINDOWS\System32\OpenSSH\;C:\Program Files (x86)\Bitvise SSH Client;C:\Program Files\Git\cmd;C:\Program Files\nodejs\;C:\Program Files (x86)\Intel\Intel(R) Management Engine Components\DAL;C:\Program Files\Intel\Intel(R) Management Engine Components\DAL;C:\Program Files\dotnet\;C:\Users\DELL\AppData\Local\Programs\Python\Python311\;C:\Users\DELL\AppData\Local\Programs\Python\Python311\Scripts\;C:\Program Files\Java\jdk-20\bin;C:\Users\DELL\AppData\Local\Programs\Python\Python311\Scripts\;C:\Users\DELL\AppData\Local\Programs\Python\Python311\;C:\Users\DELL\AppData\Local\Microsoft\WindowsApps;C:\Program Files (x86)\Nmap;C:\Users\DELL\AppData\Roaming\npm;C:\Users\DELL\AppData\Local\Programs\Microsoft VS Code\bin;C:\Program Files\heroku\bin;C:\Program Files\JetBrains\PyCharm Community Edition 2020.3.3\bin;;C:\Program Files\Java\jdk-20\bin\;C:\Users\DELL\AppData\Local\GitHubDesktop\bin
USERNAME=DELL
OS=Windows_NT
PROCESSOR_IDENTIFIER=Intel64 Family 6 Model 158 Stepping 9, GenuineIntel
TMP=C:\Users\DELL\AppData\Local\Temp
TEMP=C:\Users\DELL\AppData\Local\Temp



---------------  S Y S T E M  ---------------

OS:
 Windows 10 , 64 bit Build 19041 (10.0.19041.3393)
OS uptime: 10 days 23:49 hours

CPU: total 8 (initial active 8) (4 cores per cpu, 2 threads per core) family 6 model 158 stepping 9 microcode 0xb4, cx8, cmov, fxsr, ht, mmx, 3dnowpref, sse, sse2, sse3, ssse3, sse4.1, sse4.2, popcnt, lzcnt, tsc, tscinvbit, avx, avx2, aes, erms, clmul, bmi1, bmi2, adx, fma, vzeroupper, clflush, clflushopt
Processor Information for all 8 processors :
  Max Mhz: 2801, Current Mhz: 2800, Mhz Limit: 2772

Memory: 4k page, system-wide physical 8053M (706M free)
TotalPageFile size 12149M (AvailPageFile size 3M)
current process WorkingSet (physical memory assigned to process): 122M, peak: 122M
current process commit charge ("private bytes"): 231M, peak: 232M

vm_info: OpenJDK 64-Bit Server VM (17.0.8.1+1) for windows-amd64 JRE (17.0.8.1+1), built on Aug 23 2023 15:29:17 by "admin" with MS VC++ 16.7 (VS2019)

END.
