#
# There is insufficient memory for the Java Runtime Environment to continue.
# Native memory allocation (mmap) failed to map 65536 bytes for Failed to commit metaspace.
# Possible reasons:
#   The system is out of physical RAM or swap space
#   The process is running with CompressedOops enabled, and the Java Heap may be blocking the growth of the native heap
# Possible solutions:
#   Reduce memory load on the system
#   Increase physical memory or swap space
#   Check if swap backing store is full
#   Decrease Java heap size (-Xmx/-Xms)
#   Decrease number of Java threads
#   Decrease Java thread stack sizes (-Xss)
#   Set larger code cache with -XX:ReservedCodeCacheSize=
#   JVM is running with Unscaled Compressed Oops mode in which the Java heap is
#     placed in the first 4GB address space. The Java Heap base address is the
#     maximum limit for the native heap growth. Please use -XX:HeapBaseMinAddress
#     to set the Java Heap base and to place the Java Heap above 4GB virtual address.
# This output file may be truncated or incomplete.
#
#  Out of Memory Error (virtualSpaceNode.cpp:110), pid=1756, tid=17868
#
# JRE version: OpenJDK Runtime Environment Temurin-17.0.8.1+1 (17.0.8.1+1) (build 17.0.8.1+1)
# Java VM: OpenJDK 64-Bit Server VM Temurin-17.0.8.1+1 (17.0.8.1+1, mixed mode, tiered, compressed oops, compressed class ptrs, parallel gc, windows-amd64)
# No core dump will be written. Minidumps are not enabled by default on client versions of Windows
#

---------------  S U M M A R Y ------------

Command Line: --add-modules=ALL-SYSTEM --add-opens=java.base/java.util=ALL-UNNAMED --add-opens=java.base/java.lang=ALL-UNNAMED --add-opens=java.base/sun.nio.fs=ALL-UNNAMED -Declipse.application=org.eclipse.jdt.ls.core.id1 -Dosgi.bundles.defaultStartLevel=4 -Declipse.product=org.eclipse.jdt.ls.core.product -Djava.import.generatesMetadataFilesAtProjectRoot=false -DDetectVMInstallationsJob.disabled=true -Dfile.encoding=utf8 -XX:+UseParallelGC -XX:GCTimeRatio=4 -XX:AdaptiveSizePolicyWeight=90 -Dsun.zip.disableMemoryMapping=true -Xmx1G -Xms100m -Xlog:disable -javaagent:c:\Users\DELL\.vscode\extensions\redhat.java-1.23.0-win32-x64\lombok\lombok-1.18.30.jar c:\Users\DELL\.vscode\extensions\redhat.java-1.23.0-win32-x64\server\plugins\org.eclipse.equinox.launcher_1.6.500.v20230717-2134.jar -configuration c:\Users\DELL\AppData\Roaming\Code\User\globalStorage\redhat.java\1.23.0\config_ss_win -data c:\Users\DELL\AppData\Roaming\Code\User\workspaceStorage\72c155e9b7a7fa28bd4b3a5f12094ced\redhat.java\ss_ws

Host: Intel(R) Core(TM) i7-7700HQ CPU @ 2.80GHz, 8 cores, 7G,  Windows 10 , 64 bit Build 19041 (10.0.19041.3393)
Time: Sun Oct  8 02:39:10 2023 India Standard Time elapsed time: 0.309354 seconds (0d 0h 0m 0s)

---------------  T H R E A D  ---------------

Current thread (0x0000028c5d538a60):  JavaThread "main" [_thread_in_vm, id=17868, stack(0x000000a2c5900000,0x000000a2c5a00000)]

Stack: [0x000000a2c5900000,0x000000a2c5a00000]
Native frames: (J=compiled Java code, j=interpreted, Vv=VM code, C=native code)
V  [jvm.dll+0x678b0a]
V  [jvm.dll+0x835e84]
V  [jvm.dll+0x83762e]
V  [jvm.dll+0x837c93]
V  [jvm.dll+0x24746f]
V  [jvm.dll+0x831f1b]
V  [jvm.dll+0x61d3c6]
V  [jvm.dll+0x61d42a]
V  [jvm.dll+0x61fc5a]
V  [jvm.dll+0x61dd66]
V  [jvm.dll+0x23b9ff]
V  [jvm.dll+0x627c05]
V  [jvm.dll+0x1eb90b]
V  [jvm.dll+0x1ebe45]
V  [jvm.dll+0x1ec87f]
V  [jvm.dll+0x1e1d21]
V  [jvm.dll+0x53fba0]
V  [jvm.dll+0x1f2607]
V  [jvm.dll+0x7b06ab]
V  [jvm.dll+0x7b1a52]
V  [jvm.dll+0x7b1d88]
V  [jvm.dll+0x23f76e]
V  [jvm.dll+0x3818fe]
C  0x0000028c68edae05

Java frames: (J=compiled Java code, j=interpreted, Vv=VM code)
j  sun.net.www.URLConnection.<init>(Ljava/net/URL;)V+11 java.base@17.0.8.1
j  sun.net.www.protocol.file.FileURLConnection.<init>(Ljava/net/URL;Ljava/io/File;)V+2 java.base@17.0.8.1
j  sun.net.www.protocol.file.Handler.createFileURLConnection(Ljava/net/URL;Ljava/io/File;)Ljava/net/URLConnection;+6 java.base@17.0.8.1
j  sun.net.www.protocol.file.Handler.openConnection(Ljava/net/URL;Ljava/net/Proxy;)Ljava/net/URLConnection;+79 java.base@17.0.8.1
j  sun.net.www.protocol.file.Handler.openConnection(Ljava/net/URL;)Ljava/net/URLConnection;+3 java.base@17.0.8.1
j  java.net.URL.openConnection()Ljava/net/URLConnection;+5 java.base@17.0.8.1
j  sun.net.www.protocol.jar.JarURLConnection.<init>(Ljava/net/URL;Lsun/net/www/protocol/jar/Handler;)V+18 java.base@17.0.8.1
j  sun.net.www.protocol.jar.Handler.openConnection(Ljava/net/URL;)Ljava/net/URLConnection;+6 java.base@17.0.8.1
j  java.net.URL.openConnection()Ljava/net/URLConnection;+5 java.base@17.0.8.1
j  java.net.URL.openStream()Ljava/io/InputStream;+1 java.base@17.0.8.1
j  lombok.launch.ShadowClassLoader.urlToDefineClass(Ljava/lang/String;Ljava/net/URL;Z)Ljava/lang/Class;+4
j  lombok.launch.ShadowClassLoader.loadClass(Ljava/lang/String;Z)Ljava/lang/Class;+238
j  java.lang.ClassLoader.loadClass(Ljava/lang/String;)Ljava/lang/Class;+3 java.base@17.0.8.1
j  lombok.launch.Agent.runLauncher(Ljava/lang/String;Ljava/lang/instrument/Instrumentation;Z)V+7
j  lombok.launch.Agent.premain(Ljava/lang/String;Ljava/lang/instrument/Instrumentation;)V+3
v  ~StubRoutines::call_stub
j  jdk.internal.reflect.NativeMethodAccessorImpl.invoke0(Ljava/lang/reflect/Method;Ljava/lang/Object;[Ljava/lang/Object;)Ljava/lang/Object;+0 java.base@17.0.8.1
j  jdk.internal.reflect.NativeMethodAccessorImpl.invoke(Ljava/lang/Object;[Ljava/lang/Object;)Ljava/lang/Object;+133 java.base@17.0.8.1
j  jdk.internal.reflect.DelegatingMethodAccessorImpl.invoke(Ljava/lang/Object;[Ljava/lang/Object;)Ljava/lang/Object;+6 java.base@17.0.8.1
j  java.lang.reflect.Method.invoke(Ljava/lang/Object;[Ljava/lang/Object;)Ljava/lang/Object;+59 java.base@17.0.8.1
j  sun.instrument.InstrumentationImpl.loadClassAndStartAgent(Ljava/lang/String;Ljava/lang/String;Ljava/lang/String;)V+166 java.instrument@17.0.8.1
j  sun.instrument.InstrumentationImpl.loadClassAndCallPremain(Ljava/lang/String;Ljava/lang/String;)V+6 java.instrument@17.0.8.1
v  ~StubRoutines::call_stub

---------------  P R O C E S S  ---------------

Threads class SMR info:
_java_thread_list=0x0000028c7872d240, length=12, elements={
0x0000028c5d538a60, 0x0000028c78586750, 0x0000028c78587ff0, 0x0000028c73304ee0,
0x0000028c73305d60, 0x0000028c73306be0, 0x0000028c73307e40, 0x0000028c785a5910,
0x0000028c785abed0, 0x0000028c785b5ef0, 0x0000028c7862d350, 0x0000028c5d5f5dc0
}

Java Threads: ( => current thread )
=>0x0000028c5d538a60 JavaThread "main" [_thread_in_vm, id=17868, stack(0x000000a2c5900000,0x000000a2c5a00000)]
  0x0000028c78586750 JavaThread "Reference Handler" daemon [_thread_blocked, id=26408, stack(0x000000a2c5c00000,0x000000a2c5d00000)]
  0x0000028c78587ff0 JavaThread "Finalizer" daemon [_thread_blocked, id=19568, stack(0x000000a2c5d00000,0x000000a2c5e00000)]
  0x0000028c73304ee0 JavaThread "Signal Dispatcher" daemon [_thread_blocked, id=9328, stack(0x000000a2c5e00000,0x000000a2c5f00000)]
  0x0000028c73305d60 JavaThread "Attach Listener" daemon [_thread_blocked, id=18660, stack(0x000000a2c5f00000,0x000000a2c6000000)]
  0x0000028c73306be0 JavaThread "Service Thread" daemon [_thread_blocked, id=24200, stack(0x000000a2c6000000,0x000000a2c6100000)]
  0x0000028c73307e40 JavaThread "Monitor Deflation Thread" daemon [_thread_blocked, id=27832, stack(0x000000a2c6100000,0x000000a2c6200000)]
  0x0000028c785a5910 JavaThread "C2 CompilerThread0" daemon [_thread_blocked, id=13596, stack(0x000000a2c6200000,0x000000a2c6300000)]
  0x0000028c785abed0 JavaThread "C1 CompilerThread0" daemon [_thread_blocked, id=8680, stack(0x000000a2c6300000,0x000000a2c6400000)]
  0x0000028c785b5ef0 JavaThread "Sweeper thread" daemon [_thread_blocked, id=12504, stack(0x000000a2c6400000,0x000000a2c6500000)]
  0x0000028c7862d350 JavaThread "Common-Cleaner" daemon [_thread_blocked, id=20992, stack(0x000000a2c6500000,0x000000a2c6600000)]
  0x0000028c5d5f5dc0 JavaThread "C2 CompilerThread1" daemon [_thread_blocked, id=26208, stack(0x000000a2c6600000,0x000000a2c6700000)]

Other Threads:
  0x0000028c78570c20 VMThread "VM Thread" [stack: 0x000000a2c5b00000,0x000000a2c5c00000] [id=4340]
  0x0000028c5d54caf0 GCTaskThread "GC Thread#0" [stack: 0x000000a2c5a00000,0x000000a2c5b00000] [id=7912]

Threads with active compile tasks:

VM state: not at safepoint (normal execution)

VM Mutex/Monitor currently owned by a thread:  ([mutex/lock_event])
[0x0000028c5d534ff0] Metaspace_lock - owner thread: 0x0000028c5d538a60

Heap address: 0x00000000c0000000, size: 1024 MB, Compressed Oops mode: 32-bit

CDS archive(s) not mapped
Compressed class space mapped at: 0x0000000100000000-0x0000000140000000, reserved size: 1073741824
Narrow klass base: 0x0000000000000000, Narrow klass shift: 3, Narrow klass range: 0x140000000

GC Precious Log:
 CPUs: 8 total, 8 available
 Memory: 8053M
 Large Page Support: Disabled
 NUMA Support: Disabled
 Compressed Oops: Enabled (32-bit)
 Alignments: Space 512K, Generation 512K, Heap 2M
 Heap Min Capacity: 100M
 Heap Initial Capacity: 100M
 Heap Max Capacity: 1G
 Pre-touch: Disabled
 Parallel Workers: 8

Heap:
 PSYoungGen      total 29696K, used 3093K [0x00000000eab00000, 0x00000000ecc00000, 0x0000000100000000)
  eden space 25600K, 12% used [0x00000000eab00000,0x00000000eae05400,0x00000000ec400000)
  from space 4096K, 0% used [0x00000000ec800000,0x00000000ec800000,0x00000000ecc00000)
  to   space 4096K, 0% used [0x00000000ec400000,0x00000000ec400000,0x00000000ec800000)
 ParOldGen       total 68608K, used 0K [0x00000000c0000000, 0x00000000c4300000, 0x00000000eab00000)
  object space 68608K, 0% used [0x00000000c0000000,0x00000000c0000000,0x00000000c4300000)
 Metaspace       used 5840K, committed 5952K, reserved 1114112K
  class space    used 558K, committed 640K, reserved 1048576K

Card table byte_map: [0x0000028c70b80000,0x0000028c70d90000] _byte_map_base: 0x0000028c70580000

Marking Bits: (ParMarkBitMap*) 0x00007ffed2df83a0
 Begin Bits: [0x0000028c70ef0000, 0x0000028c71ef0000)
 End Bits:   [0x0000028c71ef0000, 0x0000028c72ef0000)

Polling page: 0x0000028c61970000

Metaspace:

Usage:
  Non-class:      5.16 MB used.
      Class:    558.72 KB used.
       Both:      5.70 MB used.

Virtual space:
  Non-class space:       64.00 MB reserved,       5.19 MB (  8%) committed,  1 nodes.
      Class space:        1.00 GB reserved,     640.00 KB ( <1%) committed,  1 nodes.
             Both:        1.06 GB reserved,       5.81 MB ( <1%) committed. 

Chunk freelists:
   Non-Class:  10.46 MB
       Class:  15.25 MB
        Both:  25.71 MB

MaxMetaspaceSize: unlimited
CompressedClassSpaceSize: 1.00 GB
Initial GC threshold: 21.00 MB
Current GC threshold: 21.00 MB
CDS: off
MetaspaceReclaimPolicy: balanced
 - commit_granule_bytes: 65536.
 - commit_granule_words: 8192.
 - virtual_space_node_default_size: 8388608.
 - enlarge_chunks_in_place: 1.
 - new_chunks_are_fully_committed: 0.
 - uncommit_free_chunks: 1.
 - use_allocation_guard: 0.
 - handle_deallocations: 1.


Internal statistics:

num_allocs_failed_limit: 0.
num_arena_births: 8.
num_arena_deaths: 0.
num_vsnodes_births: 2.
num_vsnodes_deaths: 0.
num_space_committed: 93.
num_space_uncommitted: 0.
num_chunks_returned_to_freelist: 0.
num_chunks_taken_from_freelist: 22.
num_chunk_merges: 0.
num_chunk_splits: 10.
num_chunks_enlarged: 6.
num_inconsistent_stats: 0.

CodeHeap 'non-profiled nmethods': size=120000Kb used=74Kb max_used=74Kb free=119925Kb
 bounds [0x0000028c69460000, 0x0000028c696d0000, 0x0000028c70990000]
CodeHeap 'profiled nmethods': size=120000Kb used=337Kb max_used=337Kb free=119662Kb
 bounds [0x0000028c61990000, 0x0000028c61c00000, 0x0000028c68ec0000]
CodeHeap 'non-nmethods': size=5760Kb used=1094Kb max_used=1109Kb free=4665Kb
 bounds [0x0000028c68ec0000, 0x0000028c69130000, 0x0000028c69460000]
 total_blobs=649 nmethods=277 adapters=287
 compilation: enabled
              stopped_count=0, restarted_count=0
 full_count=0

Compilation events (20 events):
Event: 0.302 Thread 0x0000028c785abed0 nmethod 254 0x0000028c619d8290 code [0x0000028c619d8440, 0x0000028c619d8718]
Event: 0.302 Thread 0x0000028c785abed0  255       3       java.util.zip.ZipUtils::CENSIZ (9 bytes)
Event: 0.302 Thread 0x0000028c785abed0 nmethod 255 0x0000028c619d8890 code [0x0000028c619d8a40, 0x0000028c619d8d18]
Event: 0.302 Thread 0x0000028c785abed0  256       3       java.util.zip.ZipCoder$UTF8ZipCoder::toString (12 bytes)
Event: 0.302 Thread 0x0000028c785abed0 nmethod 256 0x0000028c619d8e90 code [0x0000028c619d9040, 0x0000028c619d91e8]
Event: 0.302 Thread 0x0000028c785abed0  257       3       java.util.zip.ZipFile$Source::getEntryPos (9 bytes)
Event: 0.302 Thread 0x0000028c785abed0 nmethod 257 0x0000028c619d9310 code [0x0000028c619d94a0, 0x0000028c619d95d8]
Event: 0.302 Thread 0x0000028c785abed0  258       3       java.lang.System$2::newStringUTF8NoRepl (7 bytes)
Event: 0.303 Thread 0x0000028c785abed0 nmethod 258 0x0000028c619d9690 code [0x0000028c619d9820, 0x0000028c619d9968]
Event: 0.303 Thread 0x0000028c785abed0  259       3       java.lang.String::newStringUTF8NoRepl (274 bytes)
Event: 0.304 Thread 0x0000028c785abed0 nmethod 259 0x0000028c619d9a10 code [0x0000028c619d9cc0, 0x0000028c619dac98]
Event: 0.304 Thread 0x0000028c785a5910  272 %     4       java.lang.StringCoding::hasNegatives @ 2 (25 bytes)
Event: 0.304 Thread 0x0000028c785abed0  260       3       java.util.zip.ZipFile::getZipEntry (322 bytes)
Event: 0.307 Thread 0x0000028c785abed0 nmethod 260 0x0000028c619db210 code [0x0000028c619db660, 0x0000028c619ddb98]
Event: 0.307 Thread 0x0000028c785abed0  270       3       java.lang.String::endsWith (15 bytes)
Event: 0.307 Thread 0x0000028c785a5910 nmethod 272% 0x0000028c69472410 code [0x0000028c694725a0, 0x0000028c69472798]
Event: 0.307 Thread 0x0000028c785abed0 nmethod 270 0x0000028c619dea90 code [0x0000028c619dec60, 0x0000028c619defa8]
Event: 0.307 Thread 0x0000028c785abed0  261       3       java.util.jar.JavaUtilJarAccessImpl::entryFor (6 bytes)
Event: 0.307 Thread 0x0000028c785abed0 nmethod 261 0x0000028c619df190 code [0x0000028c619df340, 0x0000028c619df668]
Event: 0.307 Thread 0x0000028c785abed0  262       3       java.util.jar.JarFile::entryFor (10 bytes)

GC Heap History (0 events):
No events

Dll operation events (7 events):
Event: 0.010 Loaded shared library c:\Users\DELL\.vscode\extensions\redhat.java-1.23.0-win32-x64\jre\17.0.8.1-win32-x86_64\bin\java.dll
Event: 0.247 Loaded shared library c:\Users\DELL\.vscode\extensions\redhat.java-1.23.0-win32-x64\jre\17.0.8.1-win32-x86_64\bin\zip.dll
Event: 0.250 Loaded shared library C:\Users\DELL\.vscode\extensions\redhat.java-1.23.0-win32-x64\jre\17.0.8.1-win32-x86_64\bin\instrument.dll
Event: 0.264 Loaded shared library C:\Users\DELL\.vscode\extensions\redhat.java-1.23.0-win32-x64\jre\17.0.8.1-win32-x86_64\bin\net.dll
Event: 0.266 Loaded shared library C:\Users\DELL\.vscode\extensions\redhat.java-1.23.0-win32-x64\jre\17.0.8.1-win32-x86_64\bin\nio.dll
Event: 0.272 Loaded shared library C:\Users\DELL\.vscode\extensions\redhat.java-1.23.0-win32-x64\jre\17.0.8.1-win32-x86_64\bin\zip.dll
Event: 0.288 Loaded shared library C:\Users\DELL\.vscode\extensions\redhat.java-1.23.0-win32-x64\jre\17.0.8.1-win32-x86_64\bin\jimage.dll

Deoptimization events (0 events):
No events

Classes unloaded (0 events):
No events

Classes redefined (0 events):
No events

Internal exceptions (1 events):
Event: 0.222 Thread 0x0000028c5d538a60 Exception <a 'java/lang/NoSuchMethodError'{0x00000000eacb25b0}: 'void java.lang.invoke.DirectMethodHandle$Holder.invokeStatic(java.lang.Object, java.lang.Object, java.lang.Object)'> (0x00000000eacb25b0) 
thrown [s\src\hotspot\share\interpreter\linkResolver.cpp, line 759]

VM Operations (2 events):
Event: 0.230 Executing VM operation: HandshakeAllThreads
Event: 0.230 Executing VM operation: HandshakeAllThreads done

Events (20 events):
Event: 0.298 loading class java/util/WeakHashMap$HashIterator
Event: 0.298 loading class java/util/WeakHashMap$HashIterator done
Event: 0.298 loading class java/util/WeakHashMap$EntryIterator done
Event: 0.299 loading class java/util/zip/ZipFile$ZipEntryIterator
Event: 0.299 loading class java/util/zip/ZipFile$ZipEntryIterator done
Event: 0.305 loading class sun/net/www/protocol/jar/JarURLConnection
Event: 0.305 loading class java/net/JarURLConnection
Event: 0.305 loading class java/net/URLConnection
Event: 0.306 loading class java/net/URLConnection done
Event: 0.306 loading class java/net/JarURLConnection done
Event: 0.306 loading class sun/net/www/protocol/jar/JarURLConnection done
Event: 0.306 loading class sun/net/www/protocol/jar/JarFileFactory
Event: 0.306 loading class sun/net/www/protocol/jar/URLJarFile$URLJarFileCloseController
Event: 0.306 loading class sun/net/www/protocol/jar/URLJarFile$URLJarFileCloseController done
Event: 0.306 loading class sun/net/www/protocol/jar/JarFileFactory done
Event: 0.306 loading class sun/net/www/protocol/file/FileURLConnection
Event: 0.307 loading class sun/net/www/URLConnection
Event: 0.307 loading class sun/net/www/URLConnection done
Event: 0.307 loading class sun/net/www/protocol/file/FileURLConnection done
Event: 0.307 loading class sun/net/www/MessageHeader


Dynamic libraries:
0x00007ff69b3b0000 - 0x00007ff69b3be000 	c:\Users\DELL\.vscode\extensions\redhat.java-1.23.0-win32-x64\jre\17.0.8.1-win32-x86_64\bin\java.exe
0x00007fff25df0000 - 0x00007fff25fe8000 	C:\WINDOWS\SYSTEM32\ntdll.dll
0x00007fff248a0000 - 0x00007fff2495d000 	C:\WINDOWS\System32\KERNEL32.DLL
0x00007fff236e0000 - 0x00007fff239d6000 	C:\WINDOWS\System32\KERNELBASE.dll
0x00007fff23ad0000 - 0x00007fff23bd0000 	C:\WINDOWS\System32\ucrtbase.dll
0x00007fff1b440000 - 0x00007fff1b457000 	c:\Users\DELL\.vscode\extensions\redhat.java-1.23.0-win32-x64\jre\17.0.8.1-win32-x86_64\bin\jli.dll
0x00007fff24000000 - 0x00007fff2419e000 	C:\WINDOWS\System32\USER32.dll
0x00007fff234d0000 - 0x00007fff234f2000 	C:\WINDOWS\System32\win32u.dll
0x00007fff241a0000 - 0x00007fff241cc000 	C:\WINDOWS\System32\GDI32.dll
0x00007fff23d30000 - 0x00007fff23e4a000 	C:\WINDOWS\System32\gdi32full.dll
0x00007fff239e0000 - 0x00007fff23a7d000 	C:\WINDOWS\System32\msvcp_win.dll
0x00007fff17af0000 - 0x00007fff17b09000 	c:\Users\DELL\.vscode\extensions\redhat.java-1.23.0-win32-x64\jre\17.0.8.1-win32-x86_64\bin\VCRUNTIME140.dll
0x00007fff13280000 - 0x00007fff1351a000 	C:\WINDOWS\WinSxS\amd64_microsoft.windows.common-controls_6595b64144ccf1df_6.0.19041.1110_none_60b5254171f9507e\COMCTL32.dll
0x00007fff24370000 - 0x00007fff2440e000 	C:\WINDOWS\System32\msvcrt.dll
0x00007fff25b10000 - 0x00007fff25b40000 	C:\WINDOWS\System32\IMM32.DLL
0x00007fff18270000 - 0x00007fff1827c000 	c:\Users\DELL\.vscode\extensions\redhat.java-1.23.0-win32-x64\jre\17.0.8.1-win32-x86_64\bin\vcruntime140_1.dll
0x00007ffefc670000 - 0x00007ffefc701000 	c:\Users\DELL\.vscode\extensions\redhat.java-1.23.0-win32-x64\jre\17.0.8.1-win32-x86_64\bin\msvcp140.dll
0x00007ffed2270000 - 0x00007ffed2ebc000 	c:\Users\DELL\.vscode\extensions\redhat.java-1.23.0-win32-x64\jre\17.0.8.1-win32-x86_64\bin\server\jvm.dll
0x00007fff25230000 - 0x00007fff252de000 	C:\WINDOWS\System32\ADVAPI32.dll
0x00007fff24960000 - 0x00007fff249fc000 	C:\WINDOWS\System32\sechost.dll
0x00007fff24770000 - 0x00007fff24896000 	C:\WINDOWS\System32\RPCRT4.dll
0x00007fff124f0000 - 0x00007fff124f9000 	C:\WINDOWS\SYSTEM32\WSOCK32.dll
0x00007fff252e0000 - 0x00007fff2534b000 	C:\WINDOWS\System32\WS2_32.dll
0x00007fff1c330000 - 0x00007fff1c33a000 	C:\WINDOWS\SYSTEM32\VERSION.dll
0x00007fff15280000 - 0x00007fff152a7000 	C:\WINDOWS\SYSTEM32\WINMM.dll
0x00007fff22e40000 - 0x00007fff22e8b000 	C:\WINDOWS\SYSTEM32\POWRPROF.dll
0x00007fff22cd0000 - 0x00007fff22ce2000 	C:\WINDOWS\SYSTEM32\UMPDC.dll
0x00007fff21d40000 - 0x00007fff21d52000 	C:\WINDOWS\SYSTEM32\kernel.appcore.dll
0x00007fff178d0000 - 0x00007fff178da000 	c:\Users\DELL\.vscode\extensions\redhat.java-1.23.0-win32-x64\jre\17.0.8.1-win32-x86_64\bin\jimage.dll
0x00007fff21860000 - 0x00007fff21a44000 	C:\WINDOWS\SYSTEM32\DBGHELP.DLL
0x00007fff11880000 - 0x00007fff118b4000 	C:\WINDOWS\SYSTEM32\dbgcore.DLL
0x00007fff235a0000 - 0x00007fff23622000 	C:\WINDOWS\System32\bcryptPrimitives.dll
0x00007fff178c0000 - 0x00007fff178ce000 	c:\Users\DELL\.vscode\extensions\redhat.java-1.23.0-win32-x64\jre\17.0.8.1-win32-x86_64\bin\instrument.dll
0x00007fff0ecb0000 - 0x00007fff0ecd5000 	c:\Users\DELL\.vscode\extensions\redhat.java-1.23.0-win32-x64\jre\17.0.8.1-win32-x86_64\bin\java.dll
0x00007fff12720000 - 0x00007fff12738000 	c:\Users\DELL\.vscode\extensions\redhat.java-1.23.0-win32-x64\jre\17.0.8.1-win32-x86_64\bin\zip.dll
0x00007fff24ae0000 - 0x00007fff25225000 	C:\WINDOWS\System32\SHELL32.dll
0x00007fff20fa0000 - 0x00007fff2173b000 	C:\WINDOWS\SYSTEM32\windows.storage.dll
0x00007fff24410000 - 0x00007fff24764000 	C:\WINDOWS\System32\combase.dll
0x00007fff22f10000 - 0x00007fff22f3e000 	C:\WINDOWS\SYSTEM32\Wldp.dll
0x00007fff25a60000 - 0x00007fff25b0d000 	C:\WINDOWS\System32\SHCORE.dll
0x00007fff25cf0000 - 0x00007fff25d45000 	C:\WINDOWS\System32\shlwapi.dll
0x00007fff23400000 - 0x00007fff23425000 	C:\WINDOWS\SYSTEM32\profapi.dll
0x00007fff04770000 - 0x00007fff04789000 	C:\Users\DELL\.vscode\extensions\redhat.java-1.23.0-win32-x64\jre\17.0.8.1-win32-x86_64\bin\net.dll
0x00007fff1a940000 - 0x00007fff1aa4a000 	C:\WINDOWS\SYSTEM32\WINHTTP.dll
0x00007fff22bf0000 - 0x00007fff22c5a000 	C:\WINDOWS\system32\mswsock.dll
0x00007fff02980000 - 0x00007fff02995000 	C:\Users\DELL\.vscode\extensions\redhat.java-1.23.0-win32-x64\jre\17.0.8.1-win32-x86_64\bin\nio.dll

dbghelp: loaded successfully - version: 4.0.5 - missing functions: none
symbol engine: initialized successfully - sym options: 0x614 - pdb path: .;c:\Users\DELL\.vscode\extensions\redhat.java-1.23.0-win32-x64\jre\17.0.8.1-win32-x86_64\bin;C:\WINDOWS\SYSTEM32;C:\WINDOWS\WinSxS\amd64_microsoft.windows.common-controls_6595b64144ccf1df_6.0.19041.1110_none_60b5254171f9507e;c:\Users\DELL\.vscode\extensions\redhat.java-1.23.0-win32-x64\jre\17.0.8.1-win32-x86_64\bin\server

VM Arguments:
jvm_args: --add-modules=ALL-SYSTEM --add-opens=java.base/java.util=ALL-UNNAMED --add-opens=java.base/java.lang=ALL-UNNAMED --add-opens=java.base/sun.nio.fs=ALL-UNNAMED -Declipse.application=org.eclipse.jdt.ls.core.id1 -Dosgi.bundles.defaultStartLevel=4 -Declipse.product=org.eclipse.jdt.ls.core.product -Djava.import.generatesMetadataFilesAtProjectRoot=false -DDetectVMInstallationsJob.disabled=true -Dfile.encoding=utf8 -XX:+UseParallelGC -XX:GCTimeRatio=4 -XX:AdaptiveSizePolicyWeight=90 -Dsun.zip.disableMemoryMapping=true -Xmx1G -Xms100m -Xlog:disable -javaagent:c:\Users\DELL\.vscode\extensions\redhat.java-1.23.0-win32-x64\lombok\lombok-1.18.30.jar 
java_command: c:\Users\DELL\.vscode\extensions\redhat.java-1.23.0-win32-x64\server\plugins\org.eclipse.equinox.launcher_1.6.500.v20230717-2134.jar -configuration c:\Users\DELL\AppData\Roaming\Code\User\globalStorage\redhat.java\1.23.0\config_ss_win -data c:\Users\DELL\AppData\Roaming\Code\User\workspaceStorage\72c155e9b7a7fa28bd4b3a5f12094ced\redhat.java\ss_ws
java_class_path (initial): c:\Users\DELL\.vscode\extensions\redhat.java-1.23.0-win32-x64\server\plugins\org.eclipse.equinox.launcher_1.6.500.v20230717-2134.jar
Launcher Type: SUN_STANDARD

[Global flags]
    uintx AdaptiveSizePolicyWeight                 = 90                                        {product} {command line}
     intx CICompilerCount                          = 4                                         {product} {ergonomic}
    uintx GCTimeRatio                              = 4                                         {product} {command line}
   size_t InitialHeapSize                          = 104857600                                 {product} {command line}
   size_t MaxHeapSize                              = 1073741824                                {product} {command line}
   size_t MaxNewSize                               = 357564416                                 {product} {ergonomic}
   size_t MinHeapDeltaBytes                        = 524288                                    {product} {ergonomic}
   size_t MinHeapSize                              = 104857600                                 {product} {command line}
   size_t NewSize                                  = 34603008                                  {product} {ergonomic}
    uintx NonNMethodCodeHeapSize                   = 5839372                                {pd product} {ergonomic}
    uintx NonProfiledCodeHeapSize                  = 122909434                              {pd product} {ergonomic}
   size_t OldSize                                  = 70254592                                  {product} {ergonomic}
    uintx ProfiledCodeHeapSize                     = 122909434                              {pd product} {ergonomic}
    uintx ReservedCodeCacheSize                    = 251658240                              {pd product} {ergonomic}
     bool SegmentedCodeCache                       = true                                      {product} {ergonomic}
   size_t SoftMaxHeapSize                          = 1073741824                             {manageable} {ergonomic}
     bool UseCompressedClassPointers               = true                           {product lp64_product} {ergonomic}
     bool UseCompressedOops                        = true                           {product lp64_product} {ergonomic}
     bool UseLargePagesIndividualAllocation        = false                                  {pd product} {ergonomic}
     bool UseParallelGC                            = true                                      {product} {command line}

Logging:
Log output configuration:
 #0: stdout all=off uptime,level,tags
 #1: stderr all=off uptime,level,tags

Environment Variables:
PATH=C:\Program Files\Common Files\Oracle\Java\javapath;E:\VM\bin\;C:\Program Files (x86)\Common Files\Oracle\Java\javapath;C:\Windows\system32;C:\Windows;C:\Windows\System32\Wbem;C:\Windows\System32\WindowsPowerShell\v1.0\;C:\Program Files (x86)\NVIDIA Corporation\PhysX\Common;C:\WINDOWS\system32;C:\WINDOWS;C:\WINDOWS\System32\Wbem;C:\WINDOWS\System32\WindowsPowerShell\v1.0\;C:\WINDOWS\System32\OpenSSH\;C:\Program Files (x86)\Bitvise SSH Client;C:\Program Files\Git\cmd;C:\Program Files\nodejs\;C:\Program Files (x86)\Intel\Intel(R) Management Engine Components\DAL;C:\Program Files\Intel\Intel(R) Management Engine Components\DAL;C:\Program Files\dotnet\;C:\Users\DELL\AppData\Local\Programs\Python\Python311\;C:\Users\DELL\AppData\Local\Programs\Python\Python311\Scripts\;C:\Program Files\Java\jdk-20\bin;C:\Users\DELL\AppData\Local\Programs\Python\Python311\Scripts\;C:\Users\DELL\AppData\Local\Programs\Python\Python311\;C:\Users\DELL\AppData\Local\Microsoft\WindowsApps;C:\Program Files (x86)\Nmap;C:\Users\DELL\AppData\Roaming\npm;C:\Users\DELL\AppData\Local\Programs\Microsoft VS Code\bin;C:\Program Files\heroku\bin;C:\Program Files\JetBrains\PyCharm Community Edition 2020.3.3\bin;;C:\Program Files\Java\jdk-20\bin\;C:\Users\DELL\AppData\Local\GitHubDesktop\bin
USERNAME=DELL
OS=Windows_NT
PROCESSOR_IDENTIFIER=Intel64 Family 6 Model 158 Stepping 9, GenuineIntel
TMP=C:\Users\DELL\AppData\Local\Temp
TEMP=C:\Users\DELL\AppData\Local\Temp



---------------  S Y S T E M  ---------------

OS:
 Windows 10 , 64 bit Build 19041 (10.0.19041.3393)
OS uptime: 10 days 23:49 hours

CPU: total 8 (initial active 8) (4 cores per cpu, 2 threads per core) family 6 model 158 stepping 9 microcode 0xb4, cx8, cmov, fxsr, ht, mmx, 3dnowpref, sse, sse2, sse3, ssse3, sse4.1, sse4.2, popcnt, lzcnt, tsc, tscinvbit, avx, avx2, aes, erms, clmul, bmi1, bmi2, adx, fma, vzeroupper, clflush, clflushopt
Processor Information for all 8 processors :
  Max Mhz: 2801, Current Mhz: 2800, Mhz Limit: 2772

Memory: 4k page, system-wide physical 8053M (731M free)
TotalPageFile size 12149M (AvailPageFile size 4M)
current process WorkingSet (physical memory assigned to process): 33M, peak: 33M
current process commit charge ("private bytes"): 185M, peak: 185M

vm_info: OpenJDK 64-Bit Server VM (17.0.8.1+1) for windows-amd64 JRE (17.0.8.1+1), built on Aug 23 2023 15:29:17 by "admin" with MS VC++ 16.7 (VS2019)

END.
