#
# There is insufficient memory for the Java Runtime Environment to continue.
# Native memory allocation (malloc) failed to allocate 298128 bytes for Chunk::new
# Possible reasons:
#   The system is out of physical RAM or swap space
#   The process is running with CompressedOops enabled, and the Java Heap may be blocking the growth of the native heap
# Possible solutions:
#   Reduce memory load on the system
#   Increase physical memory or swap space
#   Check if swap backing store is full
#   Decrease Java heap size (-Xmx/-Xms)
#   Decrease number of Java threads
#   Decrease Java thread stack sizes (-Xss)
#   Set larger code cache with -XX:ReservedCodeCacheSize=
#   JVM is running with Unscaled Compressed Oops mode in which the Java heap is
#     placed in the first 4GB address space. The Java Heap base address is the
#     maximum limit for the native heap growth. Please use -XX:HeapBaseMinAddress
#     to set the Java Heap base and to place the Java Heap above 4GB virtual address.
# This output file may be truncated or incomplete.
#
#  Out of Memory Error (arena.cpp:189), pid=14924, tid=5804
#
# JRE version: OpenJDK Runtime Environment Temurin-17.0.8.1+1 (17.0.8.1+1) (build 17.0.8.1+1)
# Java VM: OpenJDK 64-Bit Server VM Temurin-17.0.8.1+1 (17.0.8.1+1, mixed mode, tiered, compressed oops, compressed class ptrs, parallel gc, windows-amd64)
# No core dump will be written. Minidumps are not enabled by default on client versions of Windows
#

---------------  S U M M A R Y ------------

Command Line: --add-modules=ALL-SYSTEM --add-opens=java.base/java.util=ALL-UNNAMED --add-opens=java.base/java.lang=ALL-UNNAMED --add-opens=java.base/sun.nio.fs=ALL-UNNAMED -Declipse.application=org.eclipse.jdt.ls.core.id1 -Dosgi.bundles.defaultStartLevel=4 -Declipse.product=org.eclipse.jdt.ls.core.product -Djava.import.generatesMetadataFilesAtProjectRoot=false -DDetectVMInstallationsJob.disabled=true -Dfile.encoding=utf8 -XX:+UseParallelGC -XX:GCTimeRatio=4 -XX:AdaptiveSizePolicyWeight=90 -Dsun.zip.disableMemoryMapping=true -Xmx1G -Xms100m -Xlog:disable -javaagent:c:\Users\DELL\.vscode\extensions\redhat.java-1.23.0-win32-x64\lombok\lombok-1.18.30.jar -XX:+HeapDumpOnOutOfMemoryError -XX:HeapDumpPath=c:\Users\DELL\AppData\Roaming\Code\User\workspaceStorage\72c155e9b7a7fa28bd4b3a5f12094ced\redhat.java -Daether.dependencyCollector.impl=bf c:\Users\DELL\.vscode\extensions\redhat.java-1.23.0-win32-x64\server\plugins\org.eclipse.equinox.launcher_1.6.500.v20230717-2134.jar -configuration c:\Users\DELL\AppData\Roaming\Code\User\globalStorage\redhat.java\1.23.0\config_win -data c:\Users\DELL\AppData\Roaming\Code\User\workspaceStorage\72c155e9b7a7fa28bd4b3a5f12094ced\redhat.java\jdt_ws

Host: Intel(R) Core(TM) i7-7700HQ CPU @ 2.80GHz, 8 cores, 7G,  Windows 10 , 64 bit Build 19041 (10.0.19041.3393)
Time: Tue Oct 10 22:51:17 2023 India Standard Time elapsed time: 16.306912 seconds (0d 0h 0m 16s)

---------------  T H R E A D  ---------------

Current thread (0x00000295ed8d1710):  JavaThread "C2 CompilerThread0" daemon [_thread_in_native, id=5804, stack(0x000000ec26500000,0x000000ec26600000)]


Current CompileTask:
C2:  16307 6252   !   4       org.eclipse.osgi.internal.loader.BundleLoader::findLocalClass (152 bytes)

Stack: [0x000000ec26500000,0x000000ec26600000]
Native frames: (J=compiled Java code, j=interpreted, Vv=VM code, C=native code)
V  [jvm.dll+0x678b0a]
V  [jvm.dll+0x835e84]
V  [jvm.dll+0x83762e]
V  [jvm.dll+0x837c93]
V  [jvm.dll+0x24746f]
V  [jvm.dll+0xac20c]
V  [jvm.dll+0xac7dc]
V  [jvm.dll+0x11ed67]
V  [jvm.dll+0x6052b2]
V  [jvm.dll+0x6096af]
V  [jvm.dll+0x219a68]
V  [jvm.dll+0x219011]
V  [jvm.dll+0x1a534d]
V  [jvm.dll+0x228d8a]
V  [jvm.dll+0x226dcc]
V  [jvm.dll+0x7ec09b]
V  [jvm.dll+0x7e64ca]
V  [jvm.dll+0x677955]
C  [ucrtbase.dll+0x21bb2]
C  [KERNEL32.DLL+0x17344]
C  [ntdll.dll+0x526b1]


---------------  P R O C E S S  ---------------

Threads class SMR info:
_java_thread_list=0x00000295f1fef550, length=37, elements={
0x00000295d473c730, 0x00000295d47f3f20, 0x00000295d47f57a0, 0x00000295ed8cc560,
0x00000295ed8cd2f0, 0x00000295ed8ce080, 0x00000295ed8d0a60, 0x00000295ed8d1710,
0x00000295ed901940, 0x00000295ed926610, 0x00000295ed9fad40, 0x00000295ee87ffc0,
0x00000295ef03c670, 0x00000295eeee4740, 0x00000295ef190c10, 0x00000295eed2ee40,
0x00000295ee91f780, 0x00000295ee91f270, 0x00000295ee922000, 0x00000295eeb69650,
0x00000295ee921af0, 0x00000295ee91e850, 0x00000295ee91ed60, 0x00000295ee9210d0,
0x00000295f0954670, 0x00000295f0958330, 0x00000295f09564d0, 0x00000295f0951df0,
0x00000295f0954160, 0x00000295f0954b80, 0x00000295f0955fc0, 0x00000295f09569e0,
0x00000295f0956ef0, 0x00000295f0958840, 0x00000295f0957910, 0x00000295f0957400,
0x00000295f0958d50
}

Java Threads: ( => current thread )
  0x00000295d473c730 JavaThread "main" [_thread_blocked, id=19168, stack(0x000000ec25c00000,0x000000ec25d00000)]
  0x00000295d47f3f20 JavaThread "Reference Handler" daemon [_thread_blocked, id=4456, stack(0x000000ec25f00000,0x000000ec26000000)]
  0x00000295d47f57a0 JavaThread "Finalizer" daemon [_thread_blocked, id=7312, stack(0x000000ec26000000,0x000000ec26100000)]
  0x00000295ed8cc560 JavaThread "Signal Dispatcher" daemon [_thread_blocked, id=1528, stack(0x000000ec26100000,0x000000ec26200000)]
  0x00000295ed8cd2f0 JavaThread "Attach Listener" daemon [_thread_blocked, id=19472, stack(0x000000ec26200000,0x000000ec26300000)]
  0x00000295ed8ce080 JavaThread "Service Thread" daemon [_thread_blocked, id=18248, stack(0x000000ec26300000,0x000000ec26400000)]
  0x00000295ed8d0a60 JavaThread "Monitor Deflation Thread" daemon [_thread_blocked, id=13328, stack(0x000000ec26400000,0x000000ec26500000)]
=>0x00000295ed8d1710 JavaThread "C2 CompilerThread0" daemon [_thread_in_native, id=5804, stack(0x000000ec26500000,0x000000ec26600000)]
  0x00000295ed901940 JavaThread "C1 CompilerThread0" daemon [_thread_blocked, id=11192, stack(0x000000ec26600000,0x000000ec26700000)]
  0x00000295ed926610 JavaThread "Sweeper thread" daemon [_thread_blocked, id=18244, stack(0x000000ec26700000,0x000000ec26800000)]
  0x00000295ed9fad40 JavaThread "Common-Cleaner" daemon [_thread_blocked, id=17304, stack(0x000000ec26800000,0x000000ec26900000)]
  0x00000295ee87ffc0 JavaThread "Notification Thread" daemon [_thread_blocked, id=21728, stack(0x000000ec26900000,0x000000ec26a00000)]
  0x00000295ef03c670 JavaThread "Active Thread: Equinox Container: 97122fcf-20a2-494b-b45f-f376194aeefa" [_thread_blocked, id=15284, stack(0x000000ec27200000,0x000000ec27300000)]
  0x00000295eeee4740 JavaThread "Framework Event Dispatcher: Equinox Container: 97122fcf-20a2-494b-b45f-f376194aeefa" daemon [_thread_blocked, id=10904, stack(0x000000ec27100000,0x000000ec27200000)]
  0x00000295ef190c10 JavaThread "Start Level: Equinox Container: 97122fcf-20a2-494b-b45f-f376194aeefa" daemon [_thread_blocked, id=15608, stack(0x000000ec27300000,0x000000ec27400000)]
  0x00000295eed2ee40 JavaThread "Bundle File Closer" daemon [_thread_blocked, id=17788, stack(0x000000ec27600000,0x000000ec27700000)]
  0x00000295ee91f780 JavaThread "SCR Component Actor" daemon [_thread_blocked, id=18804, stack(0x000000ec27400000,0x000000ec27500000)]
  0x00000295ee91f270 JavaThread "SCR Component Registry" daemon [_thread_blocked, id=23328, stack(0x000000ec27700000,0x000000ec27800000)]
  0x00000295ee922000 JavaThread "Worker-JM" [_thread_blocked, id=1824, stack(0x000000ec27800000,0x000000ec27900000)]
  0x00000295eeb69650 JavaThread "C2 CompilerThread1" daemon [_thread_in_native, id=18736, stack(0x000000ec27900000,0x000000ec27a00000)]
  0x00000295ee921af0 JavaThread "Worker-0: Java indexing... " [_thread_blocked, id=23296, stack(0x000000ec27a00000,0x000000ec27b00000)]
  0x00000295ee91e850 JavaThread "Worker-1: Initialize workspace" [_thread_blocked, id=3536, stack(0x000000ec27b00000,0x000000ec27c00000)]
  0x00000295ee91ed60 JavaThread "Java indexing" daemon [_thread_in_vm, id=21140, stack(0x000000ec27c00000,0x000000ec27d00000)]
  0x00000295ee9210d0 JavaThread "JNA Cleaner" daemon [_thread_blocked, id=5272, stack(0x000000ec27d00000,0x000000ec27e00000)]
  0x00000295f0954670 JavaThread "pool-2-thread-1" [_thread_blocked, id=2808, stack(0x000000ec27e00000,0x000000ec27f00000)]
  0x00000295f0958330 JavaThread "Worker-2" [_thread_blocked, id=18644, stack(0x000000ec27f00000,0x000000ec28000000)]
  0x00000295f09564d0 JavaThread "WorkspaceEventsHandler" [_thread_blocked, id=9784, stack(0x000000ec28000000,0x000000ec28100000)]
  0x00000295f0951df0 JavaThread "pool-1-thread-1" [_thread_in_native, id=7460, stack(0x000000ec28100000,0x000000ec28200000)]
  0x00000295f0954160 JavaThread "Worker-3: Validate documents" [_thread_blocked, id=14296, stack(0x000000ec28200000,0x000000ec28300000)]
  0x00000295f0954b80 JavaThread "Worker-4" [_thread_blocked, id=5388, stack(0x000000ec28300000,0x000000ec28400000)]
  0x00000295f0955fc0 JavaThread "ForkJoinPool.commonPool-worker-1" daemon [_thread_blocked, id=1948, stack(0x000000ec28400000,0x000000ec28500000)]
  0x00000295f09569e0 JavaThread "ForkJoinPool.commonPool-worker-2" daemon [_thread_blocked, id=16460, stack(0x000000ec28500000,0x000000ec28600000)]
  0x00000295f0956ef0 JavaThread "ForkJoinPool.commonPool-worker-3" daemon [_thread_blocked, id=11216, stack(0x000000ec28600000,0x000000ec28700000)]
  0x00000295f0958840 JavaThread "ForkJoinPool.commonPool-worker-4" daemon [_thread_blocked, id=10936, stack(0x000000ec28700000,0x000000ec28800000)]
  0x00000295f0957910 JavaThread "ForkJoinPool.commonPool-worker-5" daemon [_thread_blocked, id=13436, stack(0x000000ec28800000,0x000000ec28900000)]
  0x00000295f0957400 JavaThread "ForkJoinPool.commonPool-worker-6" daemon [_thread_blocked, id=22024, stack(0x000000ec28900000,0x000000ec28a00000)]
  0x00000295f0958d50 JavaThread "ForkJoinPool.commonPool-worker-7" daemon [_thread_blocked, id=18908, stack(0x000000ec28a00000,0x000000ec28b00000)]

Other Threads:
  0x00000295ed8a0c20 VMThread "VM Thread" [stack: 0x000000ec25e00000,0x000000ec25f00000] [id=11892] _threads_hazard_ptr=0x00000295f1fef550
  0x00000295ee8804a0 WatcherThread [stack: 0x000000ec26a00000,0x000000ec26b00000] [id=17980]
  0x00000295d4752b50 GCTaskThread "GC Thread#0" [stack: 0x000000ec25d00000,0x000000ec25e00000] [id=8360]
  0x00000295eef9d830 GCTaskThread "GC Thread#1" [stack: 0x000000ec26b00000,0x000000ec26c00000] [id=21356]
  0x00000295eef9cd30 GCTaskThread "GC Thread#2" [stack: 0x000000ec26c00000,0x000000ec26d00000] [id=3124]
  0x00000295eef9d570 GCTaskThread "GC Thread#3" [stack: 0x000000ec26d00000,0x000000ec26e00000] [id=6424]
  0x00000295eef9c4f0 GCTaskThread "GC Thread#4" [stack: 0x000000ec26e00000,0x000000ec26f00000] [id=9456]
  0x00000295eef9e070 GCTaskThread "GC Thread#5" [stack: 0x000000ec26f00000,0x000000ec27000000] [id=5128]
  0x00000295eef9c7b0 GCTaskThread "GC Thread#6" [stack: 0x000000ec27000000,0x000000ec27100000] [id=23272]
  0x00000295eef9cff0 GCTaskThread "GC Thread#7" [stack: 0x000000ec27500000,0x000000ec27600000] [id=20120]

Threads with active compile tasks:
C2 CompilerThread0    16344 6252   !   4       org.eclipse.osgi.internal.loader.BundleLoader::findLocalClass (152 bytes)
C1 CompilerThread0    16344 6486       2       org.eclipse.jdt.internal.core.PackageFragmentRoot::hashCode (8 bytes)
C2 CompilerThread1    16344 6364       4       org.eclipse.jdt.internal.core.JarPackageFragmentRoot::initRawPackageInfo (349 bytes)

VM state: not at safepoint (normal execution)

VM Mutex/Monitor currently owned by a thread:  ([mutex/lock_event])
[0x00000295d4738260] Compile_lock - owner thread: 0x00000295f0955fc0
[0x00000295d4737840] MethodCompileQueue_lock - owner thread: 0x00000295ed901940

Heap address: 0x00000000c0000000, size: 1024 MB, Compressed Oops mode: 32-bit

CDS archive(s) not mapped
Compressed class space mapped at: 0x0000000100000000-0x0000000140000000, reserved size: 1073741824
Narrow klass base: 0x0000000000000000, Narrow klass shift: 3, Narrow klass range: 0x140000000

GC Precious Log:
 CPUs: 8 total, 8 available
 Memory: 8053M
 Large Page Support: Disabled
 NUMA Support: Disabled
 Compressed Oops: Enabled (32-bit)
 Alignments: Space 512K, Generation 512K, Heap 2M
 Heap Min Capacity: 100M
 Heap Initial Capacity: 100M
 Heap Max Capacity: 1G
 Pre-touch: Disabled
 Parallel Workers: 8

Heap:
 PSYoungGen      total 20480K, used 13750K [0x00000000eab00000, 0x00000000ec100000, 0x0000000100000000)
  eden space 18944K, 66% used [0x00000000eab00000,0x00000000eb7419f0,0x00000000ebd80000)
  from space 1536K, 78% used [0x00000000ebf80000,0x00000000ec0ac178,0x00000000ec100000)
  to   space 1536K, 0% used [0x00000000ebe00000,0x00000000ebe00000,0x00000000ebf80000)
 ParOldGen       total 68608K, used 36653K [0x00000000c0000000, 0x00000000c4300000, 0x00000000eab00000)
  object space 68608K, 53% used [0x00000000c0000000,0x00000000c23cb5f8,0x00000000c4300000)
 Metaspace       used 58466K, committed 59392K, reserved 1114112K
  class space    used 6324K, committed 6720K, reserved 1048576K

Card table byte_map: [0x00000295d40f0000,0x00000295d4300000] _byte_map_base: 0x00000295d3af0000

Marking Bits: (ParMarkBitMap*) 0x00007ff8efaa83a0
 Begin Bits: [0x00000295e63c0000, 0x00000295e73c0000)
 End Bits:   [0x00000295e73c0000, 0x00000295e83c0000)

Polling page: 0x00000295d2730000

Metaspace:

Usage:
  Non-class:     50.92 MB used.
      Class:      6.18 MB used.
       Both:     57.10 MB used.

Virtual space:
  Non-class space:       64.00 MB reserved,      51.44 MB ( 80%) committed,  1 nodes.
      Class space:        1.00 GB reserved,       6.56 MB ( <1%) committed,  1 nodes.
             Both:        1.06 GB reserved,      58.00 MB (  5%) committed. 

Chunk freelists:
   Non-Class:  11.75 MB
       Class:  9.38 MB
        Both:  21.13 MB

MaxMetaspaceSize: unlimited
CompressedClassSpaceSize: 1.00 GB
Initial GC threshold: 21.00 MB
Current GC threshold: 58.38 MB
CDS: off
MetaspaceReclaimPolicy: balanced
 - commit_granule_bytes: 65536.
 - commit_granule_words: 8192.
 - virtual_space_node_default_size: 8388608.
 - enlarge_chunks_in_place: 1.
 - new_chunks_are_fully_committed: 0.
 - uncommit_free_chunks: 1.
 - use_allocation_guard: 0.
 - handle_deallocations: 1.


Internal statistics:

num_allocs_failed_limit: 6.
num_arena_births: 492.
num_arena_deaths: 14.
num_vsnodes_births: 2.
num_vsnodes_deaths: 0.
num_space_committed: 928.
num_space_uncommitted: 0.
num_chunks_returned_to_freelist: 20.
num_chunks_taken_from_freelist: 2645.
num_chunk_merges: 10.
num_chunk_splits: 1723.
num_chunks_enlarged: 1140.
num_inconsistent_stats: 0.

CodeHeap 'non-profiled nmethods': size=120000Kb used=3044Kb max_used=3044Kb free=116955Kb
 bounds [0x00000295dee90000, 0x00000295df190000, 0x00000295e63c0000]
CodeHeap 'profiled nmethods': size=120000Kb used=11891Kb max_used=11891Kb free=108108Kb
 bounds [0x00000295d73c0000, 0x00000295d7f60000, 0x00000295de8f0000]
CodeHeap 'non-nmethods': size=5760Kb used=1315Kb max_used=1363Kb free=4444Kb
 bounds [0x00000295de8f0000, 0x00000295deb60000, 0x00000295dee90000]
 total_blobs=6320 nmethods=5670 adapters=562
 compilation: enabled
              stopped_count=0, restarted_count=0
 full_count=0

Compilation events (20 events):
Event: 16.242 Thread 0x00000295ed901940 6459       2       org.eclipse.jdt.internal.compiler.classfmt.ModuleInfo::<init> (8 bytes)
Event: 16.242 Thread 0x00000295ed901940 nmethod 6459 0x00000295d7f54790 code [0x00000295d7f54920, 0x00000295d7f54a58]
Event: 16.242 Thread 0x00000295ed901940 6460       2       org.eclipse.jdt.internal.compiler.util.Jdk::toJdkHome (51 bytes)
Event: 16.243 Thread 0x00000295ed901940 nmethod 6460 0x00000295d7f54b10 code [0x00000295d7f54d20, 0x00000295d7f54f78]
Event: 16.249 Thread 0x00000295ed901940 6461       3       org.eclipse.jdt.internal.compiler.util.JrtFileSystem$2::visitFile (10 bytes)
Event: 16.249 Thread 0x00000295ed901940 nmethod 6461 0x00000295d7f55110 code [0x00000295d7f552c0, 0x00000295d7f55508]
Event: 16.249 Thread 0x00000295ed901940 6462       3       org.eclipse.jdt.internal.compiler.util.JrtFileSystem$2::visitFile (72 bytes)
Event: 16.250 Thread 0x00000295ed901940 nmethod 6462 0x00000295d7f55610 code [0x00000295d7f55820, 0x00000295d7f55f68]
Event: 16.256 Thread 0x00000295ed901940 6463       2       org.eclipse.jdt.internal.compiler.util.SimpleSet::addIfNotIncluded (83 bytes)
Event: 16.256 Thread 0x00000295ed901940 nmethod 6463 0x00000295d7f56190 code [0x00000295d7f56360, 0x00000295d7f566c8]
Event: 16.257 Thread 0x00000295ed901940 6464       2       org.eclipse.jdt.internal.compiler.util.SimpleSet::add (90 bytes)
Event: 16.258 Thread 0x00000295ed901940 nmethod 6464 0x00000295d7f56910 code [0x00000295d7f56b00, 0x00000295d7f56f08]
Event: 16.265 Thread 0x00000295ed901940 6465       2       org.eclipse.jdt.internal.core.builder.ClasspathJrt$JrtPackageVisitor::visitPackage (14 bytes)
Event: 16.266 Thread 0x00000295ed901940 nmethod 6465 0x00000295d7f57190 code [0x00000295d7f57340, 0x00000295d7f57558]
Event: 16.279 Thread 0x00000295ed901940 6466   !   3       java.nio.file.Files::walkFileTree (297 bytes)
Event: 16.282 Thread 0x00000295ed901940 nmethod 6466 0x00000295d7f57690 code [0x00000295d7f57a80, 0x00000295d7f59648]
Event: 16.282 Thread 0x00000295ed901940 6467       2       org.eclipse.jdt.internal.core.builder.ClasspathJar::addToPackageSet (52 bytes)
Event: 16.283 Thread 0x00000295ed901940 nmethod 6467 0x00000295d7f5a410 code [0x00000295d7f5a600, 0x00000295d7f5a958]
Event: 16.295 Thread 0x00000295ed901940 6468       1       com.google.gson.stream.JsonReader::isLenient (5 bytes)
Event: 16.296 Thread 0x00000295ed901940 nmethod 6468 0x00000295df188090 code [0x00000295df188220, 0x00000295df1882f8]

GC Heap History (20 events):
Event: 14.649 GC heap before
{Heap before GC invocations=21 (full 2):
 PSYoungGen      total 21504K, used 21472K [0x00000000eab00000, 0x00000000ec980000, 0x0000000100000000)
  eden space 19456K, 100% used [0x00000000eab00000,0x00000000ebe00000,0x00000000ebe00000)
  from space 2048K, 98% used [0x00000000ec280000,0x00000000ec478020,0x00000000ec480000)
  to   space 4608K, 0% used [0x00000000ebe00000,0x00000000ebe00000,0x00000000ec280000)
 ParOldGen       total 68608K, used 23900K [0x00000000c0000000, 0x00000000c4300000, 0x00000000eab00000)
  object space 68608K, 34% used [0x00000000c0000000,0x00000000c1757008,0x00000000c4300000)
 Metaspace       used 51512K, committed 52480K, reserved 1114112K
  class space    used 5594K, committed 6016K, reserved 1048576K
}
Event: 14.651 GC heap after
{Heap after GC invocations=21 (full 2):
 PSYoungGen      total 21504K, used 1792K [0x00000000eab00000, 0x00000000ec400000, 0x0000000100000000)
  eden space 19456K, 0% used [0x00000000eab00000,0x00000000eab00000,0x00000000ebe00000)
  from space 2048K, 87% used [0x00000000ebe00000,0x00000000ebfc0000,0x00000000ec000000)
  to   space 3072K, 0% used [0x00000000ec100000,0x00000000ec100000,0x00000000ec400000)
 ParOldGen       total 68608K, used 25904K [0x00000000c0000000, 0x00000000c4300000, 0x00000000eab00000)
  object space 68608K, 37% used [0x00000000c0000000,0x00000000c194c138,0x00000000c4300000)
 Metaspace       used 51512K, committed 52480K, reserved 1114112K
  class space    used 5594K, committed 6016K, reserved 1048576K
}
Event: 14.679 GC heap before
{Heap before GC invocations=22 (full 2):
 PSYoungGen      total 21504K, used 21248K [0x00000000eab00000, 0x00000000ec400000, 0x0000000100000000)
  eden space 19456K, 100% used [0x00000000eab00000,0x00000000ebe00000,0x00000000ebe00000)
  from space 2048K, 87% used [0x00000000ebe00000,0x00000000ebfc0000,0x00000000ec000000)
  to   space 3072K, 0% used [0x00000000ec100000,0x00000000ec100000,0x00000000ec400000)
 ParOldGen       total 68608K, used 25904K [0x00000000c0000000, 0x00000000c4300000, 0x00000000eab00000)
  object space 68608K, 37% used [0x00000000c0000000,0x00000000c194c138,0x00000000c4300000)
 Metaspace       used 51512K, committed 52480K, reserved 1114112K
  class space    used 5594K, committed 6016K, reserved 1048576K
}
Event: 14.682 GC heap after
{Heap after GC invocations=22 (full 2):
 PSYoungGen      total 21504K, used 1888K [0x00000000eab00000, 0x00000000ec300000, 0x0000000100000000)
  eden space 19456K, 0% used [0x00000000eab00000,0x00000000eab00000,0x00000000ebe00000)
  from space 2048K, 92% used [0x00000000ec100000,0x00000000ec2d8000,0x00000000ec300000)
  to   space 2048K, 0% used [0x00000000ebe00000,0x00000000ebe00000,0x00000000ec000000)
 ParOldGen       total 68608K, used 27616K [0x00000000c0000000, 0x00000000c4300000, 0x00000000eab00000)
  object space 68608K, 40% used [0x00000000c0000000,0x00000000c1af8138,0x00000000c4300000)
 Metaspace       used 51512K, committed 52480K, reserved 1114112K
  class space    used 5594K, committed 6016K, reserved 1048576K
}
Event: 14.705 GC heap before
{Heap before GC invocations=23 (full 2):
 PSYoungGen      total 21504K, used 21344K [0x00000000eab00000, 0x00000000ec300000, 0x0000000100000000)
  eden space 19456K, 100% used [0x00000000eab00000,0x00000000ebe00000,0x00000000ebe00000)
  from space 2048K, 92% used [0x00000000ec100000,0x00000000ec2d8000,0x00000000ec300000)
  to   space 2048K, 0% used [0x00000000ebe00000,0x00000000ebe00000,0x00000000ec000000)
 ParOldGen       total 68608K, used 27616K [0x00000000c0000000, 0x00000000c4300000, 0x00000000eab00000)
  object space 68608K, 40% used [0x00000000c0000000,0x00000000c1af8138,0x00000000c4300000)
 Metaspace       used 51512K, committed 52480K, reserved 1114112K
  class space    used 5594K, committed 6016K, reserved 1048576K
}
Event: 14.710 GC heap after
{Heap after GC invocations=23 (full 2):
 PSYoungGen      total 21504K, used 1984K [0x00000000eab00000, 0x00000000ec200000, 0x0000000100000000)
  eden space 19456K, 0% used [0x00000000eab00000,0x00000000eab00000,0x00000000ebe00000)
  from space 2048K, 96% used [0x00000000ebe00000,0x00000000ebff0010,0x00000000ec000000)
  to   space 2048K, 0% used [0x00000000ec000000,0x00000000ec000000,0x00000000ec200000)
 ParOldGen       total 68608K, used 29392K [0x00000000c0000000, 0x00000000c4300000, 0x00000000eab00000)
  object space 68608K, 42% used [0x00000000c0000000,0x00000000c1cb4138,0x00000000c4300000)
 Metaspace       used 51512K, committed 52480K, reserved 1114112K
  class space    used 5594K, committed 6016K, reserved 1048576K
}
Event: 15.162 GC heap before
{Heap before GC invocations=24 (full 2):
 PSYoungGen      total 21504K, used 21439K [0x00000000eab00000, 0x00000000ec200000, 0x0000000100000000)
  eden space 19456K, 99% used [0x00000000eab00000,0x00000000ebdffe00,0x00000000ebe00000)
  from space 2048K, 96% used [0x00000000ebe00000,0x00000000ebff0010,0x00000000ec000000)
  to   space 2048K, 0% used [0x00000000ec000000,0x00000000ec000000,0x00000000ec200000)
 ParOldGen       total 68608K, used 29392K [0x00000000c0000000, 0x00000000c4300000, 0x00000000eab00000)
  object space 68608K, 42% used [0x00000000c0000000,0x00000000c1cb4138,0x00000000c4300000)
 Metaspace       used 52373K, committed 53312K, reserved 1114112K
  class space    used 5667K, committed 6080K, reserved 1048576K
}
Event: 15.165 GC heap after
{Heap after GC invocations=24 (full 2):
 PSYoungGen      total 20992K, used 2041K [0x00000000eab00000, 0x00000000ec300000, 0x0000000100000000)
  eden space 18944K, 0% used [0x00000000eab00000,0x00000000eab00000,0x00000000ebd80000)
  from space 2048K, 99% used [0x00000000ec000000,0x00000000ec1fe460,0x00000000ec200000)
  to   space 2560K, 0% used [0x00000000ebd80000,0x00000000ebd80000,0x00000000ec000000)
 ParOldGen       total 68608K, used 31254K [0x00000000c0000000, 0x00000000c4300000, 0x00000000eab00000)
  object space 68608K, 45% used [0x00000000c0000000,0x00000000c1e859c8,0x00000000c4300000)
 Metaspace       used 52373K, committed 53312K, reserved 1114112K
  class space    used 5667K, committed 6080K, reserved 1048576K
}
Event: 15.353 GC heap before
{Heap before GC invocations=25 (full 2):
 PSYoungGen      total 20992K, used 20985K [0x00000000eab00000, 0x00000000ec300000, 0x0000000100000000)
  eden space 18944K, 100% used [0x00000000eab00000,0x00000000ebd80000,0x00000000ebd80000)
  from space 2048K, 99% used [0x00000000ec000000,0x00000000ec1fe460,0x00000000ec200000)
  to   space 2560K, 0% used [0x00000000ebd80000,0x00000000ebd80000,0x00000000ec000000)
 ParOldGen       total 68608K, used 31260K [0x00000000c0000000, 0x00000000c4300000, 0x00000000eab00000)
  object space 68608K, 45% used [0x00000000c0000000,0x00000000c1e87360,0x00000000c4300000)
 Metaspace       used 54557K, committed 55488K, reserved 1114112K
  class space    used 5941K, committed 6336K, reserved 1048576K
}
Event: 15.356 GC heap after
{Heap after GC invocations=25 (full 2):
 PSYoungGen      total 19968K, used 976K [0x00000000eab00000, 0x00000000ec100000, 0x0000000100000000)
  eden space 18944K, 0% used [0x00000000eab00000,0x00000000eab00000,0x00000000ebd80000)
  from space 1024K, 95% used [0x00000000ebd80000,0x00000000ebe74180,0x00000000ebe80000)
  to   space 1536K, 0% used [0x00000000ebf80000,0x00000000ebf80000,0x00000000ec100000)
 ParOldGen       total 68608K, used 33186K [0x00000000c0000000, 0x00000000c4300000, 0x00000000eab00000)
  object space 68608K, 48% used [0x00000000c0000000,0x00000000c2068b10,0x00000000c4300000)
 Metaspace       used 54557K, committed 55488K, reserved 1114112K
  class space    used 5941K, committed 6336K, reserved 1048576K
}
Event: 15.682 GC heap before
{Heap before GC invocations=26 (full 2):
 PSYoungGen      total 19968K, used 19920K [0x00000000eab00000, 0x00000000ec100000, 0x0000000100000000)
  eden space 18944K, 100% used [0x00000000eab00000,0x00000000ebd80000,0x00000000ebd80000)
  from space 1024K, 95% used [0x00000000ebd80000,0x00000000ebe74180,0x00000000ebe80000)
  to   space 1536K, 0% used [0x00000000ebf80000,0x00000000ebf80000,0x00000000ec100000)
 ParOldGen       total 68608K, used 33194K [0x00000000c0000000, 0x00000000c4300000, 0x00000000eab00000)
  object space 68608K, 48% used [0x00000000c0000000,0x00000000c206ab08,0x00000000c4300000)
 Metaspace       used 55969K, committed 56960K, reserved 1114112K
  class space    used 6092K, committed 6528K, reserved 1048576K
}
Event: 15.683 GC heap after
{Heap after GC invocations=26 (full 2):
 PSYoungGen      total 19968K, used 512K [0x00000000eab00000, 0x00000000ec080000, 0x0000000100000000)
  eden space 18944K, 0% used [0x00000000eab00000,0x00000000eab00000,0x00000000ebd80000)
  from space 1024K, 50% used [0x00000000ebf80000,0x00000000ec000010,0x00000000ec080000)
  to   space 1024K, 0% used [0x00000000ebd80000,0x00000000ebd80000,0x00000000ebe80000)
 ParOldGen       total 68608K, used 33913K [0x00000000c0000000, 0x00000000c4300000, 0x00000000eab00000)
  object space 68608K, 49% used [0x00000000c0000000,0x00000000c211e530,0x00000000c4300000)
 Metaspace       used 55969K, committed 56960K, reserved 1114112K
  class space    used 6092K, committed 6528K, reserved 1048576K
}
Event: 15.936 GC heap before
{Heap before GC invocations=27 (full 2):
 PSYoungGen      total 19968K, used 19401K [0x00000000eab00000, 0x00000000ec080000, 0x0000000100000000)
  eden space 18944K, 99% used [0x00000000eab00000,0x00000000ebd72630,0x00000000ebd80000)
  from space 1024K, 50% used [0x00000000ebf80000,0x00000000ec000010,0x00000000ec080000)
  to   space 1024K, 0% used [0x00000000ebd80000,0x00000000ebd80000,0x00000000ebe80000)
 ParOldGen       total 68608K, used 33913K [0x00000000c0000000, 0x00000000c4300000, 0x00000000eab00000)
  object space 68608K, 49% used [0x00000000c0000000,0x00000000c211e530,0x00000000c4300000)
 Metaspace       used 57603K, committed 58624K, reserved 1114112K
  class space    used 6237K, committed 6656K, reserved 1048576K
}
Event: 15.938 GC heap after
{Heap after GC invocations=27 (full 2):
 PSYoungGen      total 19968K, used 997K [0x00000000eab00000, 0x00000000ec280000, 0x0000000100000000)
  eden space 18944K, 0% used [0x00000000eab00000,0x00000000eab00000,0x00000000ebd80000)
  from space 1024K, 97% used [0x00000000ebd80000,0x00000000ebe79470,0x00000000ebe80000)
  to   space 2560K, 0% used [0x00000000ec000000,0x00000000ec000000,0x00000000ec280000)
 ParOldGen       total 68608K, used 34844K [0x00000000c0000000, 0x00000000c4300000, 0x00000000eab00000)
  object space 68608K, 50% used [0x00000000c0000000,0x00000000c2207120,0x00000000c4300000)
 Metaspace       used 57603K, committed 58624K, reserved 1114112K
  class space    used 6237K, committed 6656K, reserved 1048576K
}
Event: 16.050 GC heap before
{Heap before GC invocations=28 (full 2):
 PSYoungGen      total 19968K, used 19941K [0x00000000eab00000, 0x00000000ec280000, 0x0000000100000000)
  eden space 18944K, 100% used [0x00000000eab00000,0x00000000ebd80000,0x00000000ebd80000)
  from space 1024K, 97% used [0x00000000ebd80000,0x00000000ebe79470,0x00000000ebe80000)
  to   space 2560K, 0% used [0x00000000ec000000,0x00000000ec000000,0x00000000ec280000)
 ParOldGen       total 68608K, used 34844K [0x00000000c0000000, 0x00000000c4300000, 0x00000000eab00000)
  object space 68608K, 50% used [0x00000000c0000000,0x00000000c2207120,0x00000000c4300000)
 Metaspace       used 58185K, committed 59200K, reserved 1114112K
  class space    used 6296K, committed 6720K, reserved 1048576K
}
Event: 16.053 GC heap after
{Heap after GC invocations=28 (full 2):
 PSYoungGen      total 19968K, used 1000K [0x00000000eab00000, 0x00000000ec100000, 0x0000000100000000)
  eden space 18944K, 0% used [0x00000000eab00000,0x00000000eab00000,0x00000000ebd80000)
  from space 1024K, 97% used [0x00000000ec000000,0x00000000ec0fa260,0x00000000ec100000)
  to   space 1536K, 0% used [0x00000000ebe00000,0x00000000ebe00000,0x00000000ebf80000)
 ParOldGen       total 68608K, used 35551K [0x00000000c0000000, 0x00000000c4300000, 0x00000000eab00000)
  object space 68608K, 51% used [0x00000000c0000000,0x00000000c22b7d10,0x00000000c4300000)
 Metaspace       used 58185K, committed 59200K, reserved 1114112K
  class space    used 6296K, committed 6720K, reserved 1048576K
}
Event: 16.195 GC heap before
{Heap before GC invocations=29 (full 2):
 PSYoungGen      total 19968K, used 19944K [0x00000000eab00000, 0x00000000ec100000, 0x0000000100000000)
  eden space 18944K, 100% used [0x00000000eab00000,0x00000000ebd80000,0x00000000ebd80000)
  from space 1024K, 97% used [0x00000000ec000000,0x00000000ec0fa260,0x00000000ec100000)
  to   space 1536K, 0% used [0x00000000ebe00000,0x00000000ebe00000,0x00000000ebf80000)
 ParOldGen       total 68608K, used 35551K [0x00000000c0000000, 0x00000000c4300000, 0x00000000eab00000)
  object space 68608K, 51% used [0x00000000c0000000,0x00000000c22b7d10,0x00000000c4300000)
 Metaspace       used 58353K, committed 59328K, reserved 1114112K
  class space    used 6315K, committed 6720K, reserved 1048576K
}
Event: 16.197 GC heap after
{Heap after GC invocations=29 (full 2):
 PSYoungGen      total 20480K, used 1520K [0x00000000eab00000, 0x00000000ec180000, 0x0000000100000000)
  eden space 18944K, 0% used [0x00000000eab00000,0x00000000eab00000,0x00000000ebd80000)
  from space 1536K, 98% used [0x00000000ebe00000,0x00000000ebf7c110,0x00000000ebf80000)
  to   space 2048K, 0% used [0x00000000ebf80000,0x00000000ebf80000,0x00000000ec180000)
 ParOldGen       total 68608K, used 35893K [0x00000000c0000000, 0x00000000c4300000, 0x00000000eab00000)
  object space 68608K, 52% used [0x00000000c0000000,0x00000000c230d5e8,0x00000000c4300000)
 Metaspace       used 58353K, committed 59328K, reserved 1114112K
  class space    used 6315K, committed 6720K, reserved 1048576K
}
Event: 16.284 GC heap before
{Heap before GC invocations=30 (full 2):
 PSYoungGen      total 20480K, used 20464K [0x00000000eab00000, 0x00000000ec180000, 0x0000000100000000)
  eden space 18944K, 100% used [0x00000000eab00000,0x00000000ebd80000,0x00000000ebd80000)
  from space 1536K, 98% used [0x00000000ebe00000,0x00000000ebf7c110,0x00000000ebf80000)
  to   space 2048K, 0% used [0x00000000ebf80000,0x00000000ebf80000,0x00000000ec180000)
 ParOldGen       total 68608K, used 35893K [0x00000000c0000000, 0x00000000c4300000, 0x00000000eab00000)
  object space 68608K, 52% used [0x00000000c0000000,0x00000000c230d5e8,0x00000000c4300000)
 Metaspace       used 58455K, committed 59392K, reserved 1114112K
  class space    used 6322K, committed 6720K, reserved 1048576K
}
Event: 16.286 GC heap after
{Heap after GC invocations=30 (full 2):
 PSYoungGen      total 20480K, used 1200K [0x00000000eab00000, 0x00000000ec100000, 0x0000000100000000)
  eden space 18944K, 0% used [0x00000000eab00000,0x00000000eab00000,0x00000000ebd80000)
  from space 1536K, 78% used [0x00000000ebf80000,0x00000000ec0ac178,0x00000000ec100000)
  to   space 1536K, 0% used [0x00000000ebe00000,0x00000000ebe00000,0x00000000ebf80000)
 ParOldGen       total 68608K, used 36653K [0x00000000c0000000, 0x00000000c4300000, 0x00000000eab00000)
  object space 68608K, 53% used [0x00000000c0000000,0x00000000c23cb5f8,0x00000000c4300000)
 Metaspace       used 58455K, committed 59392K, reserved 1114112K
  class space    used 6322K, committed 6720K, reserved 1048576K
}

Dll operation events (10 events):
Event: 0.016 Loaded shared library c:\Users\DELL\.vscode\extensions\redhat.java-1.23.0-win32-x64\jre\17.0.8.1-win32-x86_64\bin\java.dll
Event: 0.400 Loaded shared library c:\Users\DELL\.vscode\extensions\redhat.java-1.23.0-win32-x64\jre\17.0.8.1-win32-x86_64\bin\zip.dll
Event: 0.404 Loaded shared library C:\Users\DELL\.vscode\extensions\redhat.java-1.23.0-win32-x64\jre\17.0.8.1-win32-x86_64\bin\instrument.dll
Event: 0.434 Loaded shared library C:\Users\DELL\.vscode\extensions\redhat.java-1.23.0-win32-x64\jre\17.0.8.1-win32-x86_64\bin\net.dll
Event: 0.437 Loaded shared library C:\Users\DELL\.vscode\extensions\redhat.java-1.23.0-win32-x64\jre\17.0.8.1-win32-x86_64\bin\nio.dll
Event: 0.457 Loaded shared library C:\Users\DELL\.vscode\extensions\redhat.java-1.23.0-win32-x64\jre\17.0.8.1-win32-x86_64\bin\zip.dll
Event: 0.500 Loaded shared library C:\Users\DELL\.vscode\extensions\redhat.java-1.23.0-win32-x64\jre\17.0.8.1-win32-x86_64\bin\jimage.dll
Event: 0.603 Loaded shared library c:\Users\DELL\.vscode\extensions\redhat.java-1.23.0-win32-x64\jre\17.0.8.1-win32-x86_64\bin\verify.dll
Event: 4.457 Loaded shared library C:\Users\DELL\AppData\Roaming\Code\User\globalStorage\redhat.java\1.23.0\config_win\org.eclipse.equinox.launcher\org.eclipse.equinox.launcher.win32.win32.x86_64_1.2.700.v20221108-1024\eclipse_11801.dll
Event: 12.331 Loaded shared library C:\Users\DELL\AppData\Local\Temp\jna-2094529\jna9983206877581169635.dll

Deoptimization events (20 events):
Event: 16.139 Thread 0x00000295f0951df0 DEOPT PACKING pc=0x00000295def5cc74 sp=0x000000ec281fe550
Event: 16.139 Thread 0x00000295f0951df0 DEOPT UNPACKING pc=0x00000295de9466a3 sp=0x000000ec281fe408 mode 2
Event: 16.177 Thread 0x00000295ee91ed60 DEOPT PACKING pc=0x00000295d773403d sp=0x000000ec27cf93d0
Event: 16.177 Thread 0x00000295ee91ed60 DEOPT UNPACKING pc=0x00000295de946e43 sp=0x000000ec27cf8858 mode 0
Event: 16.248 Thread 0x00000295f0955fc0 Uncommon trap: trap_request=0xffffff45 fr.pc=0x00000295df130550 relative=0x0000000000000990
Event: 16.248 Thread 0x00000295f0955fc0 Uncommon trap: reason=unstable_if action=reinterpret pc=0x00000295df130550 method=org.eclipse.jdt.internal.compiler.util.JrtFileSystem$2.visitFile(Ljava/nio/file/Path;Ljava/nio/file/attribute/BasicFileAttributes;)Ljava/nio/file/FileVisitResult; @ 6 c2
Event: 16.248 Thread 0x00000295f0955fc0 DEOPT PACKING pc=0x00000295df130550 sp=0x000000ec284fd890
Event: 16.248 Thread 0x00000295f0955fc0 DEOPT UNPACKING pc=0x00000295de9466a3 sp=0x000000ec284fd7e0 mode 2
Event: 16.248 Thread 0x00000295f0955fc0 Uncommon trap: trap_request=0xffffff45 fr.pc=0x00000295df132150 relative=0x0000000000000990
Event: 16.249 Thread 0x00000295f0955fc0 Uncommon trap: reason=unstable_if action=reinterpret pc=0x00000295df132150 method=org.eclipse.jdt.internal.compiler.util.JrtFileSystem$2.visitFile(Ljava/nio/file/Path;Ljava/nio/file/attribute/BasicFileAttributes;)Ljava/nio/file/FileVisitResult; @ 6 c2
Event: 16.249 Thread 0x00000295f0955fc0 DEOPT PACKING pc=0x00000295df132150 sp=0x000000ec284fd800
Event: 16.249 Thread 0x00000295f0955fc0 DEOPT UNPACKING pc=0x00000295de9466a3 sp=0x000000ec284fd7d8 mode 2
Event: 16.279 Thread 0x00000295f0955fc0 DEOPT PACKING pc=0x00000295d7f3e00e sp=0x000000ec284fd900
Event: 16.279 Thread 0x00000295f0955fc0 DEOPT UNPACKING pc=0x00000295de946e43 sp=0x000000ec284fce20 mode 0
Event: 16.301 Thread 0x00000295ee91ed60 DEOPT PACKING pc=0x00000295d773403d sp=0x000000ec27cf9400
Event: 16.301 Thread 0x00000295ee91ed60 DEOPT UNPACKING pc=0x00000295de946e43 sp=0x000000ec27cf8888 mode 0
Event: 16.303 Thread 0x00000295ee91ed60 DEOPT PACKING pc=0x00000295d773403d sp=0x000000ec27cf9400
Event: 16.303 Thread 0x00000295ee91ed60 DEOPT UNPACKING pc=0x00000295de946e43 sp=0x000000ec27cf8888 mode 0
Event: 16.305 Thread 0x00000295ee91ed60 DEOPT PACKING pc=0x00000295d773403d sp=0x000000ec27cf9400
Event: 16.305 Thread 0x00000295ee91ed60 DEOPT UNPACKING pc=0x00000295de946e43 sp=0x000000ec27cf8888 mode 0

Classes unloaded (7 events):
Event: 11.057 Thread 0x00000295ed8a0c20 Unloading class 0x0000000100254000 'java/lang/invoke/LambdaForm$MH+0x0000000100254000'
Event: 11.057 Thread 0x00000295ed8a0c20 Unloading class 0x0000000100253c00 'java/lang/invoke/LambdaForm$MH+0x0000000100253c00'
Event: 11.057 Thread 0x00000295ed8a0c20 Unloading class 0x0000000100253800 'java/lang/invoke/LambdaForm$MH+0x0000000100253800'
Event: 11.057 Thread 0x00000295ed8a0c20 Unloading class 0x0000000100253400 'java/lang/invoke/LambdaForm$MH+0x0000000100253400'
Event: 11.057 Thread 0x00000295ed8a0c20 Unloading class 0x0000000100253000 'java/lang/invoke/LambdaForm$BMH+0x0000000100253000'
Event: 11.057 Thread 0x00000295ed8a0c20 Unloading class 0x0000000100252c00 'java/lang/invoke/LambdaForm$DMH+0x0000000100252c00'
Event: 11.057 Thread 0x00000295ed8a0c20 Unloading class 0x0000000100250000 'java/lang/invoke/LambdaForm$DMH+0x0000000100250000'

Classes redefined (0 events):
No events

Internal exceptions (20 events):
Event: 15.014 Thread 0x00000295f0954160 Exception <a 'sun/nio/fs/WindowsException'{0x00000000eb980b18}> (0x00000000eb980b18) 
thrown [s\src\hotspot\share\prims\jni.cpp, line 516]
Event: 15.015 Thread 0x00000295f0954160 Exception <a 'sun/nio/fs/WindowsException'{0x00000000eb984788}> (0x00000000eb984788) 
thrown [s\src\hotspot\share\prims\jni.cpp, line 516]
Event: 15.100 Thread 0x00000295f0954160 Exception <a 'sun/nio/fs/WindowsException'{0x00000000ebb62fa0}> (0x00000000ebb62fa0) 
thrown [s\src\hotspot\share\prims\jni.cpp, line 516]
Event: 15.102 Thread 0x00000295ee921af0 Exception <a 'java/lang/NoSuchMethodError'{0x00000000ebb89e98}: 'int java.lang.invoke.DirectMethodHandle$Holder.invokeVirtual(java.lang.Object, java.lang.Object)'> (0x00000000ebb89e98) 
thrown [s\src\hotspot\share\interpreter\linkResolver.cpp, line 759]
Event: 15.106 Thread 0x00000295f0954160 Exception <a 'sun/nio/fs/WindowsException'{0x00000000ebb7b870}> (0x00000000ebb7b870) 
thrown [s\src\hotspot\share\prims\jni.cpp, line 516]
Event: 15.153 Thread 0x00000295f0951df0 Exception <a 'java/lang/NoSuchMethodError'{0x00000000ebd434a0}: 'java.lang.Object java.lang.invoke.DirectMethodHandle$Holder.invokeInterface(java.lang.Object, java.lang.Object, java.lang.Object)'> (0x00000000ebd434a0) 
thrown [s\src\hotspot\share\interpreter\linkResolver.cpp, line 759]
Event: 15.250 Thread 0x00000295f0951df0 Exception <a 'java/io/FileNotFoundException'{0x00000000eb525530}> (0x00000000eb525530) 
thrown [s\src\hotspot\share\prims\jni.cpp, line 516]
Event: 15.382 Thread 0x00000295f0958330 Exception <a 'java/io/FileNotFoundException'{0x00000000eab98dc0}> (0x00000000eab98dc0) 
thrown [s\src\hotspot\share\prims\jni.cpp, line 516]
Event: 15.387 Thread 0x00000295f0958330 Exception <a 'java/io/FileNotFoundException'{0x00000000ead52bf8}> (0x00000000ead52bf8) 
thrown [s\src\hotspot\share\prims\jni.cpp, line 516]
Event: 15.388 Thread 0x00000295f0958330 Exception <a 'java/io/FileNotFoundException'{0x00000000ead53c08}> (0x00000000ead53c08) 
thrown [s\src\hotspot\share\prims\jni.cpp, line 516]
Event: 15.400 Thread 0x00000295f0958330 Exception <a 'java/lang/NoSuchMethodError'{0x00000000eae2f858}: 'java.lang.Object java.lang.invoke.DirectMethodHandle$Holder.invokeStatic(java.lang.Object, java.lang.Object, int, java.lang.Object)'> (0x00000000eae2f858) 
thrown [s\src\hotspot\share\interpreter\linkResolver.cpp, line 759]
Event: 15.402 Thread 0x00000295f0958330 Exception <a 'java/lang/NoSuchMethodError'{0x00000000eae52ce0}: 'java.lang.Object java.lang.invoke.DirectMethodHandle$Holder.newInvokeSpecial(java.lang.Object, java.lang.Object, int)'> (0x00000000eae52ce0) 
thrown [s\src\hotspot\share\interpreter\linkResolver.cpp, line 759]
Event: 15.946 Thread 0x00000295f0951df0 Exception <a 'sun/nio/fs/WindowsException'{0x00000000eac865d0}> (0x00000000eac865d0) 
thrown [s\src\hotspot\share\prims\jni.cpp, line 516]
Event: 15.960 Thread 0x00000295f0951df0 Exception <a 'sun/nio/fs/WindowsException'{0x00000000eac96218}> (0x00000000eac96218) 
thrown [s\src\hotspot\share\prims\jni.cpp, line 516]
Event: 15.969 Thread 0x00000295f0951df0 Implicit null exception at 0x00000295df17a080 to 0x00000295df17ab88
Event: 15.993 Thread 0x00000295f0955fc0 Exception <a 'java/lang/NoSuchMethodError'{0x00000000eb6e2a98}: 'java.lang.Object java.lang.invoke.DirectMethodHandle$Holder.newInvokeSpecial(java.lang.Object, java.lang.Object, java.lang.Object, java.lang.Object, java.lang.Object, java.lang.Object)'> (0x00000000eb6e2a98) 
thrown [s\src\hotspot\share\interpreter\linkResolver.cpp, line 759]
Event: 15.999 Thread 0x00000295f0955fc0 Exception <a 'java/lang/NoSuchMethodError'{0x00000000eb71bb38}: 'int java.lang.invoke.DirectMethodHandle$Holder.invokeStatic(java.lang.Object)'> (0x00000000eb71bb38) 
thrown [s\src\hotspot\share\interpreter\linkResolver.cpp, line 759]
Event: 16.032 Thread 0x00000295f0955fc0 Exception <a 'java/io/FileNotFoundException'{0x00000000eb9d3830}> (0x00000000eb9d3830) 
thrown [s\src\hotspot\share\prims\jni.cpp, line 516]
Event: 16.033 Thread 0x00000295f0955fc0 Exception <a 'java/io/FileNotFoundException'{0x00000000eb9d5108}> (0x00000000eb9d5108) 
thrown [s\src\hotspot\share\prims\jni.cpp, line 516]
Event: 16.033 Thread 0x00000295f0955fc0 Exception <a 'java/io/FileNotFoundException'{0x00000000eb9d63d0}> (0x00000000eb9d63d0) 
thrown [s\src\hotspot\share\prims\jni.cpp, line 516]

VM Operations (20 events):
Event: 15.331 Executing VM operation: HandshakeAllThreads
Event: 15.331 Executing VM operation: HandshakeAllThreads done
Event: 15.351 Executing VM operation: ParallelGCFailedAllocation
Event: 15.351 Executing VM operation: ParallelGCFailedAllocation done
Event: 15.351 Executing VM operation: ParallelGCSystemGC
Event: 15.356 Executing VM operation: ParallelGCSystemGC done
Event: 15.682 Executing VM operation: ParallelGCFailedAllocation
Event: 15.683 Executing VM operation: ParallelGCFailedAllocation done
Event: 15.924 Executing VM operation: HandshakeAllThreads
Event: 15.924 Executing VM operation: HandshakeAllThreads done
Event: 15.936 Executing VM operation: ParallelGCFailedAllocation
Event: 15.938 Executing VM operation: ParallelGCFailedAllocation done
Event: 16.002 Executing VM operation: HandshakeAllThreads
Event: 16.002 Executing VM operation: HandshakeAllThreads done
Event: 16.050 Executing VM operation: ParallelGCFailedAllocation
Event: 16.053 Executing VM operation: ParallelGCFailedAllocation done
Event: 16.195 Executing VM operation: ParallelGCFailedAllocation
Event: 16.199 Executing VM operation: ParallelGCFailedAllocation done
Event: 16.283 Executing VM operation: ParallelGCFailedAllocation
Event: 16.286 Executing VM operation: ParallelGCFailedAllocation done

Events (20 events):
Event: 15.968 loading class java/util/concurrent/CompletableFuture$UniApply done
Event: 15.969 loading class java/util/concurrent/ForkJoinPool$DefaultCommonPoolForkJoinWorkerThreadFactory$1
Event: 15.969 loading class java/util/concurrent/ForkJoinPool$DefaultCommonPoolForkJoinWorkerThreadFactory$1 done
Event: 15.969 Thread 0x00000295f0955fc0 Thread added: 0x00000295f0955fc0
Event: 15.972 Thread 0x00000295f09569e0 Thread added: 0x00000295f09569e0
Event: 15.972 loading class java/util/concurrent/CompletableFuture$UniAccept
Event: 15.973 loading class java/util/concurrent/CompletableFuture$UniAccept done
Event: 15.973 loading class java/util/concurrent/CompletableFuture$UniExceptionally
Event: 15.973 loading class java/util/concurrent/CompletableFuture$UniExceptionally done
Event: 15.978 Thread 0x00000295f0956ef0 Thread added: 0x00000295f0956ef0
Event: 15.990 Thread 0x00000295f0958840 Thread added: 0x00000295f0958840
Event: 16.010 loading class java/util/Hashtable$KeySet
Event: 16.010 loading class java/util/Hashtable$KeySet done
Event: 16.087 Thread 0x00000295f0957910 Thread added: 0x00000295f0957910
Event: 16.093 loading class java/util/HashMap$ValueSpliterator
Event: 16.101 Thread 0x00000295f0957400 Thread added: 0x00000295f0957400
Event: 16.106 loading class java/util/concurrent/CompletionException
Event: 16.106 loading class java/util/concurrent/CompletionException done
Event: 16.112 loading class java/util/HashMap$ValueSpliterator done
Event: 16.117 Thread 0x00000295f0958d50 Thread added: 0x00000295f0958d50


Dynamic libraries:
0x00007ff6af670000 - 0x00007ff6af67e000 	c:\Users\DELL\.vscode\extensions\redhat.java-1.23.0-win32-x64\jre\17.0.8.1-win32-x86_64\bin\java.exe
0x00007ff932e10000 - 0x00007ff933008000 	C:\WINDOWS\SYSTEM32\ntdll.dll
0x00007ff931f20000 - 0x00007ff931fdd000 	C:\WINDOWS\System32\KERNEL32.DLL
0x00007ff9309b0000 - 0x00007ff930ca6000 	C:\WINDOWS\System32\KERNELBASE.dll
0x00007ff9306b0000 - 0x00007ff9307b0000 	C:\WINDOWS\System32\ucrtbase.dll
0x00007ff916ac0000 - 0x00007ff916ad7000 	c:\Users\DELL\.vscode\extensions\redhat.java-1.23.0-win32-x64\jre\17.0.8.1-win32-x86_64\bin\jli.dll
0x00007ff931030000 - 0x00007ff9311ce000 	C:\WINDOWS\System32\USER32.dll
0x00007ff930e40000 - 0x00007ff930e62000 	C:\WINDOWS\System32\win32u.dll
0x00007ff924570000 - 0x00007ff924589000 	c:\Users\DELL\.vscode\extensions\redhat.java-1.23.0-win32-x64\jre\17.0.8.1-win32-x86_64\bin\VCRUNTIME140.dll
0x00007ff932c00000 - 0x00007ff932c2c000 	C:\WINDOWS\System32\GDI32.dll
0x00007ff930590000 - 0x00007ff9306aa000 	C:\WINDOWS\System32\gdi32full.dll
0x00007ff920120000 - 0x00007ff9203ba000 	C:\WINDOWS\WinSxS\amd64_microsoft.windows.common-controls_6595b64144ccf1df_6.0.19041.1110_none_60b5254171f9507e\COMCTL32.dll
0x00007ff9304f0000 - 0x00007ff93058d000 	C:\WINDOWS\System32\msvcp_win.dll
0x00007ff932d30000 - 0x00007ff932dce000 	C:\WINDOWS\System32\msvcrt.dll
0x00007ff930e70000 - 0x00007ff930ea0000 	C:\WINDOWS\System32\IMM32.DLL
0x00007ff92a210000 - 0x00007ff92a21c000 	c:\Users\DELL\.vscode\extensions\redhat.java-1.23.0-win32-x64\jre\17.0.8.1-win32-x86_64\bin\vcruntime140_1.dll
0x00007ff8ff410000 - 0x00007ff8ff4a1000 	c:\Users\DELL\.vscode\extensions\redhat.java-1.23.0-win32-x64\jre\17.0.8.1-win32-x86_64\bin\msvcp140.dll
0x00007ff8eef20000 - 0x00007ff8efb6c000 	c:\Users\DELL\.vscode\extensions\redhat.java-1.23.0-win32-x64\jre\17.0.8.1-win32-x86_64\bin\server\jvm.dll
0x00007ff932b50000 - 0x00007ff932bfe000 	C:\WINDOWS\System32\ADVAPI32.dll
0x00007ff930f90000 - 0x00007ff93102c000 	C:\WINDOWS\System32\sechost.dll
0x00007ff932840000 - 0x00007ff932966000 	C:\WINDOWS\System32\RPCRT4.dll
0x00007ff91f1b0000 - 0x00007ff91f1b9000 	C:\WINDOWS\SYSTEM32\WSOCK32.dll
0x00007ff932cc0000 - 0x00007ff932d2b000 	C:\WINDOWS\System32\WS2_32.dll
0x00007ff92faa0000 - 0x00007ff92faeb000 	C:\WINDOWS\SYSTEM32\POWRPROF.dll
0x00007ff922100000 - 0x00007ff922127000 	C:\WINDOWS\SYSTEM32\WINMM.dll
0x00007ff929cc0000 - 0x00007ff929cca000 	C:\WINDOWS\SYSTEM32\VERSION.dll
0x00007ff92f910000 - 0x00007ff92f922000 	C:\WINDOWS\SYSTEM32\UMPDC.dll
0x00007ff92ed60000 - 0x00007ff92ed72000 	C:\WINDOWS\SYSTEM32\kernel.appcore.dll
0x00007ff924500000 - 0x00007ff92450a000 	c:\Users\DELL\.vscode\extensions\redhat.java-1.23.0-win32-x64\jre\17.0.8.1-win32-x86_64\bin\jimage.dll
0x00007ff92e880000 - 0x00007ff92ea64000 	C:\WINDOWS\SYSTEM32\DBGHELP.DLL
0x00007ff91e960000 - 0x00007ff91e994000 	C:\WINDOWS\SYSTEM32\dbgcore.DLL
0x00007ff930920000 - 0x00007ff9309a2000 	C:\WINDOWS\System32\bcryptPrimitives.dll
0x00007ff91f5b0000 - 0x00007ff91f5be000 	c:\Users\DELL\.vscode\extensions\redhat.java-1.23.0-win32-x64\jre\17.0.8.1-win32-x86_64\bin\instrument.dll
0x00007ff9083b0000 - 0x00007ff9083d5000 	c:\Users\DELL\.vscode\extensions\redhat.java-1.23.0-win32-x64\jre\17.0.8.1-win32-x86_64\bin\java.dll
0x00007ff911ad0000 - 0x00007ff911ae8000 	c:\Users\DELL\.vscode\extensions\redhat.java-1.23.0-win32-x64\jre\17.0.8.1-win32-x86_64\bin\zip.dll
0x00007ff931720000 - 0x00007ff931e65000 	C:\WINDOWS\System32\SHELL32.dll
0x00007ff92e010000 - 0x00007ff92e7ab000 	C:\WINDOWS\SYSTEM32\windows.storage.dll
0x00007ff932170000 - 0x00007ff9324c4000 	C:\WINDOWS\System32\combase.dll
0x00007ff92ff30000 - 0x00007ff92ff5e000 	C:\WINDOWS\SYSTEM32\Wldp.dll
0x00007ff9329d0000 - 0x00007ff932a7d000 	C:\WINDOWS\System32\SHCORE.dll
0x00007ff932970000 - 0x00007ff9329c5000 	C:\WINDOWS\System32\shlwapi.dll
0x00007ff930420000 - 0x00007ff930445000 	C:\WINDOWS\SYSTEM32\profapi.dll
0x00007ff9117b0000 - 0x00007ff9117c9000 	C:\Users\DELL\.vscode\extensions\redhat.java-1.23.0-win32-x64\jre\17.0.8.1-win32-x86_64\bin\net.dll
0x00007ff927570000 - 0x00007ff92767a000 	C:\WINDOWS\SYSTEM32\WINHTTP.dll
0x00007ff92fc90000 - 0x00007ff92fcfa000 	C:\WINDOWS\system32\mswsock.dll
0x00007ff90f920000 - 0x00007ff90f935000 	C:\Users\DELL\.vscode\extensions\redhat.java-1.23.0-win32-x64\jre\17.0.8.1-win32-x86_64\bin\nio.dll
0x00007ff91f4c0000 - 0x00007ff91f4d0000 	c:\Users\DELL\.vscode\extensions\redhat.java-1.23.0-win32-x64\jre\17.0.8.1-win32-x86_64\bin\verify.dll
0x00007ff906580000 - 0x00007ff9065be000 	C:\Users\DELL\AppData\Roaming\Code\User\globalStorage\redhat.java\1.23.0\config_win\org.eclipse.equinox.launcher\org.eclipse.equinox.launcher.win32.win32.x86_64_1.2.700.v20221108-1024\eclipse_11801.dll
0x00007ff932710000 - 0x00007ff93283a000 	C:\WINDOWS\System32\ole32.dll
0x00007ff92fe90000 - 0x00007ff92fea8000 	C:\WINDOWS\SYSTEM32\CRYPTSP.dll
0x00007ff92f4d0000 - 0x00007ff92f504000 	C:\WINDOWS\system32\rsaenh.dll
0x00007ff930e10000 - 0x00007ff930e37000 	C:\WINDOWS\System32\bcrypt.dll
0x00007ff9303a0000 - 0x00007ff9303ce000 	C:\WINDOWS\SYSTEM32\USERENV.dll
0x00007ff92fe80000 - 0x00007ff92fe8c000 	C:\WINDOWS\SYSTEM32\CRYPTBASE.dll
0x00007ff92f930000 - 0x00007ff92f96b000 	C:\WINDOWS\SYSTEM32\IPHLPAPI.DLL
0x00007ff931fe0000 - 0x00007ff931fe8000 	C:\WINDOWS\System32\NSI.dll
0x00007ff929590000 - 0x00007ff9295a7000 	C:\WINDOWS\SYSTEM32\dhcpcsvc6.DLL
0x00007ff929570000 - 0x00007ff92958d000 	C:\WINDOWS\SYSTEM32\dhcpcsvc.DLL
0x00007ff92f970000 - 0x00007ff92fa3a000 	C:\WINDOWS\SYSTEM32\DNSAPI.dll
0x00007ff903620000 - 0x00007ff903665000 	C:\Users\DELL\AppData\Local\Temp\jna-2094529\jna9983206877581169635.dll
0x00007ff932cb0000 - 0x00007ff932cb8000 	C:\WINDOWS\System32\PSAPI.DLL

dbghelp: loaded successfully - version: 4.0.5 - missing functions: none
symbol engine: initialized successfully - sym options: 0x614 - pdb path: .;c:\Users\DELL\.vscode\extensions\redhat.java-1.23.0-win32-x64\jre\17.0.8.1-win32-x86_64\bin;C:\WINDOWS\SYSTEM32;C:\WINDOWS\WinSxS\amd64_microsoft.windows.common-controls_6595b64144ccf1df_6.0.19041.1110_none_60b5254171f9507e;c:\Users\DELL\.vscode\extensions\redhat.java-1.23.0-win32-x64\jre\17.0.8.1-win32-x86_64\bin\server;C:\Users\DELL\AppData\Roaming\Code\User\globalStorage\redhat.java\1.23.0\config_win\org.eclipse.equinox.launcher\org.eclipse.equinox.launcher.win32.win32.x86_64_1.2.700.v20221108-1024;C:\Users\DELL\AppData\Local\Temp\jna-2094529

VM Arguments:
jvm_args: --add-modules=ALL-SYSTEM --add-opens=java.base/java.util=ALL-UNNAMED --add-opens=java.base/java.lang=ALL-UNNAMED --add-opens=java.base/sun.nio.fs=ALL-UNNAMED -Declipse.application=org.eclipse.jdt.ls.core.id1 -Dosgi.bundles.defaultStartLevel=4 -Declipse.product=org.eclipse.jdt.ls.core.product -Djava.import.generatesMetadataFilesAtProjectRoot=false -DDetectVMInstallationsJob.disabled=true -Dfile.encoding=utf8 -XX:+UseParallelGC -XX:GCTimeRatio=4 -XX:AdaptiveSizePolicyWeight=90 -Dsun.zip.disableMemoryMapping=true -Xmx1G -Xms100m -Xlog:disable -javaagent:c:\Users\DELL\.vscode\extensions\redhat.java-1.23.0-win32-x64\lombok\lombok-1.18.30.jar -XX:+HeapDumpOnOutOfMemoryError -XX:HeapDumpPath=c:\Users\DELL\AppData\Roaming\Code\User\workspaceStorage\72c155e9b7a7fa28bd4b3a5f12094ced\redhat.java -Daether.dependencyCollector.impl=bf 
java_command: c:\Users\DELL\.vscode\extensions\redhat.java-1.23.0-win32-x64\server\plugins\org.eclipse.equinox.launcher_1.6.500.v20230717-2134.jar -configuration c:\Users\DELL\AppData\Roaming\Code\User\globalStorage\redhat.java\1.23.0\config_win -data c:\Users\DELL\AppData\Roaming\Code\User\workspaceStorage\72c155e9b7a7fa28bd4b3a5f12094ced\redhat.java\jdt_ws
java_class_path (initial): c:\Users\DELL\.vscode\extensions\redhat.java-1.23.0-win32-x64\server\plugins\org.eclipse.equinox.launcher_1.6.500.v20230717-2134.jar
Launcher Type: SUN_STANDARD

[Global flags]
    uintx AdaptiveSizePolicyWeight                 = 90                                        {product} {command line}
     intx CICompilerCount                          = 4                                         {product} {ergonomic}
    uintx GCTimeRatio                              = 4                                         {product} {command line}
     bool HeapDumpOnOutOfMemoryError               = true                                   {manageable} {command line}
    ccstr HeapDumpPath                             = c:\Users\DELL\AppData\Roaming\Code\User\workspaceStorage\72c155e9b7a7fa28bd4b3a5f12094ced\redhat.java         {manageable} {command line}
   size_t InitialHeapSize                          = 104857600                                 {product} {command line}
   size_t MaxHeapSize                              = 1073741824                                {product} {command line}
   size_t MaxNewSize                               = 357564416                                 {product} {ergonomic}
   size_t MinHeapDeltaBytes                        = 524288                                    {product} {ergonomic}
   size_t MinHeapSize                              = 104857600                                 {product} {command line}
   size_t NewSize                                  = 34603008                                  {product} {ergonomic}
    uintx NonNMethodCodeHeapSize                   = 5839372                                {pd product} {ergonomic}
    uintx NonProfiledCodeHeapSize                  = 122909434                              {pd product} {ergonomic}
   size_t OldSize                                  = 70254592                                  {product} {ergonomic}
    uintx ProfiledCodeHeapSize                     = 122909434                              {pd product} {ergonomic}
    uintx ReservedCodeCacheSize                    = 251658240                              {pd product} {ergonomic}
     bool SegmentedCodeCache                       = true                                      {product} {ergonomic}
   size_t SoftMaxHeapSize                          = 1073741824                             {manageable} {ergonomic}
     bool UseCompressedClassPointers               = true                           {product lp64_product} {ergonomic}
     bool UseCompressedOops                        = true                           {product lp64_product} {ergonomic}
     bool UseLargePagesIndividualAllocation        = false                                  {pd product} {ergonomic}
     bool UseParallelGC                            = true                                      {product} {command line}

Logging:
Log output configuration:
 #0: stdout all=off uptime,level,tags
 #1: stderr all=off uptime,level,tags

Environment Variables:
PATH=C:\Program Files\Common Files\Oracle\Java\javapath;E:\VM\bin\;C:\Program Files (x86)\Common Files\Oracle\Java\javapath;C:\Windows\system32;C:\Windows;C:\Windows\System32\Wbem;C:\Windows\System32\WindowsPowerShell\v1.0\;C:\Program Files (x86)\NVIDIA Corporation\PhysX\Common;C:\WINDOWS\system32;C:\WINDOWS;C:\WINDOWS\System32\Wbem;C:\WINDOWS\System32\WindowsPowerShell\v1.0\;C:\WINDOWS\System32\OpenSSH\;C:\Program Files (x86)\Bitvise SSH Client;C:\Program Files\Git\cmd;C:\Program Files\nodejs\;C:\Program Files (x86)\Intel\Intel(R) Management Engine Components\DAL;C:\Program Files\Intel\Intel(R) Management Engine Components\DAL;C:\Program Files\dotnet\;C:\Users\DELL\AppData\Local\Programs\Python\Python311\;C:\Users\DELL\AppData\Local\Programs\Python\Python311\Scripts\;C:\Program Files\Java\jdk-20\bin;C:\Users\DELL\AppData\Local\Programs\Python\Python311\Scripts\;C:\Users\DELL\AppData\Local\Programs\Python\Python311\;C:\Users\DELL\AppData\Local\Microsoft\WindowsApps;C:\Program Files (x86)\Nmap;C:\Users\DELL\AppData\Roaming\npm;C:\Users\DELL\AppData\Local\Programs\Microsoft VS Code\bin;C:\Program Files\heroku\bin;C:\Program Files\JetBrains\PyCharm Community Edition 2020.3.3\bin;;C:\Program Files\Java\jdk-20\bin\;C:\Users\DELL\AppData\Local\GitHubDesktop\bin
USERNAME=DELL
OS=Windows_NT
PROCESSOR_IDENTIFIER=Intel64 Family 6 Model 158 Stepping 9, GenuineIntel
TMP=C:\Users\DELL\AppData\Local\Temp
TEMP=C:\Users\DELL\AppData\Local\Temp



---------------  S Y S T E M  ---------------

OS:
 Windows 10 , 64 bit Build 19041 (10.0.19041.3393)
OS uptime: 2 days 5:59 hours

CPU: total 8 (initial active 8) (4 cores per cpu, 2 threads per core) family 6 model 158 stepping 9 microcode 0xb4, cx8, cmov, fxsr, ht, mmx, 3dnowpref, sse, sse2, sse3, ssse3, sse4.1, sse4.2, popcnt, lzcnt, tsc, tscinvbit, avx, avx2, aes, erms, clmul, bmi1, bmi2, adx, fma, vzeroupper, clflush, clflushopt
Processor Information for all 8 processors :
  Max Mhz: 2801, Current Mhz: 2800, Mhz Limit: 2772

Memory: 4k page, system-wide physical 8053M (452M free)
TotalPageFile size 12149M (AvailPageFile size 66M)
current process WorkingSet (physical memory assigned to process): 223M, peak: 230M
current process commit charge ("private bytes"): 299M, peak: 307M

vm_info: OpenJDK 64-Bit Server VM (17.0.8.1+1) for windows-amd64 JRE (17.0.8.1+1), built on Aug 23 2023 15:29:17 by "admin" with MS VC++ 16.7 (VS2019)

END.
