#
# There is insufficient memory for the Java Runtime Environment to continue.
# Native memory allocation (malloc) failed to allocate 1304976 bytes for Chunk::new
# Possible reasons:
#   The system is out of physical RAM or swap space
#   The process is running with CompressedOops enabled, and the Java Heap may be blocking the growth of the native heap
# Possible solutions:
#   Reduce memory load on the system
#   Increase physical memory or swap space
#   Check if swap backing store is full
#   Decrease Java heap size (-Xmx/-Xms)
#   Decrease number of Java threads
#   Decrease Java thread stack sizes (-Xss)
#   Set larger code cache with -XX:ReservedCodeCacheSize=
#   JVM is running with Unscaled Compressed Oops mode in which the Java heap is
#     placed in the first 4GB address space. The Java Heap base address is the
#     maximum limit for the native heap growth. Please use -XX:HeapBaseMinAddress
#     to set the Java Heap base and to place the Java Heap above 4GB virtual address.
# This output file may be truncated or incomplete.
#
#  Out of Memory Error (arena.cpp:189), pid=5956, tid=10704
#
# JRE version: OpenJDK Runtime Environment Temurin-17.0.8.1+1 (17.0.8.1+1) (build 17.0.8.1+1)
# Java VM: OpenJDK 64-Bit Server VM Temurin-17.0.8.1+1 (17.0.8.1+1, mixed mode, tiered, compressed oops, compressed class ptrs, parallel gc, windows-amd64)
# No core dump will be written. Minidumps are not enabled by default on client versions of Windows
#

---------------  S U M M A R Y ------------

Command Line: --add-modules=ALL-SYSTEM --add-opens=java.base/java.util=ALL-UNNAMED --add-opens=java.base/java.lang=ALL-UNNAMED --add-opens=java.base/sun.nio.fs=ALL-UNNAMED -Declipse.application=org.eclipse.jdt.ls.core.id1 -Dosgi.bundles.defaultStartLevel=4 -Declipse.product=org.eclipse.jdt.ls.core.product -Djava.import.generatesMetadataFilesAtProjectRoot=false -DDetectVMInstallationsJob.disabled=true -Dfile.encoding=utf8 -XX:+UseParallelGC -XX:GCTimeRatio=4 -XX:AdaptiveSizePolicyWeight=90 -Dsun.zip.disableMemoryMapping=true -Xmx1G -Xms100m -Xlog:disable -javaagent:c:\Users\DELL\.vscode\extensions\redhat.java-1.23.0-win32-x64\lombok\lombok-1.18.30.jar c:\Users\DELL\.vscode\extensions\redhat.java-1.23.0-win32-x64\server\plugins\org.eclipse.equinox.launcher_1.6.500.v20230717-2134.jar -configuration c:\Users\DELL\AppData\Roaming\Code\User\globalStorage\redhat.java\1.23.0\config_ss_win -data c:\Users\DELL\AppData\Roaming\Code\User\workspaceStorage\72c155e9b7a7fa28bd4b3a5f12094ced\redhat.java\ss_ws

Host: Intel(R) Core(TM) i7-7700HQ CPU @ 2.80GHz, 8 cores, 7G,  Windows 10 , 64 bit Build 19041 (10.0.19041.3393)
Time: Tue Oct 10 17:09:44 2023 India Standard Time elapsed time: 6.792455 seconds (0d 0h 0m 6s)

---------------  T H R E A D  ---------------

Current thread (0x000001756983e850):  JavaThread "C2 CompilerThread1" daemon [_thread_in_native, id=10704, stack(0x0000000c7eb00000,0x0000000c7ec00000)]


Current CompileTask:
C2:   6792 3419   !   4       jdk.internal.jrtfs.JrtFileSystem::lookup (23 bytes)

Stack: [0x0000000c7eb00000,0x0000000c7ec00000]
Native frames: (J=compiled Java code, j=interpreted, Vv=VM code, C=native code)
V  [jvm.dll+0x678b0a]
V  [jvm.dll+0x835e84]
V  [jvm.dll+0x83762e]
V  [jvm.dll+0x837c93]
V  [jvm.dll+0x24746f]
V  [jvm.dll+0xac20c]
V  [jvm.dll+0xac7dc]
V  [jvm.dll+0x365c52]
V  [jvm.dll+0x3301a1]
V  [jvm.dll+0x32f64a]
V  [jvm.dll+0x219bf1]
V  [jvm.dll+0x219011]
V  [jvm.dll+0x1a534d]
V  [jvm.dll+0x228d8a]
V  [jvm.dll+0x226dcc]
V  [jvm.dll+0x7ec09b]
V  [jvm.dll+0x7e64ca]
V  [jvm.dll+0x677955]
C  [ucrtbase.dll+0x21bb2]
C  [KERNEL32.DLL+0x17344]
C  [ntdll.dll+0x526b1]


---------------  P R O C E S S  ---------------

Threads class SMR info:
_java_thread_list=0x000001756ac31980, length=27, elements={
0x000001754ea6ed60, 0x000001754eb29320, 0x000001754eb2abc0, 0x00000175628e80e0,
0x00000175628e8f60, 0x00000175628ea580, 0x00000175628ee060, 0x0000017567c2c900,
0x0000017567c33390, 0x0000017567c45820, 0x0000017567cb70b0, 0x0000017567f31aa0,
0x0000017569473100, 0x00000175696c7990, 0x00000175696c83e0, 0x0000017569668eb0,
0x0000017569554a40, 0x0000017568f324c0, 0x0000017568f32ee0, 0x0000017568f33e10,
0x0000017569ccd0a0, 0x0000017569cc7a90, 0x000001756983e850, 0x0000017569cc84b0,
0x0000017569cc7070, 0x0000017569cc89c0, 0x0000017569ccb750
}

Java Threads: ( => current thread )
  0x000001754ea6ed60 JavaThread "main" [_thread_blocked, id=14536, stack(0x0000000c7cb00000,0x0000000c7cc00000)]
  0x000001754eb29320 JavaThread "Reference Handler" daemon [_thread_blocked, id=12680, stack(0x0000000c7ce00000,0x0000000c7cf00000)]
  0x000001754eb2abc0 JavaThread "Finalizer" daemon [_thread_blocked, id=14592, stack(0x0000000c7cf00000,0x0000000c7d000000)]
  0x00000175628e80e0 JavaThread "Signal Dispatcher" daemon [_thread_blocked, id=12956, stack(0x0000000c7d000000,0x0000000c7d100000)]
  0x00000175628e8f60 JavaThread "Attach Listener" daemon [_thread_blocked, id=16216, stack(0x0000000c7d100000,0x0000000c7d200000)]
  0x00000175628ea580 JavaThread "Service Thread" daemon [_thread_blocked, id=4104, stack(0x0000000c7d200000,0x0000000c7d300000)]
  0x00000175628ee060 JavaThread "Monitor Deflation Thread" daemon [_thread_blocked, id=21828, stack(0x0000000c7d300000,0x0000000c7d400000)]
  0x0000017567c2c900 JavaThread "C2 CompilerThread0" daemon [_thread_in_native, id=16548, stack(0x0000000c7d400000,0x0000000c7d500000)]
  0x0000017567c33390 JavaThread "C1 CompilerThread0" daemon [_thread_blocked, id=16984, stack(0x0000000c7d500000,0x0000000c7d600000)]
  0x0000017567c45820 JavaThread "Sweeper thread" daemon [_thread_blocked, id=8440, stack(0x0000000c7d600000,0x0000000c7d700000)]
  0x0000017567cb70b0 JavaThread "Common-Cleaner" daemon [_thread_blocked, id=16776, stack(0x0000000c7d700000,0x0000000c7d800000)]
  0x0000017567f31aa0 JavaThread "Notification Thread" daemon [_thread_blocked, id=10540, stack(0x0000000c7d800000,0x0000000c7d900000)]
  0x0000017569473100 JavaThread "Active Thread: Equinox Container: 960d5e6f-baf4-4b9c-a249-9c415d23a75e" [_thread_blocked, id=8728, stack(0x0000000c7e100000,0x0000000c7e200000)]
  0x00000175696c7990 JavaThread "Framework Event Dispatcher: Equinox Container: 960d5e6f-baf4-4b9c-a249-9c415d23a75e" daemon [_thread_blocked, id=11204, stack(0x0000000c7e200000,0x0000000c7e300000)]
  0x00000175696c83e0 JavaThread "Start Level: Equinox Container: 960d5e6f-baf4-4b9c-a249-9c415d23a75e" daemon [_thread_blocked, id=14912, stack(0x0000000c7e300000,0x0000000c7e400000)]
  0x0000017569668eb0 JavaThread "SCR Component Actor" daemon [_thread_blocked, id=21752, stack(0x0000000c7e400000,0x0000000c7e500000)]
  0x0000017569554a40 JavaThread "SCR Component Registry" daemon [_thread_blocked, id=16020, stack(0x0000000c7da00000,0x0000000c7db00000)]
  0x0000017568f324c0 JavaThread "Worker-JM" [_thread_blocked, id=13936, stack(0x0000000c7e600000,0x0000000c7e700000)]
  0x0000017568f32ee0 JavaThread "Worker-0" [_thread_blocked, id=21444, stack(0x0000000c7e800000,0x0000000c7e900000)]
  0x0000017568f33e10 JavaThread "Worker-1" [_thread_blocked, id=16100, stack(0x0000000c7e900000,0x0000000c7ea00000)]
  0x0000017569ccd0a0 JavaThread "JNA Cleaner" daemon [_thread_blocked, id=12600, stack(0x0000000c7e700000,0x0000000c7e800000)]
  0x0000017569cc7a90 JavaThread "pool-2-thread-1" [_thread_blocked, id=11668, stack(0x0000000c7ea00000,0x0000000c7eb00000)]
=>0x000001756983e850 JavaThread "C2 CompilerThread1" daemon [_thread_in_native, id=10704, stack(0x0000000c7eb00000,0x0000000c7ec00000)]
  0x0000017569cc84b0 JavaThread "WorkspaceEventsHandler" [_thread_blocked, id=16956, stack(0x0000000c7ec00000,0x0000000c7ed00000)]
  0x0000017569cc7070 JavaThread "pool-1-thread-1" [_thread_blocked, id=8900, stack(0x0000000c7ed00000,0x0000000c7ee00000)]
  0x0000017569cc89c0 JavaThread "Worker-2" [_thread_blocked, id=14896, stack(0x0000000c7ee00000,0x0000000c7ef00000)]
  0x0000017569ccb750 JavaThread "ForkJoinPool.commonPool-worker-1" daemon [_thread_in_native, id=4668, stack(0x0000000c7ef00000,0x0000000c7f000000)]

Other Threads:
  0x0000017567c00c20 VMThread "VM Thread" [stack: 0x0000000c7cd00000,0x0000000c7ce00000] [id=15172]
  0x0000017567f81fe0 WatcherThread [stack: 0x0000000c7d900000,0x0000000c7da00000] [id=17296]
  0x000001754ea85600 GCTaskThread "GC Thread#0" [stack: 0x0000000c7cc00000,0x0000000c7cd00000] [id=19700]
  0x00000175693908c0 GCTaskThread "GC Thread#1" [stack: 0x0000000c7db00000,0x0000000c7dc00000] [id=2100]
  0x0000017568ca2080 GCTaskThread "GC Thread#2" [stack: 0x0000000c7dc00000,0x0000000c7dd00000] [id=23136]
  0x00000175694020c0 GCTaskThread "GC Thread#3" [stack: 0x0000000c7dd00000,0x0000000c7de00000] [id=18560]
  0x0000017569402380 GCTaskThread "GC Thread#4" [stack: 0x0000000c7de00000,0x0000000c7df00000] [id=21568]
  0x0000017569402640 GCTaskThread "GC Thread#5" [stack: 0x0000000c7df00000,0x0000000c7e000000] [id=23380]
  0x0000017569402900 GCTaskThread "GC Thread#6" [stack: 0x0000000c7e000000,0x0000000c7e100000] [id=14796]
  0x00000175691a92c0 GCTaskThread "GC Thread#7" [stack: 0x0000000c7e500000,0x0000000c7e600000] [id=17796]

Threads with active compile tasks:
C2 CompilerThread0     6831 3420       4       jdk.internal.jrtfs.SystemImage$1::findNode (9 bytes)
C2 CompilerThread1     6832 3419   !   4       jdk.internal.jrtfs.JrtFileSystem::lookup (23 bytes)

VM state: not at safepoint (normal execution)

VM Mutex/Monitor currently owned by a thread: None

Heap address: 0x00000000c0000000, size: 1024 MB, Compressed Oops mode: 32-bit

CDS archive(s) not mapped
Compressed class space mapped at: 0x0000000100000000-0x0000000140000000, reserved size: 1073741824
Narrow klass base: 0x0000000000000000, Narrow klass shift: 3, Narrow klass range: 0x140000000

GC Precious Log:
 CPUs: 8 total, 8 available
 Memory: 8053M
 Large Page Support: Disabled
 NUMA Support: Disabled
 Compressed Oops: Enabled (32-bit)
 Alignments: Space 512K, Generation 512K, Heap 2M
 Heap Min Capacity: 100M
 Heap Initial Capacity: 100M
 Heap Max Capacity: 1G
 Pre-touch: Disabled
 Parallel Workers: 8

Heap:
 PSYoungGen      total 24064K, used 13833K [0x00000000eab00000, 0x00000000ec480000, 0x0000000100000000)
  eden space 22016K, 54% used [0x00000000eab00000,0x00000000eb69f3c8,0x00000000ec080000)
  from space 2048K, 94% used [0x00000000ec180000,0x00000000ec3630c8,0x00000000ec380000)
  to   space 1024K, 0% used [0x00000000ec380000,0x00000000ec380000,0x00000000ec480000)
 ParOldGen       total 68608K, used 23296K [0x00000000c0000000, 0x00000000c4300000, 0x00000000eab00000)
  object space 68608K, 33% used [0x00000000c0000000,0x00000000c16c0118,0x00000000c4300000)
 Metaspace       used 40006K, committed 40768K, reserved 1114112K
  class space    used 4111K, committed 4480K, reserved 1048576K

Card table byte_map: [0x000001754e410000,0x000001754e620000] _byte_map_base: 0x000001754de10000

Marking Bits: (ParMarkBitMap*) 0x00007ff8f49083a0
 Begin Bits: [0x00000175606f0000, 0x00000175616f0000)
 End Bits:   [0x00000175616f0000, 0x00000175626f0000)

Polling page: 0x000001754c9c0000

Metaspace:

Usage:
  Non-class:     35.05 MB used.
      Class:      4.02 MB used.
       Both:     39.07 MB used.

Virtual space:
  Non-class space:       64.00 MB reserved,      35.44 MB ( 55%) committed,  1 nodes.
      Class space:        1.00 GB reserved,       4.38 MB ( <1%) committed,  1 nodes.
             Both:        1.06 GB reserved,      39.81 MB (  4%) committed. 

Chunk freelists:
   Non-Class:  12.45 MB
       Class:  11.55 MB
        Both:  24.00 MB

MaxMetaspaceSize: unlimited
CompressedClassSpaceSize: 1.00 GB
Initial GC threshold: 21.00 MB
Current GC threshold: 58.38 MB
CDS: off
MetaspaceReclaimPolicy: balanced
 - commit_granule_bytes: 65536.
 - commit_granule_words: 8192.
 - virtual_space_node_default_size: 8388608.
 - enlarge_chunks_in_place: 1.
 - new_chunks_are_fully_committed: 0.
 - uncommit_free_chunks: 1.
 - use_allocation_guard: 0.
 - handle_deallocations: 1.


Internal statistics:

num_allocs_failed_limit: 6.
num_arena_births: 368.
num_arena_deaths: 14.
num_vsnodes_births: 2.
num_vsnodes_deaths: 0.
num_space_committed: 637.
num_space_uncommitted: 0.
num_chunks_returned_to_freelist: 27.
num_chunks_taken_from_freelist: 1658.
num_chunk_merges: 14.
num_chunk_splits: 1070.
num_chunks_enlarged: 697.
num_inconsistent_stats: 0.

CodeHeap 'non-profiled nmethods': size=120000Kb used=1886Kb max_used=1886Kb free=118113Kb
 bounds [0x00000175591c0000, 0x0000017559430000, 0x00000175606f0000]
CodeHeap 'profiled nmethods': size=120000Kb used=7935Kb max_used=7935Kb free=112064Kb
 bounds [0x00000175516f0000, 0x0000017551eb0000, 0x0000017558c20000]
CodeHeap 'non-nmethods': size=5760Kb used=1285Kb max_used=1329Kb free=4475Kb
 bounds [0x0000017558c20000, 0x0000017558e90000, 0x00000175591c0000]
 total_blobs=4490 nmethods=3879 adapters=524
 compilation: enabled
              stopped_count=0, restarted_count=0
 full_count=0

Compilation events (20 events):
Event: 6.746 Thread 0x0000017567c33390 nmethod 3874 0x0000017551ea0710 code [0x0000017551ea0960, 0x0000017551ea12b8]
Event: 6.746 Thread 0x0000017567c33390 3875       3       java.lang.Class::getDeclaringClass (31 bytes)
Event: 6.746 Thread 0x0000017567c33390 nmethod 3875 0x0000017551ea1610 code [0x0000017551ea1800, 0x0000017551ea1c08]
Event: 6.746 Thread 0x0000017567c33390 3876       3       sun.reflect.generics.reflectiveObjects.ParameterizedTypeImpl::<init> (35 bytes)
Event: 6.747 Thread 0x0000017567c33390 nmethod 3876 0x0000017551ea1d90 code [0x0000017551ea1f40, 0x0000017551ea21b8]
Event: 6.755 Thread 0x0000017567c33390 3879   !   3       java.util.regex.Pattern::matcher (44 bytes)
Event: 6.755 Thread 0x0000017567c33390 nmethod 3879 0x0000017551ea2310 code [0x0000017551ea24c0, 0x0000017551ea2818]
Event: 6.755 Thread 0x0000017567c33390 3880       3       java.util.regex.Matcher::<init> (95 bytes)
Event: 6.756 Thread 0x0000017567c33390 nmethod 3880 0x0000017551ea2990 code [0x0000017551ea2b60, 0x0000017551ea3028]
Event: 6.759 Thread 0x0000017567c33390 3883       2       java.lang.PublicMethods$MethodList::filter (104 bytes)
Event: 6.760 Thread 0x0000017567c33390 nmethod 3883 0x0000017551ea3190 code [0x0000017551ea3360, 0x0000017551ea37b8]
Event: 6.760 Thread 0x0000017567c33390 3882       2       java.lang.Class::getMethodsRecursive (99 bytes)
Event: 6.761 Thread 0x0000017567c33390 nmethod 3882 0x0000017551ea3b10 code [0x0000017551ea3d00, 0x0000017551ea40c8]
Event: 6.763 Thread 0x0000017567c33390 3884       2       java.net.URI::<init> (23 bytes)
Event: 6.763 Thread 0x0000017567c33390 nmethod 3884 0x0000017551ea4390 code [0x0000017551ea4520, 0x0000017551ea46e8]
Event: 6.765 Thread 0x0000017567c33390 3885       3       java.net.URL::toString (5 bytes)
Event: 6.765 Thread 0x0000017567c33390 nmethod 3885 0x0000017551ea4790 code [0x0000017551ea4940, 0x0000017551ea4b68]
Event: 6.778 Thread 0x0000017567c33390 3889       2       java.nio.Buffer::remaining (20 bytes)
Event: 6.779 Thread 0x0000017567c33390 nmethod 3889 0x0000017551ea4c90 code [0x0000017551ea4e20, 0x0000017551ea4f38]
Event: 6.788 Thread 0x0000017567c33390 3890   !   2       org.eclipse.osgi.internal.loader.BundleLoader::findResource (425 bytes)

GC Heap History (20 events):
Event: 5.118 GC heap before
{Heap before GC invocations=8 (full 1):
 PSYoungGen      total 26112K, used 25751K [0x00000000eab00000, 0x00000000ec780000, 0x0000000100000000)
  eden space 24576K, 100% used [0x00000000eab00000,0x00000000ec300000,0x00000000ec300000)
  from space 1536K, 76% used [0x00000000ec600000,0x00000000ec725c18,0x00000000ec780000)
  to   space 1536K, 0% used [0x00000000ec480000,0x00000000ec480000,0x00000000ec600000)
 ParOldGen       total 68608K, used 6629K [0x00000000c0000000, 0x00000000c4300000, 0x00000000eab00000)
  object space 68608K, 9% used [0x00000000c0000000,0x00000000c06795e0,0x00000000c4300000)
 Metaspace       used 31999K, committed 32640K, reserved 1114112K
  class space    used 3159K, committed 3456K, reserved 1048576K
}
Event: 5.121 GC heap after
{Heap after GC invocations=8 (full 1):
 PSYoungGen      total 25600K, used 1534K [0x00000000eab00000, 0x00000000eca80000, 0x0000000100000000)
  eden space 24064K, 0% used [0x00000000eab00000,0x00000000eab00000,0x00000000ec280000)
  from space 1536K, 99% used [0x00000000ec480000,0x00000000ec5ffb90,0x00000000ec600000)
  to   space 4096K, 0% used [0x00000000ec680000,0x00000000ec680000,0x00000000eca80000)
 ParOldGen       total 68608K, used 8400K [0x00000000c0000000, 0x00000000c4300000, 0x00000000eab00000)
  object space 68608K, 12% used [0x00000000c0000000,0x00000000c08340b8,0x00000000c4300000)
 Metaspace       used 31999K, committed 32640K, reserved 1114112K
  class space    used 3159K, committed 3456K, reserved 1048576K
}
Event: 5.519 GC heap before
{Heap before GC invocations=9 (full 1):
 PSYoungGen      total 25600K, used 20491K [0x00000000eab00000, 0x00000000eca80000, 0x0000000100000000)
  eden space 24064K, 78% used [0x00000000eab00000,0x00000000ebd83288,0x00000000ec280000)
  from space 1536K, 99% used [0x00000000ec480000,0x00000000ec5ffb90,0x00000000ec600000)
  to   space 4096K, 0% used [0x00000000ec680000,0x00000000ec680000,0x00000000eca80000)
 ParOldGen       total 68608K, used 8400K [0x00000000c0000000, 0x00000000c4300000, 0x00000000eab00000)
  object space 68608K, 12% used [0x00000000c0000000,0x00000000c08340b8,0x00000000c4300000)
 Metaspace       used 35135K, committed 35840K, reserved 1114112K
  class space    used 3565K, committed 3904K, reserved 1048576K
}
Event: 5.522 GC heap after
{Heap after GC invocations=9 (full 1):
 PSYoungGen      total 27136K, used 2873K [0x00000000eab00000, 0x00000000ec980000, 0x0000000100000000)
  eden space 24064K, 0% used [0x00000000eab00000,0x00000000eab00000,0x00000000ec280000)
  from space 3072K, 93% used [0x00000000ec680000,0x00000000ec94e758,0x00000000ec980000)
  to   space 3072K, 0% used [0x00000000ec380000,0x00000000ec380000,0x00000000ec680000)
 ParOldGen       total 68608K, used 8408K [0x00000000c0000000, 0x00000000c4300000, 0x00000000eab00000)
  object space 68608K, 12% used [0x00000000c0000000,0x00000000c08360b8,0x00000000c4300000)
 Metaspace       used 35135K, committed 35840K, reserved 1114112K
  class space    used 3565K, committed 3904K, reserved 1048576K
}
Event: 5.522 GC heap before
{Heap before GC invocations=10 (full 2):
 PSYoungGen      total 27136K, used 2873K [0x00000000eab00000, 0x00000000ec980000, 0x0000000100000000)
  eden space 24064K, 0% used [0x00000000eab00000,0x00000000eab00000,0x00000000ec280000)
  from space 3072K, 93% used [0x00000000ec680000,0x00000000ec94e758,0x00000000ec980000)
  to   space 3072K, 0% used [0x00000000ec380000,0x00000000ec380000,0x00000000ec680000)
 ParOldGen       total 68608K, used 8408K [0x00000000c0000000, 0x00000000c4300000, 0x00000000eab00000)
  object space 68608K, 12% used [0x00000000c0000000,0x00000000c08360b8,0x00000000c4300000)
 Metaspace       used 35135K, committed 35840K, reserved 1114112K
  class space    used 3565K, committed 3904K, reserved 1048576K
}
Event: 5.546 GC heap after
{Heap after GC invocations=10 (full 2):
 PSYoungGen      total 27136K, used 0K [0x00000000eab00000, 0x00000000ec980000, 0x0000000100000000)
  eden space 24064K, 0% used [0x00000000eab00000,0x00000000eab00000,0x00000000ec280000)
  from space 3072K, 0% used [0x00000000ec680000,0x00000000ec680000,0x00000000ec980000)
  to   space 3072K, 0% used [0x00000000ec380000,0x00000000ec380000,0x00000000ec680000)
 ParOldGen       total 68608K, used 11000K [0x00000000c0000000, 0x00000000c4300000, 0x00000000eab00000)
  object space 68608K, 16% used [0x00000000c0000000,0x00000000c0abe2d0,0x00000000c4300000)
 Metaspace       used 35135K, committed 35840K, reserved 1114112K
  class space    used 3565K, committed 3904K, reserved 1048576K
}
Event: 5.834 GC heap before
{Heap before GC invocations=11 (full 2):
 PSYoungGen      total 27136K, used 24064K [0x00000000eab00000, 0x00000000ec980000, 0x0000000100000000)
  eden space 24064K, 100% used [0x00000000eab00000,0x00000000ec280000,0x00000000ec280000)
  from space 3072K, 0% used [0x00000000ec680000,0x00000000ec680000,0x00000000ec980000)
  to   space 3072K, 0% used [0x00000000ec380000,0x00000000ec380000,0x00000000ec680000)
 ParOldGen       total 68608K, used 11000K [0x00000000c0000000, 0x00000000c4300000, 0x00000000eab00000)
  object space 68608K, 16% used [0x00000000c0000000,0x00000000c0abe2d0,0x00000000c4300000)
 Metaspace       used 36426K, committed 37248K, reserved 1114112K
  class space    used 3710K, committed 4096K, reserved 1048576K
}
Event: 5.836 GC heap after
{Heap after GC invocations=11 (full 2):
 PSYoungGen      total 26112K, used 2112K [0x00000000eab00000, 0x00000000ec700000, 0x0000000100000000)
  eden space 23552K, 0% used [0x00000000eab00000,0x00000000eab00000,0x00000000ec200000)
  from space 2560K, 82% used [0x00000000ec380000,0x00000000ec590020,0x00000000ec600000)
  to   space 1024K, 0% used [0x00000000ec600000,0x00000000ec600000,0x00000000ec700000)
 ParOldGen       total 68608K, used 11008K [0x00000000c0000000, 0x00000000c4300000, 0x00000000eab00000)
  object space 68608K, 16% used [0x00000000c0000000,0x00000000c0ac02d0,0x00000000c4300000)
 Metaspace       used 36426K, committed 37248K, reserved 1114112K
  class space    used 3710K, committed 4096K, reserved 1048576K
}
Event: 5.949 GC heap before
{Heap before GC invocations=12 (full 2):
 PSYoungGen      total 26112K, used 25664K [0x00000000eab00000, 0x00000000ec700000, 0x0000000100000000)
  eden space 23552K, 100% used [0x00000000eab00000,0x00000000ec200000,0x00000000ec200000)
  from space 2560K, 82% used [0x00000000ec380000,0x00000000ec590020,0x00000000ec600000)
  to   space 1024K, 0% used [0x00000000ec600000,0x00000000ec600000,0x00000000ec700000)
 ParOldGen       total 68608K, used 11008K [0x00000000c0000000, 0x00000000c4300000, 0x00000000eab00000)
  object space 68608K, 16% used [0x00000000c0000000,0x00000000c0ac02d0,0x00000000c4300000)
 Metaspace       used 36615K, committed 37376K, reserved 1114112K
  class space    used 3731K, committed 4096K, reserved 1048576K
}
Event: 5.953 GC heap after
{Heap after GC invocations=12 (full 2):
 PSYoungGen      total 24064K, used 992K [0x00000000eab00000, 0x00000000eca80000, 0x0000000100000000)
  eden space 23040K, 0% used [0x00000000eab00000,0x00000000eab00000,0x00000000ec180000)
  from space 1024K, 96% used [0x00000000ec600000,0x00000000ec6f8020,0x00000000ec700000)
  to   space 4608K, 0% used [0x00000000ec180000,0x00000000ec180000,0x00000000ec600000)
 ParOldGen       total 68608K, used 13920K [0x00000000c0000000, 0x00000000c4300000, 0x00000000eab00000)
  object space 68608K, 20% used [0x00000000c0000000,0x00000000c0d982d0,0x00000000c4300000)
 Metaspace       used 36615K, committed 37376K, reserved 1114112K
  class space    used 3731K, committed 4096K, reserved 1048576K
}
Event: 6.027 GC heap before
{Heap before GC invocations=13 (full 2):
 PSYoungGen      total 24064K, used 24032K [0x00000000eab00000, 0x00000000eca80000, 0x0000000100000000)
  eden space 23040K, 100% used [0x00000000eab00000,0x00000000ec180000,0x00000000ec180000)
  from space 1024K, 96% used [0x00000000ec600000,0x00000000ec6f8020,0x00000000ec700000)
  to   space 4608K, 0% used [0x00000000ec180000,0x00000000ec180000,0x00000000ec600000)
 ParOldGen       total 68608K, used 13920K [0x00000000c0000000, 0x00000000c4300000, 0x00000000eab00000)
  object space 68608K, 20% used [0x00000000c0000000,0x00000000c0d982d0,0x00000000c4300000)
 Metaspace       used 36693K, committed 37440K, reserved 1114112K
  class space    used 3743K, committed 4096K, reserved 1048576K
}
Event: 6.030 GC heap after
{Heap after GC invocations=13 (full 2):
 PSYoungGen      total 25088K, used 2528K [0x00000000eab00000, 0x00000000ec700000, 0x0000000100000000)
  eden space 22528K, 0% used [0x00000000eab00000,0x00000000eab00000,0x00000000ec100000)
  from space 2560K, 98% used [0x00000000ec180000,0x00000000ec3f8020,0x00000000ec400000)
  to   space 3072K, 0% used [0x00000000ec400000,0x00000000ec400000,0x00000000ec700000)
 ParOldGen       total 68608K, used 14878K [0x00000000c0000000, 0x00000000c4300000, 0x00000000eab00000)
  object space 68608K, 21% used [0x00000000c0000000,0x00000000c0e87928,0x00000000c4300000)
 Metaspace       used 36693K, committed 37440K, reserved 1114112K
  class space    used 3743K, committed 4096K, reserved 1048576K
}
Event: 6.070 GC heap before
{Heap before GC invocations=14 (full 2):
 PSYoungGen      total 25088K, used 25056K [0x00000000eab00000, 0x00000000ec700000, 0x0000000100000000)
  eden space 22528K, 100% used [0x00000000eab00000,0x00000000ec100000,0x00000000ec100000)
  from space 2560K, 98% used [0x00000000ec180000,0x00000000ec3f8020,0x00000000ec400000)
  to   space 3072K, 0% used [0x00000000ec400000,0x00000000ec400000,0x00000000ec700000)
 ParOldGen       total 68608K, used 14878K [0x00000000c0000000, 0x00000000c4300000, 0x00000000eab00000)
  object space 68608K, 21% used [0x00000000c0000000,0x00000000c0e87928,0x00000000c4300000)
 Metaspace       used 36696K, committed 37440K, reserved 1114112K
  class space    used 3743K, committed 4096K, reserved 1048576K
}
Event: 6.074 GC heap after
{Heap after GC invocations=14 (full 2):
 PSYoungGen      total 24064K, used 2048K [0x00000000eab00000, 0x00000000ec600000, 0x0000000100000000)
  eden space 22016K, 0% used [0x00000000eab00000,0x00000000eab00000,0x00000000ec080000)
  from space 2048K, 100% used [0x00000000ec400000,0x00000000ec600000,0x00000000ec600000)
  to   space 2560K, 0% used [0x00000000ec100000,0x00000000ec100000,0x00000000ec380000)
 ParOldGen       total 68608K, used 17290K [0x00000000c0000000, 0x00000000c4300000, 0x00000000eab00000)
  object space 68608K, 25% used [0x00000000c0000000,0x00000000c10e2888,0x00000000c4300000)
 Metaspace       used 36696K, committed 37440K, reserved 1114112K
  class space    used 3743K, committed 4096K, reserved 1048576K
}
Event: 6.106 GC heap before
{Heap before GC invocations=15 (full 2):
 PSYoungGen      total 24064K, used 24064K [0x00000000eab00000, 0x00000000ec600000, 0x0000000100000000)
  eden space 22016K, 100% used [0x00000000eab00000,0x00000000ec080000,0x00000000ec080000)
  from space 2048K, 100% used [0x00000000ec400000,0x00000000ec600000,0x00000000ec600000)
  to   space 2560K, 0% used [0x00000000ec100000,0x00000000ec100000,0x00000000ec380000)
 ParOldGen       total 68608K, used 17290K [0x00000000c0000000, 0x00000000c4300000, 0x00000000eab00000)
  object space 68608K, 25% used [0x00000000c0000000,0x00000000c10e2888,0x00000000c4300000)
 Metaspace       used 36697K, committed 37440K, reserved 1114112K
  class space    used 3743K, committed 4096K, reserved 1048576K
}
Event: 6.110 GC heap after
{Heap after GC invocations=15 (full 2):
 PSYoungGen      total 24576K, used 2336K [0x00000000eab00000, 0x00000000ec580000, 0x0000000100000000)
  eden space 22016K, 0% used [0x00000000eab00000,0x00000000eab00000,0x00000000ec080000)
  from space 2560K, 91% used [0x00000000ec100000,0x00000000ec348010,0x00000000ec380000)
  to   space 2048K, 0% used [0x00000000ec380000,0x00000000ec380000,0x00000000ec580000)
 ParOldGen       total 68608K, used 19290K [0x00000000c0000000, 0x00000000c4300000, 0x00000000eab00000)
  object space 68608K, 28% used [0x00000000c0000000,0x00000000c12d6888,0x00000000c4300000)
 Metaspace       used 36697K, committed 37440K, reserved 1114112K
  class space    used 3743K, committed 4096K, reserved 1048576K
}
Event: 6.163 GC heap before
{Heap before GC invocations=16 (full 2):
 PSYoungGen      total 24576K, used 24352K [0x00000000eab00000, 0x00000000ec580000, 0x0000000100000000)
  eden space 22016K, 100% used [0x00000000eab00000,0x00000000ec080000,0x00000000ec080000)
  from space 2560K, 91% used [0x00000000ec100000,0x00000000ec348010,0x00000000ec380000)
  to   space 2048K, 0% used [0x00000000ec380000,0x00000000ec380000,0x00000000ec580000)
 ParOldGen       total 68608K, used 19290K [0x00000000c0000000, 0x00000000c4300000, 0x00000000eab00000)
  object space 68608K, 28% used [0x00000000c0000000,0x00000000c12d6888,0x00000000c4300000)
 Metaspace       used 36712K, committed 37440K, reserved 1114112K
  class space    used 3746K, committed 4096K, reserved 1048576K
}
Event: 6.166 GC heap after
{Heap after GC invocations=16 (full 2):
 PSYoungGen      total 24064K, used 1856K [0x00000000eab00000, 0x00000000ec580000, 0x0000000100000000)
  eden space 22016K, 0% used [0x00000000eab00000,0x00000000eab00000,0x00000000ec080000)
  from space 2048K, 90% used [0x00000000ec380000,0x00000000ec550000,0x00000000ec580000)
  to   space 2048K, 0% used [0x00000000ec180000,0x00000000ec180000,0x00000000ec380000)
 ParOldGen       total 68608K, used 21514K [0x00000000c0000000, 0x00000000c4300000, 0x00000000eab00000)
  object space 68608K, 31% used [0x00000000c0000000,0x00000000c1502898,0x00000000c4300000)
 Metaspace       used 36712K, committed 37440K, reserved 1114112K
  class space    used 3746K, committed 4096K, reserved 1048576K
}
Event: 6.589 GC heap before
{Heap before GC invocations=17 (full 2):
 PSYoungGen      total 24064K, used 23872K [0x00000000eab00000, 0x00000000ec580000, 0x0000000100000000)
  eden space 22016K, 100% used [0x00000000eab00000,0x00000000ec080000,0x00000000ec080000)
  from space 2048K, 90% used [0x00000000ec380000,0x00000000ec550000,0x00000000ec580000)
  to   space 2048K, 0% used [0x00000000ec180000,0x00000000ec180000,0x00000000ec380000)
 ParOldGen       total 68608K, used 21514K [0x00000000c0000000, 0x00000000c4300000, 0x00000000eab00000)
  object space 68608K, 31% used [0x00000000c0000000,0x00000000c1502898,0x00000000c4300000)
 Metaspace       used 39615K, committed 40384K, reserved 1114112K
  class space    used 4046K, committed 4416K, reserved 1048576K
}
Event: 6.592 GC heap after
{Heap after GC invocations=17 (full 2):
 PSYoungGen      total 24064K, used 1932K [0x00000000eab00000, 0x00000000ec480000, 0x0000000100000000)
  eden space 22016K, 0% used [0x00000000eab00000,0x00000000eab00000,0x00000000ec080000)
  from space 2048K, 94% used [0x00000000ec180000,0x00000000ec3630c8,0x00000000ec380000)
  to   space 1024K, 0% used [0x00000000ec380000,0x00000000ec380000,0x00000000ec480000)
 ParOldGen       total 68608K, used 23296K [0x00000000c0000000, 0x00000000c4300000, 0x00000000eab00000)
  object space 68608K, 33% used [0x00000000c0000000,0x00000000c16c0118,0x00000000c4300000)
 Metaspace       used 39615K, committed 40384K, reserved 1114112K
  class space    used 4046K, committed 4416K, reserved 1048576K
}

Dll operation events (10 events):
Event: 0.017 Loaded shared library c:\Users\DELL\.vscode\extensions\redhat.java-1.23.0-win32-x64\jre\17.0.8.1-win32-x86_64\bin\java.dll
Event: 0.335 Loaded shared library c:\Users\DELL\.vscode\extensions\redhat.java-1.23.0-win32-x64\jre\17.0.8.1-win32-x86_64\bin\zip.dll
Event: 0.339 Loaded shared library C:\Users\DELL\.vscode\extensions\redhat.java-1.23.0-win32-x64\jre\17.0.8.1-win32-x86_64\bin\instrument.dll
Event: 0.362 Loaded shared library C:\Users\DELL\.vscode\extensions\redhat.java-1.23.0-win32-x64\jre\17.0.8.1-win32-x86_64\bin\net.dll
Event: 0.365 Loaded shared library C:\Users\DELL\.vscode\extensions\redhat.java-1.23.0-win32-x64\jre\17.0.8.1-win32-x86_64\bin\nio.dll
Event: 0.375 Loaded shared library C:\Users\DELL\.vscode\extensions\redhat.java-1.23.0-win32-x64\jre\17.0.8.1-win32-x86_64\bin\zip.dll
Event: 0.397 Loaded shared library C:\Users\DELL\.vscode\extensions\redhat.java-1.23.0-win32-x64\jre\17.0.8.1-win32-x86_64\bin\jimage.dll
Event: 0.504 Loaded shared library c:\Users\DELL\.vscode\extensions\redhat.java-1.23.0-win32-x64\jre\17.0.8.1-win32-x86_64\bin\verify.dll
Event: 1.842 Loaded shared library C:\Users\DELL\AppData\Roaming\Code\User\globalStorage\redhat.java\1.23.0\config_ss_win\org.eclipse.equinox.launcher\org.eclipse.equinox.launcher.win32.win32.x86_64_1.2.700.v20221108-1024\eclipse_11801.dll
Event: 4.987 Loaded shared library C:\Users\DELL\AppData\Local\Temp\jna-2094529\jna10134682547776067983.dll

Deoptimization events (20 events):
Event: 6.274 Thread 0x0000017569cc7070 DEOPT PACKING pc=0x0000017551ba92ef sp=0x0000000c7edfc9f0
Event: 6.274 Thread 0x0000017569cc7070 DEOPT UNPACKING pc=0x0000017558c76e43 sp=0x0000000c7edfbf00 mode 0
Event: 6.276 Thread 0x0000017569cc7070 DEOPT PACKING pc=0x0000017551ba92ce sp=0x0000000c7edfca20
Event: 6.276 Thread 0x0000017569cc7070 DEOPT UNPACKING pc=0x0000017558c76e43 sp=0x0000000c7edfbf30 mode 0
Event: 6.411 Thread 0x0000017569cc7070 DEOPT PACKING pc=0x0000017551ba92ef sp=0x0000000c7edfc7a0
Event: 6.411 Thread 0x0000017569cc7070 DEOPT UNPACKING pc=0x0000017558c76e43 sp=0x0000000c7edfbcb0 mode 0
Event: 6.468 Thread 0x0000017568f33e10 Uncommon trap: trap_request=0xffffffbe fr.pc=0x000001755930a218 relative=0x0000000000000d18
Event: 6.468 Thread 0x0000017568f33e10 Uncommon trap: reason=profile_predicate action=maybe_recompile pc=0x000001755930a218 method=java.util.TreeMap.put(Ljava/lang/Object;Ljava/lang/Object;Z)Ljava/lang/Object; @ 27 c2
Event: 6.468 Thread 0x0000017568f33e10 DEOPT PACKING pc=0x000001755930a218 sp=0x0000000c7e9fe5f0
Event: 6.468 Thread 0x0000017568f33e10 DEOPT UNPACKING pc=0x0000017558c766a3 sp=0x0000000c7e9fe5b0 mode 2
Event: 6.469 Thread 0x0000017568f33e10 Uncommon trap: trap_request=0xffffffbe fr.pc=0x000001755930a218 relative=0x0000000000000d18
Event: 6.469 Thread 0x0000017568f33e10 Uncommon trap: reason=profile_predicate action=maybe_recompile pc=0x000001755930a218 method=java.util.TreeMap.put(Ljava/lang/Object;Ljava/lang/Object;Z)Ljava/lang/Object; @ 27 c2
Event: 6.469 Thread 0x0000017568f33e10 DEOPT PACKING pc=0x000001755930a218 sp=0x0000000c7e9fe660
Event: 6.469 Thread 0x0000017568f33e10 DEOPT UNPACKING pc=0x0000017558c766a3 sp=0x0000000c7e9fe620 mode 2
Event: 6.550 Thread 0x0000017569ccb750 DEOPT PACKING pc=0x00000175517d9943 sp=0x0000000c7effd140
Event: 6.550 Thread 0x0000017569ccb750 DEOPT UNPACKING pc=0x0000017558c76e43 sp=0x0000000c7effc660 mode 0
Event: 6.651 Thread 0x0000017569ccb750 DEOPT PACKING pc=0x00000175517d9943 sp=0x0000000c7eff91a0
Event: 6.651 Thread 0x0000017569ccb750 DEOPT UNPACKING pc=0x0000017558c76e43 sp=0x0000000c7eff86c0 mode 0
Event: 6.727 Thread 0x0000017569ccb750 DEOPT PACKING pc=0x00000175517d9943 sp=0x0000000c7effb4a0
Event: 6.727 Thread 0x0000017569ccb750 DEOPT UNPACKING pc=0x0000017558c76e43 sp=0x0000000c7effa9c0 mode 0

Classes unloaded (7 events):
Event: 3.029 Thread 0x0000017567c00c20 Unloading class 0x000000010021a400 'java/lang/invoke/LambdaForm$MH+0x000000010021a400'
Event: 3.029 Thread 0x0000017567c00c20 Unloading class 0x000000010021a000 'java/lang/invoke/LambdaForm$MH+0x000000010021a000'
Event: 3.029 Thread 0x0000017567c00c20 Unloading class 0x0000000100219c00 'java/lang/invoke/LambdaForm$MH+0x0000000100219c00'
Event: 3.029 Thread 0x0000017567c00c20 Unloading class 0x0000000100219800 'java/lang/invoke/LambdaForm$MH+0x0000000100219800'
Event: 3.029 Thread 0x0000017567c00c20 Unloading class 0x0000000100219400 'java/lang/invoke/LambdaForm$BMH+0x0000000100219400'
Event: 3.029 Thread 0x0000017567c00c20 Unloading class 0x0000000100219000 'java/lang/invoke/LambdaForm$DMH+0x0000000100219000'
Event: 3.029 Thread 0x0000017567c00c20 Unloading class 0x0000000100216400 'java/lang/invoke/LambdaForm$DMH+0x0000000100216400'

Classes redefined (0 events):
No events

Internal exceptions (20 events):
Event: 5.043 Thread 0x00000175696c83e0 Exception <a 'java/lang/UnsatisfiedLinkError'{0x00000000ec059be8}: The specified procedure could not be found.
> (0x00000000ec059be8) 
thrown [s\src\hotspot\share\prims\jni.cpp, line 535]
Event: 5.086 Thread 0x000001754ea6ed60 Exception <a 'java/lang/NoSuchMethodError'{0x00000000ec2234b0}: 'java.lang.Object java.lang.invoke.DirectMethodHandle$Holder.invokeStatic(java.lang.Object, java.lang.Object, long, java.lang.Object)'> (0x00000000ec2234b0) 
thrown [s\src\hotspot\share\interpreter\linkResolver.cpp, line 759]
Event: 5.087 Thread 0x000001754ea6ed60 Exception <a 'java/lang/NoSuchMethodError'{0x00000000ec226f48}: 'java.lang.Object java.lang.invoke.DirectMethodHandle$Holder.invokeStaticInit(java.lang.Object, java.lang.Object, long, java.lang.Object)'> (0x00000000ec226f48) 
thrown [s\src\hotspot\share\interpreter\linkResolver.cpp, line 759]
Event: 5.087 Thread 0x000001754ea6ed60 Exception <a 'java/lang/NoSuchMethodError'{0x00000000ec22d558}: 'java.lang.Object java.lang.invoke.DirectMethodHandle$Holder.newInvokeSpecial(java.lang.Object, java.lang.Object, long)'> (0x00000000ec22d558) 
thrown [s\src\hotspot\share\interpreter\linkResolver.cpp, line 759]
Event: 5.141 Thread 0x000001754ea6ed60 Exception <a 'java/lang/NoSuchMethodError'{0x00000000eabcfd38}: 'void java.lang.invoke.DirectMethodHandle$Holder.invokeStatic(java.lang.Object, java.lang.Object, java.lang.Object, java.lang.Object)'> (0x00000000eabcfd38) 
thrown [s\src\hotspot\share\interpreter\linkResolver.cpp, line 759]
Event: 5.281 Thread 0x000001754ea6ed60 Exception <a 'java/lang/NoSuchMethodError'{0x00000000eb3e3238}: 'void java.lang.invoke.DirectMethodHandle$Holder.invokeSpecial(java.lang.Object, java.lang.Object, java.lang.Object, java.lang.Object, java.lang.Object, java.lang.Object)'> (0x00000000eb3e3238) 
thrown [s\src\hotspot\share\interpreter\linkResolver.cpp, line 759]
Event: 5.282 Thread 0x000001754ea6ed60 Exception <a 'java/lang/IncompatibleClassChangeError'{0x00000000eb3ecae8}: Found class java.lang.Object, but interface was expected> (0x00000000eb3ecae8) 
thrown [s\src\hotspot\share\interpreter\linkResolver.cpp, line 826]
Event: 5.431 Thread 0x0000017569cc7070 Exception <a 'java/io/FileNotFoundException'{0x00000000eba01dc0}> (0x00000000eba01dc0) 
thrown [s\src\hotspot\share\prims\jni.cpp, line 516]
Event: 5.465 Thread 0x0000017569cc7070 Exception <a 'sun/nio/fs/WindowsException'{0x00000000ebbbc9c8}> (0x00000000ebbbc9c8) 
thrown [s\src\hotspot\share\prims\jni.cpp, line 516]
Event: 5.474 Thread 0x0000017568f32ee0 Exception <a 'java/io/FileNotFoundException'{0x00000000ebbf9558}> (0x00000000ebbf9558) 
thrown [s\src\hotspot\share\prims\jni.cpp, line 516]
Event: 5.474 Thread 0x0000017568f32ee0 Exception <a 'java/io/FileNotFoundException'{0x00000000ebbfa558}> (0x00000000ebbfa558) 
thrown [s\src\hotspot\share\prims\jni.cpp, line 516]
Event: 5.606 Thread 0x0000017569cc89c0 Exception <a 'java/lang/NoSuchMethodError'{0x00000000eade62f8}: 'java.lang.Object java.lang.invoke.Invokers$Holder.invoke_MT(java.lang.Object, java.lang.Object, java.lang.Object)'> (0x00000000eade62f8) 
thrown [s\src\hotspot\share\interpreter\linkResolver.cpp, line 759]
Event: 5.615 Thread 0x0000017569cc7070 Exception <a 'java/lang/NoSuchMethodError'{0x00000000eae21e98}: 'int java.lang.invoke.DirectMethodHandle$Holder.invokeVirtual(java.lang.Object, java.lang.Object)'> (0x00000000eae21e98) 
thrown [s\src\hotspot\share\interpreter\linkResolver.cpp, line 759]
Event: 5.854 Thread 0x0000017569cc89c0 Exception <a 'java/io/FileNotFoundException'{0x00000000eaece310}> (0x00000000eaece310) 
thrown [s\src\hotspot\share\prims\jni.cpp, line 516]
Event: 5.855 Thread 0x0000017569cc89c0 Exception <a 'java/io/FileNotFoundException'{0x00000000eaecf838}> (0x00000000eaecf838) 
thrown [s\src\hotspot\share\prims\jni.cpp, line 516]
Event: 5.856 Thread 0x0000017569cc89c0 Exception <a 'java/lang/NoSuchMethodError'{0x00000000eaedbce8}: 'void java.lang.invoke.DirectMethodHandle$Holder.invokeStaticInit(java.lang.Object, java.lang.Object, java.lang.Object)'> (0x00000000eaedbce8) 
thrown [s\src\hotspot\share\interpreter\linkResolver.cpp, line 759]
Event: 6.239 Thread 0x0000017569cc7070 Exception <a 'java/lang/NoSuchMethodError'{0x00000000eae4ee20}: 'java.lang.Object java.lang.invoke.DirectMethodHandle$Holder.invokeInterface(java.lang.Object, java.lang.Object, java.lang.Object)'> (0x00000000eae4ee20) 
thrown [s\src\hotspot\share\interpreter\linkResolver.cpp, line 759]
Event: 6.239 Thread 0x0000017569ccb750 Exception <a 'java/lang/NoSuchMethodError'{0x00000000eae54ca0}: 'java.lang.Object java.lang.invoke.DirectMethodHandle$Holder.invokeInterface(java.lang.Object, java.lang.Object, java.lang.Object)'> (0x00000000eae54ca0) 
thrown [s\src\hotspot\share\interpreter\linkResolver.cpp, line 759]
Event: 6.501 Thread 0x0000017569cc7070 Exception <a 'java/lang/LinkageError'{0x00000000ebe81840}: loader lombok.launch.ShadowClassLoader @1c14fb47 attempted duplicate class definition for lombok.launch.PatchFixesHider$Transform. (lombok.launch.PatchFixesHider$Transform is in unnamed module of loader lombok.launch.ShadowClassLoader @1c14fb47, parent loader org.eclipse.osgi.internal.loader.EquinoxClassLoader @5a928510)> (0x00000000ebe81840) 
thrown [s\src\hotspot\share\classfile\systemDictionary.cpp, line 1724]
Event: 6.505 Thread 0x0000017568f33e10 Exception <a 'java/io/FileNotFoundException'{0x00000000ebe2c7f0}> (0x00000000ebe2c7f0) 
thrown [s\src\hotspot\share\prims\jni.cpp, line 516]

VM Operations (20 events):
Event: 5.628 Executing VM operation: HandshakeAllThreads
Event: 5.629 Executing VM operation: HandshakeAllThreads done
Event: 5.834 Executing VM operation: ParallelGCFailedAllocation
Event: 5.836 Executing VM operation: ParallelGCFailedAllocation done
Event: 5.915 Executing VM operation: HandshakeAllThreads
Event: 5.915 Executing VM operation: HandshakeAllThreads done
Event: 5.949 Executing VM operation: ParallelGCFailedAllocation
Event: 5.953 Executing VM operation: ParallelGCFailedAllocation done
Event: 6.027 Executing VM operation: ParallelGCFailedAllocation
Event: 6.030 Executing VM operation: ParallelGCFailedAllocation done
Event: 6.070 Executing VM operation: ParallelGCFailedAllocation
Event: 6.074 Executing VM operation: ParallelGCFailedAllocation done
Event: 6.106 Executing VM operation: ParallelGCFailedAllocation
Event: 6.110 Executing VM operation: ParallelGCFailedAllocation done
Event: 6.162 Executing VM operation: ParallelGCFailedAllocation
Event: 6.166 Executing VM operation: ParallelGCFailedAllocation done
Event: 6.425 Executing VM operation: HandshakeAllThreads
Event: 6.425 Executing VM operation: HandshakeAllThreads done
Event: 6.589 Executing VM operation: ParallelGCFailedAllocation
Event: 6.592 Executing VM operation: ParallelGCFailedAllocation done

Events (20 events):
Event: 6.223 loading class java/util/concurrent/CompletableFuture$UniAccept
Event: 6.223 loading class java/util/concurrent/CompletableFuture$UniAccept done
Event: 6.223 loading class java/util/concurrent/CompletableFuture$UniExceptionally
Event: 6.223 loading class java/util/concurrent/CompletableFuture$UniExceptionally done
Event: 6.225 loading class jdk/internal/reflect/UnsafeIntegerFieldAccessorImpl
Event: 6.225 loading class jdk/internal/reflect/UnsafeIntegerFieldAccessorImpl done
Event: 6.256 loading class sun/nio/cs/ThreadLocalCoders
Event: 6.256 loading class sun/nio/cs/ThreadLocalCoders done
Event: 6.256 loading class sun/nio/cs/ThreadLocalCoders$1
Event: 6.256 loading class sun/nio/cs/ThreadLocalCoders$Cache
Event: 6.256 loading class sun/nio/cs/ThreadLocalCoders$Cache done
Event: 6.256 loading class sun/nio/cs/ThreadLocalCoders$1 done
Event: 6.256 loading class sun/nio/cs/ThreadLocalCoders$2
Event: 6.256 loading class sun/nio/cs/ThreadLocalCoders$2 done
Event: 6.282 loading class java/lang/ExceptionInInitializerError
Event: 6.282 loading class java/lang/ExceptionInInitializerError done
Event: 6.514 loading class java/util/WeakHashMap$KeyIterator
Event: 6.514 loading class java/util/WeakHashMap$KeyIterator done
Event: 6.767 loading class java/util/Vector$1
Event: 6.768 loading class java/util/Vector$1 done


Dynamic libraries:
0x00007ff64cc90000 - 0x00007ff64cc9e000 	c:\Users\DELL\.vscode\extensions\redhat.java-1.23.0-win32-x64\jre\17.0.8.1-win32-x86_64\bin\java.exe
0x00007ff932e10000 - 0x00007ff933008000 	C:\WINDOWS\SYSTEM32\ntdll.dll
0x00007ff931f20000 - 0x00007ff931fdd000 	C:\WINDOWS\System32\KERNEL32.DLL
0x00007ff9309b0000 - 0x00007ff930ca6000 	C:\WINDOWS\System32\KERNELBASE.dll
0x00007ff9306b0000 - 0x00007ff9307b0000 	C:\WINDOWS\System32\ucrtbase.dll
0x00007ff913aa0000 - 0x00007ff913ab9000 	c:\Users\DELL\.vscode\extensions\redhat.java-1.23.0-win32-x64\jre\17.0.8.1-win32-x86_64\bin\VCRUNTIME140.dll
0x00007ff914160000 - 0x00007ff914177000 	c:\Users\DELL\.vscode\extensions\redhat.java-1.23.0-win32-x64\jre\17.0.8.1-win32-x86_64\bin\jli.dll
0x00007ff931030000 - 0x00007ff9311ce000 	C:\WINDOWS\System32\USER32.dll
0x00007ff930e40000 - 0x00007ff930e62000 	C:\WINDOWS\System32\win32u.dll
0x00007ff932c00000 - 0x00007ff932c2c000 	C:\WINDOWS\System32\GDI32.dll
0x00007ff930590000 - 0x00007ff9306aa000 	C:\WINDOWS\System32\gdi32full.dll
0x00007ff920120000 - 0x00007ff9203ba000 	C:\WINDOWS\WinSxS\amd64_microsoft.windows.common-controls_6595b64144ccf1df_6.0.19041.1110_none_60b5254171f9507e\COMCTL32.dll
0x00007ff932d30000 - 0x00007ff932dce000 	C:\WINDOWS\System32\msvcrt.dll
0x00007ff9304f0000 - 0x00007ff93058d000 	C:\WINDOWS\System32\msvcp_win.dll
0x00007ff930e70000 - 0x00007ff930ea0000 	C:\WINDOWS\System32\IMM32.DLL
0x00007ff928850000 - 0x00007ff92885c000 	c:\Users\DELL\.vscode\extensions\redhat.java-1.23.0-win32-x64\jre\17.0.8.1-win32-x86_64\bin\vcruntime140_1.dll
0x00007ff8ff020000 - 0x00007ff8ff0b1000 	c:\Users\DELL\.vscode\extensions\redhat.java-1.23.0-win32-x64\jre\17.0.8.1-win32-x86_64\bin\msvcp140.dll
0x00007ff8f3d80000 - 0x00007ff8f49cc000 	c:\Users\DELL\.vscode\extensions\redhat.java-1.23.0-win32-x64\jre\17.0.8.1-win32-x86_64\bin\server\jvm.dll
0x00007ff932b50000 - 0x00007ff932bfe000 	C:\WINDOWS\System32\ADVAPI32.dll
0x00007ff930f90000 - 0x00007ff93102c000 	C:\WINDOWS\System32\sechost.dll
0x00007ff932840000 - 0x00007ff932966000 	C:\WINDOWS\System32\RPCRT4.dll
0x00007ff91f1b0000 - 0x00007ff91f1b9000 	C:\WINDOWS\SYSTEM32\WSOCK32.dll
0x00007ff932cc0000 - 0x00007ff932d2b000 	C:\WINDOWS\System32\WS2_32.dll
0x00007ff92faa0000 - 0x00007ff92faeb000 	C:\WINDOWS\SYSTEM32\POWRPROF.dll
0x00007ff922100000 - 0x00007ff922127000 	C:\WINDOWS\SYSTEM32\WINMM.dll
0x00007ff929cc0000 - 0x00007ff929cca000 	C:\WINDOWS\SYSTEM32\VERSION.dll
0x00007ff92f910000 - 0x00007ff92f922000 	C:\WINDOWS\SYSTEM32\UMPDC.dll
0x00007ff92ed60000 - 0x00007ff92ed72000 	C:\WINDOWS\SYSTEM32\kernel.appcore.dll
0x00007ff9286b0000 - 0x00007ff9286ba000 	c:\Users\DELL\.vscode\extensions\redhat.java-1.23.0-win32-x64\jre\17.0.8.1-win32-x86_64\bin\jimage.dll
0x00007ff92e880000 - 0x00007ff92ea64000 	C:\WINDOWS\SYSTEM32\DBGHELP.DLL
0x00007ff91e960000 - 0x00007ff91e994000 	C:\WINDOWS\SYSTEM32\dbgcore.DLL
0x00007ff930920000 - 0x00007ff9309a2000 	C:\WINDOWS\System32\bcryptPrimitives.dll
0x00007ff924580000 - 0x00007ff92458e000 	c:\Users\DELL\.vscode\extensions\redhat.java-1.23.0-win32-x64\jre\17.0.8.1-win32-x86_64\bin\instrument.dll
0x00007ff90cb80000 - 0x00007ff90cba5000 	c:\Users\DELL\.vscode\extensions\redhat.java-1.23.0-win32-x64\jre\17.0.8.1-win32-x86_64\bin\java.dll
0x00007ff912820000 - 0x00007ff912838000 	c:\Users\DELL\.vscode\extensions\redhat.java-1.23.0-win32-x64\jre\17.0.8.1-win32-x86_64\bin\zip.dll
0x00007ff931720000 - 0x00007ff931e65000 	C:\WINDOWS\System32\SHELL32.dll
0x00007ff92e010000 - 0x00007ff92e7ab000 	C:\WINDOWS\SYSTEM32\windows.storage.dll
0x00007ff932170000 - 0x00007ff9324c4000 	C:\WINDOWS\System32\combase.dll
0x00007ff92ff30000 - 0x00007ff92ff5e000 	C:\WINDOWS\SYSTEM32\Wldp.dll
0x00007ff9329d0000 - 0x00007ff932a7d000 	C:\WINDOWS\System32\SHCORE.dll
0x00007ff932970000 - 0x00007ff9329c5000 	C:\WINDOWS\System32\shlwapi.dll
0x00007ff930420000 - 0x00007ff930445000 	C:\WINDOWS\SYSTEM32\profapi.dll
0x00007ff9117b0000 - 0x00007ff9117c9000 	C:\Users\DELL\.vscode\extensions\redhat.java-1.23.0-win32-x64\jre\17.0.8.1-win32-x86_64\bin\net.dll
0x00007ff927570000 - 0x00007ff92767a000 	C:\WINDOWS\SYSTEM32\WINHTTP.dll
0x00007ff92fc90000 - 0x00007ff92fcfa000 	C:\WINDOWS\system32\mswsock.dll
0x00007ff90f920000 - 0x00007ff90f935000 	C:\Users\DELL\.vscode\extensions\redhat.java-1.23.0-win32-x64\jre\17.0.8.1-win32-x86_64\bin\nio.dll
0x00007ff924490000 - 0x00007ff9244a0000 	c:\Users\DELL\.vscode\extensions\redhat.java-1.23.0-win32-x64\jre\17.0.8.1-win32-x86_64\bin\verify.dll
0x00007ff90ca50000 - 0x00007ff90ca8e000 	C:\Users\DELL\AppData\Roaming\Code\User\globalStorage\redhat.java\1.23.0\config_ss_win\org.eclipse.equinox.launcher\org.eclipse.equinox.launcher.win32.win32.x86_64_1.2.700.v20221108-1024\eclipse_11801.dll
0x00007ff932710000 - 0x00007ff93283a000 	C:\WINDOWS\System32\ole32.dll
0x00007ff92fe90000 - 0x00007ff92fea8000 	C:\WINDOWS\SYSTEM32\CRYPTSP.dll
0x00007ff92f4d0000 - 0x00007ff92f504000 	C:\WINDOWS\system32\rsaenh.dll
0x00007ff930e10000 - 0x00007ff930e37000 	C:\WINDOWS\System32\bcrypt.dll
0x00007ff9303a0000 - 0x00007ff9303ce000 	C:\WINDOWS\SYSTEM32\USERENV.dll
0x00007ff92fe80000 - 0x00007ff92fe8c000 	C:\WINDOWS\SYSTEM32\CRYPTBASE.dll
0x00007ff92f930000 - 0x00007ff92f96b000 	C:\WINDOWS\SYSTEM32\IPHLPAPI.DLL
0x00007ff931fe0000 - 0x00007ff931fe8000 	C:\WINDOWS\System32\NSI.dll
0x00007ff929590000 - 0x00007ff9295a7000 	C:\WINDOWS\SYSTEM32\dhcpcsvc6.DLL
0x00007ff929570000 - 0x00007ff92958d000 	C:\WINDOWS\SYSTEM32\dhcpcsvc.DLL
0x00007ff92f970000 - 0x00007ff92fa3a000 	C:\WINDOWS\SYSTEM32\DNSAPI.dll
0x00007ff90b120000 - 0x00007ff90b165000 	C:\Users\DELL\AppData\Local\Temp\jna-2094529\jna10134682547776067983.dll
0x00007ff932cb0000 - 0x00007ff932cb8000 	C:\WINDOWS\System32\PSAPI.DLL

dbghelp: loaded successfully - version: 4.0.5 - missing functions: none
symbol engine: initialized successfully - sym options: 0x614 - pdb path: .;c:\Users\DELL\.vscode\extensions\redhat.java-1.23.0-win32-x64\jre\17.0.8.1-win32-x86_64\bin;C:\WINDOWS\SYSTEM32;C:\WINDOWS\WinSxS\amd64_microsoft.windows.common-controls_6595b64144ccf1df_6.0.19041.1110_none_60b5254171f9507e;c:\Users\DELL\.vscode\extensions\redhat.java-1.23.0-win32-x64\jre\17.0.8.1-win32-x86_64\bin\server;C:\Users\DELL\AppData\Roaming\Code\User\globalStorage\redhat.java\1.23.0\config_ss_win\org.eclipse.equinox.launcher\org.eclipse.equinox.launcher.win32.win32.x86_64_1.2.700.v20221108-1024;C:\Users\DELL\AppData\Local\Temp\jna-2094529

VM Arguments:
jvm_args: --add-modules=ALL-SYSTEM --add-opens=java.base/java.util=ALL-UNNAMED --add-opens=java.base/java.lang=ALL-UNNAMED --add-opens=java.base/sun.nio.fs=ALL-UNNAMED -Declipse.application=org.eclipse.jdt.ls.core.id1 -Dosgi.bundles.defaultStartLevel=4 -Declipse.product=org.eclipse.jdt.ls.core.product -Djava.import.generatesMetadataFilesAtProjectRoot=false -DDetectVMInstallationsJob.disabled=true -Dfile.encoding=utf8 -XX:+UseParallelGC -XX:GCTimeRatio=4 -XX:AdaptiveSizePolicyWeight=90 -Dsun.zip.disableMemoryMapping=true -Xmx1G -Xms100m -Xlog:disable -javaagent:c:\Users\DELL\.vscode\extensions\redhat.java-1.23.0-win32-x64\lombok\lombok-1.18.30.jar 
java_command: c:\Users\DELL\.vscode\extensions\redhat.java-1.23.0-win32-x64\server\plugins\org.eclipse.equinox.launcher_1.6.500.v20230717-2134.jar -configuration c:\Users\DELL\AppData\Roaming\Code\User\globalStorage\redhat.java\1.23.0\config_ss_win -data c:\Users\DELL\AppData\Roaming\Code\User\workspaceStorage\72c155e9b7a7fa28bd4b3a5f12094ced\redhat.java\ss_ws
java_class_path (initial): c:\Users\DELL\.vscode\extensions\redhat.java-1.23.0-win32-x64\server\plugins\org.eclipse.equinox.launcher_1.6.500.v20230717-2134.jar
Launcher Type: SUN_STANDARD

[Global flags]
    uintx AdaptiveSizePolicyWeight                 = 90                                        {product} {command line}
     intx CICompilerCount                          = 4                                         {product} {ergonomic}
    uintx GCTimeRatio                              = 4                                         {product} {command line}
   size_t InitialHeapSize                          = 104857600                                 {product} {command line}
   size_t MaxHeapSize                              = 1073741824                                {product} {command line}
   size_t MaxNewSize                               = 357564416                                 {product} {ergonomic}
   size_t MinHeapDeltaBytes                        = 524288                                    {product} {ergonomic}
   size_t MinHeapSize                              = 104857600                                 {product} {command line}
   size_t NewSize                                  = 34603008                                  {product} {ergonomic}
    uintx NonNMethodCodeHeapSize                   = 5839372                                {pd product} {ergonomic}
    uintx NonProfiledCodeHeapSize                  = 122909434                              {pd product} {ergonomic}
   size_t OldSize                                  = 70254592                                  {product} {ergonomic}
    uintx ProfiledCodeHeapSize                     = 122909434                              {pd product} {ergonomic}
    uintx ReservedCodeCacheSize                    = 251658240                              {pd product} {ergonomic}
     bool SegmentedCodeCache                       = true                                      {product} {ergonomic}
   size_t SoftMaxHeapSize                          = 1073741824                             {manageable} {ergonomic}
     bool UseCompressedClassPointers               = true                           {product lp64_product} {ergonomic}
     bool UseCompressedOops                        = true                           {product lp64_product} {ergonomic}
     bool UseLargePagesIndividualAllocation        = false                                  {pd product} {ergonomic}
     bool UseParallelGC                            = true                                      {product} {command line}

Logging:
Log output configuration:
 #0: stdout all=off uptime,level,tags
 #1: stderr all=off uptime,level,tags

Environment Variables:
PATH=C:\Program Files\Common Files\Oracle\Java\javapath;E:\VM\bin\;C:\Program Files (x86)\Common Files\Oracle\Java\javapath;C:\Windows\system32;C:\Windows;C:\Windows\System32\Wbem;C:\Windows\System32\WindowsPowerShell\v1.0\;C:\Program Files (x86)\NVIDIA Corporation\PhysX\Common;C:\WINDOWS\system32;C:\WINDOWS;C:\WINDOWS\System32\Wbem;C:\WINDOWS\System32\WindowsPowerShell\v1.0\;C:\WINDOWS\System32\OpenSSH\;C:\Program Files (x86)\Bitvise SSH Client;C:\Program Files\Git\cmd;C:\Program Files\nodejs\;C:\Program Files (x86)\Intel\Intel(R) Management Engine Components\DAL;C:\Program Files\Intel\Intel(R) Management Engine Components\DAL;C:\Program Files\dotnet\;C:\Users\DELL\AppData\Local\Programs\Python\Python311\;C:\Users\DELL\AppData\Local\Programs\Python\Python311\Scripts\;C:\Program Files\Java\jdk-20\bin;C:\Users\DELL\AppData\Local\Programs\Python\Python311\Scripts\;C:\Users\DELL\AppData\Local\Programs\Python\Python311\;C:\Users\DELL\AppData\Local\Microsoft\WindowsApps;C:\Program Files (x86)\Nmap;C:\Users\DELL\AppData\Roaming\npm;C:\Users\DELL\AppData\Local\Programs\Microsoft VS Code\bin;C:\Program Files\heroku\bin;C:\Program Files\JetBrains\PyCharm Community Edition 2020.3.3\bin;;C:\Program Files\Java\jdk-20\bin\;C:\Users\DELL\AppData\Local\GitHubDesktop\bin
USERNAME=DELL
OS=Windows_NT
PROCESSOR_IDENTIFIER=Intel64 Family 6 Model 158 Stepping 9, GenuineIntel
TMP=C:\Users\DELL\AppData\Local\Temp
TEMP=C:\Users\DELL\AppData\Local\Temp



---------------  S Y S T E M  ---------------

OS:
 Windows 10 , 64 bit Build 19041 (10.0.19041.3393)
OS uptime: 2 days 0:17 hours

CPU: total 8 (initial active 8) (4 cores per cpu, 2 threads per core) family 6 model 158 stepping 9 microcode 0xb4, cx8, cmov, fxsr, ht, mmx, 3dnowpref, sse, sse2, sse3, ssse3, sse4.1, sse4.2, popcnt, lzcnt, tsc, tscinvbit, avx, avx2, aes, erms, clmul, bmi1, bmi2, adx, fma, vzeroupper, clflush, clflushopt
Processor Information for all 8 processors :
  Max Mhz: 2801, Current Mhz: 2800, Mhz Limit: 2772

Memory: 4k page, system-wide physical 8053M (477M free)
TotalPageFile size 12149M (AvailPageFile size 3M)
current process WorkingSet (physical memory assigned to process): 176M, peak: 176M
current process commit charge ("private bytes"): 264M, peak: 265M

vm_info: OpenJDK 64-Bit Server VM (17.0.8.1+1) for windows-amd64 JRE (17.0.8.1+1), built on Aug 23 2023 15:29:17 by "admin" with MS VC++ 16.7 (VS2019)

END.
