#
# There is insufficient memory for the Java Runtime Environment to continue.
# Native memory allocation (malloc) failed to allocate 810816 bytes for Chunk::new
# Possible reasons:
#   The system is out of physical RAM or swap space
#   The process is running with CompressedOops enabled, and the Java Heap may be blocking the growth of the native heap
# Possible solutions:
#   Reduce memory load on the system
#   Increase physical memory or swap space
#   Check if swap backing store is full
#   Decrease Java heap size (-Xmx/-Xms)
#   Decrease number of Java threads
#   Decrease Java thread stack sizes (-Xss)
#   Set larger code cache with -XX:ReservedCodeCacheSize=
#   JVM is running with Unscaled Compressed Oops mode in which the Java heap is
#     placed in the first 4GB address space. The Java Heap base address is the
#     maximum limit for the native heap growth. Please use -XX:HeapBaseMinAddress
#     to set the Java Heap base and to place the Java Heap above 4GB virtual address.
# This output file may be truncated or incomplete.
#
#  Out of Memory Error (arena.cpp:189), pid=23036, tid=16420
#
# JRE version: OpenJDK Runtime Environment Temurin-17.0.8.1+1 (17.0.8.1+1) (build 17.0.8.1+1)
# Java VM: OpenJDK 64-Bit Server VM Temurin-17.0.8.1+1 (17.0.8.1+1, mixed mode, tiered, compressed oops, compressed class ptrs, parallel gc, windows-amd64)
# No core dump will be written. Minidumps are not enabled by default on client versions of Windows
#

---------------  S U M M A R Y ------------

Command Line: --add-modules=ALL-SYSTEM --add-opens=java.base/java.util=ALL-UNNAMED --add-opens=java.base/java.lang=ALL-UNNAMED --add-opens=java.base/sun.nio.fs=ALL-UNNAMED -Declipse.application=org.eclipse.jdt.ls.core.id1 -Dosgi.bundles.defaultStartLevel=4 -Declipse.product=org.eclipse.jdt.ls.core.product -Djava.import.generatesMetadataFilesAtProjectRoot=false -DDetectVMInstallationsJob.disabled=true -Dfile.encoding=utf8 -XX:+UseParallelGC -XX:GCTimeRatio=4 -XX:AdaptiveSizePolicyWeight=90 -Dsun.zip.disableMemoryMapping=true -Xmx1G -Xms100m -Xlog:disable -javaagent:c:\Users\DELL\.vscode\extensions\redhat.java-1.23.0-win32-x64\lombok\lombok-1.18.30.jar -XX:+HeapDumpOnOutOfMemoryError -XX:HeapDumpPath=c:\Users\DELL\AppData\Roaming\Code\User\workspaceStorage\72c155e9b7a7fa28bd4b3a5f12094ced\redhat.java -Daether.dependencyCollector.impl=bf c:\Users\DELL\.vscode\extensions\redhat.java-1.23.0-win32-x64\server\plugins\org.eclipse.equinox.launcher_1.6.500.v20230717-2134.jar -configuration c:\Users\DELL\AppData\Roaming\Code\User\globalStorage\redhat.java\1.23.0\config_win -data c:\Users\DELL\AppData\Roaming\Code\User\workspaceStorage\72c155e9b7a7fa28bd4b3a5f12094ced\redhat.java\jdt_ws

Host: Intel(R) Core(TM) i7-7700HQ CPU @ 2.80GHz, 8 cores, 7G,  Windows 10 , 64 bit Build 19041 (10.0.19041.3393)
Time: Tue Oct 10 17:09:47 2023 India Standard Time elapsed time: 6.722027 seconds (0d 0h 0m 6s)

---------------  T H R E A D  ---------------

Current thread (0x000001c5b0c32dc0):  JavaThread "C2 CompilerThread0" daemon [_thread_in_native, id=16420, stack(0x0000003588200000,0x0000003588300000)]


Current CompileTask:
C2:   6722 4300   !   4       org.eclipse.osgi.internal.loader.classpath.ClasspathManager::defineClass (636 bytes)

Stack: [0x0000003588200000,0x0000003588300000]
Native frames: (J=compiled Java code, j=interpreted, Vv=VM code, C=native code)
V  [jvm.dll+0x678b0a]
V  [jvm.dll+0x835e84]
V  [jvm.dll+0x83762e]
V  [jvm.dll+0x837c93]
V  [jvm.dll+0x24746f]
V  [jvm.dll+0xac20c]
V  [jvm.dll+0xac7dc]
V  [jvm.dll+0x2ae7af]
V  [jvm.dll+0x581427]
V  [jvm.dll+0x222602]
V  [jvm.dll+0x21b7f4]
V  [jvm.dll+0x218f0b]
V  [jvm.dll+0x1a534d]
V  [jvm.dll+0x228d8a]
V  [jvm.dll+0x226dcc]
V  [jvm.dll+0x7ec09b]
V  [jvm.dll+0x7e64ca]
V  [jvm.dll+0x677955]
C  [ucrtbase.dll+0x21bb2]
C  [KERNEL32.DLL+0x17344]
C  [ntdll.dll+0x526b1]


---------------  P R O C E S S  ---------------

Threads class SMR info:
_java_thread_list=0x000001c5b3a4dc90, length=29, elements={
0x000001c597a1e060, 0x000001c597ad9580, 0x000001c5ab893f20, 0x000001c5ab89e9a0,
0x000001c5b0c2e020, 0x000001c5b0c2edb0, 0x000001c5b0c31880, 0x000001c5b0c32dc0,
0x000001c5b0c4eff0, 0x000001c597ade170, 0x000001c5b0cc76e0, 0x000001c5b1afee90,
0x000001c5b1f10d50, 0x000001c5b23a7390, 0x000001c5b25c0d70, 0x000001c5b27dc870,
0x000001c5b242d0b0, 0x000001c5b242ad40, 0x000001c5b242b250, 0x000001c5b242cba0,
0x000001c5b242b760, 0x000001c5b242c180, 0x000001c5b242dfe0, 0x000001c5b2d78b30,
0x000001c5b242c690, 0x000001c5b242dad0, 0x000001c5b242a830, 0x000001c5b304efd0,
0x000001c5b304f4e0
}

Java Threads: ( => current thread )
  0x000001c597a1e060 JavaThread "main" [_thread_blocked, id=21532, stack(0x0000003587900000,0x0000003587a00000)]
  0x000001c597ad9580 JavaThread "Reference Handler" daemon [_thread_blocked, id=12456, stack(0x0000003587c00000,0x0000003587d00000)]
  0x000001c5ab893f20 JavaThread "Finalizer" daemon [_thread_blocked, id=2572, stack(0x0000003587d00000,0x0000003587e00000)]
  0x000001c5ab89e9a0 JavaThread "Signal Dispatcher" daemon [_thread_blocked, id=19300, stack(0x0000003587e00000,0x0000003587f00000)]
  0x000001c5b0c2e020 JavaThread "Attach Listener" daemon [_thread_blocked, id=20484, stack(0x0000003587f00000,0x0000003588000000)]
  0x000001c5b0c2edb0 JavaThread "Service Thread" daemon [_thread_blocked, id=21536, stack(0x0000003588000000,0x0000003588100000)]
  0x000001c5b0c31880 JavaThread "Monitor Deflation Thread" daemon [_thread_blocked, id=22844, stack(0x0000003588100000,0x0000003588200000)]
=>0x000001c5b0c32dc0 JavaThread "C2 CompilerThread0" daemon [_thread_in_native, id=16420, stack(0x0000003588200000,0x0000003588300000)]
  0x000001c5b0c4eff0 JavaThread "C1 CompilerThread0" daemon [_thread_blocked, id=17280, stack(0x0000003588300000,0x0000003588400000)]
  0x000001c597ade170 JavaThread "Sweeper thread" daemon [_thread_blocked, id=4520, stack(0x0000003588400000,0x0000003588500000)]
  0x000001c5b0cc76e0 JavaThread "Common-Cleaner" daemon [_thread_blocked, id=14420, stack(0x0000003588500000,0x0000003588600000)]
  0x000001c5b1afee90 JavaThread "Notification Thread" daemon [_thread_blocked, id=19800, stack(0x0000003588700000,0x0000003588800000)]
  0x000001c5b1f10d50 JavaThread "Active Thread: Equinox Container: 6676cb28-d643-465a-a49c-68f5c1eabd57" [_thread_blocked, id=6460, stack(0x0000003588900000,0x0000003588a00000)]
  0x000001c5b23a7390 JavaThread "Framework Event Dispatcher: Equinox Container: 6676cb28-d643-465a-a49c-68f5c1eabd57" daemon [_thread_blocked, id=16952, stack(0x0000003589000000,0x0000003589100000)]
  0x000001c5b25c0d70 JavaThread "Start Level: Equinox Container: 6676cb28-d643-465a-a49c-68f5c1eabd57" daemon [_thread_blocked, id=22176, stack(0x0000003589100000,0x0000003589200000)]
  0x000001c5b27dc870 JavaThread "Bundle File Closer" daemon [_thread_blocked, id=16560, stack(0x0000003589300000,0x0000003589400000)]
  0x000001c5b242d0b0 JavaThread "SCR Component Actor" daemon [_thread_blocked, id=16556, stack(0x0000003588600000,0x0000003588700000)]
  0x000001c5b242ad40 JavaThread "SCR Component Registry" daemon [_thread_blocked, id=17112, stack(0x0000003589400000,0x0000003589500000)]
  0x000001c5b242b250 JavaThread "Worker-JM" [_thread_blocked, id=12516, stack(0x0000003589500000,0x0000003589600000)]
  0x000001c5b242cba0 JavaThread "Worker-0: Repository registry initialization" [_thread_blocked, id=12344, stack(0x0000003589700000,0x0000003589800000)]
  0x000001c5b242b760 JavaThread "Worker-1: Updating Maven Dependencies" [_thread_in_native, id=13600, stack(0x0000003589800000,0x0000003589900000)]
  0x000001c5b242c180 JavaThread "Java indexing" daemon [_thread_blocked, id=20348, stack(0x0000003589a00000,0x0000003589b00000)]
  0x000001c5b242dfe0 JavaThread "JNA Cleaner" daemon [_thread_blocked, id=17160, stack(0x0000003589600000,0x0000003589700000)]
  0x000001c5b2d78b30 JavaThread "C2 CompilerThread1" daemon [_thread_in_native, id=11040, stack(0x0000003589900000,0x0000003589a00000)]
  0x000001c5b242c690 JavaThread "Worker-2" [_thread_blocked, id=1308, stack(0x0000003589b00000,0x0000003589c00000)]
  0x000001c5b242dad0 JavaThread "pool-2-thread-1" [_thread_blocked, id=3364, stack(0x0000003589c00000,0x0000003589d00000)]
  0x000001c5b242a830 JavaThread "Worker-3" [_thread_blocked, id=9656, stack(0x0000003589d00000,0x0000003589e00000)]
  0x000001c5b304efd0 JavaThread "WorkspaceEventsHandler" [_thread_blocked, id=20860, stack(0x0000003589e00000,0x0000003589f00000)]
  0x000001c5b304f4e0 JavaThread "pool-1-thread-1" [_thread_blocked, id=17660, stack(0x0000003589f00000,0x000000358a000000)]

Other Threads:
  0x000001c597aa99a0 VMThread "VM Thread" [stack: 0x0000003587b00000,0x0000003587c00000] [id=17836]
  0x000001c5b1aff370 WatcherThread [stack: 0x0000003588800000,0x0000003588900000] [id=11816]
  0x000001c597a36940 GCTaskThread "GC Thread#0" [stack: 0x0000003587a00000,0x0000003587b00000] [id=10300]
  0x000001c5b1b49e80 GCTaskThread "GC Thread#1" [stack: 0x0000003588a00000,0x0000003588b00000] [id=22264]
  0x000001c5b21e3070 GCTaskThread "GC Thread#2" [stack: 0x0000003588b00000,0x0000003588c00000] [id=19276]
  0x000001c5b21e3330 GCTaskThread "GC Thread#3" [stack: 0x0000003588c00000,0x0000003588d00000] [id=13152]
  0x000001c5b21e35f0 GCTaskThread "GC Thread#4" [stack: 0x0000003588d00000,0x0000003588e00000] [id=8520]
  0x000001c5b1d75870 GCTaskThread "GC Thread#5" [stack: 0x0000003588e00000,0x0000003588f00000] [id=19980]
  0x000001c5b1d75b30 GCTaskThread "GC Thread#6" [stack: 0x0000003588f00000,0x0000003589000000] [id=23460]
  0x000001c595919710 GCTaskThread "GC Thread#7" [stack: 0x0000003589200000,0x0000003589300000] [id=16948]

Threads with active compile tasks:
C2 CompilerThread0     6750 4300   !   4       org.eclipse.osgi.internal.loader.classpath.ClasspathManager::defineClass (636 bytes)
C2 CompilerThread1     6750 3863   !   4       org.eclipse.osgi.internal.loader.classpath.ClasspathManager::findLocalClass (210 bytes)

VM state: not at safepoint (normal execution)

VM Mutex/Monitor currently owned by a thread: None

Heap address: 0x00000000c0000000, size: 1024 MB, Compressed Oops mode: 32-bit

CDS archive(s) not mapped
Compressed class space mapped at: 0x0000000100000000-0x0000000140000000, reserved size: 1073741824
Narrow klass base: 0x0000000000000000, Narrow klass shift: 3, Narrow klass range: 0x140000000

GC Precious Log:
 CPUs: 8 total, 8 available
 Memory: 8053M
 Large Page Support: Disabled
 NUMA Support: Disabled
 Compressed Oops: Enabled (32-bit)
 Alignments: Space 512K, Generation 512K, Heap 2M
 Heap Min Capacity: 100M
 Heap Initial Capacity: 100M
 Heap Max Capacity: 1G
 Pre-touch: Disabled
 Parallel Workers: 8

Heap:
 PSYoungGen      total 23040K, used 19902K [0x00000000eab00000, 0x00000000ec380000, 0x0000000100000000)
  eden space 22016K, 87% used [0x00000000eab00000,0x00000000ebde7a60,0x00000000ec080000)
  from space 1024K, 53% used [0x00000000ec280000,0x00000000ec308000,0x00000000ec380000)
  to   space 1024K, 0% used [0x00000000ec180000,0x00000000ec180000,0x00000000ec280000)
 ParOldGen       total 68608K, used 15283K [0x00000000c0000000, 0x00000000c4300000, 0x00000000eab00000)
  object space 68608K, 22% used [0x00000000c0000000,0x00000000c0eecc78,0x00000000c4300000)
 Metaspace       used 44811K, committed 45760K, reserved 1114112K
  class space    used 4736K, committed 5184K, reserved 1048576K

Card table byte_map: [0x000001c5973c0000,0x000001c5975d0000] _byte_map_base: 0x000001c596dc0000

Marking Bits: (ParMarkBitMap*) 0x00007ff8f49083a0
 Begin Bits: [0x000001c5a96a0000, 0x000001c5aa6a0000)
 End Bits:   [0x000001c5aa6a0000, 0x000001c5ab6a0000)

Polling page: 0x000001c595980000

Metaspace:

Usage:
  Non-class:     39.14 MB used.
      Class:      4.63 MB used.
       Both:     43.76 MB used.

Virtual space:
  Non-class space:       64.00 MB reserved,      39.62 MB ( 62%) committed,  1 nodes.
      Class space:        1.00 GB reserved,       5.06 MB ( <1%) committed,  1 nodes.
             Both:        1.06 GB reserved,      44.69 MB (  4%) committed. 

Chunk freelists:
   Non-Class:  8.05 MB
       Class:  10.86 MB
        Both:  18.91 MB

MaxMetaspaceSize: unlimited
CompressedClassSpaceSize: 1.00 GB
Initial GC threshold: 21.00 MB
Current GC threshold: 58.38 MB
CDS: off
MetaspaceReclaimPolicy: balanced
 - commit_granule_bytes: 65536.
 - commit_granule_words: 8192.
 - virtual_space_node_default_size: 8388608.
 - enlarge_chunks_in_place: 1.
 - new_chunks_are_fully_committed: 0.
 - uncommit_free_chunks: 1.
 - use_allocation_guard: 0.
 - handle_deallocations: 1.


Internal statistics:

num_allocs_failed_limit: 6.
num_arena_births: 420.
num_arena_deaths: 14.
num_vsnodes_births: 2.
num_vsnodes_deaths: 0.
num_space_committed: 715.
num_space_uncommitted: 0.
num_chunks_returned_to_freelist: 20.
num_chunks_taken_from_freelist: 1957.
num_chunk_merges: 10.
num_chunk_splits: 1267.
num_chunks_enlarged: 822.
num_inconsistent_stats: 0.

CodeHeap 'non-profiled nmethods': size=120000Kb used=2058Kb max_used=2058Kb free=117941Kb
 bounds [0x000001c5a2170000, 0x000001c5a23e0000, 0x000001c5a96a0000]
CodeHeap 'profiled nmethods': size=120000Kb used=9382Kb max_used=9382Kb free=110617Kb
 bounds [0x000001c59a6a0000, 0x000001c59afd0000, 0x000001c5a1bd0000]
CodeHeap 'non-nmethods': size=5760Kb used=1277Kb max_used=1350Kb free=4482Kb
 bounds [0x000001c5a1bd0000, 0x000001c5a1e40000, 0x000001c5a2170000]
 total_blobs=4976 nmethods=4378 adapters=512
 compilation: enabled
              stopped_count=0, restarted_count=0
 full_count=0

Compilation events (20 events):
Event: 6.706 Thread 0x000001c5b0c4eff0 4368       3       java.lang.Class::getSimpleName (26 bytes)
Event: 6.707 Thread 0x000001c5b0c4eff0 nmethod 4368 0x000001c59afbe410 code [0x000001c59afbe5c0, 0x000001c59afbe798]
Event: 6.708 Thread 0x000001c5b0c4eff0 4369       3       com.google.inject.Key::getAnnotationType (10 bytes)
Event: 6.708 Thread 0x000001c5b0c4eff0 nmethod 4369 0x000001c59afbe890 code [0x000001c59afbea40, 0x000001c59afbec08]
Event: 6.708 Thread 0x000001c5b0c4eff0 4370       3       java.util.Comparator::thenComparing (12 bytes)
Event: 6.709 Thread 0x000001c5b0c4eff0 nmethod 4370 0x000001c59afbed10 code [0x000001c59afbef60, 0x000001c59afbfab8]
Event: 6.709 Thread 0x000001c5b0c4eff0 4373       3       java.lang.reflect.Executable::getAllGenericParameterTypes (134 bytes)
Event: 6.710 Thread 0x000001c5b0c4eff0 nmethod 4373 0x000001c59afbfe90 code [0x000001c59afc0140, 0x000001c59afc1228]
Event: 6.710 Thread 0x000001c5b0c4eff0 4371       3       java.util.stream.ReferencePipeline::forEach (11 bytes)
Event: 6.710 Thread 0x000001c5b0c4eff0 nmethod 4371 0x000001c59afc1790 code [0x000001c59afc1980, 0x000001c59afc1e18]
Event: 6.710 Thread 0x000001c5b0c4eff0 4372       3       java.util.stream.ForEachOps::makeRef (15 bytes)
Event: 6.711 Thread 0x000001c5b0c4eff0 nmethod 4372 0x000001c59afc2010 code [0x000001c59afc21e0, 0x000001c59afc25c8]
Event: 6.712 Thread 0x000001c5b0c4eff0 4374       3       java.lang.Class::isEnum (27 bytes)
Event: 6.712 Thread 0x000001c5b0c4eff0 nmethod 4374 0x000001c59afc2790 code [0x000001c59afc2940, 0x000001c59afc2b48]
Event: 6.718 Thread 0x000001c5b0c4eff0 4375       3       java.util.Comparator::thenComparing (19 bytes)
Event: 6.719 Thread 0x000001c5b0c4eff0 nmethod 4375 0x000001c59afc2c10 code [0x000001c59afc2e40, 0x000001c59afc36b8]
Event: 6.719 Thread 0x000001c5b0c4eff0 4376       1       com.google.inject.internal.LinkedBindingImpl::getLinkedKey (5 bytes)
Event: 6.719 Thread 0x000001c5b0c4eff0 nmethod 4376 0x000001c5a2372210 code [0x000001c5a23723a0, 0x000001c5a2372478]
Event: 6.719 Thread 0x000001c5b0c4eff0 4377       3       com.google.inject.internal.BindingImpl::acceptVisitor (8 bytes)
Event: 6.719 Thread 0x000001c5b0c4eff0 nmethod 4377 0x000001c59afc3990 code [0x000001c59afc3b40, 0x000001c59afc3d08]

GC Heap History (20 events):
Event: 3.439 GC heap before
{Heap before GC invocations=5 (full 1):
 PSYoungGen      total 29696K, used 4080K [0x00000000eab00000, 0x00000000ecc00000, 0x0000000100000000)
  eden space 25600K, 0% used [0x00000000eab00000,0x00000000eab00000,0x00000000ec400000)
  from space 4096K, 99% used [0x00000000ec800000,0x00000000ecbfc210,0x00000000ecc00000)
  to   space 4096K, 0% used [0x00000000ec400000,0x00000000ec400000,0x00000000ec800000)
 ParOldGen       total 68608K, used 6502K [0x00000000c0000000, 0x00000000c4300000, 0x00000000eab00000)
  object space 68608K, 9% used [0x00000000c0000000,0x00000000c0659b60,0x00000000c4300000)
 Metaspace       used 21074K, committed 21504K, reserved 1114112K
  class space    used 2143K, committed 2368K, reserved 1048576K
}
Event: 3.464 GC heap after
{Heap after GC invocations=5 (full 1):
 PSYoungGen      total 29696K, used 0K [0x00000000eab00000, 0x00000000ecc00000, 0x0000000100000000)
  eden space 25600K, 0% used [0x00000000eab00000,0x00000000eab00000,0x00000000ec400000)
  from space 4096K, 0% used [0x00000000ec800000,0x00000000ec800000,0x00000000ecc00000)
  to   space 4096K, 0% used [0x00000000ec400000,0x00000000ec400000,0x00000000ec800000)
 ParOldGen       total 68608K, used 10338K [0x00000000c0000000, 0x00000000c4300000, 0x00000000eab00000)
  object space 68608K, 15% used [0x00000000c0000000,0x00000000c0a18a78,0x00000000c4300000)
 Metaspace       used 21061K, committed 21504K, reserved 1114112K
  class space    used 2139K, committed 2368K, reserved 1048576K
}
Event: 3.966 GC heap before
{Heap before GC invocations=6 (full 1):
 PSYoungGen      total 29696K, used 25600K [0x00000000eab00000, 0x00000000ecc00000, 0x0000000100000000)
  eden space 25600K, 100% used [0x00000000eab00000,0x00000000ec400000,0x00000000ec400000)
  from space 4096K, 0% used [0x00000000ec800000,0x00000000ec800000,0x00000000ecc00000)
  to   space 4096K, 0% used [0x00000000ec400000,0x00000000ec400000,0x00000000ec800000)
 ParOldGen       total 68608K, used 10338K [0x00000000c0000000, 0x00000000c4300000, 0x00000000eab00000)
  object space 68608K, 15% used [0x00000000c0000000,0x00000000c0a18a78,0x00000000c4300000)
 Metaspace       used 24462K, committed 24960K, reserved 1114112K
  class space    used 2498K, committed 2752K, reserved 1048576K
}
Event: 3.968 GC heap after
{Heap after GC invocations=6 (full 1):
 PSYoungGen      total 26624K, used 1333K [0x00000000eab00000, 0x00000000ec980000, 0x0000000100000000)
  eden space 25088K, 0% used [0x00000000eab00000,0x00000000eab00000,0x00000000ec380000)
  from space 1536K, 86% used [0x00000000ec400000,0x00000000ec54d5f0,0x00000000ec580000)
  to   space 3072K, 0% used [0x00000000ec680000,0x00000000ec680000,0x00000000ec980000)
 ParOldGen       total 68608K, used 10346K [0x00000000c0000000, 0x00000000c4300000, 0x00000000eab00000)
  object space 68608K, 15% used [0x00000000c0000000,0x00000000c0a1aa78,0x00000000c4300000)
 Metaspace       used 24462K, committed 24960K, reserved 1114112K
  class space    used 2498K, committed 2752K, reserved 1048576K
}
Event: 4.318 GC heap before
{Heap before GC invocations=7 (full 1):
 PSYoungGen      total 26624K, used 26421K [0x00000000eab00000, 0x00000000ec980000, 0x0000000100000000)
  eden space 25088K, 100% used [0x00000000eab00000,0x00000000ec380000,0x00000000ec380000)
  from space 1536K, 86% used [0x00000000ec400000,0x00000000ec54d5f0,0x00000000ec580000)
  to   space 3072K, 0% used [0x00000000ec680000,0x00000000ec680000,0x00000000ec980000)
 ParOldGen       total 68608K, used 10346K [0x00000000c0000000, 0x00000000c4300000, 0x00000000eab00000)
  object space 68608K, 15% used [0x00000000c0000000,0x00000000c0a1aa78,0x00000000c4300000)
 Metaspace       used 27292K, committed 27904K, reserved 1114112K
  class space    used 2787K, committed 3072K, reserved 1048576K
}
Event: 4.321 GC heap after
{Heap after GC invocations=7 (full 1):
 PSYoungGen      total 25600K, used 3056K [0x00000000eab00000, 0x00000000ece00000, 0x0000000100000000)
  eden space 22528K, 0% used [0x00000000eab00000,0x00000000eab00000,0x00000000ec100000)
  from space 3072K, 99% used [0x00000000ec680000,0x00000000ec97c378,0x00000000ec980000)
  to   space 5632K, 0% used [0x00000000ec100000,0x00000000ec100000,0x00000000ec680000)
 ParOldGen       total 68608K, used 11870K [0x00000000c0000000, 0x00000000c4300000, 0x00000000eab00000)
  object space 68608K, 17% used [0x00000000c0000000,0x00000000c0b97b78,0x00000000c4300000)
 Metaspace       used 27292K, committed 27904K, reserved 1114112K
  class space    used 2787K, committed 3072K, reserved 1048576K
}
Event: 4.483 GC heap before
{Heap before GC invocations=8 (full 1):
 PSYoungGen      total 25600K, used 25584K [0x00000000eab00000, 0x00000000ece00000, 0x0000000100000000)
  eden space 22528K, 100% used [0x00000000eab00000,0x00000000ec100000,0x00000000ec100000)
  from space 3072K, 99% used [0x00000000ec680000,0x00000000ec97c378,0x00000000ec980000)
  to   space 5632K, 0% used [0x00000000ec100000,0x00000000ec100000,0x00000000ec680000)
 ParOldGen       total 68608K, used 11870K [0x00000000c0000000, 0x00000000c4300000, 0x00000000eab00000)
  object space 68608K, 17% used [0x00000000c0000000,0x00000000c0b97b78,0x00000000c4300000)
 Metaspace       used 30384K, committed 30976K, reserved 1114112K
  class space    used 3005K, committed 3264K, reserved 1048576K
}
Event: 4.485 GC heap after
{Heap after GC invocations=8 (full 1):
 PSYoungGen      total 25600K, used 3346K [0x00000000eab00000, 0x00000000ec880000, 0x0000000100000000)
  eden space 22016K, 0% used [0x00000000eab00000,0x00000000eab00000,0x00000000ec080000)
  from space 3584K, 93% used [0x00000000ec100000,0x00000000ec4448e0,0x00000000ec480000)
  to   space 4096K, 0% used [0x00000000ec480000,0x00000000ec480000,0x00000000ec880000)
 ParOldGen       total 68608K, used 11870K [0x00000000c0000000, 0x00000000c4300000, 0x00000000eab00000)
  object space 68608K, 17% used [0x00000000c0000000,0x00000000c0b97b78,0x00000000c4300000)
 Metaspace       used 30384K, committed 30976K, reserved 1114112K
  class space    used 3005K, committed 3264K, reserved 1048576K
}
Event: 4.645 GC heap before
{Heap before GC invocations=9 (full 1):
 PSYoungGen      total 25600K, used 25362K [0x00000000eab00000, 0x00000000ec880000, 0x0000000100000000)
  eden space 22016K, 100% used [0x00000000eab00000,0x00000000ec080000,0x00000000ec080000)
  from space 3584K, 93% used [0x00000000ec100000,0x00000000ec4448e0,0x00000000ec480000)
  to   space 4096K, 0% used [0x00000000ec480000,0x00000000ec480000,0x00000000ec880000)
 ParOldGen       total 68608K, used 11870K [0x00000000c0000000, 0x00000000c4300000, 0x00000000eab00000)
  object space 68608K, 17% used [0x00000000c0000000,0x00000000c0b97b78,0x00000000c4300000)
 Metaspace       used 32383K, committed 33088K, reserved 1114112K
  class space    used 3164K, committed 3520K, reserved 1048576K
}
Event: 4.647 GC heap after
{Heap after GC invocations=9 (full 1):
 PSYoungGen      total 26112K, used 3953K [0x00000000eab00000, 0x00000000ec880000, 0x0000000100000000)
  eden space 22016K, 0% used [0x00000000eab00000,0x00000000eab00000,0x00000000ec080000)
  from space 4096K, 96% used [0x00000000ec480000,0x00000000ec85c588,0x00000000ec880000)
  to   space 4096K, 0% used [0x00000000ec080000,0x00000000ec080000,0x00000000ec480000)
 ParOldGen       total 68608K, used 11878K [0x00000000c0000000, 0x00000000c4300000, 0x00000000eab00000)
  object space 68608K, 17% used [0x00000000c0000000,0x00000000c0b99b78,0x00000000c4300000)
 Metaspace       used 32383K, committed 33088K, reserved 1114112K
  class space    used 3164K, committed 3520K, reserved 1048576K
}
Event: 5.210 GC heap before
{Heap before GC invocations=10 (full 1):
 PSYoungGen      total 26112K, used 18831K [0x00000000eab00000, 0x00000000ec880000, 0x0000000100000000)
  eden space 22016K, 67% used [0x00000000eab00000,0x00000000eb9876a0,0x00000000ec080000)
  from space 4096K, 96% used [0x00000000ec480000,0x00000000ec85c588,0x00000000ec880000)
  to   space 4096K, 0% used [0x00000000ec080000,0x00000000ec080000,0x00000000ec480000)
 ParOldGen       total 68608K, used 11878K [0x00000000c0000000, 0x00000000c4300000, 0x00000000eab00000)
  object space 68608K, 17% used [0x00000000c0000000,0x00000000c0b99b78,0x00000000c4300000)
 Metaspace       used 35042K, committed 35840K, reserved 1114112K
  class space    used 3463K, committed 3840K, reserved 1048576K
}
Event: 5.213 GC heap after
{Heap after GC invocations=10 (full 1):
 PSYoungGen      total 24576K, used 2239K [0x00000000eab00000, 0x00000000ec680000, 0x0000000100000000)
  eden space 22016K, 0% used [0x00000000eab00000,0x00000000eab00000,0x00000000ec080000)
  from space 2560K, 87% used [0x00000000ec080000,0x00000000ec2affa8,0x00000000ec300000)
  to   space 3072K, 0% used [0x00000000ec380000,0x00000000ec380000,0x00000000ec680000)
 ParOldGen       total 68608K, used 14370K [0x00000000c0000000, 0x00000000c4300000, 0x00000000eab00000)
  object space 68608K, 20% used [0x00000000c0000000,0x00000000c0e08880,0x00000000c4300000)
 Metaspace       used 35042K, committed 35840K, reserved 1114112K
  class space    used 3463K, committed 3840K, reserved 1048576K
}
Event: 5.213 GC heap before
{Heap before GC invocations=11 (full 2):
 PSYoungGen      total 24576K, used 2239K [0x00000000eab00000, 0x00000000ec680000, 0x0000000100000000)
  eden space 22016K, 0% used [0x00000000eab00000,0x00000000eab00000,0x00000000ec080000)
  from space 2560K, 87% used [0x00000000ec080000,0x00000000ec2affa8,0x00000000ec300000)
  to   space 3072K, 0% used [0x00000000ec380000,0x00000000ec380000,0x00000000ec680000)
 ParOldGen       total 68608K, used 14370K [0x00000000c0000000, 0x00000000c4300000, 0x00000000eab00000)
  object space 68608K, 20% used [0x00000000c0000000,0x00000000c0e08880,0x00000000c4300000)
 Metaspace       used 35042K, committed 35840K, reserved 1114112K
  class space    used 3463K, committed 3840K, reserved 1048576K
}
Event: 5.240 GC heap after
{Heap after GC invocations=11 (full 2):
 PSYoungGen      total 24576K, used 0K [0x00000000eab00000, 0x00000000ec680000, 0x0000000100000000)
  eden space 22016K, 0% used [0x00000000eab00000,0x00000000eab00000,0x00000000ec080000)
  from space 2560K, 0% used [0x00000000ec080000,0x00000000ec080000,0x00000000ec300000)
  to   space 3072K, 0% used [0x00000000ec380000,0x00000000ec380000,0x00000000ec680000)
 ParOldGen       total 68608K, used 13365K [0x00000000c0000000, 0x00000000c4300000, 0x00000000eab00000)
  object space 68608K, 19% used [0x00000000c0000000,0x00000000c0d0d650,0x00000000c4300000)
 Metaspace       used 35042K, committed 35840K, reserved 1114112K
  class space    used 3463K, committed 3840K, reserved 1048576K
}
Event: 5.498 GC heap before
{Heap before GC invocations=12 (full 2):
 PSYoungGen      total 24576K, used 22016K [0x00000000eab00000, 0x00000000ec680000, 0x0000000100000000)
  eden space 22016K, 100% used [0x00000000eab00000,0x00000000ec080000,0x00000000ec080000)
  from space 2560K, 0% used [0x00000000ec080000,0x00000000ec080000,0x00000000ec300000)
  to   space 3072K, 0% used [0x00000000ec380000,0x00000000ec380000,0x00000000ec680000)
 ParOldGen       total 68608K, used 13365K [0x00000000c0000000, 0x00000000c4300000, 0x00000000eab00000)
  object space 68608K, 19% used [0x00000000c0000000,0x00000000c0d0d650,0x00000000c4300000)
 Metaspace       used 38117K, committed 39040K, reserved 1114112K
  class space    used 3856K, committed 4288K, reserved 1048576K
}
Event: 5.500 GC heap after
{Heap after GC invocations=12 (full 2):
 PSYoungGen      total 23552K, used 1076K [0x00000000eab00000, 0x00000000ec500000, 0x0000000100000000)
  eden space 22016K, 0% used [0x00000000eab00000,0x00000000eab00000,0x00000000ec080000)
  from space 1536K, 70% used [0x00000000ec380000,0x00000000ec48d068,0x00000000ec500000)
  to   space 2048K, 0% used [0x00000000ec100000,0x00000000ec100000,0x00000000ec300000)
 ParOldGen       total 68608K, used 13373K [0x00000000c0000000, 0x00000000c4300000, 0x00000000eab00000)
  object space 68608K, 19% used [0x00000000c0000000,0x00000000c0d0f650,0x00000000c4300000)
 Metaspace       used 38117K, committed 39040K, reserved 1114112K
  class space    used 3856K, committed 4288K, reserved 1048576K
}
Event: 5.985 GC heap before
{Heap before GC invocations=13 (full 2):
 PSYoungGen      total 23552K, used 23092K [0x00000000eab00000, 0x00000000ec500000, 0x0000000100000000)
  eden space 22016K, 100% used [0x00000000eab00000,0x00000000ec080000,0x00000000ec080000)
  from space 1536K, 70% used [0x00000000ec380000,0x00000000ec48d068,0x00000000ec500000)
  to   space 2048K, 0% used [0x00000000ec100000,0x00000000ec100000,0x00000000ec300000)
 ParOldGen       total 68608K, used 13373K [0x00000000c0000000, 0x00000000c4300000, 0x00000000eab00000)
  object space 68608K, 19% used [0x00000000c0000000,0x00000000c0d0f650,0x00000000c4300000)
 Metaspace       used 41022K, committed 41920K, reserved 1114112K
  class space    used 4241K, committed 4672K, reserved 1048576K
}
Event: 5.986 GC heap after
{Heap after GC invocations=13 (full 2):
 PSYoungGen      total 23552K, used 1168K [0x00000000eab00000, 0x00000000ec400000, 0x0000000100000000)
  eden space 22016K, 0% used [0x00000000eab00000,0x00000000eab00000,0x00000000ec080000)
  from space 1536K, 76% used [0x00000000ec100000,0x00000000ec224010,0x00000000ec280000)
  to   space 1536K, 0% used [0x00000000ec280000,0x00000000ec280000,0x00000000ec400000)
 ParOldGen       total 68608K, used 14349K [0x00000000c0000000, 0x00000000c4300000, 0x00000000eab00000)
  object space 68608K, 20% used [0x00000000c0000000,0x00000000c0e037c8,0x00000000c4300000)
 Metaspace       used 41022K, committed 41920K, reserved 1114112K
  class space    used 4241K, committed 4672K, reserved 1048576K
}
Event: 6.373 GC heap before
{Heap before GC invocations=14 (full 2):
 PSYoungGen      total 23552K, used 23184K [0x00000000eab00000, 0x00000000ec400000, 0x0000000100000000)
  eden space 22016K, 100% used [0x00000000eab00000,0x00000000ec080000,0x00000000ec080000)
  from space 1536K, 76% used [0x00000000ec100000,0x00000000ec224010,0x00000000ec280000)
  to   space 1536K, 0% used [0x00000000ec280000,0x00000000ec280000,0x00000000ec400000)
 ParOldGen       total 68608K, used 14349K [0x00000000c0000000, 0x00000000c4300000, 0x00000000eab00000)
  object space 68608K, 20% used [0x00000000c0000000,0x00000000c0e037c8,0x00000000c4300000)
 Metaspace       used 42469K, committed 43392K, reserved 1114112K
  class space    used 4440K, committed 4864K, reserved 1048576K
}
Event: 6.375 GC heap after
{Heap after GC invocations=14 (full 2):
 PSYoungGen      total 23040K, used 544K [0x00000000eab00000, 0x00000000ec380000, 0x0000000100000000)
  eden space 22016K, 0% used [0x00000000eab00000,0x00000000eab00000,0x00000000ec080000)
  from space 1024K, 53% used [0x00000000ec280000,0x00000000ec308000,0x00000000ec380000)
  to   space 1024K, 0% used [0x00000000ec180000,0x00000000ec180000,0x00000000ec280000)
 ParOldGen       total 68608K, used 15283K [0x00000000c0000000, 0x00000000c4300000, 0x00000000eab00000)
  object space 68608K, 22% used [0x00000000c0000000,0x00000000c0eecc78,0x00000000c4300000)
 Metaspace       used 42469K, committed 43392K, reserved 1114112K
  class space    used 4440K, committed 4864K, reserved 1048576K
}

Dll operation events (10 events):
Event: 0.014 Loaded shared library c:\Users\DELL\.vscode\extensions\redhat.java-1.23.0-win32-x64\jre\17.0.8.1-win32-x86_64\bin\java.dll
Event: 0.227 Loaded shared library c:\Users\DELL\.vscode\extensions\redhat.java-1.23.0-win32-x64\jre\17.0.8.1-win32-x86_64\bin\zip.dll
Event: 0.231 Loaded shared library C:\Users\DELL\.vscode\extensions\redhat.java-1.23.0-win32-x64\jre\17.0.8.1-win32-x86_64\bin\instrument.dll
Event: 0.251 Loaded shared library C:\Users\DELL\.vscode\extensions\redhat.java-1.23.0-win32-x64\jre\17.0.8.1-win32-x86_64\bin\net.dll
Event: 0.255 Loaded shared library C:\Users\DELL\.vscode\extensions\redhat.java-1.23.0-win32-x64\jre\17.0.8.1-win32-x86_64\bin\nio.dll
Event: 0.264 Loaded shared library C:\Users\DELL\.vscode\extensions\redhat.java-1.23.0-win32-x64\jre\17.0.8.1-win32-x86_64\bin\zip.dll
Event: 0.284 Loaded shared library C:\Users\DELL\.vscode\extensions\redhat.java-1.23.0-win32-x64\jre\17.0.8.1-win32-x86_64\bin\jimage.dll
Event: 0.359 Loaded shared library c:\Users\DELL\.vscode\extensions\redhat.java-1.23.0-win32-x64\jre\17.0.8.1-win32-x86_64\bin\verify.dll
Event: 1.943 Loaded shared library C:\Users\DELL\AppData\Roaming\Code\User\globalStorage\redhat.java\1.23.0\config_win\org.eclipse.equinox.launcher\org.eclipse.equinox.launcher.win32.win32.x86_64_1.2.700.v20221108-1024\eclipse_11801.dll
Event: 5.122 Loaded shared library C:\Users\DELL\AppData\Local\Temp\jna-2094529\jna16632996152104997068.dll

Deoptimization events (20 events):
Event: 6.084 Thread 0x000001c5b242b760 Uncommon trap: trap_request=0xffffff66 fr.pc=0x000001c5a22c4b18 relative=0x00000000000000f8
Event: 6.084 Thread 0x000001c5b242b760 Uncommon trap: reason=speculate_class_check action=maybe_recompile pc=0x000001c5a22c4b18 method=java.util.regex.Pattern$CharPredicate.lambda$negate$3(I)Z @ 2 c2
Event: 6.084 Thread 0x000001c5b242b760 DEOPT PACKING pc=0x000001c5a22c4b18 sp=0x00000035898fdf30
Event: 6.084 Thread 0x000001c5b242b760 DEOPT UNPACKING pc=0x000001c5a1c266a3 sp=0x00000035898fde50 mode 2
Event: 6.084 Thread 0x000001c5b242b760 Uncommon trap: trap_request=0xffffff66 fr.pc=0x000001c5a22c4b18 relative=0x00000000000000f8
Event: 6.084 Thread 0x000001c5b242b760 Uncommon trap: reason=speculate_class_check action=maybe_recompile pc=0x000001c5a22c4b18 method=java.util.regex.Pattern$CharPredicate.lambda$negate$3(I)Z @ 2 c2
Event: 6.084 Thread 0x000001c5b242b760 DEOPT PACKING pc=0x000001c5a22c4b18 sp=0x00000035898fdf30
Event: 6.084 Thread 0x000001c5b242b760 DEOPT UNPACKING pc=0x000001c5a1c266a3 sp=0x00000035898fde50 mode 2
Event: 6.084 Thread 0x000001c5b242b760 Uncommon trap: trap_request=0xffffff66 fr.pc=0x000001c5a22c4b18 relative=0x00000000000000f8
Event: 6.084 Thread 0x000001c5b242b760 Uncommon trap: reason=speculate_class_check action=maybe_recompile pc=0x000001c5a22c4b18 method=java.util.regex.Pattern$CharPredicate.lambda$negate$3(I)Z @ 2 c2
Event: 6.084 Thread 0x000001c5b242b760 DEOPT PACKING pc=0x000001c5a22c4b18 sp=0x00000035898fdf30
Event: 6.084 Thread 0x000001c5b242b760 DEOPT UNPACKING pc=0x000001c5a1c266a3 sp=0x00000035898fde50 mode 2
Event: 6.084 Thread 0x000001c5b242b760 Uncommon trap: trap_request=0xffffff66 fr.pc=0x000001c5a22c4b18 relative=0x00000000000000f8
Event: 6.084 Thread 0x000001c5b242b760 Uncommon trap: reason=speculate_class_check action=maybe_recompile pc=0x000001c5a22c4b18 method=java.util.regex.Pattern$CharPredicate.lambda$negate$3(I)Z @ 2 c2
Event: 6.084 Thread 0x000001c5b242b760 DEOPT PACKING pc=0x000001c5a22c4b18 sp=0x00000035898fdf30
Event: 6.084 Thread 0x000001c5b242b760 DEOPT UNPACKING pc=0x000001c5a1c266a3 sp=0x00000035898fde50 mode 2
Event: 6.171 Thread 0x000001c5b242b760 DEOPT PACKING pc=0x000001c59af238d9 sp=0x00000035898fdeb0
Event: 6.171 Thread 0x000001c5b242b760 DEOPT UNPACKING pc=0x000001c5a1c26e43 sp=0x00000035898fd308 mode 0
Event: 6.302 Thread 0x000001c5b242b760 DEOPT PACKING pc=0x000001c59af2c489 sp=0x00000035898fddc0
Event: 6.302 Thread 0x000001c5b242b760 DEOPT UNPACKING pc=0x000001c5a1c26e43 sp=0x00000035898fd218 mode 0

Classes unloaded (7 events):
Event: 3.443 Thread 0x000001c597aa99a0 Unloading class 0x0000000100256000 'java/lang/invoke/LambdaForm$MH+0x0000000100256000'
Event: 3.443 Thread 0x000001c597aa99a0 Unloading class 0x0000000100255c00 'java/lang/invoke/LambdaForm$MH+0x0000000100255c00'
Event: 3.443 Thread 0x000001c597aa99a0 Unloading class 0x0000000100255800 'java/lang/invoke/LambdaForm$MH+0x0000000100255800'
Event: 3.443 Thread 0x000001c597aa99a0 Unloading class 0x0000000100255400 'java/lang/invoke/LambdaForm$MH+0x0000000100255400'
Event: 3.443 Thread 0x000001c597aa99a0 Unloading class 0x0000000100255000 'java/lang/invoke/LambdaForm$BMH+0x0000000100255000'
Event: 3.443 Thread 0x000001c597aa99a0 Unloading class 0x0000000100254c00 'java/lang/invoke/LambdaForm$DMH+0x0000000100254c00'
Event: 3.443 Thread 0x000001c597aa99a0 Unloading class 0x0000000100252000 'java/lang/invoke/LambdaForm$DMH+0x0000000100252000'

Classes redefined (0 events):
No events

Internal exceptions (20 events):
Event: 4.611 Thread 0x000001c5b25c0d70 Exception <a 'java/lang/ClassNotFoundException'{0x00000000ebedb820}: com/sun/org/apache/xerces/internal/impl/msg/spi/XMLSerializerMessagesProvider> (0x00000000ebedb820) 
thrown [s\src\hotspot\share\classfile\systemDictionary.cpp, line 256]
Event: 4.612 Thread 0x000001c5b25c0d70 Exception <a 'java/lang/ClassNotFoundException'{0x00000000ebeef548}: com/sun/org/apache/xerces/internal/impl/msg/spi/XMLMessagesProvider> (0x00000000ebeef548) 
thrown [s\src\hotspot\share\classfile\systemDictionary.cpp, line 256]
Event: 4.631 Thread 0x000001c5b25c0d70 Exception <a 'java/lang/NoSuchMethodError'{0x00000000ebfa3d10}: 'void java.lang.invoke.DirectMethodHandle$Holder.invokeVirtual(java.lang.Object, java.lang.Object)'> (0x00000000ebfa3d10) 
thrown [s\src\hotspot\share\interpreter\linkResolver.cpp, line 759]
Event: 4.660 Thread 0x000001c5b25c0d70 Exception <a 'java/lang/NoSuchMethodError'{0x00000000eabc43b8}: 'java.lang.Object java.lang.invoke.DirectMethodHandle$Holder.invokeStaticInit(java.lang.Object, int, int, int, int)'> (0x00000000eabc43b8) 
thrown [s\src\hotspot\share\interpreter\linkResolver.cpp, line 759]
Event: 4.723 Thread 0x000001c5b25c0d70 Exception <a 'java/lang/NoSuchMethodError'{0x00000000eac67a98}: 'java.lang.Object java.lang.invoke.DirectMethodHandle$Holder.invokeStaticInit(java.lang.Object, java.lang.Object, int, int, int, int)'> (0x00000000eac67a98) 
thrown [s\src\hotspot\share\interpreter\linkResolver.cpp, line 759]
Event: 4.800 Thread 0x000001c5b25c0d70 Exception <a 'java/lang/ClassNotFoundException'{0x00000000eaff64c8}: com/sun/org/apache/xml/internal/serializer/spi/XMLEntitiesProvider> (0x00000000eaff64c8) 
thrown [s\src\hotspot\share\classfile\systemDictionary.cpp, line 256]
Event: 4.908 Thread 0x000001c5b25c0d70 Exception <a 'java/io/FileNotFoundException'{0x00000000eb3cd248}> (0x00000000eb3cd248) 
thrown [s\src\hotspot\share\prims\jni.cpp, line 516]
Event: 5.162 Thread 0x000001c5b25c0d70 Exception <a 'java/lang/UnsatisfiedLinkError'{0x00000000eb6cc260}: The specified procedure could not be found.
> (0x00000000eb6cc260) 
thrown [s\src\hotspot\share\prims\jni.cpp, line 535]
Event: 5.166 Thread 0x000001c5b25c0d70 Exception <a 'java/io/FileNotFoundException'{0x00000000eb6f19f0}> (0x00000000eb6f19f0) 
thrown [s\src\hotspot\share\prims\jni.cpp, line 516]
Event: 5.185 Thread 0x000001c5b25c0d70 Exception <a 'java/lang/UnsatisfiedLinkError'{0x00000000eb819b00}: The specified procedure could not be found.
> (0x00000000eb819b00) 
thrown [s\src\hotspot\share\prims\jni.cpp, line 535]
Event: 5.193 Thread 0x000001c5b242b760 Exception <a 'java/lang/NoSuchMethodError'{0x00000000eb850ec0}: 'void java.lang.invoke.DirectMethodHandle$Holder.invokeStatic(java.lang.Object, java.lang.Object, java.lang.Object, java.lang.Object)'> (0x00000000eb850ec0) 
thrown [s\src\hotspot\share\interpreter\linkResolver.cpp, line 759]
Event: 5.253 Thread 0x000001c597a1e060 Exception <a 'sun/nio/fs/WindowsException'{0x00000000eab43bf0}> (0x00000000eab43bf0) 
thrown [s\src\hotspot\share\prims\jni.cpp, line 516]
Event: 5.313 Thread 0x000001c5b242b760 Exception <a 'java/lang/NoSuchMethodError'{0x00000000eafb1e20}: 'java.lang.Object java.lang.invoke.DirectMethodHandle$Holder.invokeSpecialIFC(java.lang.Object, java.lang.Object, java.lang.Object, java.lang.Object)'> (0x00000000eafb1e20) 
thrown [s\src\hotspot\share\interpreter\linkResolver.cpp, line 759]
Event: 5.360 Thread 0x000001c597a1e060 Exception <a 'java/lang/NoSuchMethodError'{0x00000000eb3cb178}: 'java.lang.Object java.lang.invoke.DirectMethodHandle$Holder.invokeStatic(java.lang.Object, java.lang.Object, long, java.lang.Object)'> (0x00000000eb3cb178) 
thrown [s\src\hotspot\share\interpreter\linkResolver.cpp, line 759]
Event: 5.360 Thread 0x000001c597a1e060 Exception <a 'java/lang/NoSuchMethodError'{0x00000000eb3d9cf8}: 'java.lang.Object java.lang.invoke.DirectMethodHandle$Holder.invokeStaticInit(java.lang.Object, java.lang.Object, long, java.lang.Object)'> (0x00000000eb3d9cf8) 
thrown [s\src\hotspot\share\interpreter\linkResolver.cpp, line 759]
Event: 5.361 Thread 0x000001c597a1e060 Exception <a 'java/lang/NoSuchMethodError'{0x00000000eb3e16d8}: 'java.lang.Object java.lang.invoke.DirectMethodHandle$Holder.newInvokeSpecial(java.lang.Object, java.lang.Object, long)'> (0x00000000eb3e16d8) 
thrown [s\src\hotspot\share\interpreter\linkResolver.cpp, line 759]
Event: 5.541 Thread 0x000001c5b242b760 Exception <a 'java/lang/NoSuchMethodError'{0x00000000eadff7f0}: 'int java.lang.invoke.DirectMethodHandle$Holder.invokeSpecialIFC(java.lang.Object, java.lang.Object, java.lang.Object, java.lang.Object, java.lang.Object)'> (0x00000000eadff7f0) 
thrown [s\src\hotspot\share\interpreter\linkResolver.cpp, line 759]
Event: 5.644 Thread 0x000001c597a1e060 Exception <a 'java/lang/NoSuchMethodError'{0x00000000eb378868}: 'void java.lang.invoke.DirectMethodHandle$Holder.invokeSpecial(java.lang.Object, java.lang.Object, java.lang.Object, java.lang.Object, java.lang.Object, java.lang.Object)'> (0x00000000eb378868) 
thrown [s\src\hotspot\share\interpreter\linkResolver.cpp, line 759]
Event: 5.647 Thread 0x000001c597a1e060 Exception <a 'java/lang/IncompatibleClassChangeError'{0x00000000eb382098}: Found class java.lang.Object, but interface was expected> (0x00000000eb382098) 
thrown [s\src\hotspot\share\interpreter\linkResolver.cpp, line 826]
Event: 5.933 Thread 0x000001c5b242b760 Exception <a 'java/lang/NoClassDefFoundError'{0x00000000ebe39130}: javax/enterprise/inject/Typed> (0x00000000ebe39130) 
thrown [s\src\hotspot\share\classfile\systemDictionary.cpp, line 245]

VM Operations (20 events):
Event: 5.146 Executing VM operation: HandshakeAllThreads
Event: 5.146 Executing VM operation: HandshakeAllThreads done
Event: 5.210 Executing VM operation: CollectForMetadataAllocation
Event: 5.241 Executing VM operation: CollectForMetadataAllocation done
Event: 5.257 Executing VM operation: HandshakeAllThreads
Event: 5.257 Executing VM operation: HandshakeAllThreads done
Event: 5.334 Executing VM operation: HandshakeAllThreads
Event: 5.334 Executing VM operation: HandshakeAllThreads done
Event: 5.498 Executing VM operation: ParallelGCFailedAllocation
Event: 5.500 Executing VM operation: ParallelGCFailedAllocation done
Event: 5.898 Executing VM operation: HandshakeAllThreads
Event: 5.898 Executing VM operation: HandshakeAllThreads done
Event: 5.984 Executing VM operation: ParallelGCFailedAllocation
Event: 5.986 Executing VM operation: ParallelGCFailedAllocation done
Event: 6.373 Executing VM operation: ParallelGCFailedAllocation
Event: 6.375 Executing VM operation: ParallelGCFailedAllocation done
Event: 6.432 Executing VM operation: HandshakeAllThreads
Event: 6.432 Executing VM operation: HandshakeAllThreads done
Event: 6.510 Executing VM operation: HandshakeAllThreads
Event: 6.510 Executing VM operation: HandshakeAllThreads done

Events (20 events):
Event: 6.377 loading class java/lang/reflect/AnnotatedParameterizedType done
Event: 6.378 loading class sun/reflect/annotation/AnnotatedTypeFactory$AnnotatedParameterizedTypeImpl done
Event: 6.562 loading class java/util/concurrent/CompletionService
Event: 6.563 loading class java/util/concurrent/CompletionService done
Event: 6.622 loading class sun/reflect/generics/scope/ConstructorScope
Event: 6.622 loading class sun/reflect/generics/scope/ConstructorScope done
Event: 6.622 loading class sun/reflect/generics/tree/VoidDescriptor
Event: 6.622 loading class sun/reflect/generics/tree/VoidDescriptor done
Event: 6.663 loading class java/nio/channels/SocketChannel
Event: 6.664 loading class java/nio/channels/NetworkChannel
Event: 6.664 loading class java/nio/channels/NetworkChannel done
Event: 6.664 loading class java/nio/channels/spi/AbstractSelectableChannel
Event: 6.664 loading class java/nio/channels/spi/AbstractSelectableChannel done
Event: 6.664 loading class java/nio/channels/SocketChannel done
Event: 6.664 loading class java/nio/channels/ServerSocketChannel
Event: 6.664 loading class java/nio/channels/ServerSocketChannel done
Event: 6.666 loading class javax/net/ssl/SSLSocketFactory
Event: 6.667 loading class javax/net/SocketFactory
Event: 6.668 loading class javax/net/SocketFactory done
Event: 6.668 loading class javax/net/ssl/SSLSocketFactory done


Dynamic libraries:
0x00007ff64cc90000 - 0x00007ff64cc9e000 	c:\Users\DELL\.vscode\extensions\redhat.java-1.23.0-win32-x64\jre\17.0.8.1-win32-x86_64\bin\java.exe
0x00007ff932e10000 - 0x00007ff933008000 	C:\WINDOWS\SYSTEM32\ntdll.dll
0x00007ff931f20000 - 0x00007ff931fdd000 	C:\WINDOWS\System32\KERNEL32.DLL
0x00007ff9309b0000 - 0x00007ff930ca6000 	C:\WINDOWS\System32\KERNELBASE.dll
0x00007ff9306b0000 - 0x00007ff9307b0000 	C:\WINDOWS\System32\ucrtbase.dll
0x00007ff913aa0000 - 0x00007ff913ab9000 	c:\Users\DELL\.vscode\extensions\redhat.java-1.23.0-win32-x64\jre\17.0.8.1-win32-x86_64\bin\VCRUNTIME140.dll
0x00007ff914160000 - 0x00007ff914177000 	c:\Users\DELL\.vscode\extensions\redhat.java-1.23.0-win32-x64\jre\17.0.8.1-win32-x86_64\bin\jli.dll
0x00007ff931030000 - 0x00007ff9311ce000 	C:\WINDOWS\System32\USER32.dll
0x00007ff930e40000 - 0x00007ff930e62000 	C:\WINDOWS\System32\win32u.dll
0x00007ff932c00000 - 0x00007ff932c2c000 	C:\WINDOWS\System32\GDI32.dll
0x00007ff930590000 - 0x00007ff9306aa000 	C:\WINDOWS\System32\gdi32full.dll
0x00007ff9304f0000 - 0x00007ff93058d000 	C:\WINDOWS\System32\msvcp_win.dll
0x00007ff920120000 - 0x00007ff9203ba000 	C:\WINDOWS\WinSxS\amd64_microsoft.windows.common-controls_6595b64144ccf1df_6.0.19041.1110_none_60b5254171f9507e\COMCTL32.dll
0x00007ff932d30000 - 0x00007ff932dce000 	C:\WINDOWS\System32\msvcrt.dll
0x00007ff930e70000 - 0x00007ff930ea0000 	C:\WINDOWS\System32\IMM32.DLL
0x00007ff928850000 - 0x00007ff92885c000 	c:\Users\DELL\.vscode\extensions\redhat.java-1.23.0-win32-x64\jre\17.0.8.1-win32-x86_64\bin\vcruntime140_1.dll
0x00007ff8ff020000 - 0x00007ff8ff0b1000 	c:\Users\DELL\.vscode\extensions\redhat.java-1.23.0-win32-x64\jre\17.0.8.1-win32-x86_64\bin\msvcp140.dll
0x00007ff8f3d80000 - 0x00007ff8f49cc000 	c:\Users\DELL\.vscode\extensions\redhat.java-1.23.0-win32-x64\jre\17.0.8.1-win32-x86_64\bin\server\jvm.dll
0x00007ff932b50000 - 0x00007ff932bfe000 	C:\WINDOWS\System32\ADVAPI32.dll
0x00007ff930f90000 - 0x00007ff93102c000 	C:\WINDOWS\System32\sechost.dll
0x00007ff932840000 - 0x00007ff932966000 	C:\WINDOWS\System32\RPCRT4.dll
0x00007ff92faa0000 - 0x00007ff92faeb000 	C:\WINDOWS\SYSTEM32\POWRPROF.dll
0x00007ff91f1b0000 - 0x00007ff91f1b9000 	C:\WINDOWS\SYSTEM32\WSOCK32.dll
0x00007ff932cc0000 - 0x00007ff932d2b000 	C:\WINDOWS\System32\WS2_32.dll
0x00007ff922100000 - 0x00007ff922127000 	C:\WINDOWS\SYSTEM32\WINMM.dll
0x00007ff929cc0000 - 0x00007ff929cca000 	C:\WINDOWS\SYSTEM32\VERSION.dll
0x00007ff92f910000 - 0x00007ff92f922000 	C:\WINDOWS\SYSTEM32\UMPDC.dll
0x00007ff92ed60000 - 0x00007ff92ed72000 	C:\WINDOWS\SYSTEM32\kernel.appcore.dll
0x00007ff9286b0000 - 0x00007ff9286ba000 	c:\Users\DELL\.vscode\extensions\redhat.java-1.23.0-win32-x64\jre\17.0.8.1-win32-x86_64\bin\jimage.dll
0x00007ff92e880000 - 0x00007ff92ea64000 	C:\WINDOWS\SYSTEM32\DBGHELP.DLL
0x00007ff91e960000 - 0x00007ff91e994000 	C:\WINDOWS\SYSTEM32\dbgcore.DLL
0x00007ff930920000 - 0x00007ff9309a2000 	C:\WINDOWS\System32\bcryptPrimitives.dll
0x00007ff924580000 - 0x00007ff92458e000 	c:\Users\DELL\.vscode\extensions\redhat.java-1.23.0-win32-x64\jre\17.0.8.1-win32-x86_64\bin\instrument.dll
0x00007ff90cb80000 - 0x00007ff90cba5000 	c:\Users\DELL\.vscode\extensions\redhat.java-1.23.0-win32-x64\jre\17.0.8.1-win32-x86_64\bin\java.dll
0x00007ff912820000 - 0x00007ff912838000 	c:\Users\DELL\.vscode\extensions\redhat.java-1.23.0-win32-x64\jre\17.0.8.1-win32-x86_64\bin\zip.dll
0x00007ff931720000 - 0x00007ff931e65000 	C:\WINDOWS\System32\SHELL32.dll
0x00007ff92e010000 - 0x00007ff92e7ab000 	C:\WINDOWS\SYSTEM32\windows.storage.dll
0x00007ff932170000 - 0x00007ff9324c4000 	C:\WINDOWS\System32\combase.dll
0x00007ff92ff30000 - 0x00007ff92ff5e000 	C:\WINDOWS\SYSTEM32\Wldp.dll
0x00007ff9329d0000 - 0x00007ff932a7d000 	C:\WINDOWS\System32\SHCORE.dll
0x00007ff932970000 - 0x00007ff9329c5000 	C:\WINDOWS\System32\shlwapi.dll
0x00007ff930420000 - 0x00007ff930445000 	C:\WINDOWS\SYSTEM32\profapi.dll
0x00007ff9117b0000 - 0x00007ff9117c9000 	C:\Users\DELL\.vscode\extensions\redhat.java-1.23.0-win32-x64\jre\17.0.8.1-win32-x86_64\bin\net.dll
0x00007ff927570000 - 0x00007ff92767a000 	C:\WINDOWS\SYSTEM32\WINHTTP.dll
0x00007ff92fc90000 - 0x00007ff92fcfa000 	C:\WINDOWS\system32\mswsock.dll
0x00007ff90f920000 - 0x00007ff90f935000 	C:\Users\DELL\.vscode\extensions\redhat.java-1.23.0-win32-x64\jre\17.0.8.1-win32-x86_64\bin\nio.dll
0x00007ff924490000 - 0x00007ff9244a0000 	c:\Users\DELL\.vscode\extensions\redhat.java-1.23.0-win32-x64\jre\17.0.8.1-win32-x86_64\bin\verify.dll
0x00007ff90c790000 - 0x00007ff90c7ce000 	C:\Users\DELL\AppData\Roaming\Code\User\globalStorage\redhat.java\1.23.0\config_win\org.eclipse.equinox.launcher\org.eclipse.equinox.launcher.win32.win32.x86_64_1.2.700.v20221108-1024\eclipse_11801.dll
0x00007ff932710000 - 0x00007ff93283a000 	C:\WINDOWS\System32\ole32.dll
0x00007ff92fe90000 - 0x00007ff92fea8000 	C:\WINDOWS\SYSTEM32\CRYPTSP.dll
0x00007ff92f4d0000 - 0x00007ff92f504000 	C:\WINDOWS\system32\rsaenh.dll
0x00007ff930e10000 - 0x00007ff930e37000 	C:\WINDOWS\System32\bcrypt.dll
0x00007ff9303a0000 - 0x00007ff9303ce000 	C:\WINDOWS\SYSTEM32\USERENV.dll
0x00007ff92fe80000 - 0x00007ff92fe8c000 	C:\WINDOWS\SYSTEM32\CRYPTBASE.dll
0x00007ff92f930000 - 0x00007ff92f96b000 	C:\WINDOWS\SYSTEM32\IPHLPAPI.DLL
0x00007ff931fe0000 - 0x00007ff931fe8000 	C:\WINDOWS\System32\NSI.dll
0x00007ff929590000 - 0x00007ff9295a7000 	C:\WINDOWS\SYSTEM32\dhcpcsvc6.DLL
0x00007ff929570000 - 0x00007ff92958d000 	C:\WINDOWS\SYSTEM32\dhcpcsvc.DLL
0x00007ff92f970000 - 0x00007ff92fa3a000 	C:\WINDOWS\SYSTEM32\DNSAPI.dll
0x00007ff90ca40000 - 0x00007ff90ca85000 	C:\Users\DELL\AppData\Local\Temp\jna-2094529\jna16632996152104997068.dll
0x00007ff932cb0000 - 0x00007ff932cb8000 	C:\WINDOWS\System32\PSAPI.DLL

dbghelp: loaded successfully - version: 4.0.5 - missing functions: none
symbol engine: initialized successfully - sym options: 0x614 - pdb path: .;c:\Users\DELL\.vscode\extensions\redhat.java-1.23.0-win32-x64\jre\17.0.8.1-win32-x86_64\bin;C:\WINDOWS\SYSTEM32;C:\WINDOWS\WinSxS\amd64_microsoft.windows.common-controls_6595b64144ccf1df_6.0.19041.1110_none_60b5254171f9507e;c:\Users\DELL\.vscode\extensions\redhat.java-1.23.0-win32-x64\jre\17.0.8.1-win32-x86_64\bin\server;C:\Users\DELL\AppData\Roaming\Code\User\globalStorage\redhat.java\1.23.0\config_win\org.eclipse.equinox.launcher\org.eclipse.equinox.launcher.win32.win32.x86_64_1.2.700.v20221108-1024;C:\Users\DELL\AppData\Local\Temp\jna-2094529

VM Arguments:
jvm_args: --add-modules=ALL-SYSTEM --add-opens=java.base/java.util=ALL-UNNAMED --add-opens=java.base/java.lang=ALL-UNNAMED --add-opens=java.base/sun.nio.fs=ALL-UNNAMED -Declipse.application=org.eclipse.jdt.ls.core.id1 -Dosgi.bundles.defaultStartLevel=4 -Declipse.product=org.eclipse.jdt.ls.core.product -Djava.import.generatesMetadataFilesAtProjectRoot=false -DDetectVMInstallationsJob.disabled=true -Dfile.encoding=utf8 -XX:+UseParallelGC -XX:GCTimeRatio=4 -XX:AdaptiveSizePolicyWeight=90 -Dsun.zip.disableMemoryMapping=true -Xmx1G -Xms100m -Xlog:disable -javaagent:c:\Users\DELL\.vscode\extensions\redhat.java-1.23.0-win32-x64\lombok\lombok-1.18.30.jar -XX:+HeapDumpOnOutOfMemoryError -XX:HeapDumpPath=c:\Users\DELL\AppData\Roaming\Code\User\workspaceStorage\72c155e9b7a7fa28bd4b3a5f12094ced\redhat.java -Daether.dependencyCollector.impl=bf 
java_command: c:\Users\DELL\.vscode\extensions\redhat.java-1.23.0-win32-x64\server\plugins\org.eclipse.equinox.launcher_1.6.500.v20230717-2134.jar -configuration c:\Users\DELL\AppData\Roaming\Code\User\globalStorage\redhat.java\1.23.0\config_win -data c:\Users\DELL\AppData\Roaming\Code\User\workspaceStorage\72c155e9b7a7fa28bd4b3a5f12094ced\redhat.java\jdt_ws
java_class_path (initial): c:\Users\DELL\.vscode\extensions\redhat.java-1.23.0-win32-x64\server\plugins\org.eclipse.equinox.launcher_1.6.500.v20230717-2134.jar
Launcher Type: SUN_STANDARD

[Global flags]
    uintx AdaptiveSizePolicyWeight                 = 90                                        {product} {command line}
     intx CICompilerCount                          = 4                                         {product} {ergonomic}
    uintx GCTimeRatio                              = 4                                         {product} {command line}
     bool HeapDumpOnOutOfMemoryError               = true                                   {manageable} {command line}
    ccstr HeapDumpPath                             = c:\Users\DELL\AppData\Roaming\Code\User\workspaceStorage\72c155e9b7a7fa28bd4b3a5f12094ced\redhat.java         {manageable} {command line}
   size_t InitialHeapSize                          = 104857600                                 {product} {command line}
   size_t MaxHeapSize                              = 1073741824                                {product} {command line}
   size_t MaxNewSize                               = 357564416                                 {product} {ergonomic}
   size_t MinHeapDeltaBytes                        = 524288                                    {product} {ergonomic}
   size_t MinHeapSize                              = 104857600                                 {product} {command line}
   size_t NewSize                                  = 34603008                                  {product} {ergonomic}
    uintx NonNMethodCodeHeapSize                   = 5839372                                {pd product} {ergonomic}
    uintx NonProfiledCodeHeapSize                  = 122909434                              {pd product} {ergonomic}
   size_t OldSize                                  = 70254592                                  {product} {ergonomic}
    uintx ProfiledCodeHeapSize                     = 122909434                              {pd product} {ergonomic}
    uintx ReservedCodeCacheSize                    = 251658240                              {pd product} {ergonomic}
     bool SegmentedCodeCache                       = true                                      {product} {ergonomic}
   size_t SoftMaxHeapSize                          = 1073741824                             {manageable} {ergonomic}
     bool UseCompressedClassPointers               = true                           {product lp64_product} {ergonomic}
     bool UseCompressedOops                        = true                           {product lp64_product} {ergonomic}
     bool UseLargePagesIndividualAllocation        = false                                  {pd product} {ergonomic}
     bool UseParallelGC                            = true                                      {product} {command line}

Logging:
Log output configuration:
 #0: stdout all=off uptime,level,tags
 #1: stderr all=off uptime,level,tags

Environment Variables:
PATH=C:\Program Files\Common Files\Oracle\Java\javapath;E:\VM\bin\;C:\Program Files (x86)\Common Files\Oracle\Java\javapath;C:\Windows\system32;C:\Windows;C:\Windows\System32\Wbem;C:\Windows\System32\WindowsPowerShell\v1.0\;C:\Program Files (x86)\NVIDIA Corporation\PhysX\Common;C:\WINDOWS\system32;C:\WINDOWS;C:\WINDOWS\System32\Wbem;C:\WINDOWS\System32\WindowsPowerShell\v1.0\;C:\WINDOWS\System32\OpenSSH\;C:\Program Files (x86)\Bitvise SSH Client;C:\Program Files\Git\cmd;C:\Program Files\nodejs\;C:\Program Files (x86)\Intel\Intel(R) Management Engine Components\DAL;C:\Program Files\Intel\Intel(R) Management Engine Components\DAL;C:\Program Files\dotnet\;C:\Users\DELL\AppData\Local\Programs\Python\Python311\;C:\Users\DELL\AppData\Local\Programs\Python\Python311\Scripts\;C:\Program Files\Java\jdk-20\bin;C:\Users\DELL\AppData\Local\Programs\Python\Python311\Scripts\;C:\Users\DELL\AppData\Local\Programs\Python\Python311\;C:\Users\DELL\AppData\Local\Microsoft\WindowsApps;C:\Program Files (x86)\Nmap;C:\Users\DELL\AppData\Roaming\npm;C:\Users\DELL\AppData\Local\Programs\Microsoft VS Code\bin;C:\Program Files\heroku\bin;C:\Program Files\JetBrains\PyCharm Community Edition 2020.3.3\bin;;C:\Program Files\Java\jdk-20\bin\;C:\Users\DELL\AppData\Local\GitHubDesktop\bin
USERNAME=DELL
OS=Windows_NT
PROCESSOR_IDENTIFIER=Intel64 Family 6 Model 158 Stepping 9, GenuineIntel
TMP=C:\Users\DELL\AppData\Local\Temp
TEMP=C:\Users\DELL\AppData\Local\Temp



---------------  S Y S T E M  ---------------

OS:
 Windows 10 , 64 bit Build 19041 (10.0.19041.3393)
OS uptime: 2 days 0:17 hours

CPU: total 8 (initial active 8) (4 cores per cpu, 2 threads per core) family 6 model 158 stepping 9 microcode 0xb4, cx8, cmov, fxsr, ht, mmx, 3dnowpref, sse, sse2, sse3, ssse3, sse4.1, sse4.2, popcnt, lzcnt, tsc, tscinvbit, avx, avx2, aes, erms, clmul, bmi1, bmi2, adx, fma, vzeroupper, clflush, clflushopt
Processor Information for all 8 processors :
  Max Mhz: 2801, Current Mhz: 2800, Mhz Limit: 2772

Memory: 4k page, system-wide physical 8053M (499M free)
TotalPageFile size 12149M (AvailPageFile size 7M)
current process WorkingSet (physical memory assigned to process): 190M, peak: 195M
current process commit charge ("private bytes"): 287M, peak: 292M

vm_info: OpenJDK 64-Bit Server VM (17.0.8.1+1) for windows-amd64 JRE (17.0.8.1+1), built on Aug 23 2023 15:29:17 by "admin" with MS VC++ 16.7 (VS2019)

END.
