#
# There is insufficient memory for the Java Runtime Environment to continue.
# Native memory allocation (mmap) failed to map 65536 bytes for Failed to commit metaspace.
# Possible reasons:
#   The system is out of physical RAM or swap space
#   The process is running with CompressedOops enabled, and the Java Heap may be blocking the growth of the native heap
# Possible solutions:
#   Reduce memory load on the system
#   Increase physical memory or swap space
#   Check if swap backing store is full
#   Decrease Java heap size (-Xmx/-Xms)
#   Decrease number of Java threads
#   Decrease Java thread stack sizes (-Xss)
#   Set larger code cache with -XX:ReservedCodeCacheSize=
#   JVM is running with Unscaled Compressed Oops mode in which the Java heap is
#     placed in the first 4GB address space. The Java Heap base address is the
#     maximum limit for the native heap growth. Please use -XX:HeapBaseMinAddress
#     to set the Java Heap base and to place the Java Heap above 4GB virtual address.
# This output file may be truncated or incomplete.
#
#  Out of Memory Error (virtualSpaceNode.cpp:110), pid=12080, tid=11572
#
# JRE version: OpenJDK Runtime Environment Temurin-17.0.8.1+1 (17.0.8.1+1) (build 17.0.8.1+1)
# Java VM: OpenJDK 64-Bit Server VM Temurin-17.0.8.1+1 (17.0.8.1+1, mixed mode, tiered, compressed oops, compressed class ptrs, parallel gc, windows-amd64)
# No core dump will be written. Minidumps are not enabled by default on client versions of Windows
#

---------------  S U M M A R Y ------------

Command Line: --add-modules=ALL-SYSTEM --add-opens=java.base/java.util=ALL-UNNAMED --add-opens=java.base/java.lang=ALL-UNNAMED --add-opens=java.base/sun.nio.fs=ALL-UNNAMED -Declipse.application=org.eclipse.jdt.ls.core.id1 -Dosgi.bundles.defaultStartLevel=4 -Declipse.product=org.eclipse.jdt.ls.core.product -Djava.import.generatesMetadataFilesAtProjectRoot=false -DDetectVMInstallationsJob.disabled=true -Dfile.encoding=utf8 -XX:+UseParallelGC -XX:GCTimeRatio=4 -XX:AdaptiveSizePolicyWeight=90 -Dsun.zip.disableMemoryMapping=true -Xmx1G -Xms100m -Xlog:disable -javaagent:c:\Users\DELL\.vscode\extensions\redhat.java-1.23.0-win32-x64\lombok\lombok-1.18.30.jar -XX:+HeapDumpOnOutOfMemoryError -XX:HeapDumpPath=c:\Users\DELL\AppData\Roaming\Code\User\workspaceStorage\72c155e9b7a7fa28bd4b3a5f12094ced\redhat.java -Daether.dependencyCollector.impl=bf c:\Users\DELL\.vscode\extensions\redhat.java-1.23.0-win32-x64\server\plugins\org.eclipse.equinox.launcher_1.6.500.v20230717-2134.jar -configuration c:\Users\DELL\AppData\Roaming\Code\User\globalStorage\redhat.java\1.23.0\config_win -data c:\Users\DELL\AppData\Roaming\Code\User\workspaceStorage\72c155e9b7a7fa28bd4b3a5f12094ced\redhat.java\jdt_ws

Host: Intel(R) Core(TM) i7-7700HQ CPU @ 2.80GHz, 8 cores, 7G,  Windows 10 , 64 bit Build 19041 (10.0.19041.3393)
Time: Tue Oct 10 17:09:49 2023 India Standard Time elapsed time: 2.274218 seconds (0d 0h 0m 2s)

---------------  T H R E A D  ---------------

Current thread (0x000002375524d210):  JavaThread "Start Level: Equinox Container: e82d3d51-47b4-4ac5-9876-f529d2ce3d3f" daemon [_thread_in_vm, id=11572, stack(0x0000007f3d700000,0x0000007f3d800000)]

Stack: [0x0000007f3d700000,0x0000007f3d800000]
Native frames: (J=compiled Java code, j=interpreted, Vv=VM code, C=native code)
V  [jvm.dll+0x678b0a]
V  [jvm.dll+0x835e84]
V  [jvm.dll+0x83762e]
V  [jvm.dll+0x837c93]
V  [jvm.dll+0x24746f]
V  [jvm.dll+0x831f1b]
V  [jvm.dll+0x61d3c6]
V  [jvm.dll+0x1c1aae]
V  [jvm.dll+0x61fd21]
V  [jvm.dll+0x61dd66]
V  [jvm.dll+0x23ce50]
V  [jvm.dll+0x1ec2ed]
V  [jvm.dll+0x1e1d21]
V  [jvm.dll+0x53fba0]
V  [jvm.dll+0x7b1278]
V  [jvm.dll+0x7b1364]
V  [jvm.dll+0x40ecc5]
V  [jvm.dll+0x414e18]
C  [java.dll+0x17ec]

Java frames: (J=compiled Java code, j=interpreted, Vv=VM code)
J 1074  java.lang.ClassLoader.defineClass1(Ljava/lang/ClassLoader;Ljava/lang/String;[BIILjava/security/ProtectionDomain;Ljava/lang/String;)Ljava/lang/Class; java.base@17.0.8.1 (0 bytes) @ 0x00000237446dd4db [0x00000237446dd420+0x00000000000000bb]
J 1567 c1 java.lang.ClassLoader.defineClass(Ljava/lang/String;[BIILjava/security/ProtectionDomain;)Ljava/lang/Class; java.base@17.0.8.1 (43 bytes) @ 0x000002373ce7e5d4 [0x000002373ce7e280+0x0000000000000354]
j  org.eclipse.osgi.internal.loader.ModuleClassLoader.defineClass(Ljava/lang/String;[BLorg/eclipse/osgi/internal/loader/classpath/ClasspathEntry;)Lorg/eclipse/osgi/internal/loader/ModuleClassLoader$DefineClassResult;+42
J 2175 c1 org.eclipse.osgi.internal.loader.classpath.ClasspathManager.defineClass(Ljava/lang/String;[BLorg/eclipse/osgi/internal/loader/classpath/ClasspathEntry;Lorg/eclipse/osgi/storage/bundlefile/BundleEntry;Ljava/util/List;)Ljava/lang/Class; (636 bytes) @ 0x000002373cfc3144 [0x000002373cfc1760+0x00000000000019e4]
j  org.eclipse.osgi.internal.loader.classpath.ClasspathManager.findClassImpl(Ljava/lang/String;Lorg/eclipse/osgi/internal/loader/classpath/ClasspathEntry;Ljava/util/List;)Ljava/lang/Class;+269
j  org.eclipse.osgi.internal.loader.classpath.ClasspathManager.findLocalClassImpl(Ljava/lang/String;[Lorg/eclipse/osgi/internal/loader/classpath/ClasspathEntry;Ljava/util/List;)Ljava/lang/Class;+30
J 2155 c1 org.eclipse.osgi.internal.loader.classpath.ClasspathManager.findLocalClassImpl(Ljava/lang/String;Ljava/util/List;)Ljava/lang/Class; (132 bytes) @ 0x000002373cfb61d4 [0x000002373cfb5cc0+0x0000000000000514]
j  org.eclipse.osgi.internal.loader.classpath.ClasspathManager.findLocalClass(Ljava/lang/String;)Ljava/lang/Class;+113
J 2152 c1 org.eclipse.osgi.internal.loader.BundleLoader.findLocalClass(Ljava/lang/String;)Ljava/lang/Class; (152 bytes) @ 0x000002373cfafc6c [0x000002373cfaf420+0x000000000000084c]
J 2055 c1 org.eclipse.osgi.internal.loader.BundleLoader.findClass0(Ljava/lang/String;ZZ)Ljava/lang/Class; (466 bytes) @ 0x000002373cf65214 [0x000002373cf62b20+0x00000000000026f4]
J 2054 c1 org.eclipse.osgi.internal.loader.BundleLoader.findClass(Ljava/lang/String;)Ljava/lang/Class; (8 bytes) @ 0x000002373cf6221c [0x000002373cf621a0+0x000000000000007c]
J 2056 c1 org.eclipse.osgi.internal.loader.ModuleClassLoader.loadClass(Ljava/lang/String;Z)Ljava/lang/Class; (36 bytes) @ 0x000002373cf6823c [0x000002373cf68020+0x000000000000021c]
J 766 c1 java.lang.ClassLoader.loadClass(Ljava/lang/String;)Ljava/lang/Class; java.base@17.0.8.1 (7 bytes) @ 0x000002373ccde93c [0x000002373ccde840+0x00000000000000fc]
v  ~StubRoutines::call_stub
J 1074  java.lang.ClassLoader.defineClass1(Ljava/lang/ClassLoader;Ljava/lang/String;[BIILjava/security/ProtectionDomain;Ljava/lang/String;)Ljava/lang/Class; java.base@17.0.8.1 (0 bytes) @ 0x00000237446dd4db [0x00000237446dd420+0x00000000000000bb]
J 1567 c1 java.lang.ClassLoader.defineClass(Ljava/lang/String;[BIILjava/security/ProtectionDomain;)Ljava/lang/Class; java.base@17.0.8.1 (43 bytes) @ 0x000002373ce7e5d4 [0x000002373ce7e280+0x0000000000000354]
j  org.eclipse.osgi.internal.loader.ModuleClassLoader.defineClass(Ljava/lang/String;[BLorg/eclipse/osgi/internal/loader/classpath/ClasspathEntry;)Lorg/eclipse/osgi/internal/loader/ModuleClassLoader$DefineClassResult;+42
J 2175 c1 org.eclipse.osgi.internal.loader.classpath.ClasspathManager.defineClass(Ljava/lang/String;[BLorg/eclipse/osgi/internal/loader/classpath/ClasspathEntry;Lorg/eclipse/osgi/storage/bundlefile/BundleEntry;Ljava/util/List;)Ljava/lang/Class; (636 bytes) @ 0x000002373cfc3144 [0x000002373cfc1760+0x00000000000019e4]
j  org.eclipse.osgi.internal.loader.classpath.ClasspathManager.findClassImpl(Ljava/lang/String;Lorg/eclipse/osgi/internal/loader/classpath/ClasspathEntry;Ljava/util/List;)Ljava/lang/Class;+269
j  org.eclipse.osgi.internal.loader.classpath.ClasspathManager.findLocalClassImpl(Ljava/lang/String;[Lorg/eclipse/osgi/internal/loader/classpath/ClasspathEntry;Ljava/util/List;)Ljava/lang/Class;+30
J 2155 c1 org.eclipse.osgi.internal.loader.classpath.ClasspathManager.findLocalClassImpl(Ljava/lang/String;Ljava/util/List;)Ljava/lang/Class; (132 bytes) @ 0x000002373cfb61d4 [0x000002373cfb5cc0+0x0000000000000514]
j  org.eclipse.osgi.internal.loader.classpath.ClasspathManager.findLocalClass(Ljava/lang/String;)Ljava/lang/Class;+113
J 2152 c1 org.eclipse.osgi.internal.loader.BundleLoader.findLocalClass(Ljava/lang/String;)Ljava/lang/Class; (152 bytes) @ 0x000002373cfafc6c [0x000002373cfaf420+0x000000000000084c]
J 2055 c1 org.eclipse.osgi.internal.loader.BundleLoader.findClass0(Ljava/lang/String;ZZ)Ljava/lang/Class; (466 bytes) @ 0x000002373cf65214 [0x000002373cf62b20+0x00000000000026f4]
J 2054 c1 org.eclipse.osgi.internal.loader.BundleLoader.findClass(Ljava/lang/String;)Ljava/lang/Class; (8 bytes) @ 0x000002373cf6221c [0x000002373cf621a0+0x000000000000007c]
j  org.eclipse.osgi.internal.framework.BundleContextImpl.loadBundleActivator()Lorg/osgi/framework/BundleActivator;+94
j  org.eclipse.osgi.internal.framework.BundleContextImpl.start()V+18
j  org.eclipse.osgi.internal.framework.EquinoxBundle.startWorker0()V+35
j  org.eclipse.osgi.internal.framework.EquinoxBundle$EquinoxModule.startWorker()V+4
j  org.eclipse.osgi.container.Module.doStart([Lorg/eclipse/osgi/container/Module$StartOptions;)Lorg/eclipse/osgi/container/ModuleContainerAdaptor$ModuleEvent;+190
j  org.eclipse.osgi.container.Module.start([Lorg/eclipse/osgi/container/Module$StartOptions;)V+460
j  org.eclipse.osgi.container.ModuleContainer$ContainerStartLevel$2.run()V+71
j  org.eclipse.osgi.internal.framework.EquinoxContainerAdaptor$1$1.execute(Ljava/lang/Runnable;)V+1
j  org.eclipse.osgi.container.ModuleContainer$ContainerStartLevel.incStartLevel(ILjava/util/List;Z)V+192
j  org.eclipse.osgi.container.ModuleContainer$ContainerStartLevel.incStartLevel(ILjava/util/List;Ljava/util/List;Ljava/util/List;Ljava/util/List;)V+19
j  org.eclipse.osgi.container.ModuleContainer$ContainerStartLevel.doContainerStartLevel(Lorg/eclipse/osgi/container/Module;I[Lorg/osgi/framework/FrameworkListener;)V+349
j  org.eclipse.osgi.container.ModuleContainer$ContainerStartLevel.dispatchEvent(Lorg/eclipse/osgi/container/Module;[Lorg/osgi/framework/FrameworkListener;ILjava/lang/Integer;)V+32
j  org.eclipse.osgi.container.ModuleContainer$ContainerStartLevel.dispatchEvent(Ljava/lang/Object;Ljava/lang/Object;ILjava/lang/Object;)V+15
j  org.eclipse.osgi.framework.eventmgr.EventManager.dispatchEvent(Ljava/util/Set;Lorg/eclipse/osgi/framework/eventmgr/EventDispatcher;ILjava/lang/Object;)V+48
j  org.eclipse.osgi.framework.eventmgr.EventManager$EventThread.run()V+26
v  ~StubRoutines::call_stub

---------------  P R O C E S S  ---------------

Threads class SMR info:
_java_thread_list=0x000002375567d740, length=19, elements={
0x00000237387295d0, 0x00000237387e94f0, 0x00000237387ea5f0, 0x000002374e508020,
0x000002374e508ea0, 0x000002374e50a4c0, 0x000002374e50c120, 0x00000237537c1140,
0x00000237537c22e0, 0x00000237537c2ce0, 0x00000237538dfc40, 0x000002375398fdb0,
0x0000023753b5fca0, 0x00000237549cb390, 0x00000237551dc1a0, 0x000002375524d210,
0x000002375577df30, 0x0000023755087c40, 0x0000023755088150
}

Java Threads: ( => current thread )
  0x00000237387295d0 JavaThread "main" [_thread_blocked, id=17308, stack(0x0000007f3bf00000,0x0000007f3c000000)]
  0x00000237387e94f0 JavaThread "Reference Handler" daemon [_thread_blocked, id=7544, stack(0x0000007f3c200000,0x0000007f3c300000)]
  0x00000237387ea5f0 JavaThread "Finalizer" daemon [_thread_blocked, id=13328, stack(0x0000007f3c300000,0x0000007f3c400000)]
  0x000002374e508020 JavaThread "Signal Dispatcher" daemon [_thread_blocked, id=2680, stack(0x0000007f3c400000,0x0000007f3c500000)]
  0x000002374e508ea0 JavaThread "Attach Listener" daemon [_thread_blocked, id=9168, stack(0x0000007f3c500000,0x0000007f3c600000)]
  0x000002374e50a4c0 JavaThread "Service Thread" daemon [_thread_blocked, id=2460, stack(0x0000007f3c600000,0x0000007f3c700000)]
  0x000002374e50c120 JavaThread "Monitor Deflation Thread" daemon [_thread_blocked, id=22912, stack(0x0000007f3c700000,0x0000007f3c800000)]
  0x00000237537c1140 JavaThread "C2 CompilerThread0" daemon [_thread_blocked, id=16836, stack(0x0000007f3c800000,0x0000007f3c900000)]
  0x00000237537c22e0 JavaThread "C1 CompilerThread0" daemon [_thread_blocked, id=17360, stack(0x0000007f3c900000,0x0000007f3ca00000)]
  0x00000237537c2ce0 JavaThread "Sweeper thread" daemon [_thread_blocked, id=21112, stack(0x0000007f3ca00000,0x0000007f3cb00000)]
  0x00000237538dfc40 JavaThread "Common-Cleaner" daemon [_thread_blocked, id=19716, stack(0x0000007f3cb00000,0x0000007f3cc00000)]
  0x000002375398fdb0 JavaThread "C2 CompilerThread1" daemon [_thread_blocked, id=13512, stack(0x0000007f3cc00000,0x0000007f3cd00000)]
  0x0000023753b5fca0 JavaThread "Notification Thread" daemon [_thread_blocked, id=7856, stack(0x0000007f3cd00000,0x0000007f3ce00000)]
  0x00000237549cb390 JavaThread "Active Thread: Equinox Container: e82d3d51-47b4-4ac5-9876-f529d2ce3d3f" [_thread_blocked, id=22740, stack(0x0000007f3cf00000,0x0000007f3d000000)]
  0x00000237551dc1a0 JavaThread "Framework Event Dispatcher: Equinox Container: e82d3d51-47b4-4ac5-9876-f529d2ce3d3f" daemon [_thread_blocked, id=11220, stack(0x0000007f3d600000,0x0000007f3d700000)]
=>0x000002375524d210 JavaThread "Start Level: Equinox Container: e82d3d51-47b4-4ac5-9876-f529d2ce3d3f" daemon [_thread_in_vm, id=11572, stack(0x0000007f3d700000,0x0000007f3d800000)]
  0x000002375577df30 JavaThread "Bundle File Closer" daemon [_thread_blocked, id=10308, stack(0x0000007f3d900000,0x0000007f3da00000)]
  0x0000023755087c40 JavaThread "SCR Component Actor" daemon [_thread_blocked, id=10552, stack(0x0000007f3da00000,0x0000007f3db00000)]
  0x0000023755088150 JavaThread "SCR Component Registry" daemon [_thread_blocked, id=16700, stack(0x0000007f3db00000,0x0000007f3dc00000)]

Other Threads:
  0x0000023753790dc0 VMThread "VM Thread" [stack: 0x0000007f3c100000,0x0000007f3c200000] [id=13884]
  0x0000023753b60180 WatcherThread [stack: 0x0000007f3ce00000,0x0000007f3cf00000] [id=2336]
  0x000002373873ea60 GCTaskThread "GC Thread#0" [stack: 0x0000007f3c000000,0x0000007f3c100000] [id=20128]
  0x0000023754f59300 GCTaskThread "GC Thread#1" [stack: 0x0000007f3d000000,0x0000007f3d100000] [id=6612]
  0x0000023754f597d0 GCTaskThread "GC Thread#2" [stack: 0x0000007f3d100000,0x0000007f3d200000] [id=8136]
  0x0000023754e069c0 GCTaskThread "GC Thread#3" [stack: 0x0000007f3d200000,0x0000007f3d300000] [id=21428]
  0x0000023754e06c80 GCTaskThread "GC Thread#4" [stack: 0x0000007f3d300000,0x0000007f3d400000] [id=4592]
  0x0000023754e06f40 GCTaskThread "GC Thread#5" [stack: 0x0000007f3d400000,0x0000007f3d500000] [id=16064]
  0x0000023754e07200 GCTaskThread "GC Thread#6" [stack: 0x0000007f3d500000,0x0000007f3d600000] [id=18856]
  0x0000023755376310 GCTaskThread "GC Thread#7" [stack: 0x0000007f3d800000,0x0000007f3d900000] [id=6248]

Threads with active compile tasks:

VM state: not at safepoint (normal execution)

VM Mutex/Monitor currently owned by a thread:  ([mutex/lock_event])
[0x0000023738723f90] Metaspace_lock - owner thread: 0x000002375524d210

Heap address: 0x00000000c0000000, size: 1024 MB, Compressed Oops mode: 32-bit

CDS archive(s) not mapped
Compressed class space mapped at: 0x0000000100000000-0x0000000140000000, reserved size: 1073741824
Narrow klass base: 0x0000000000000000, Narrow klass shift: 3, Narrow klass range: 0x140000000

GC Precious Log:
 CPUs: 8 total, 8 available
 Memory: 8053M
 Large Page Support: Disabled
 NUMA Support: Disabled
 Compressed Oops: Enabled (32-bit)
 Alignments: Space 512K, Generation 512K, Heap 2M
 Heap Min Capacity: 100M
 Heap Initial Capacity: 100M
 Heap Max Capacity: 1G
 Pre-touch: Disabled
 Parallel Workers: 8

Heap:
 PSYoungGen      total 29696K, used 17132K [0x00000000eab00000, 0x00000000ecc00000, 0x0000000100000000)
  eden space 25600K, 51% used [0x00000000eab00000,0x00000000eb7c06b0,0x00000000ec400000)
  from space 4096K, 99% used [0x00000000ec400000,0x00000000ec7fabb0,0x00000000ec800000)
  to   space 4096K, 0% used [0x00000000ec800000,0x00000000ec800000,0x00000000ecc00000)
 ParOldGen       total 68608K, used 5227K [0x00000000c0000000, 0x00000000c4300000, 0x00000000eab00000)
  object space 68608K, 7% used [0x00000000c0000000,0x00000000c051af10,0x00000000c4300000)
 Metaspace       used 18938K, committed 19264K, reserved 1114112K
  class space    used 1935K, committed 2112K, reserved 1048576K

Card table byte_map: [0x000002374bd80000,0x000002374bf90000] _byte_map_base: 0x000002374b780000

Marking Bits: (ParMarkBitMap*) 0x00007ff8f49083a0
 Begin Bits: [0x000002374c0f0000, 0x000002374d0f0000)
 End Bits:   [0x000002374d0f0000, 0x000002374e0f0000)

Polling page: 0x00000237387f0000

Metaspace:

Usage:
  Non-class:     16.60 MB used.
      Class:      1.89 MB used.
       Both:     18.49 MB used.

Virtual space:
  Non-class space:       64.00 MB reserved,      16.75 MB ( 26%) committed,  1 nodes.
      Class space:        1.00 GB reserved,       2.06 MB ( <1%) committed,  1 nodes.
             Both:        1.06 GB reserved,      18.81 MB (  2%) committed. 

Chunk freelists:
   Non-Class:  15.25 MB
       Class:  13.87 MB
        Both:  29.12 MB

MaxMetaspaceSize: unlimited
CompressedClassSpaceSize: 1.00 GB
Initial GC threshold: 21.00 MB
Current GC threshold: 21.00 MB
CDS: off
MetaspaceReclaimPolicy: balanced
 - commit_granule_bytes: 65536.
 - commit_granule_words: 8192.
 - virtual_space_node_default_size: 8388608.
 - enlarge_chunks_in_place: 1.
 - new_chunks_are_fully_committed: 0.
 - uncommit_free_chunks: 1.
 - use_allocation_guard: 0.
 - handle_deallocations: 1.


Internal statistics:

num_allocs_failed_limit: 0.
num_arena_births: 168.
num_arena_deaths: 0.
num_vsnodes_births: 2.
num_vsnodes_deaths: 0.
num_space_committed: 301.
num_space_uncommitted: 0.
num_chunks_returned_to_freelist: 0.
num_chunks_taken_from_freelist: 507.
num_chunk_merges: 0.
num_chunk_splits: 331.
num_chunks_enlarged: 241.
num_inconsistent_stats: 0.

CodeHeap 'non-profiled nmethods': size=120000Kb used=1017Kb max_used=1017Kb free=118982Kb
 bounds [0x0000023744670000, 0x00000237448e0000, 0x000002374bba0000]
CodeHeap 'profiled nmethods': size=120000Kb used=4675Kb max_used=4675Kb free=115324Kb
 bounds [0x000002373cba0000, 0x000002373d040000, 0x00000237440d0000]
CodeHeap 'non-nmethods': size=5760Kb used=1176Kb max_used=1207Kb free=4584Kb
 bounds [0x00000237440d0000, 0x0000023744340000, 0x0000023744670000]
 total_blobs=2839 nmethods=2362 adapters=391
 compilation: enabled
              stopped_count=0, restarted_count=0
 full_count=0

Compilation events (20 events):
Event: 2.267 Thread 0x00000237537c22e0 nmethod 2354 0x000002374476d410 code [0x000002374476d5a0, 0x000002374476d678]
Event: 2.267 Thread 0x00000237537c22e0 2348       1       org.apache.felix.scr.impl.metadata.ComponentMetadata::getDSVersion (5 bytes)
Event: 2.268 Thread 0x00000237537c22e0 nmethod 2348 0x000002374476d710 code [0x000002374476d8a0, 0x000002374476d978]
Event: 2.268 Thread 0x00000237537c22e0 2336       1       com.sun.org.apache.xerces.internal.parsers.AbstractSAXParser$AttributesProxy::setAttributes (6 bytes)
Event: 2.268 Thread 0x00000237537c22e0 nmethod 2336 0x000002374476da10 code [0x000002374476dba0, 0x000002374476dc78]
Event: 2.268 Thread 0x00000237537c22e0 2329       1       java.lang.reflect.Constructor::getSharedParameterTypes (5 bytes)
Event: 2.268 Thread 0x00000237537c22e0 nmethod 2329 0x000002374476dd10 code [0x000002374476dea0, 0x000002374476df78]
Event: 2.268 Thread 0x00000237537c22e0 2341       1       com.sun.org.apache.xerces.internal.impl.XMLDocumentFragmentScannerImpl::setDriver (6 bytes)
Event: 2.268 Thread 0x00000237537c22e0 nmethod 2341 0x000002374476e010 code [0x000002374476e1a0, 0x000002374476e278]
Event: 2.269 Thread 0x00000237537c22e0 2359       1       java.util.logging.Level::intValue (5 bytes)
Event: 2.269 Thread 0x00000237537c22e0 nmethod 2359 0x000002374476e310 code [0x000002374476e4a0, 0x000002374476e578]
Event: 2.269 Thread 0x00000237537c22e0 2360       3       org.eclipse.osgi.framework.eventmgr.CopyOnWriteIdentityMap::<init> (12 bytes)
Event: 2.270 Thread 0x00000237537c22e0 nmethod 2360 0x000002373d02e690 code [0x000002373d02e840, 0x000002373d02ea38]
Event: 2.270 Thread 0x00000237537c22e0 2362       3       org.eclipse.osgi.container.Module::checkValid (47 bytes)
Event: 2.270 Thread 0x00000237537c22e0 nmethod 2362 0x000002373d02eb10 code [0x000002373d02eda0, 0x000002373d02f828]
Event: 2.271 Thread 0x00000237537c22e0 2361       3       org.eclipse.osgi.framework.eventmgr.CopyOnWriteIdentityMap::empty (4 bytes)
Event: 2.271 Thread 0x00000237537c22e0 nmethod 2361 0x000002373d02fc90 code [0x000002373d02fe20, 0x000002373d02ff18]
Event: 2.271 Thread 0x00000237537c22e0 2363       3       java.util.concurrent.locks.ReentrantLock::tryLock (13 bytes)
Event: 2.271 Thread 0x00000237537c22e0 nmethod 2363 0x000002373d02ff90 code [0x000002373d030140, 0x000002373d0302d8]
Event: 2.271 Thread 0x00000237537c22e0 2364       3       java.util.concurrent.locks.ReentrantLock$Sync::tryLockNanos (36 bytes)

GC Heap History (6 events):
Event: 0.906 GC heap before
{Heap before GC invocations=1 (full 0):
 PSYoungGen      total 29696K, used 25600K [0x00000000eab00000, 0x00000000ecc00000, 0x0000000100000000)
  eden space 25600K, 100% used [0x00000000eab00000,0x00000000ec400000,0x00000000ec400000)
  from space 4096K, 0% used [0x00000000ec800000,0x00000000ec800000,0x00000000ecc00000)
  to   space 4096K, 0% used [0x00000000ec400000,0x00000000ec400000,0x00000000ec800000)
 ParOldGen       total 68608K, used 0K [0x00000000c0000000, 0x00000000c4300000, 0x00000000eab00000)
  object space 68608K, 0% used [0x00000000c0000000,0x00000000c0000000,0x00000000c4300000)
 Metaspace       used 11009K, committed 11200K, reserved 1114112K
  class space    used 1099K, committed 1216K, reserved 1048576K
}
Event: 0.913 GC heap after
{Heap after GC invocations=1 (full 0):
 PSYoungGen      total 29696K, used 3155K [0x00000000eab00000, 0x00000000ecc00000, 0x0000000100000000)
  eden space 25600K, 0% used [0x00000000eab00000,0x00000000eab00000,0x00000000ec400000)
  from space 4096K, 77% used [0x00000000ec400000,0x00000000ec714c18,0x00000000ec800000)
  to   space 4096K, 0% used [0x00000000ec800000,0x00000000ec800000,0x00000000ecc00000)
 ParOldGen       total 68608K, used 16K [0x00000000c0000000, 0x00000000c4300000, 0x00000000eab00000)
  object space 68608K, 0% used [0x00000000c0000000,0x00000000c0004000,0x00000000c4300000)
 Metaspace       used 11009K, committed 11200K, reserved 1114112K
  class space    used 1099K, committed 1216K, reserved 1048576K
}
Event: 1.615 GC heap before
{Heap before GC invocations=2 (full 0):
 PSYoungGen      total 29696K, used 28755K [0x00000000eab00000, 0x00000000ecc00000, 0x0000000100000000)
  eden space 25600K, 100% used [0x00000000eab00000,0x00000000ec400000,0x00000000ec400000)
  from space 4096K, 77% used [0x00000000ec400000,0x00000000ec714c18,0x00000000ec800000)
  to   space 4096K, 0% used [0x00000000ec800000,0x00000000ec800000,0x00000000ecc00000)
 ParOldGen       total 68608K, used 16K [0x00000000c0000000, 0x00000000c4300000, 0x00000000eab00000)
  object space 68608K, 0% used [0x00000000c0000000,0x00000000c0004000,0x00000000c4300000)
 Metaspace       used 14735K, committed 14976K, reserved 1114112K
  class space    used 1480K, committed 1600K, reserved 1048576K
}
Event: 1.621 GC heap after
{Heap after GC invocations=2 (full 0):
 PSYoungGen      total 29696K, used 4088K [0x00000000eab00000, 0x00000000ecc00000, 0x0000000100000000)
  eden space 25600K, 0% used [0x00000000eab00000,0x00000000eab00000,0x00000000ec400000)
  from space 4096K, 99% used [0x00000000ec800000,0x00000000ecbfe378,0x00000000ecc00000)
  to   space 4096K, 0% used [0x00000000ec400000,0x00000000ec400000,0x00000000ec800000)
 ParOldGen       total 68608K, used 1438K [0x00000000c0000000, 0x00000000c4300000, 0x00000000eab00000)
  object space 68608K, 2% used [0x00000000c0000000,0x00000000c0167830,0x00000000c4300000)
 Metaspace       used 14735K, committed 14976K, reserved 1114112K
  class space    used 1480K, committed 1600K, reserved 1048576K
}
Event: 2.053 GC heap before
{Heap before GC invocations=3 (full 0):
 PSYoungGen      total 29696K, used 29688K [0x00000000eab00000, 0x00000000ecc00000, 0x0000000100000000)
  eden space 25600K, 100% used [0x00000000eab00000,0x00000000ec400000,0x00000000ec400000)
  from space 4096K, 99% used [0x00000000ec800000,0x00000000ecbfe378,0x00000000ecc00000)
  to   space 4096K, 0% used [0x00000000ec400000,0x00000000ec400000,0x00000000ec800000)
 ParOldGen       total 68608K, used 1438K [0x00000000c0000000, 0x00000000c4300000, 0x00000000eab00000)
  object space 68608K, 2% used [0x00000000c0000000,0x00000000c0167830,0x00000000c4300000)
 Metaspace       used 16993K, committed 17280K, reserved 1114112K
  class space    used 1723K, committed 1856K, reserved 1048576K
}
Event: 2.060 GC heap after
{Heap after GC invocations=3 (full 0):
 PSYoungGen      total 29696K, used 4074K [0x00000000eab00000, 0x00000000ecc00000, 0x0000000100000000)
  eden space 25600K, 0% used [0x00000000eab00000,0x00000000eab00000,0x00000000ec400000)
  from space 4096K, 99% used [0x00000000ec400000,0x00000000ec7fabb0,0x00000000ec800000)
  to   space 4096K, 0% used [0x00000000ec800000,0x00000000ec800000,0x00000000ecc00000)
 ParOldGen       total 68608K, used 5227K [0x00000000c0000000, 0x00000000c4300000, 0x00000000eab00000)
  object space 68608K, 7% used [0x00000000c0000000,0x00000000c051af10,0x00000000c4300000)
 Metaspace       used 16993K, committed 17280K, reserved 1114112K
  class space    used 1723K, committed 1856K, reserved 1048576K
}

Dll operation events (9 events):
Event: 0.009 Loaded shared library c:\Users\DELL\.vscode\extensions\redhat.java-1.23.0-win32-x64\jre\17.0.8.1-win32-x86_64\bin\java.dll
Event: 0.145 Loaded shared library c:\Users\DELL\.vscode\extensions\redhat.java-1.23.0-win32-x64\jre\17.0.8.1-win32-x86_64\bin\zip.dll
Event: 0.149 Loaded shared library C:\Users\DELL\.vscode\extensions\redhat.java-1.23.0-win32-x64\jre\17.0.8.1-win32-x86_64\bin\instrument.dll
Event: 0.161 Loaded shared library C:\Users\DELL\.vscode\extensions\redhat.java-1.23.0-win32-x64\jre\17.0.8.1-win32-x86_64\bin\net.dll
Event: 0.162 Loaded shared library C:\Users\DELL\.vscode\extensions\redhat.java-1.23.0-win32-x64\jre\17.0.8.1-win32-x86_64\bin\nio.dll
Event: 0.169 Loaded shared library C:\Users\DELL\.vscode\extensions\redhat.java-1.23.0-win32-x64\jre\17.0.8.1-win32-x86_64\bin\zip.dll
Event: 0.183 Loaded shared library C:\Users\DELL\.vscode\extensions\redhat.java-1.23.0-win32-x64\jre\17.0.8.1-win32-x86_64\bin\jimage.dll
Event: 0.244 Loaded shared library c:\Users\DELL\.vscode\extensions\redhat.java-1.23.0-win32-x64\jre\17.0.8.1-win32-x86_64\bin\verify.dll
Event: 1.511 Loaded shared library C:\Users\DELL\AppData\Roaming\Code\User\globalStorage\redhat.java\1.23.0\config_win\org.eclipse.equinox.launcher\org.eclipse.equinox.launcher.win32.win32.x86_64_1.2.700.v20221108-1024\eclipse_11801.dll

Deoptimization events (20 events):
Event: 2.180 Thread 0x000002375524d210 Uncommon trap: trap_request=0xffffffde fr.pc=0x00000237446e06b0 relative=0x00000000000012d0
Event: 2.180 Thread 0x000002375524d210 Uncommon trap: reason=class_check action=maybe_recompile pc=0x00000237446e06b0 method=java.io.DataInputStream.readFully([BII)V @ 30 c2
Event: 2.180 Thread 0x000002375524d210 DEOPT PACKING pc=0x00000237446e06b0 sp=0x0000007f3d7fbaf0
Event: 2.180 Thread 0x000002375524d210 DEOPT UNPACKING pc=0x00000237441266a3 sp=0x0000007f3d7fba38 mode 2
Event: 2.181 Thread 0x000002375524d210 Uncommon trap: trap_request=0xffffffc6 fr.pc=0x000002374475b6b0 relative=0x0000000000000490
Event: 2.181 Thread 0x000002375524d210 Uncommon trap: reason=bimorphic_or_optimized_type_check action=maybe_recompile pc=0x000002374475b6b0 method=java.io.DataInputStream.readByte()B @ 4 c2
Event: 2.181 Thread 0x000002375524d210 DEOPT PACKING pc=0x000002374475b6b0 sp=0x0000007f3d7fbc30
Event: 2.181 Thread 0x000002375524d210 DEOPT UNPACKING pc=0x00000237441266a3 sp=0x0000007f3d7fbbe8 mode 2
Event: 2.181 Thread 0x000002375524d210 Uncommon trap: trap_request=0xffffffc6 fr.pc=0x000002374475b6b0 relative=0x0000000000000490
Event: 2.181 Thread 0x000002375524d210 Uncommon trap: reason=bimorphic_or_optimized_type_check action=maybe_recompile pc=0x000002374475b6b0 method=java.io.DataInputStream.readByte()B @ 4 c2
Event: 2.181 Thread 0x000002375524d210 DEOPT PACKING pc=0x000002374475b6b0 sp=0x0000007f3d7fbc30
Event: 2.181 Thread 0x000002375524d210 DEOPT UNPACKING pc=0x00000237441266a3 sp=0x0000007f3d7fbbe8 mode 2
Event: 2.181 Thread 0x000002375524d210 Uncommon trap: trap_request=0xffffffde fr.pc=0x00000237446e06b0 relative=0x00000000000012d0
Event: 2.181 Thread 0x000002375524d210 Uncommon trap: reason=class_check action=maybe_recompile pc=0x00000237446e06b0 method=java.io.DataInputStream.readFully([BII)V @ 30 c2
Event: 2.181 Thread 0x000002375524d210 DEOPT PACKING pc=0x00000237446e06b0 sp=0x0000007f3d7fbaf0
Event: 2.181 Thread 0x000002375524d210 DEOPT UNPACKING pc=0x00000237441266a3 sp=0x0000007f3d7fba38 mode 2
Event: 2.181 Thread 0x000002375524d210 Uncommon trap: trap_request=0xffffffde fr.pc=0x00000237446e06b0 relative=0x00000000000012d0
Event: 2.181 Thread 0x000002375524d210 Uncommon trap: reason=class_check action=maybe_recompile pc=0x00000237446e06b0 method=java.io.DataInputStream.readFully([BII)V @ 30 c2
Event: 2.181 Thread 0x000002375524d210 DEOPT PACKING pc=0x00000237446e06b0 sp=0x0000007f3d7fbaf0
Event: 2.181 Thread 0x000002375524d210 DEOPT UNPACKING pc=0x00000237441266a3 sp=0x0000007f3d7fba38 mode 2

Classes unloaded (0 events):
No events

Classes redefined (0 events):
No events

Internal exceptions (20 events):
Event: 0.859 Thread 0x00000237387295d0 Implicit null exception at 0x00000237446ce900 to 0x00000237446cf2fc
Event: 0.859 Thread 0x00000237387295d0 Implicit null exception at 0x00000237446bf5ec to 0x00000237446bf7e4
Event: 0.859 Thread 0x00000237387295d0 Implicit null exception at 0x00000237446c13ec to 0x00000237446c15d4
Event: 0.859 Thread 0x00000237387295d0 Implicit null exception at 0x00000237446b4d0f to 0x00000237446b4d89
Event: 0.893 Thread 0x00000237387295d0 Exception <a 'java/lang/NoSuchMethodError'{0x00000000ec39add0}: 'int java.lang.invoke.DirectMethodHandle$Holder.invokeStaticInit(java.lang.Object, java.lang.Object, java.lang.Object, java.lang.Object)'> (0x00000000ec39add0) 
thrown [s\src\hotspot\share\interpreter\linkResolver.cpp, line 759]
Event: 0.895 Thread 0x00000237387295d0 Exception <a 'java/lang/NoSuchMethodError'{0x00000000ec3a5440}: 'java.lang.Object java.lang.invoke.DirectMethodHandle$Holder.invokeInterface(java.lang.Object, java.lang.Object)'> (0x00000000ec3a5440) 
thrown [s\src\hotspot\share\interpreter\linkResolver.cpp, line 759]
Event: 0.895 Thread 0x00000237387295d0 Exception <a 'java/lang/IncompatibleClassChangeError'{0x00000000ec3a8c38}: Found class java.lang.Object, but interface was expected> (0x00000000ec3a8c38) 
thrown [s\src\hotspot\share\interpreter\linkResolver.cpp, line 826]
Event: 0.895 Thread 0x00000237387295d0 Exception <a 'java/lang/NoSuchMethodError'{0x00000000ec3ad130}: 'void java.lang.invoke.DirectMethodHandle$Holder.invokeStatic(java.lang.Object, java.lang.Object)'> (0x00000000ec3ad130) 
thrown [s\src\hotspot\share\interpreter\linkResolver.cpp, line 759]
Event: 0.896 Thread 0x00000237387295d0 Exception <a 'java/lang/NoSuchMethodError'{0x00000000ec3b0930}: 'void java.lang.invoke.DirectMethodHandle$Holder.invokeStaticInit(java.lang.Object, java.lang.Object)'> (0x00000000ec3b0930) 
thrown [s\src\hotspot\share\interpreter\linkResolver.cpp, line 759]
Event: 0.897 Thread 0x00000237387295d0 Exception <a 'java/lang/NoSuchMethodError'{0x00000000ec3b7d68}: 'int java.lang.invoke.DirectMethodHandle$Holder.invokeStaticInit(java.lang.Object, java.lang.Object)'> (0x00000000ec3b7d68) 
thrown [s\src\hotspot\share\interpreter\linkResolver.cpp, line 759]
Event: 0.950 Thread 0x00000237387295d0 Exception <a 'java/lang/NoSuchMethodError'{0x00000000eac3f9c8}: 'void java.lang.invoke.DirectMethodHandle$Holder.invokeSpecial(java.lang.Object, java.lang.Object, java.lang.Object)'> (0x00000000eac3f9c8) 
thrown [s\src\hotspot\share\interpreter\linkResolver.cpp, line 759]
Event: 1.247 Thread 0x00000237387295d0 Exception <a 'java/lang/NoSuchMethodError'{0x00000000eb9d2d38}: 'java.lang.Object java.lang.invoke.DirectMethodHandle$Holder.newInvokeSpecial(java.lang.Object, int, java.lang.Object)'> (0x00000000eb9d2d38) 
thrown [s\src\hotspot\share\interpreter\linkResolver.cpp, line 759]
Event: 1.505 Thread 0x00000237387295d0 Exception <a 'java/lang/UnsatisfiedLinkError'{0x00000000ebf6a138}: 'void org.eclipse.equinox.launcher.JNIBridge._update_splash()'> (0x00000000ebf6a138) 
thrown [s\src\hotspot\share\prims\nativeLookup.cpp, line 543]
Event: 1.588 Thread 0x000002375524d210 Exception <a 'java/lang/NoSuchMethodError'{0x00000000ec2bdef0}: 'java.lang.Object java.lang.invoke.DirectMethodHandle$Holder.invokeStaticInit(java.lang.Object)'> (0x00000000ec2bdef0) 
thrown [s\src\hotspot\share\interpreter\linkResolver.cpp, line 759]
Event: 1.604 Thread 0x000002375524d210 Exception <a 'java/lang/NoSuchMethodError'{0x00000000ec384330}: 'java.lang.Object java.lang.invoke.DirectMethodHandle$Holder.newInvokeSpecial(java.lang.Object, java.lang.Object, int, java.lang.Object)'> (0x00000000ec384330) 
thrown [s\src\hotspot\share\interpreter\linkResolver.cpp, line 759]
Event: 1.605 Thread 0x000002375524d210 Exception <a 'java/lang/NoSuchMethodError'{0x00000000ec388618}: 'java.lang.Object java.lang.invoke.DirectMethodHandle$Holder.invokeSpecial(java.lang.Object, java.lang.Object, java.lang.Object, int, java.lang.Object)'> (0x00000000ec388618) 
thrown [s\src\hotspot\share\interpreter\linkResolver.cpp, line 759]
Event: 1.654 Thread 0x000002375524d210 Exception <a 'java/lang/ClassNotFoundException'{0x00000000ead45da8}: sun/util/logging/resources/spi/loggingProvider> (0x00000000ead45da8) 
thrown [s\src\hotspot\share\classfile\systemDictionary.cpp, line 256]
Event: 2.171 Thread 0x000002375524d210 Exception <a 'java/io/FileNotFoundException'{0x00000000eb420570}> (0x00000000eb420570) 
thrown [s\src\hotspot\share\prims\jni.cpp, line 516]
Event: 2.185 Thread 0x000002375524d210 Exception <a 'java/lang/NullPointerException'{0x00000000eb4a7a38}> (0x00000000eb4a7a38) 
thrown [s\src\hotspot\share\interpreter\linkResolver.cpp, line 1350]
Event: 2.185 Thread 0x000002375524d210 Exception <a 'java/lang/NullPointerException'{0x00000000eb4a8260}> (0x00000000eb4a8260) 
thrown [s\src\hotspot\share\interpreter\linkResolver.cpp, line 1350]

VM Operations (20 events):
Event: 1.225 Executing VM operation: HandshakeAllThreads
Event: 1.225 Executing VM operation: HandshakeAllThreads done
Event: 1.241 Executing VM operation: HandshakeAllThreads
Event: 1.241 Executing VM operation: HandshakeAllThreads done
Event: 1.578 Executing VM operation: HandshakeAllThreads
Event: 1.578 Executing VM operation: HandshakeAllThreads done
Event: 1.615 Executing VM operation: ParallelGCFailedAllocation
Event: 1.621 Executing VM operation: ParallelGCFailedAllocation done
Event: 1.634 Executing VM operation: HandshakeAllThreads
Event: 1.634 Executing VM operation: HandshakeAllThreads done
Event: 1.666 Executing VM operation: HandshakeAllThreads
Event: 1.666 Executing VM operation: HandshakeAllThreads done
Event: 1.680 Executing VM operation: HandshakeAllThreads
Event: 1.680 Executing VM operation: HandshakeAllThreads done
Event: 1.691 Executing VM operation: HandshakeAllThreads
Event: 1.691 Executing VM operation: HandshakeAllThreads done
Event: 2.018 Executing VM operation: HandshakeAllThreads
Event: 2.018 Executing VM operation: HandshakeAllThreads done
Event: 2.053 Executing VM operation: ParallelGCFailedAllocation
Event: 2.060 Executing VM operation: ParallelGCFailedAllocation done

Events (20 events):
Event: 2.101 loading class java/util/concurrent/locks/ReentrantLock$FairSync
Event: 2.102 loading class java/util/concurrent/locks/ReentrantLock$FairSync done
Event: 2.103 loading class java/util/Collections$ReverseComparator
Event: 2.103 loading class java/util/Collections$ReverseComparator done
Event: 2.143 loading class java/lang/CloneNotSupportedException
Event: 2.143 loading class java/lang/CloneNotSupportedException done
Event: 2.154 loading class java/util/TreeMap$Values
Event: 2.154 loading class java/util/TreeMap$Values done
Event: 2.154 loading class java/util/TreeMap$ValueIterator
Event: 2.154 loading class java/util/TreeMap$ValueIterator done
Event: 2.172 loading class java/util/function/IntFunction
Event: 2.172 loading class java/util/function/IntFunction done
Event: 2.185 loading class java/util/ImmutableCollections$Map1
Event: 2.185 loading class java/util/ImmutableCollections$Map1 done
Event: 2.185 loading class java/util/AbstractMap$1
Event: 2.185 loading class java/util/AbstractMap$1 done
Event: 2.185 loading class java/util/AbstractMap$1$1
Event: 2.185 loading class java/util/AbstractMap$1$1 done
Event: 2.207 loading class java/lang/Process
Event: 2.207 loading class java/lang/Process done


Dynamic libraries:
0x00007ff64cc90000 - 0x00007ff64cc9e000 	c:\Users\DELL\.vscode\extensions\redhat.java-1.23.0-win32-x64\jre\17.0.8.1-win32-x86_64\bin\java.exe
0x00007ff932e10000 - 0x00007ff933008000 	C:\WINDOWS\SYSTEM32\ntdll.dll
0x00007ff931f20000 - 0x00007ff931fdd000 	C:\WINDOWS\System32\KERNEL32.DLL
0x00007ff9309b0000 - 0x00007ff930ca6000 	C:\WINDOWS\System32\KERNELBASE.dll
0x00007ff9306b0000 - 0x00007ff9307b0000 	C:\WINDOWS\System32\ucrtbase.dll
0x00007ff914160000 - 0x00007ff914177000 	c:\Users\DELL\.vscode\extensions\redhat.java-1.23.0-win32-x64\jre\17.0.8.1-win32-x86_64\bin\jli.dll
0x00007ff913aa0000 - 0x00007ff913ab9000 	c:\Users\DELL\.vscode\extensions\redhat.java-1.23.0-win32-x64\jre\17.0.8.1-win32-x86_64\bin\VCRUNTIME140.dll
0x00007ff931030000 - 0x00007ff9311ce000 	C:\WINDOWS\System32\USER32.dll
0x00007ff930e40000 - 0x00007ff930e62000 	C:\WINDOWS\System32\win32u.dll
0x00007ff920120000 - 0x00007ff9203ba000 	C:\WINDOWS\WinSxS\amd64_microsoft.windows.common-controls_6595b64144ccf1df_6.0.19041.1110_none_60b5254171f9507e\COMCTL32.dll
0x00007ff932c00000 - 0x00007ff932c2c000 	C:\WINDOWS\System32\GDI32.dll
0x00007ff932d30000 - 0x00007ff932dce000 	C:\WINDOWS\System32\msvcrt.dll
0x00007ff930590000 - 0x00007ff9306aa000 	C:\WINDOWS\System32\gdi32full.dll
0x00007ff9304f0000 - 0x00007ff93058d000 	C:\WINDOWS\System32\msvcp_win.dll
0x00007ff930e70000 - 0x00007ff930ea0000 	C:\WINDOWS\System32\IMM32.DLL
0x00007ff928850000 - 0x00007ff92885c000 	c:\Users\DELL\.vscode\extensions\redhat.java-1.23.0-win32-x64\jre\17.0.8.1-win32-x86_64\bin\vcruntime140_1.dll
0x00007ff8ff020000 - 0x00007ff8ff0b1000 	c:\Users\DELL\.vscode\extensions\redhat.java-1.23.0-win32-x64\jre\17.0.8.1-win32-x86_64\bin\msvcp140.dll
0x00007ff8f3d80000 - 0x00007ff8f49cc000 	c:\Users\DELL\.vscode\extensions\redhat.java-1.23.0-win32-x64\jre\17.0.8.1-win32-x86_64\bin\server\jvm.dll
0x00007ff932b50000 - 0x00007ff932bfe000 	C:\WINDOWS\System32\ADVAPI32.dll
0x00007ff930f90000 - 0x00007ff93102c000 	C:\WINDOWS\System32\sechost.dll
0x00007ff932840000 - 0x00007ff932966000 	C:\WINDOWS\System32\RPCRT4.dll
0x00007ff92faa0000 - 0x00007ff92faeb000 	C:\WINDOWS\SYSTEM32\POWRPROF.dll
0x00007ff91f1b0000 - 0x00007ff91f1b9000 	C:\WINDOWS\SYSTEM32\WSOCK32.dll
0x00007ff922100000 - 0x00007ff922127000 	C:\WINDOWS\SYSTEM32\WINMM.dll
0x00007ff929cc0000 - 0x00007ff929cca000 	C:\WINDOWS\SYSTEM32\VERSION.dll
0x00007ff932cc0000 - 0x00007ff932d2b000 	C:\WINDOWS\System32\WS2_32.dll
0x00007ff92f910000 - 0x00007ff92f922000 	C:\WINDOWS\SYSTEM32\UMPDC.dll
0x00007ff92ed60000 - 0x00007ff92ed72000 	C:\WINDOWS\SYSTEM32\kernel.appcore.dll
0x00007ff9286b0000 - 0x00007ff9286ba000 	c:\Users\DELL\.vscode\extensions\redhat.java-1.23.0-win32-x64\jre\17.0.8.1-win32-x86_64\bin\jimage.dll
0x00007ff92e880000 - 0x00007ff92ea64000 	C:\WINDOWS\SYSTEM32\DBGHELP.DLL
0x00007ff91e960000 - 0x00007ff91e994000 	C:\WINDOWS\SYSTEM32\dbgcore.DLL
0x00007ff930920000 - 0x00007ff9309a2000 	C:\WINDOWS\System32\bcryptPrimitives.dll
0x00007ff924580000 - 0x00007ff92458e000 	c:\Users\DELL\.vscode\extensions\redhat.java-1.23.0-win32-x64\jre\17.0.8.1-win32-x86_64\bin\instrument.dll
0x00007ff90cb80000 - 0x00007ff90cba5000 	c:\Users\DELL\.vscode\extensions\redhat.java-1.23.0-win32-x64\jre\17.0.8.1-win32-x86_64\bin\java.dll
0x00007ff912820000 - 0x00007ff912838000 	c:\Users\DELL\.vscode\extensions\redhat.java-1.23.0-win32-x64\jre\17.0.8.1-win32-x86_64\bin\zip.dll
0x00007ff931720000 - 0x00007ff931e65000 	C:\WINDOWS\System32\SHELL32.dll
0x00007ff92e010000 - 0x00007ff92e7ab000 	C:\WINDOWS\SYSTEM32\windows.storage.dll
0x00007ff932170000 - 0x00007ff9324c4000 	C:\WINDOWS\System32\combase.dll
0x00007ff92ff30000 - 0x00007ff92ff5e000 	C:\WINDOWS\SYSTEM32\Wldp.dll
0x00007ff9329d0000 - 0x00007ff932a7d000 	C:\WINDOWS\System32\SHCORE.dll
0x00007ff932970000 - 0x00007ff9329c5000 	C:\WINDOWS\System32\shlwapi.dll
0x00007ff930420000 - 0x00007ff930445000 	C:\WINDOWS\SYSTEM32\profapi.dll
0x00007ff9117b0000 - 0x00007ff9117c9000 	C:\Users\DELL\.vscode\extensions\redhat.java-1.23.0-win32-x64\jre\17.0.8.1-win32-x86_64\bin\net.dll
0x00007ff927570000 - 0x00007ff92767a000 	C:\WINDOWS\SYSTEM32\WINHTTP.dll
0x00007ff92fc90000 - 0x00007ff92fcfa000 	C:\WINDOWS\system32\mswsock.dll
0x00007ff90f920000 - 0x00007ff90f935000 	C:\Users\DELL\.vscode\extensions\redhat.java-1.23.0-win32-x64\jre\17.0.8.1-win32-x86_64\bin\nio.dll
0x00007ff924490000 - 0x00007ff9244a0000 	c:\Users\DELL\.vscode\extensions\redhat.java-1.23.0-win32-x64\jre\17.0.8.1-win32-x86_64\bin\verify.dll
0x00007ff90c790000 - 0x00007ff90c7ce000 	C:\Users\DELL\AppData\Roaming\Code\User\globalStorage\redhat.java\1.23.0\config_win\org.eclipse.equinox.launcher\org.eclipse.equinox.launcher.win32.win32.x86_64_1.2.700.v20221108-1024\eclipse_11801.dll
0x00007ff932710000 - 0x00007ff93283a000 	C:\WINDOWS\System32\ole32.dll

dbghelp: loaded successfully - version: 4.0.5 - missing functions: none
symbol engine: initialized successfully - sym options: 0x614 - pdb path: .;c:\Users\DELL\.vscode\extensions\redhat.java-1.23.0-win32-x64\jre\17.0.8.1-win32-x86_64\bin;C:\WINDOWS\SYSTEM32;C:\WINDOWS\WinSxS\amd64_microsoft.windows.common-controls_6595b64144ccf1df_6.0.19041.1110_none_60b5254171f9507e;c:\Users\DELL\.vscode\extensions\redhat.java-1.23.0-win32-x64\jre\17.0.8.1-win32-x86_64\bin\server;C:\Users\DELL\AppData\Roaming\Code\User\globalStorage\redhat.java\1.23.0\config_win\org.eclipse.equinox.launcher\org.eclipse.equinox.launcher.win32.win32.x86_64_1.2.700.v20221108-1024

VM Arguments:
jvm_args: --add-modules=ALL-SYSTEM --add-opens=java.base/java.util=ALL-UNNAMED --add-opens=java.base/java.lang=ALL-UNNAMED --add-opens=java.base/sun.nio.fs=ALL-UNNAMED -Declipse.application=org.eclipse.jdt.ls.core.id1 -Dosgi.bundles.defaultStartLevel=4 -Declipse.product=org.eclipse.jdt.ls.core.product -Djava.import.generatesMetadataFilesAtProjectRoot=false -DDetectVMInstallationsJob.disabled=true -Dfile.encoding=utf8 -XX:+UseParallelGC -XX:GCTimeRatio=4 -XX:AdaptiveSizePolicyWeight=90 -Dsun.zip.disableMemoryMapping=true -Xmx1G -Xms100m -Xlog:disable -javaagent:c:\Users\DELL\.vscode\extensions\redhat.java-1.23.0-win32-x64\lombok\lombok-1.18.30.jar -XX:+HeapDumpOnOutOfMemoryError -XX:HeapDumpPath=c:\Users\DELL\AppData\Roaming\Code\User\workspaceStorage\72c155e9b7a7fa28bd4b3a5f12094ced\redhat.java -Daether.dependencyCollector.impl=bf 
java_command: c:\Users\DELL\.vscode\extensions\redhat.java-1.23.0-win32-x64\server\plugins\org.eclipse.equinox.launcher_1.6.500.v20230717-2134.jar -configuration c:\Users\DELL\AppData\Roaming\Code\User\globalStorage\redhat.java\1.23.0\config_win -data c:\Users\DELL\AppData\Roaming\Code\User\workspaceStorage\72c155e9b7a7fa28bd4b3a5f12094ced\redhat.java\jdt_ws
java_class_path (initial): c:\Users\DELL\.vscode\extensions\redhat.java-1.23.0-win32-x64\server\plugins\org.eclipse.equinox.launcher_1.6.500.v20230717-2134.jar
Launcher Type: SUN_STANDARD

[Global flags]
    uintx AdaptiveSizePolicyWeight                 = 90                                        {product} {command line}
     intx CICompilerCount                          = 4                                         {product} {ergonomic}
    uintx GCTimeRatio                              = 4                                         {product} {command line}
     bool HeapDumpOnOutOfMemoryError               = true                                   {manageable} {command line}
    ccstr HeapDumpPath                             = c:\Users\DELL\AppData\Roaming\Code\User\workspaceStorage\72c155e9b7a7fa28bd4b3a5f12094ced\redhat.java         {manageable} {command line}
   size_t InitialHeapSize                          = 104857600                                 {product} {command line}
   size_t MaxHeapSize                              = 1073741824                                {product} {command line}
   size_t MaxNewSize                               = 357564416                                 {product} {ergonomic}
   size_t MinHeapDeltaBytes                        = 524288                                    {product} {ergonomic}
   size_t MinHeapSize                              = 104857600                                 {product} {command line}
   size_t NewSize                                  = 34603008                                  {product} {ergonomic}
    uintx NonNMethodCodeHeapSize                   = 5839372                                {pd product} {ergonomic}
    uintx NonProfiledCodeHeapSize                  = 122909434                              {pd product} {ergonomic}
   size_t OldSize                                  = 70254592                                  {product} {ergonomic}
    uintx ProfiledCodeHeapSize                     = 122909434                              {pd product} {ergonomic}
    uintx ReservedCodeCacheSize                    = 251658240                              {pd product} {ergonomic}
     bool SegmentedCodeCache                       = true                                      {product} {ergonomic}
   size_t SoftMaxHeapSize                          = 1073741824                             {manageable} {ergonomic}
     bool UseCompressedClassPointers               = true                           {product lp64_product} {ergonomic}
     bool UseCompressedOops                        = true                           {product lp64_product} {ergonomic}
     bool UseLargePagesIndividualAllocation        = false                                  {pd product} {ergonomic}
     bool UseParallelGC                            = true                                      {product} {command line}

Logging:
Log output configuration:
 #0: stdout all=off uptime,level,tags
 #1: stderr all=off uptime,level,tags

Environment Variables:
PATH=C:\Program Files\Common Files\Oracle\Java\javapath;E:\VM\bin\;C:\Program Files (x86)\Common Files\Oracle\Java\javapath;C:\Windows\system32;C:\Windows;C:\Windows\System32\Wbem;C:\Windows\System32\WindowsPowerShell\v1.0\;C:\Program Files (x86)\NVIDIA Corporation\PhysX\Common;C:\WINDOWS\system32;C:\WINDOWS;C:\WINDOWS\System32\Wbem;C:\WINDOWS\System32\WindowsPowerShell\v1.0\;C:\WINDOWS\System32\OpenSSH\;C:\Program Files (x86)\Bitvise SSH Client;C:\Program Files\Git\cmd;C:\Program Files\nodejs\;C:\Program Files (x86)\Intel\Intel(R) Management Engine Components\DAL;C:\Program Files\Intel\Intel(R) Management Engine Components\DAL;C:\Program Files\dotnet\;C:\Users\DELL\AppData\Local\Programs\Python\Python311\;C:\Users\DELL\AppData\Local\Programs\Python\Python311\Scripts\;C:\Program Files\Java\jdk-20\bin;C:\Users\DELL\AppData\Local\Programs\Python\Python311\Scripts\;C:\Users\DELL\AppData\Local\Programs\Python\Python311\;C:\Users\DELL\AppData\Local\Microsoft\WindowsApps;C:\Program Files (x86)\Nmap;C:\Users\DELL\AppData\Roaming\npm;C:\Users\DELL\AppData\Local\Programs\Microsoft VS Code\bin;C:\Program Files\heroku\bin;C:\Program Files\JetBrains\PyCharm Community Edition 2020.3.3\bin;;C:\Program Files\Java\jdk-20\bin\;C:\Users\DELL\AppData\Local\GitHubDesktop\bin
USERNAME=DELL
OS=Windows_NT
PROCESSOR_IDENTIFIER=Intel64 Family 6 Model 158 Stepping 9, GenuineIntel
TMP=C:\Users\DELL\AppData\Local\Temp
TEMP=C:\Users\DELL\AppData\Local\Temp



---------------  S Y S T E M  ---------------

OS:
 Windows 10 , 64 bit Build 19041 (10.0.19041.3393)
OS uptime: 2 days 0:17 hours

CPU: total 8 (initial active 8) (4 cores per cpu, 2 threads per core) family 6 model 158 stepping 9 microcode 0xb4, cx8, cmov, fxsr, ht, mmx, 3dnowpref, sse, sse2, sse3, ssse3, sse4.1, sse4.2, popcnt, lzcnt, tsc, tscinvbit, avx, avx2, aes, erms, clmul, bmi1, bmi2, adx, fma, vzeroupper, clflush, clflushopt
Processor Information for all 8 processors :
  Max Mhz: 2801, Current Mhz: 2800, Mhz Limit: 2772

Memory: 4k page, system-wide physical 8053M (517M free)
TotalPageFile size 12149M (AvailPageFile size 5M)
current process WorkingSet (physical memory assigned to process): 112M, peak: 112M
current process commit charge ("private bytes"): 222M, peak: 222M

vm_info: OpenJDK 64-Bit Server VM (17.0.8.1+1) for windows-amd64 JRE (17.0.8.1+1), built on Aug 23 2023 15:29:17 by "admin" with MS VC++ 16.7 (VS2019)

END.
