#
# There is insufficient memory for the Java Runtime Environment to continue.
# Native memory allocation (mmap) failed to map 65536 bytes for Failed to commit metaspace.
# Possible reasons:
#   The system is out of physical RAM or swap space
#   The process is running with CompressedOops enabled, and the Java Heap may be blocking the growth of the native heap
# Possible solutions:
#   Reduce memory load on the system
#   Increase physical memory or swap space
#   Check if swap backing store is full
#   Decrease Java heap size (-Xmx/-Xms)
#   Decrease number of Java threads
#   Decrease Java thread stack sizes (-Xss)
#   Set larger code cache with -XX:ReservedCodeCacheSize=
#   JVM is running with Unscaled Compressed Oops mode in which the Java heap is
#     placed in the first 4GB address space. The Java Heap base address is the
#     maximum limit for the native heap growth. Please use -XX:HeapBaseMinAddress
#     to set the Java Heap base and to place the Java Heap above 4GB virtual address.
# This output file may be truncated or incomplete.
#
#  Out of Memory Error (virtualSpaceNode.cpp:110), pid=20156, tid=16652
#
# JRE version: OpenJDK Runtime Environment Temurin-17.0.8.1+1 (17.0.8.1+1) (build 17.0.8.1+1)
# Java VM: OpenJDK 64-Bit Server VM Temurin-17.0.8.1+1 (17.0.8.1+1, mixed mode, tiered, compressed oops, compressed class ptrs, parallel gc, windows-amd64)
# No core dump will be written. Minidumps are not enabled by default on client versions of Windows
#

---------------  S U M M A R Y ------------

Command Line: --add-modules=ALL-SYSTEM --add-opens=java.base/java.util=ALL-UNNAMED --add-opens=java.base/java.lang=ALL-UNNAMED --add-opens=java.base/sun.nio.fs=ALL-UNNAMED -Declipse.application=org.eclipse.jdt.ls.core.id1 -Dosgi.bundles.defaultStartLevel=4 -Declipse.product=org.eclipse.jdt.ls.core.product -Djava.import.generatesMetadataFilesAtProjectRoot=false -DDetectVMInstallationsJob.disabled=true -Dfile.encoding=utf8 -XX:+UseParallelGC -XX:GCTimeRatio=4 -XX:AdaptiveSizePolicyWeight=90 -Dsun.zip.disableMemoryMapping=true -Xmx1G -Xms100m -Xlog:disable -javaagent:c:\Users\DELL\.vscode\extensions\redhat.java-1.23.0-win32-x64\lombok\lombok-1.18.30.jar c:\Users\DELL\.vscode\extensions\redhat.java-1.23.0-win32-x64\server\plugins\org.eclipse.equinox.launcher_1.6.500.v20230717-2134.jar -configuration c:\Users\DELL\AppData\Roaming\Code\User\globalStorage\redhat.java\1.23.0\config_ss_win -data c:\Users\DELL\AppData\Roaming\Code\User\workspaceStorage\72c155e9b7a7fa28bd4b3a5f12094ced\redhat.java\ss_ws

Host: Intel(R) Core(TM) i7-7700HQ CPU @ 2.80GHz, 8 cores, 7G,  Windows 10 , 64 bit Build 19041 (10.0.19041.3393)
Time: Tue Oct 10 17:09:51 2023 India Standard Time elapsed time: 1.876508 seconds (0d 0h 0m 1s)

---------------  T H R E A D  ---------------

Current thread (0x000002358fb216f0):  JavaThread "Start Level: Equinox Container: aa0a6f63-c1ce-4603-a4b4-6339bb0c4dbc" daemon [_thread_in_vm, id=16652, stack(0x000000f343c00000,0x000000f343d00000)]

Stack: [0x000000f343c00000,0x000000f343d00000]
Native frames: (J=compiled Java code, j=interpreted, Vv=VM code, C=native code)
V  [jvm.dll+0x678b0a]
V  [jvm.dll+0x835e84]
V  [jvm.dll+0x83762e]
V  [jvm.dll+0x837c93]
V  [jvm.dll+0x24746f]
V  [jvm.dll+0x831f1b]
V  [jvm.dll+0x61d3c6]
V  [jvm.dll+0x1c1aae]
V  [jvm.dll+0x61fd21]
V  [jvm.dll+0x61dd66]
V  [jvm.dll+0x23ce50]
V  [jvm.dll+0x1ec2ed]
V  [jvm.dll+0x1e1d21]
V  [jvm.dll+0x53fba0]
V  [jvm.dll+0x7b1278]
V  [jvm.dll+0x7b1364]
V  [jvm.dll+0x40ecc5]
V  [jvm.dll+0x414e18]
C  [java.dll+0x17ec]

Java frames: (J=compiled Java code, j=interpreted, Vv=VM code)
J 1063  java.lang.ClassLoader.defineClass1(Ljava/lang/ClassLoader;Ljava/lang/String;[BIILjava/security/ProtectionDomain;Ljava/lang/String;)Ljava/lang/Class; java.base@17.0.8.1 (0 bytes) @ 0x0000023587b3d8db [0x0000023587b3d820+0x00000000000000bb]
J 1666 c1 java.lang.ClassLoader.defineClass(Ljava/lang/String;[BIILjava/security/ProtectionDomain;)Ljava/lang/Class; java.base@17.0.8.1 (43 bytes) @ 0x00000235802f8a54 [0x00000235802f8700+0x0000000000000354]
j  org.eclipse.osgi.internal.loader.ModuleClassLoader.defineClass(Ljava/lang/String;[BLorg/eclipse/osgi/internal/loader/classpath/ClasspathEntry;)Lorg/eclipse/osgi/internal/loader/ModuleClassLoader$DefineClassResult;+42
j  org.eclipse.osgi.internal.loader.classpath.ClasspathManager.defineClass(Ljava/lang/String;[BLorg/eclipse/osgi/internal/loader/classpath/ClasspathEntry;Lorg/eclipse/osgi/storage/bundlefile/BundleEntry;Ljava/util/List;)Ljava/lang/Class;+424
j  org.eclipse.osgi.internal.loader.classpath.ClasspathManager.findClassImpl(Ljava/lang/String;Lorg/eclipse/osgi/internal/loader/classpath/ClasspathEntry;Ljava/util/List;)Ljava/lang/Class;+269
j  org.eclipse.osgi.internal.loader.classpath.ClasspathManager.findLocalClassImpl(Ljava/lang/String;[Lorg/eclipse/osgi/internal/loader/classpath/ClasspathEntry;Ljava/util/List;)Ljava/lang/Class;+30
j  org.eclipse.osgi.internal.loader.classpath.ClasspathManager.findLocalClassImpl(Ljava/lang/String;Ljava/util/List;)Ljava/lang/Class;+69
j  org.eclipse.osgi.internal.loader.classpath.ClasspathManager.findLocalClass(Ljava/lang/String;)Ljava/lang/Class;+113
j  org.eclipse.osgi.internal.loader.ModuleClassLoader.findLocalClass(Ljava/lang/String;)Ljava/lang/Class;+5
j  org.eclipse.osgi.internal.loader.BundleLoader.findLocalClass(Ljava/lang/String;)Ljava/lang/Class;+57
J 1631 c1 org.eclipse.osgi.internal.loader.BundleLoader.findClass0(Ljava/lang/String;ZZ)Ljava/lang/Class; (466 bytes) @ 0x00000235802e6294 [0x00000235802e3ba0+0x00000000000026f4]
J 1630 c1 org.eclipse.osgi.internal.loader.BundleLoader.findClass(Ljava/lang/String;)Ljava/lang/Class; (8 bytes) @ 0x00000235802e329c [0x00000235802e3220+0x000000000000007c]
J 1633 c1 org.eclipse.osgi.internal.loader.ModuleClassLoader.loadClass(Ljava/lang/String;Z)Ljava/lang/Class; (36 bytes) @ 0x00000235802ea03c [0x00000235802e9e20+0x000000000000021c]
J 774 c1 java.lang.ClassLoader.loadClass(Ljava/lang/String;)Ljava/lang/Class; java.base@17.0.8.1 (7 bytes) @ 0x000002358013a6bc [0x000002358013a5c0+0x00000000000000fc]
v  ~StubRoutines::call_stub
j  org.apache.felix.scr.impl.inject.methods.BindMethods.<init>(Lorg/apache/felix/scr/impl/metadata/ReferenceMetadata;Ljava/lang/Class;Lorg/apache/felix/scr/impl/metadata/DSVersion;Z)V+5
j  org.apache.felix.scr.impl.inject.internal.ComponentMethodsImpl.initComponentMethods(Lorg/apache/felix/scr/impl/metadata/ComponentMetadata;Ljava/lang/Class;Lorg/apache/felix/scr/impl/logger/ComponentLogger;)V+200
j  org.apache.felix.scr.impl.manager.AbstractComponentManager.initDependencyManagers(Lorg/apache/felix/scr/impl/manager/ComponentContextImpl;)V+74
j  org.apache.felix.scr.impl.manager.AbstractComponentManager.collectDependencies(Lorg/apache/felix/scr/impl/manager/ComponentContextImpl;)Z+2
j  org.apache.felix.scr.impl.manager.SingleComponentManager.getServiceInternal(Lorg/osgi/framework/ServiceRegistration;)Z+25
j  org.apache.felix.scr.impl.manager.AbstractComponentManager.activateInternal()V+427
j  org.apache.felix.scr.impl.manager.AbstractComponentManager.enableInternal()V+174
j  org.apache.felix.scr.impl.manager.AbstractComponentManager.enable(Z)Lorg/osgi/util/promise/Promise;+12
j  org.apache.felix.scr.impl.manager.ConfigurableComponentHolder.enableComponents(Z)Lorg/osgi/util/promise/Promise;+275
j  org.apache.felix.scr.impl.BundleComponentActivator.initialEnable()V+105
j  org.apache.felix.scr.impl.Activator.loadComponents(Lorg/osgi/framework/Bundle;)V+380
j  org.apache.felix.scr.impl.Activator.access$200(Lorg/apache/felix/scr/impl/Activator;Lorg/osgi/framework/Bundle;)V+2
j  org.apache.felix.scr.impl.Activator$ScrExtension.start()V+72
j  org.apache.felix.scr.impl.AbstractExtender.createExtension(Lorg/osgi/framework/Bundle;)V+71
j  org.apache.felix.scr.impl.AbstractExtender.modifiedBundle(Lorg/osgi/framework/Bundle;Lorg/osgi/framework/BundleEvent;Lorg/osgi/framework/Bundle;)V+115
j  org.apache.felix.scr.impl.AbstractExtender.addingBundle(Lorg/osgi/framework/Bundle;Lorg/osgi/framework/BundleEvent;)Lorg/osgi/framework/Bundle;+4
j  org.apache.felix.scr.impl.AbstractExtender.addingBundle(Lorg/osgi/framework/Bundle;Lorg/osgi/framework/BundleEvent;)Ljava/lang/Object;+3
j  org.osgi.util.tracker.BundleTracker$Tracked.customizerAdding(Lorg/osgi/framework/Bundle;Lorg/osgi/framework/BundleEvent;)Ljava/lang/Object;+9
j  org.osgi.util.tracker.BundleTracker$Tracked.customizerAdding(Ljava/lang/Object;Ljava/lang/Object;)Ljava/lang/Object;+9
j  org.osgi.util.tracker.AbstractTracked.trackAdding(Ljava/lang/Object;Ljava/lang/Object;)V+8
j  org.osgi.util.tracker.AbstractTracked.track(Ljava/lang/Object;Ljava/lang/Object;)V+83
j  org.osgi.util.tracker.BundleTracker$Tracked.bundleChanged(Lorg/osgi/framework/BundleEvent;)V+35
J 1514 c1 org.eclipse.osgi.internal.framework.BundleContextImpl.dispatchEvent(Ljava/lang/Object;Ljava/lang/Object;ILjava/lang/Object;)V (558 bytes) @ 0x00000235802af2bc [0x00000235802ae0a0+0x000000000000121c]
j  org.eclipse.osgi.framework.eventmgr.EventManager.dispatchEvent(Ljava/util/Set;Lorg/eclipse/osgi/framework/eventmgr/EventDispatcher;ILjava/lang/Object;)V+48
j  org.eclipse.osgi.framework.eventmgr.ListenerQueue.dispatchEventSynchronous(ILjava/lang/Object;)V+67
j  org.eclipse.osgi.internal.framework.EquinoxEventPublisher.publishBundleEventPrivileged(Lorg/osgi/framework/BundleEvent;)V+547
j  org.eclipse.osgi.internal.framework.EquinoxEventPublisher.publishBundleEvent(Lorg/osgi/framework/BundleEvent;)V+8
j  org.eclipse.osgi.internal.framework.EquinoxEventPublisher.publishBundleEvent(ILorg/osgi/framework/Bundle;Lorg/osgi/framework/Bundle;)V+15
j  org.eclipse.osgi.internal.framework.EquinoxContainerAdaptor.publishModuleEvent(Lorg/eclipse/osgi/container/ModuleContainerAdaptor$ModuleEvent;Lorg/eclipse/osgi/container/Module;Lorg/eclipse/osgi/container/Module;)V+29
j  org.eclipse.osgi.container.Module.publishEvent(Lorg/eclipse/osgi/container/ModuleContainerAdaptor$ModuleEvent;)V+13
j  org.eclipse.osgi.container.Module.start([Lorg/eclipse/osgi/container/Module$StartOptions;)V+588
j  org.eclipse.osgi.container.ModuleContainer$ContainerStartLevel$2.run()V+71
j  org.eclipse.osgi.internal.framework.EquinoxContainerAdaptor$1$1.execute(Ljava/lang/Runnable;)V+1
j  org.eclipse.osgi.container.ModuleContainer$ContainerStartLevel.incStartLevel(ILjava/util/List;Z)V+192
j  org.eclipse.osgi.container.ModuleContainer$ContainerStartLevel.incStartLevel(ILjava/util/List;Ljava/util/List;Ljava/util/List;Ljava/util/List;)V+4
j  org.eclipse.osgi.container.ModuleContainer$ContainerStartLevel.doContainerStartLevel(Lorg/eclipse/osgi/container/Module;I[Lorg/osgi/framework/FrameworkListener;)V+349
j  org.eclipse.osgi.container.ModuleContainer$ContainerStartLevel.dispatchEvent(Lorg/eclipse/osgi/container/Module;[Lorg/osgi/framework/FrameworkListener;ILjava/lang/Integer;)V+32
j  org.eclipse.osgi.container.ModuleContainer$ContainerStartLevel.dispatchEvent(Ljava/lang/Object;Ljava/lang/Object;ILjava/lang/Object;)V+15
j  org.eclipse.osgi.framework.eventmgr.EventManager.dispatchEvent(Ljava/util/Set;Lorg/eclipse/osgi/framework/eventmgr/EventDispatcher;ILjava/lang/Object;)V+48
j  org.eclipse.osgi.framework.eventmgr.EventManager$EventThread.run()V+26
v  ~StubRoutines::call_stub

---------------  P R O C E S S  ---------------

Threads class SMR info:
_java_thread_list=0x000002358fb0c490, length=17, elements={
0x00000235f313e370, 0x00000235f31f9270, 0x00000235f31fa9d0, 0x00000235f9f3c120,
0x00000235f9f3cdb0, 0x00000235f9f3e2e0, 0x00000235ff2598f0, 0x00000235ff2620a0,
0x00000235ff263200, 0x00000235ff264700, 0x00000235f319e7d0, 0x00000235ff577030,
0x000002358fd09080, 0x000002358fb9ebe0, 0x000002358fb216f0, 0x000002358fa80aa0,
0x000002358fa55820
}

Java Threads: ( => current thread )
  0x00000235f313e370 JavaThread "main" [_thread_blocked, id=8148, stack(0x000000f342300000,0x000000f342400000)]
  0x00000235f31f9270 JavaThread "Reference Handler" daemon [_thread_blocked, id=16120, stack(0x000000f342600000,0x000000f342700000)]
  0x00000235f31fa9d0 JavaThread "Finalizer" daemon [_thread_blocked, id=14924, stack(0x000000f342700000,0x000000f342800000)]
  0x00000235f9f3c120 JavaThread "Signal Dispatcher" daemon [_thread_blocked, id=4776, stack(0x000000f342800000,0x000000f342900000)]
  0x00000235f9f3cdb0 JavaThread "Attach Listener" daemon [_thread_blocked, id=7952, stack(0x000000f342900000,0x000000f342a00000)]
  0x00000235f9f3e2e0 JavaThread "Service Thread" daemon [_thread_blocked, id=4452, stack(0x000000f342a00000,0x000000f342b00000)]
  0x00000235ff2598f0 JavaThread "Monitor Deflation Thread" daemon [_thread_blocked, id=20340, stack(0x000000f342b00000,0x000000f342c00000)]
  0x00000235ff2620a0 JavaThread "C2 CompilerThread0" daemon [_thread_blocked, id=13952, stack(0x000000f342c00000,0x000000f342d00000)]
  0x00000235ff263200 JavaThread "C1 CompilerThread0" daemon [_thread_blocked, id=2584, stack(0x000000f342d00000,0x000000f342e00000)]
  0x00000235ff264700 JavaThread "Sweeper thread" daemon [_thread_blocked, id=12132, stack(0x000000f342e00000,0x000000f342f00000)]
  0x00000235f319e7d0 JavaThread "Common-Cleaner" daemon [_thread_blocked, id=8188, stack(0x000000f342f00000,0x000000f343000000)]
  0x00000235ff577030 JavaThread "Notification Thread" daemon [_thread_blocked, id=15420, stack(0x000000f343100000,0x000000f343200000)]
  0x000002358fd09080 JavaThread "Active Thread: Equinox Container: aa0a6f63-c1ce-4603-a4b4-6339bb0c4dbc" [_thread_blocked, id=6960, stack(0x000000f343a00000,0x000000f343b00000)]
  0x000002358fb9ebe0 JavaThread "Framework Event Dispatcher: Equinox Container: aa0a6f63-c1ce-4603-a4b4-6339bb0c4dbc" daemon [_thread_blocked, id=22140, stack(0x000000f343b00000,0x000000f343c00000)]
=>0x000002358fb216f0 JavaThread "Start Level: Equinox Container: aa0a6f63-c1ce-4603-a4b4-6339bb0c4dbc" daemon [_thread_in_vm, id=16652, stack(0x000000f343c00000,0x000000f343d00000)]
  0x000002358fa80aa0 JavaThread "SCR Component Actor" daemon [_thread_blocked, id=17192, stack(0x000000f343d00000,0x000000f343e00000)]
  0x000002358fa55820 JavaThread "SCR Component Registry" daemon [_thread_blocked, id=13520, stack(0x000000f343300000,0x000000f343400000)]

Other Threads:
  0x00000235f31c31f0 VMThread "VM Thread" [stack: 0x000000f342500000,0x000000f342600000] [id=21744]
  0x00000235ff4b66c0 WatcherThread [stack: 0x000000f343200000,0x000000f343300000] [id=16504]
  0x00000235f3153800 GCTaskThread "GC Thread#0" [stack: 0x000000f342400000,0x000000f342500000] [id=10712]
  0x000002358f476870 GCTaskThread "GC Thread#1" [stack: 0x000000f343400000,0x000000f343500000] [id=14220]
  0x000002358f476b30 GCTaskThread "GC Thread#2" [stack: 0x000000f343500000,0x000000f343600000] [id=13844]
  0x000002358f686730 GCTaskThread "GC Thread#3" [stack: 0x000000f343600000,0x000000f343700000] [id=7596]
  0x000002358f6869f0 GCTaskThread "GC Thread#4" [stack: 0x000000f343700000,0x000000f343800000] [id=9164]
  0x000002358f686cb0 GCTaskThread "GC Thread#5" [stack: 0x000000f343800000,0x000000f343900000] [id=7796]
  0x000002358f4dd030 GCTaskThread "GC Thread#6" [stack: 0x000000f343900000,0x000000f343a00000] [id=1300]
  0x000002358f5dd440 GCTaskThread "GC Thread#7" [stack: 0x000000f343e00000,0x000000f343f00000] [id=12276]

Threads with active compile tasks:

VM state: not at safepoint (normal execution)

VM Mutex/Monitor currently owned by a thread:  ([mutex/lock_event])
[0x00000235f3138d30] Metaspace_lock - owner thread: 0x000002358fb216f0

Heap address: 0x00000000c0000000, size: 1024 MB, Compressed Oops mode: 32-bit

CDS archive(s) not mapped
Compressed class space mapped at: 0x0000000100000000-0x0000000140000000, reserved size: 1073741824
Narrow klass base: 0x0000000000000000, Narrow klass shift: 3, Narrow klass range: 0x140000000

GC Precious Log:
 CPUs: 8 total, 8 available
 Memory: 8053M
 Large Page Support: Disabled
 NUMA Support: Disabled
 Compressed Oops: Enabled (32-bit)
 Alignments: Space 512K, Generation 512K, Heap 2M
 Heap Min Capacity: 100M
 Heap Initial Capacity: 100M
 Heap Max Capacity: 1G
 Pre-touch: Disabled
 Parallel Workers: 8

Heap:
 PSYoungGen      total 29696K, used 9251K [0x00000000eab00000, 0x00000000ecc00000, 0x0000000100000000)
  eden space 25600K, 20% used [0x00000000eab00000,0x00000000eb00ad70,0x00000000ec400000)
  from space 4096K, 99% used [0x00000000ec800000,0x00000000ecbfe118,0x00000000ecc00000)
  to   space 4096K, 0% used [0x00000000ec400000,0x00000000ec400000,0x00000000ec800000)
 ParOldGen       total 68608K, used 712K [0x00000000c0000000, 0x00000000c4300000, 0x00000000eab00000)
  object space 68608K, 1% used [0x00000000c0000000,0x00000000c00b2340,0x00000000c4300000)
 Metaspace       used 16185K, committed 16384K, reserved 1114112K
  class space    used 1654K, committed 1728K, reserved 1048576K

Card table byte_map: [0x00000235f77d0000,0x00000235f79e0000] _byte_map_base: 0x00000235f71d0000

Marking Bits: (ParMarkBitMap*) 0x00007ff8f49083a0
 Begin Bits: [0x00000235f7b40000, 0x00000235f8b40000)
 End Bits:   [0x00000235f8b40000, 0x00000235f9b40000)

Polling page: 0x00000235f2fd0000

Metaspace:

Usage:
  Non-class:     14.19 MB used.
      Class:      1.62 MB used.
       Both:     15.81 MB used.

Virtual space:
  Non-class space:       64.00 MB reserved,      14.31 MB ( 22%) committed,  1 nodes.
      Class space:        1.00 GB reserved,       1.69 MB ( <1%) committed,  1 nodes.
             Both:        1.06 GB reserved,      16.00 MB (  1%) committed. 

Chunk freelists:
   Non-Class:  752.00 KB
       Class:  14.32 MB
        Both:  15.05 MB

MaxMetaspaceSize: unlimited
CompressedClassSpaceSize: 1.00 GB
Initial GC threshold: 21.00 MB
Current GC threshold: 21.00 MB
CDS: off
MetaspaceReclaimPolicy: balanced
 - commit_granule_bytes: 65536.
 - commit_granule_words: 8192.
 - virtual_space_node_default_size: 8388608.
 - enlarge_chunks_in_place: 1.
 - new_chunks_are_fully_committed: 0.
 - uncommit_free_chunks: 1.
 - use_allocation_guard: 0.
 - handle_deallocations: 1.


Internal statistics:

num_allocs_failed_limit: 0.
num_arena_births: 106.
num_arena_deaths: 0.
num_vsnodes_births: 2.
num_vsnodes_deaths: 0.
num_space_committed: 256.
num_space_uncommitted: 0.
num_chunks_returned_to_freelist: 0.
num_chunks_taken_from_freelist: 354.
num_chunk_merges: 0.
num_chunk_splits: 232.
num_chunks_enlarged: 174.
num_inconsistent_stats: 0.

CodeHeap 'non-profiled nmethods': size=120000Kb used=728Kb max_used=728Kb free=119271Kb
 bounds [0x0000023587ad0000, 0x0000023587d40000, 0x000002358f000000]
CodeHeap 'profiled nmethods': size=120000Kb used=3045Kb max_used=3045Kb free=116954Kb
 bounds [0x0000023580000000, 0x0000023580300000, 0x0000023587530000]
CodeHeap 'non-nmethods': size=5760Kb used=1164Kb max_used=1195Kb free=4595Kb
 bounds [0x0000023587530000, 0x00000235877a0000, 0x0000023587ad0000]
 total_blobs=2127 nmethods=1667 adapters=374
 compilation: enabled
              stopped_count=0, restarted_count=0
 full_count=0

Compilation events (20 events):
Event: 1.858 Thread 0x00000235ff263200 1659       1       org.eclipse.osgi.internal.loader.classpath.ClasspathEntry::getDomain (5 bytes)
Event: 1.858 Thread 0x00000235ff263200 nmethod 1659 0x0000023587b85910 code [0x0000023587b85aa0, 0x0000023587b85b78]
Event: 1.859 Thread 0x00000235ff263200 1660       3       org.eclipse.osgi.internal.framework.EquinoxBundle::getBundleId (11 bytes)
Event: 1.859 Thread 0x00000235ff263200 nmethod 1660 0x00000235802f6390 code [0x00000235802f6520, 0x00000235802f6678]
Event: 1.861 Thread 0x00000235ff263200 1661       3       org.eclipse.osgi.internal.serviceregistry.ServiceRegistry::notifyHooksPrivileged (58 bytes)
Event: 1.861 Thread 0x00000235ff263200 nmethod 1661 0x00000235802f6790 code [0x00000235802f69a0, 0x00000235802f7018]
Event: 1.864 Thread 0x00000235ff263200 1662       3       java.lang.ThreadLocal::set (30 bytes)
Event: 1.864 Thread 0x00000235ff263200 nmethod 1662 0x00000235802f7290 code [0x00000235802f7460, 0x00000235802f77d8]
Event: 1.865 Thread 0x00000235ff263200 1663       1       java.util.concurrent.atomic.AtomicReference::get (5 bytes)
Event: 1.865 Thread 0x00000235ff263200 nmethod 1663 0x0000023587b85c10 code [0x0000023587b85da0, 0x0000023587b85e78]
Event: 1.865 Thread 0x00000235ff263200 1664       3       java.util.Collections$SingletonMap::get (20 bytes)
Event: 1.866 Thread 0x00000235ff263200 nmethod 1664 0x00000235802f7990 code [0x00000235802f7b60, 0x00000235802f7ec8]
Event: 1.866 Thread 0x00000235ff263200 1665       3       java.util.Collections::eq (22 bytes)
Event: 1.866 Thread 0x00000235ff263200 nmethod 1665 0x00000235802f8010 code [0x00000235802f81c0, 0x00000235802f8428]
Event: 1.866 Thread 0x00000235ff263200 1666       3       java.lang.ClassLoader::defineClass (43 bytes)
Event: 1.867 Thread 0x00000235ff263200 nmethod 1666 0x00000235802f8510 code [0x00000235802f8700, 0x00000235802f8c18]
Event: 1.867 Thread 0x00000235ff263200 1667       3       java.lang.ClassLoader::defineClassSourceLocation (28 bytes)
Event: 1.867 Thread 0x00000235ff263200 nmethod 1667 0x00000235802f8e90 code [0x00000235802f9060, 0x00000235802f93e8]
Event: 1.870 Thread 0x00000235ff2620a0 1668       4       java.util.Objects::checkIndex (7 bytes)
Event: 1.870 Thread 0x00000235ff2620a0 nmethod 1668 0x0000023587b85f10 code [0x0000023587b86080, 0x0000023587b86118]

GC Heap History (4 events):
Event: 1.064 GC heap before
{Heap before GC invocations=1 (full 0):
 PSYoungGen      total 29696K, used 25600K [0x00000000eab00000, 0x00000000ecc00000, 0x0000000100000000)
  eden space 25600K, 100% used [0x00000000eab00000,0x00000000ec400000,0x00000000ec400000)
  from space 4096K, 0% used [0x00000000ec800000,0x00000000ec800000,0x00000000ecc00000)
  to   space 4096K, 0% used [0x00000000ec400000,0x00000000ec400000,0x00000000ec800000)
 ParOldGen       total 68608K, used 0K [0x00000000c0000000, 0x00000000c4300000, 0x00000000eab00000)
  object space 68608K, 0% used [0x00000000c0000000,0x00000000c0000000,0x00000000c4300000)
 Metaspace       used 11030K, committed 11200K, reserved 1114112K
  class space    used 1101K, committed 1216K, reserved 1048576K
}
Event: 1.069 GC heap after
{Heap after GC invocations=1 (full 0):
 PSYoungGen      total 29696K, used 3164K [0x00000000eab00000, 0x00000000ecc00000, 0x0000000100000000)
  eden space 25600K, 0% used [0x00000000eab00000,0x00000000eab00000,0x00000000ec400000)
  from space 4096K, 77% used [0x00000000ec400000,0x00000000ec7170b0,0x00000000ec800000)
  to   space 4096K, 0% used [0x00000000ec800000,0x00000000ec800000,0x00000000ecc00000)
 ParOldGen       total 68608K, used 16K [0x00000000c0000000, 0x00000000c4300000, 0x00000000eab00000)
  object space 68608K, 0% used [0x00000000c0000000,0x00000000c0004000,0x00000000c4300000)
 Metaspace       used 11030K, committed 11200K, reserved 1114112K
  class space    used 1101K, committed 1216K, reserved 1048576K
}
Event: 1.786 GC heap before
{Heap before GC invocations=2 (full 0):
 PSYoungGen      total 29696K, used 28764K [0x00000000eab00000, 0x00000000ecc00000, 0x0000000100000000)
  eden space 25600K, 100% used [0x00000000eab00000,0x00000000ec400000,0x00000000ec400000)
  from space 4096K, 77% used [0x00000000ec400000,0x00000000ec7170b0,0x00000000ec800000)
  to   space 4096K, 0% used [0x00000000ec800000,0x00000000ec800000,0x00000000ecc00000)
 ParOldGen       total 68608K, used 16K [0x00000000c0000000, 0x00000000c4300000, 0x00000000eab00000)
  object space 68608K, 0% used [0x00000000c0000000,0x00000000c0004000,0x00000000c4300000)
 Metaspace       used 15265K, committed 15552K, reserved 1114112K
  class space    used 1552K, committed 1728K, reserved 1048576K
}
Event: 1.791 GC heap after
{Heap after GC invocations=2 (full 0):
 PSYoungGen      total 29696K, used 4088K [0x00000000eab00000, 0x00000000ecc00000, 0x0000000100000000)
  eden space 25600K, 0% used [0x00000000eab00000,0x00000000eab00000,0x00000000ec400000)
  from space 4096K, 99% used [0x00000000ec800000,0x00000000ecbfe118,0x00000000ecc00000)
  to   space 4096K, 0% used [0x00000000ec400000,0x00000000ec400000,0x00000000ec800000)
 ParOldGen       total 68608K, used 712K [0x00000000c0000000, 0x00000000c4300000, 0x00000000eab00000)
  object space 68608K, 1% used [0x00000000c0000000,0x00000000c00b2340,0x00000000c4300000)
 Metaspace       used 15265K, committed 15552K, reserved 1114112K
  class space    used 1552K, committed 1728K, reserved 1048576K
}

Dll operation events (9 events):
Event: 0.008 Loaded shared library c:\Users\DELL\.vscode\extensions\redhat.java-1.23.0-win32-x64\jre\17.0.8.1-win32-x86_64\bin\java.dll
Event: 0.188 Loaded shared library c:\Users\DELL\.vscode\extensions\redhat.java-1.23.0-win32-x64\jre\17.0.8.1-win32-x86_64\bin\zip.dll
Event: 0.192 Loaded shared library C:\Users\DELL\.vscode\extensions\redhat.java-1.23.0-win32-x64\jre\17.0.8.1-win32-x86_64\bin\instrument.dll
Event: 0.207 Loaded shared library C:\Users\DELL\.vscode\extensions\redhat.java-1.23.0-win32-x64\jre\17.0.8.1-win32-x86_64\bin\net.dll
Event: 0.209 Loaded shared library C:\Users\DELL\.vscode\extensions\redhat.java-1.23.0-win32-x64\jre\17.0.8.1-win32-x86_64\bin\nio.dll
Event: 0.219 Loaded shared library C:\Users\DELL\.vscode\extensions\redhat.java-1.23.0-win32-x64\jre\17.0.8.1-win32-x86_64\bin\zip.dll
Event: 0.237 Loaded shared library C:\Users\DELL\.vscode\extensions\redhat.java-1.23.0-win32-x64\jre\17.0.8.1-win32-x86_64\bin\jimage.dll
Event: 0.293 Loaded shared library c:\Users\DELL\.vscode\extensions\redhat.java-1.23.0-win32-x64\jre\17.0.8.1-win32-x86_64\bin\verify.dll
Event: 1.614 Loaded shared library C:\Users\DELL\AppData\Roaming\Code\User\globalStorage\redhat.java\1.23.0\config_ss_win\org.eclipse.equinox.launcher\org.eclipse.equinox.launcher.win32.win32.x86_64_1.2.700.v20221108-1024\eclipse_11801.dll

Deoptimization events (20 events):
Event: 1.170 Thread 0x00000235f313e370 DEOPT PACKING pc=0x000002358006c6c5 sp=0x000000f3423f3da0
Event: 1.170 Thread 0x00000235f313e370 DEOPT UNPACKING pc=0x0000023587586e43 sp=0x000000f3423f3250 mode 0
Event: 1.181 Thread 0x00000235f313e370 DEOPT PACKING pc=0x000002358006c6c5 sp=0x000000f3423f3da0
Event: 1.181 Thread 0x00000235f313e370 DEOPT UNPACKING pc=0x0000023587586e43 sp=0x000000f3423f3250 mode 0
Event: 1.187 Thread 0x00000235f313e370 DEOPT PACKING pc=0x000002358006c6c5 sp=0x000000f3423f78d0
Event: 1.187 Thread 0x00000235f313e370 DEOPT UNPACKING pc=0x0000023587586e43 sp=0x000000f3423f6d80 mode 0
Event: 1.452 Thread 0x00000235f313e370 Uncommon trap: trap_request=0xffffffde fr.pc=0x0000023587b3822c relative=0x000000000000096c
Event: 1.452 Thread 0x00000235f313e370 Uncommon trap: reason=class_check action=maybe_recompile pc=0x0000023587b3822c method=java.util.HashMap.putVal(ILjava/lang/Object;Ljava/lang/Object;ZZ)Ljava/lang/Object; @ 253 c2
Event: 1.452 Thread 0x00000235f313e370 DEOPT PACKING pc=0x0000023587b3822c sp=0x000000f3423fde50
Event: 1.452 Thread 0x00000235f313e370 DEOPT UNPACKING pc=0x00000235875866a3 sp=0x000000f3423fddd0 mode 2
Event: 1.455 Thread 0x00000235f313e370 Uncommon trap: trap_request=0xffffffde fr.pc=0x0000023587b3822c relative=0x000000000000096c
Event: 1.455 Thread 0x00000235f313e370 Uncommon trap: reason=class_check action=maybe_recompile pc=0x0000023587b3822c method=java.util.HashMap.putVal(ILjava/lang/Object;Ljava/lang/Object;ZZ)Ljava/lang/Object; @ 253 c2
Event: 1.455 Thread 0x00000235f313e370 DEOPT PACKING pc=0x0000023587b3822c sp=0x000000f3423fde50
Event: 1.455 Thread 0x00000235f313e370 DEOPT UNPACKING pc=0x00000235875866a3 sp=0x000000f3423fddd0 mode 2
Event: 1.502 Thread 0x00000235f313e370 DEOPT PACKING pc=0x000002358010f2e1 sp=0x000000f3423fc870
Event: 1.502 Thread 0x00000235f313e370 DEOPT UNPACKING pc=0x0000023587586e43 sp=0x000000f3423fbcf8 mode 0
Event: 1.868 Thread 0x000002358fb216f0 Uncommon trap: trap_request=0xffffff45 fr.pc=0x0000023587b0be74 relative=0x0000000000000394
Event: 1.868 Thread 0x000002358fb216f0 Uncommon trap: reason=unstable_if action=reinterpret pc=0x0000023587b0be74 method=java.lang.invoke.VarHandle.checkExactAccessMode(Ljava/lang/invoke/VarHandle$AccessDescriptor;)V @ 4 c2
Event: 1.868 Thread 0x000002358fb216f0 DEOPT PACKING pc=0x0000023587b0be74 sp=0x000000f343cfd610
Event: 1.868 Thread 0x000002358fb216f0 DEOPT UNPACKING pc=0x00000235875866a3 sp=0x000000f343cfd570 mode 2

Classes unloaded (0 events):
No events

Classes redefined (0 events):
No events

Internal exceptions (20 events):
Event: 0.688 Thread 0x00000235f313e370 Implicit null exception at 0x0000023587af3c72 to 0x0000023587af41c0
Event: 0.704 Thread 0x00000235f313e370 Exception <a 'java/io/FileNotFoundException'{0x00000000eb89ee70}> (0x00000000eb89ee70) 
thrown [s\src\hotspot\share\prims\jni.cpp, line 516]
Event: 0.961 Thread 0x00000235f313e370 Exception <a 'java/lang/ClassNotFoundException'{0x00000000ec0a2cf0}: sun/net/www/protocol/c/Handler> (0x00000000ec0a2cf0) 
thrown [s\src\hotspot\share\classfile\systemDictionary.cpp, line 256]
Event: 0.962 Thread 0x00000235f313e370 Exception <a 'java/lang/ClassNotFoundException'{0x00000000ec0a4038}: sun/net/www/protocol/c/Handler> (0x00000000ec0a4038) 
thrown [s\src\hotspot\share\classfile\systemDictionary.cpp, line 256]
Event: 0.962 Thread 0x00000235f313e370 Exception <a 'java/lang/ClassNotFoundException'{0x00000000ec0a51b0}: sun/net/www/protocol/c/Handler> (0x00000000ec0a51b0) 
thrown [s\src\hotspot\share\classfile\systemDictionary.cpp, line 256]
Event: 0.969 Thread 0x00000235f313e370 Exception <a 'java/io/FileNotFoundException'{0x00000000ec0c3f20}> (0x00000000ec0c3f20) 
thrown [s\src\hotspot\share\prims\jni.cpp, line 516]
Event: 1.007 Thread 0x00000235f313e370 Implicit null exception at 0x0000023587b28900 to 0x0000023587b292fc
Event: 1.007 Thread 0x00000235f313e370 Implicit null exception at 0x0000023587b207ec to 0x0000023587b209e4
Event: 1.007 Thread 0x00000235f313e370 Implicit null exception at 0x0000023587b1e96c to 0x0000023587b1eb54
Event: 1.007 Thread 0x00000235f313e370 Implicit null exception at 0x0000023587b1708f to 0x0000023587b17109
Event: 1.048 Thread 0x00000235f313e370 Exception <a 'java/lang/NoSuchMethodError'{0x00000000ec38e900}: 'int java.lang.invoke.DirectMethodHandle$Holder.invokeStaticInit(java.lang.Object, java.lang.Object, java.lang.Object, java.lang.Object)'> (0x00000000ec38e900) 
thrown [s\src\hotspot\share\interpreter\linkResolver.cpp, line 759]
Event: 1.050 Thread 0x00000235f313e370 Exception <a 'java/lang/NoSuchMethodError'{0x00000000ec398f70}: 'java.lang.Object java.lang.invoke.DirectMethodHandle$Holder.invokeInterface(java.lang.Object, java.lang.Object)'> (0x00000000ec398f70) 
thrown [s\src\hotspot\share\interpreter\linkResolver.cpp, line 759]
Event: 1.050 Thread 0x00000235f313e370 Exception <a 'java/lang/IncompatibleClassChangeError'{0x00000000ec39c768}: Found class java.lang.Object, but interface was expected> (0x00000000ec39c768) 
thrown [s\src\hotspot\share\interpreter\linkResolver.cpp, line 826]
Event: 1.051 Thread 0x00000235f313e370 Exception <a 'java/lang/NoSuchMethodError'{0x00000000ec3a0c60}: 'void java.lang.invoke.DirectMethodHandle$Holder.invokeStatic(java.lang.Object, java.lang.Object)'> (0x00000000ec3a0c60) 
thrown [s\src\hotspot\share\interpreter\linkResolver.cpp, line 759]
Event: 1.052 Thread 0x00000235f313e370 Exception <a 'java/lang/NoSuchMethodError'{0x00000000ec3a4460}: 'void java.lang.invoke.DirectMethodHandle$Holder.invokeStaticInit(java.lang.Object, java.lang.Object)'> (0x00000000ec3a4460) 
thrown [s\src\hotspot\share\interpreter\linkResolver.cpp, line 759]
Event: 1.053 Thread 0x00000235f313e370 Exception <a 'java/lang/NoSuchMethodError'{0x00000000ec3ab9f8}: 'int java.lang.invoke.DirectMethodHandle$Holder.invokeStaticInit(java.lang.Object, java.lang.Object)'> (0x00000000ec3ab9f8) 
thrown [s\src\hotspot\share\interpreter\linkResolver.cpp, line 759]
Event: 1.088 Thread 0x00000235f313e370 Exception <a 'java/lang/NoSuchMethodError'{0x00000000eabd1858}: 'void java.lang.invoke.DirectMethodHandle$Holder.invokeSpecial(java.lang.Object, java.lang.Object, java.lang.Object)'> (0x00000000eabd1858) 
thrown [s\src\hotspot\share\interpreter\linkResolver.cpp, line 759]
Event: 1.434 Thread 0x00000235f313e370 Exception <a 'java/lang/NoSuchMethodError'{0x00000000eb85cff8}: 'java.lang.Object java.lang.invoke.DirectMethodHandle$Holder.newInvokeSpecial(java.lang.Object, int, java.lang.Object)'> (0x00000000eb85cff8) 
thrown [s\src\hotspot\share\interpreter\linkResolver.cpp, line 759]
Event: 1.608 Thread 0x00000235f313e370 Exception <a 'java/lang/UnsatisfiedLinkError'{0x00000000ebd8b500}: 'void org.eclipse.equinox.launcher.JNIBridge._update_splash()'> (0x00000000ebd8b500) 
thrown [s\src\hotspot\share\prims\nativeLookup.cpp, line 543]
Event: 1.707 Thread 0x000002358fb216f0 Exception <a 'java/lang/NoSuchMethodError'{0x00000000ec03c4f8}: 'java.lang.Object java.lang.invoke.DirectMethodHandle$Holder.invokeStaticInit(java.lang.Object)'> (0x00000000ec03c4f8) 
thrown [s\src\hotspot\share\interpreter\linkResolver.cpp, line 759]

VM Operations (20 events):
Event: 0.656 Executing VM operation: HandshakeAllThreads
Event: 0.656 Executing VM operation: HandshakeAllThreads done
Event: 0.939 Executing VM operation: HandshakeAllThreads
Event: 0.939 Executing VM operation: HandshakeAllThreads done
Event: 1.007 Executing VM operation: ICBufferFull
Event: 1.007 Executing VM operation: ICBufferFull done
Event: 1.064 Executing VM operation: ParallelGCFailedAllocation
Event: 1.069 Executing VM operation: ParallelGCFailedAllocation done
Event: 1.391 Executing VM operation: HandshakeAllThreads
Event: 1.391 Executing VM operation: HandshakeAllThreads done
Event: 1.395 Executing VM operation: HandshakeAllThreads
Event: 1.395 Executing VM operation: HandshakeAllThreads done
Event: 1.405 Executing VM operation: HandshakeAllThreads
Event: 1.405 Executing VM operation: HandshakeAllThreads done
Event: 1.425 Executing VM operation: HandshakeAllThreads
Event: 1.425 Executing VM operation: HandshakeAllThreads done
Event: 1.744 Executing VM operation: HandshakeAllThreads
Event: 1.744 Executing VM operation: HandshakeAllThreads done
Event: 1.785 Executing VM operation: ParallelGCFailedAllocation
Event: 1.791 Executing VM operation: ParallelGCFailedAllocation done

Events (20 events):
Event: 1.809 loading class java/io/CharConversionException done
Event: 1.809 loading class com/sun/org/apache/xerces/internal/impl/io/MalformedByteSequenceException done
Event: 1.823 loading class java/util/concurrent/RejectedExecutionException
Event: 1.823 loading class java/util/concurrent/RejectedExecutionException done
Event: 1.823 loading class java/util/concurrent/CompletionStage
Event: 1.824 loading class java/util/concurrent/CompletionStage done
Event: 1.826 loading class java/util/Timer
Event: 1.826 loading class java/util/Timer done
Event: 1.826 loading class java/util/TaskQueue
Event: 1.827 loading class java/util/TaskQueue done
Event: 1.827 loading class java/util/TimerThread
Event: 1.827 loading class java/util/TimerThread done
Event: 1.827 loading class java/util/Timer$ThreadReaper
Event: 1.827 loading class java/util/Timer$ThreadReaper done
Event: 1.827 Thread 0x000002358fa55820 Thread added: 0x000002358fa55820
Event: 1.846 Thread 0x00000235ff4c7bb0 Thread exited: 0x00000235ff4c7bb0
Event: 1.852 loading class java/util/concurrent/locks/ReentrantLock$FairSync
Event: 1.852 loading class java/util/concurrent/locks/ReentrantLock$FairSync done
Event: 1.853 loading class java/util/Collections$ReverseComparator
Event: 1.853 loading class java/util/Collections$ReverseComparator done


Dynamic libraries:
0x00007ff64cc90000 - 0x00007ff64cc9e000 	c:\Users\DELL\.vscode\extensions\redhat.java-1.23.0-win32-x64\jre\17.0.8.1-win32-x86_64\bin\java.exe
0x00007ff932e10000 - 0x00007ff933008000 	C:\WINDOWS\SYSTEM32\ntdll.dll
0x00007ff931f20000 - 0x00007ff931fdd000 	C:\WINDOWS\System32\KERNEL32.DLL
0x00007ff9309b0000 - 0x00007ff930ca6000 	C:\WINDOWS\System32\KERNELBASE.dll
0x00007ff9306b0000 - 0x00007ff9307b0000 	C:\WINDOWS\System32\ucrtbase.dll
0x00007ff913aa0000 - 0x00007ff913ab9000 	c:\Users\DELL\.vscode\extensions\redhat.java-1.23.0-win32-x64\jre\17.0.8.1-win32-x86_64\bin\VCRUNTIME140.dll
0x00007ff914160000 - 0x00007ff914177000 	c:\Users\DELL\.vscode\extensions\redhat.java-1.23.0-win32-x64\jre\17.0.8.1-win32-x86_64\bin\jli.dll
0x00007ff931030000 - 0x00007ff9311ce000 	C:\WINDOWS\System32\USER32.dll
0x00007ff920120000 - 0x00007ff9203ba000 	C:\WINDOWS\WinSxS\amd64_microsoft.windows.common-controls_6595b64144ccf1df_6.0.19041.1110_none_60b5254171f9507e\COMCTL32.dll
0x00007ff930e40000 - 0x00007ff930e62000 	C:\WINDOWS\System32\win32u.dll
0x00007ff932d30000 - 0x00007ff932dce000 	C:\WINDOWS\System32\msvcrt.dll
0x00007ff932c00000 - 0x00007ff932c2c000 	C:\WINDOWS\System32\GDI32.dll
0x00007ff930590000 - 0x00007ff9306aa000 	C:\WINDOWS\System32\gdi32full.dll
0x00007ff9304f0000 - 0x00007ff93058d000 	C:\WINDOWS\System32\msvcp_win.dll
0x00007ff930e70000 - 0x00007ff930ea0000 	C:\WINDOWS\System32\IMM32.DLL
0x00007ff928850000 - 0x00007ff92885c000 	c:\Users\DELL\.vscode\extensions\redhat.java-1.23.0-win32-x64\jre\17.0.8.1-win32-x86_64\bin\vcruntime140_1.dll
0x00007ff8ff020000 - 0x00007ff8ff0b1000 	c:\Users\DELL\.vscode\extensions\redhat.java-1.23.0-win32-x64\jre\17.0.8.1-win32-x86_64\bin\msvcp140.dll
0x00007ff8f3d80000 - 0x00007ff8f49cc000 	c:\Users\DELL\.vscode\extensions\redhat.java-1.23.0-win32-x64\jre\17.0.8.1-win32-x86_64\bin\server\jvm.dll
0x00007ff932b50000 - 0x00007ff932bfe000 	C:\WINDOWS\System32\ADVAPI32.dll
0x00007ff930f90000 - 0x00007ff93102c000 	C:\WINDOWS\System32\sechost.dll
0x00007ff932840000 - 0x00007ff932966000 	C:\WINDOWS\System32\RPCRT4.dll
0x00007ff92faa0000 - 0x00007ff92faeb000 	C:\WINDOWS\SYSTEM32\POWRPROF.dll
0x00007ff91f1b0000 - 0x00007ff91f1b9000 	C:\WINDOWS\SYSTEM32\WSOCK32.dll
0x00007ff932cc0000 - 0x00007ff932d2b000 	C:\WINDOWS\System32\WS2_32.dll
0x00007ff922100000 - 0x00007ff922127000 	C:\WINDOWS\SYSTEM32\WINMM.dll
0x00007ff929cc0000 - 0x00007ff929cca000 	C:\WINDOWS\SYSTEM32\VERSION.dll
0x00007ff92f910000 - 0x00007ff92f922000 	C:\WINDOWS\SYSTEM32\UMPDC.dll
0x00007ff92ed60000 - 0x00007ff92ed72000 	C:\WINDOWS\SYSTEM32\kernel.appcore.dll
0x00007ff9288e0000 - 0x00007ff9288ea000 	c:\Users\DELL\.vscode\extensions\redhat.java-1.23.0-win32-x64\jre\17.0.8.1-win32-x86_64\bin\jimage.dll
0x00007ff92e880000 - 0x00007ff92ea64000 	C:\WINDOWS\SYSTEM32\DBGHELP.DLL
0x00007ff91e960000 - 0x00007ff91e994000 	C:\WINDOWS\SYSTEM32\dbgcore.DLL
0x00007ff930920000 - 0x00007ff9309a2000 	C:\WINDOWS\System32\bcryptPrimitives.dll
0x00007ff9286b0000 - 0x00007ff9286be000 	c:\Users\DELL\.vscode\extensions\redhat.java-1.23.0-win32-x64\jre\17.0.8.1-win32-x86_64\bin\instrument.dll
0x00007ff90cb80000 - 0x00007ff90cba5000 	c:\Users\DELL\.vscode\extensions\redhat.java-1.23.0-win32-x64\jre\17.0.8.1-win32-x86_64\bin\java.dll
0x00007ff912820000 - 0x00007ff912838000 	c:\Users\DELL\.vscode\extensions\redhat.java-1.23.0-win32-x64\jre\17.0.8.1-win32-x86_64\bin\zip.dll
0x00007ff931720000 - 0x00007ff931e65000 	C:\WINDOWS\System32\SHELL32.dll
0x00007ff92e010000 - 0x00007ff92e7ab000 	C:\WINDOWS\SYSTEM32\windows.storage.dll
0x00007ff932170000 - 0x00007ff9324c4000 	C:\WINDOWS\System32\combase.dll
0x00007ff92ff30000 - 0x00007ff92ff5e000 	C:\WINDOWS\SYSTEM32\Wldp.dll
0x00007ff9329d0000 - 0x00007ff932a7d000 	C:\WINDOWS\System32\SHCORE.dll
0x00007ff932970000 - 0x00007ff9329c5000 	C:\WINDOWS\System32\shlwapi.dll
0x00007ff930420000 - 0x00007ff930445000 	C:\WINDOWS\SYSTEM32\profapi.dll
0x00007ff9117b0000 - 0x00007ff9117c9000 	C:\Users\DELL\.vscode\extensions\redhat.java-1.23.0-win32-x64\jre\17.0.8.1-win32-x86_64\bin\net.dll
0x00007ff927570000 - 0x00007ff92767a000 	C:\WINDOWS\SYSTEM32\WINHTTP.dll
0x00007ff92fc90000 - 0x00007ff92fcfa000 	C:\WINDOWS\system32\mswsock.dll
0x00007ff90f920000 - 0x00007ff90f935000 	C:\Users\DELL\.vscode\extensions\redhat.java-1.23.0-win32-x64\jre\17.0.8.1-win32-x86_64\bin\nio.dll
0x00007ff924580000 - 0x00007ff924590000 	c:\Users\DELL\.vscode\extensions\redhat.java-1.23.0-win32-x64\jre\17.0.8.1-win32-x86_64\bin\verify.dll
0x00007ff90ca50000 - 0x00007ff90ca8e000 	C:\Users\DELL\AppData\Roaming\Code\User\globalStorage\redhat.java\1.23.0\config_ss_win\org.eclipse.equinox.launcher\org.eclipse.equinox.launcher.win32.win32.x86_64_1.2.700.v20221108-1024\eclipse_11801.dll
0x00007ff932710000 - 0x00007ff93283a000 	C:\WINDOWS\System32\ole32.dll

dbghelp: loaded successfully - version: 4.0.5 - missing functions: none
symbol engine: initialized successfully - sym options: 0x614 - pdb path: .;c:\Users\DELL\.vscode\extensions\redhat.java-1.23.0-win32-x64\jre\17.0.8.1-win32-x86_64\bin;C:\WINDOWS\SYSTEM32;C:\WINDOWS\WinSxS\amd64_microsoft.windows.common-controls_6595b64144ccf1df_6.0.19041.1110_none_60b5254171f9507e;c:\Users\DELL\.vscode\extensions\redhat.java-1.23.0-win32-x64\jre\17.0.8.1-win32-x86_64\bin\server;C:\Users\DELL\AppData\Roaming\Code\User\globalStorage\redhat.java\1.23.0\config_ss_win\org.eclipse.equinox.launcher\org.eclipse.equinox.launcher.win32.win32.x86_64_1.2.700.v20221108-1024

VM Arguments:
jvm_args: --add-modules=ALL-SYSTEM --add-opens=java.base/java.util=ALL-UNNAMED --add-opens=java.base/java.lang=ALL-UNNAMED --add-opens=java.base/sun.nio.fs=ALL-UNNAMED -Declipse.application=org.eclipse.jdt.ls.core.id1 -Dosgi.bundles.defaultStartLevel=4 -Declipse.product=org.eclipse.jdt.ls.core.product -Djava.import.generatesMetadataFilesAtProjectRoot=false -DDetectVMInstallationsJob.disabled=true -Dfile.encoding=utf8 -XX:+UseParallelGC -XX:GCTimeRatio=4 -XX:AdaptiveSizePolicyWeight=90 -Dsun.zip.disableMemoryMapping=true -Xmx1G -Xms100m -Xlog:disable -javaagent:c:\Users\DELL\.vscode\extensions\redhat.java-1.23.0-win32-x64\lombok\lombok-1.18.30.jar 
java_command: c:\Users\DELL\.vscode\extensions\redhat.java-1.23.0-win32-x64\server\plugins\org.eclipse.equinox.launcher_1.6.500.v20230717-2134.jar -configuration c:\Users\DELL\AppData\Roaming\Code\User\globalStorage\redhat.java\1.23.0\config_ss_win -data c:\Users\DELL\AppData\Roaming\Code\User\workspaceStorage\72c155e9b7a7fa28bd4b3a5f12094ced\redhat.java\ss_ws
java_class_path (initial): c:\Users\DELL\.vscode\extensions\redhat.java-1.23.0-win32-x64\server\plugins\org.eclipse.equinox.launcher_1.6.500.v20230717-2134.jar
Launcher Type: SUN_STANDARD

[Global flags]
    uintx AdaptiveSizePolicyWeight                 = 90                                        {product} {command line}
     intx CICompilerCount                          = 4                                         {product} {ergonomic}
    uintx GCTimeRatio                              = 4                                         {product} {command line}
   size_t InitialHeapSize                          = 104857600                                 {product} {command line}
   size_t MaxHeapSize                              = 1073741824                                {product} {command line}
   size_t MaxNewSize                               = 357564416                                 {product} {ergonomic}
   size_t MinHeapDeltaBytes                        = 524288                                    {product} {ergonomic}
   size_t MinHeapSize                              = 104857600                                 {product} {command line}
   size_t NewSize                                  = 34603008                                  {product} {ergonomic}
    uintx NonNMethodCodeHeapSize                   = 5839372                                {pd product} {ergonomic}
    uintx NonProfiledCodeHeapSize                  = 122909434                              {pd product} {ergonomic}
   size_t OldSize                                  = 70254592                                  {product} {ergonomic}
    uintx ProfiledCodeHeapSize                     = 122909434                              {pd product} {ergonomic}
    uintx ReservedCodeCacheSize                    = 251658240                              {pd product} {ergonomic}
     bool SegmentedCodeCache                       = true                                      {product} {ergonomic}
   size_t SoftMaxHeapSize                          = 1073741824                             {manageable} {ergonomic}
     bool UseCompressedClassPointers               = true                           {product lp64_product} {ergonomic}
     bool UseCompressedOops                        = true                           {product lp64_product} {ergonomic}
     bool UseLargePagesIndividualAllocation        = false                                  {pd product} {ergonomic}
     bool UseParallelGC                            = true                                      {product} {command line}

Logging:
Log output configuration:
 #0: stdout all=off uptime,level,tags
 #1: stderr all=off uptime,level,tags

Environment Variables:
PATH=C:\Program Files\Common Files\Oracle\Java\javapath;E:\VM\bin\;C:\Program Files (x86)\Common Files\Oracle\Java\javapath;C:\Windows\system32;C:\Windows;C:\Windows\System32\Wbem;C:\Windows\System32\WindowsPowerShell\v1.0\;C:\Program Files (x86)\NVIDIA Corporation\PhysX\Common;C:\WINDOWS\system32;C:\WINDOWS;C:\WINDOWS\System32\Wbem;C:\WINDOWS\System32\WindowsPowerShell\v1.0\;C:\WINDOWS\System32\OpenSSH\;C:\Program Files (x86)\Bitvise SSH Client;C:\Program Files\Git\cmd;C:\Program Files\nodejs\;C:\Program Files (x86)\Intel\Intel(R) Management Engine Components\DAL;C:\Program Files\Intel\Intel(R) Management Engine Components\DAL;C:\Program Files\dotnet\;C:\Users\DELL\AppData\Local\Programs\Python\Python311\;C:\Users\DELL\AppData\Local\Programs\Python\Python311\Scripts\;C:\Program Files\Java\jdk-20\bin;C:\Users\DELL\AppData\Local\Programs\Python\Python311\Scripts\;C:\Users\DELL\AppData\Local\Programs\Python\Python311\;C:\Users\DELL\AppData\Local\Microsoft\WindowsApps;C:\Program Files (x86)\Nmap;C:\Users\DELL\AppData\Roaming\npm;C:\Users\DELL\AppData\Local\Programs\Microsoft VS Code\bin;C:\Program Files\heroku\bin;C:\Program Files\JetBrains\PyCharm Community Edition 2020.3.3\bin;;C:\Program Files\Java\jdk-20\bin\;C:\Users\DELL\AppData\Local\GitHubDesktop\bin
USERNAME=DELL
OS=Windows_NT
PROCESSOR_IDENTIFIER=Intel64 Family 6 Model 158 Stepping 9, GenuineIntel
TMP=C:\Users\DELL\AppData\Local\Temp
TEMP=C:\Users\DELL\AppData\Local\Temp



---------------  S Y S T E M  ---------------

OS:
 Windows 10 , 64 bit Build 19041 (10.0.19041.3393)
OS uptime: 2 days 0:17 hours

CPU: total 8 (initial active 8) (4 cores per cpu, 2 threads per core) family 6 model 158 stepping 9 microcode 0xb4, cx8, cmov, fxsr, ht, mmx, 3dnowpref, sse, sse2, sse3, ssse3, sse4.1, sse4.2, popcnt, lzcnt, tsc, tscinvbit, avx, avx2, aes, erms, clmul, bmi1, bmi2, adx, fma, vzeroupper, clflush, clflushopt
Processor Information for all 8 processors :
  Max Mhz: 2801, Current Mhz: 2800, Mhz Limit: 2772

Memory: 4k page, system-wide physical 8053M (538M free)
TotalPageFile size 12149M (AvailPageFile size 5M)
current process WorkingSet (physical memory assigned to process): 92M, peak: 92M
current process commit charge ("private bytes"): 209M, peak: 209M

vm_info: OpenJDK 64-Bit Server VM (17.0.8.1+1) for windows-amd64 JRE (17.0.8.1+1), built on Aug 23 2023 15:29:17 by "admin" with MS VC++ 16.7 (VS2019)

END.
