#
# There is insufficient memory for the Java Runtime Environment to continue.
# Native memory allocation (malloc) failed to allocate 32744 bytes for ChunkPool::allocate
# Possible reasons:
#   The system is out of physical RAM or swap space
#   The process is running with CompressedOops enabled, and the Java Heap may be blocking the growth of the native heap
# Possible solutions:
#   Reduce memory load on the system
#   Increase physical memory or swap space
#   Check if swap backing store is full
#   Decrease Java heap size (-Xmx/-Xms)
#   Decrease number of Java threads
#   Decrease Java thread stack sizes (-Xss)
#   Set larger code cache with -XX:ReservedCodeCacheSize=
#   JVM is running with Unscaled Compressed Oops mode in which the Java heap is
#     placed in the first 4GB address space. The Java Heap base address is the
#     maximum limit for the native heap growth. Please use -XX:HeapBaseMinAddress
#     to set the Java Heap base and to place the Java Heap above 4GB virtual address.
# This output file may be truncated or incomplete.
#
#  Out of Memory Error (arena.cpp:78), pid=17336, tid=13656
#
# JRE version: OpenJDK Runtime Environment Temurin-17.0.8.1+1 (17.0.8.1+1) (build 17.0.8.1+1)
# Java VM: OpenJDK 64-Bit Server VM Temurin-17.0.8.1+1 (17.0.8.1+1, mixed mode, tiered, compressed oops, compressed class ptrs, parallel gc, windows-amd64)
# No core dump will be written. Minidumps are not enabled by default on client versions of Windows
#

---------------  S U M M A R Y ------------

Command Line: --add-modules=ALL-SYSTEM --add-opens=java.base/java.util=ALL-UNNAMED --add-opens=java.base/java.lang=ALL-UNNAMED --add-opens=java.base/sun.nio.fs=ALL-UNNAMED -Declipse.application=org.eclipse.jdt.ls.core.id1 -Dosgi.bundles.defaultStartLevel=4 -Declipse.product=org.eclipse.jdt.ls.core.product -Djava.import.generatesMetadataFilesAtProjectRoot=false -DDetectVMInstallationsJob.disabled=true -Dfile.encoding=utf8 -XX:+UseParallelGC -XX:GCTimeRatio=4 -XX:AdaptiveSizePolicyWeight=90 -Dsun.zip.disableMemoryMapping=true -Xmx1G -Xms100m -Xlog:disable -javaagent:c:\Users\DELL\.vscode\extensions\redhat.java-1.23.0-win32-x64\lombok\lombok-1.18.30.jar -XX:+HeapDumpOnOutOfMemoryError -XX:HeapDumpPath=c:\Users\DELL\AppData\Roaming\Code\User\workspaceStorage\72c155e9b7a7fa28bd4b3a5f12094ced\redhat.java -Daether.dependencyCollector.impl=bf c:\Users\DELL\.vscode\extensions\redhat.java-1.23.0-win32-x64\server\plugins\org.eclipse.equinox.launcher_1.6.500.v20230717-2134.jar -configuration c:\Users\DELL\AppData\Roaming\Code\User\globalStorage\redhat.java\1.23.0\config_win -data c:\Users\DELL\AppData\Roaming\Code\User\workspaceStorage\72c155e9b7a7fa28bd4b3a5f12094ced\redhat.java\jdt_ws

Host: Intel(R) Core(TM) i7-7700HQ CPU @ 2.80GHz, 8 cores, 7G,  Windows 10 , 64 bit Build 19041 (10.0.19041.3393)
Time: Tue Oct 10 02:54:00 2023 India Standard Time elapsed time: 8089.151971 seconds (0d 2h 14m 49s)

---------------  T H R E A D  ---------------

Current thread (0x000001aacafb3820):  JavaThread "C2 CompilerThread1" daemon [_thread_in_native, id=13656, stack(0x00000074fbf00000,0x00000074fc000000)]


Current CompileTask:
C2:8089152 9106 % !   4       org.eclipse.jdt.internal.compiler.classfmt.ClassFileReader::<init> @ 63 (2113 bytes)

Stack: [0x00000074fbf00000,0x00000074fc000000]
Native frames: (J=compiled Java code, j=interpreted, Vv=VM code, C=native code)
V  [jvm.dll+0x678b0a]
V  [jvm.dll+0x835e84]
V  [jvm.dll+0x83762e]
V  [jvm.dll+0x837c93]
V  [jvm.dll+0x24746f]
V  [jvm.dll+0xac42c]
V  [jvm.dll+0xac7dc]
V  [jvm.dll+0x654d43]
V  [jvm.dll+0x341850]
V  [jvm.dll+0x33f2fe]
V  [jvm.dll+0x2ad2cc]
V  [jvm.dll+0x688793]
V  [jvm.dll+0x688f23]
V  [jvm.dll+0x688557]
V  [jvm.dll+0x686442]
V  [jvm.dll+0x1a859c]
V  [jvm.dll+0x218bd8]
V  [jvm.dll+0x1a534d]
V  [jvm.dll+0x228d8a]
V  [jvm.dll+0x226dcc]
V  [jvm.dll+0x7ec09b]
V  [jvm.dll+0x7e64ca]
V  [jvm.dll+0x677955]
C  [ucrtbase.dll+0x21bb2]
C  [KERNEL32.DLL+0x17344]
C  [ntdll.dll+0x526b1]


---------------  P R O C E S S  ---------------

Threads class SMR info:
_java_thread_list=0x000001aac95ea390, length=31, elements={
0x000001aaabf1c360, 0x000001aaabfe98f0, 0x000001aaabfed1a0, 0x000001aabfdaaf80,
0x000001aabfdabe00, 0x000001aabfdacdc0, 0x000001aabfdaea00, 0x000001aac50470a0,
0x000001aac5047a60, 0x000001aac5050b40, 0x000001aaabf8f660, 0x000001aac5396c30,
0x000001aac674cf40, 0x000001aac68c5f20, 0x000001aac68038a0, 0x000001aac62de840,
0x000001aac687d810, 0x000001aac687fb80, 0x000001aac687f160, 0x000001aac687f670,
0x000001aac68805a0, 0x000001aac687dd20, 0x000001aac687d300, 0x000001aac7283830,
0x000001aac7286ad0, 0x000001aac7285180, 0x000001aacafb3820, 0x000001aac7282900,
0x000001aac7283d40, 0x000001aacafb7290, 0x000001aac7284250
}

Java Threads: ( => current thread )
  0x000001aaabf1c360 JavaThread "main" [_thread_blocked, id=14600, stack(0x00000074fc100000,0x00000074fc200000)]
  0x000001aaabfe98f0 JavaThread "Reference Handler" daemon [_thread_blocked, id=14836, stack(0x00000074fc400000,0x00000074fc500000)]
  0x000001aaabfed1a0 JavaThread "Finalizer" daemon [_thread_blocked, id=11828, stack(0x00000074fc500000,0x00000074fc600000)]
  0x000001aabfdaaf80 JavaThread "Signal Dispatcher" daemon [_thread_blocked, id=16324, stack(0x00000074fc600000,0x00000074fc700000)]
  0x000001aabfdabe00 JavaThread "Attach Listener" daemon [_thread_blocked, id=9240, stack(0x00000074fc700000,0x00000074fc800000)]
  0x000001aabfdacdc0 JavaThread "Service Thread" daemon [_thread_blocked, id=3756, stack(0x00000074fc800000,0x00000074fc900000)]
  0x000001aabfdaea00 JavaThread "Monitor Deflation Thread" daemon [_thread_blocked, id=19280, stack(0x00000074fc900000,0x00000074fca00000)]
  0x000001aac50470a0 JavaThread "C2 CompilerThread0" daemon [_thread_in_native, id=9916, stack(0x00000074fca00000,0x00000074fcb00000)]
  0x000001aac5047a60 JavaThread "C1 CompilerThread0" daemon [_thread_in_native, id=18116, stack(0x00000074fcb00000,0x00000074fcc00000)]
  0x000001aac5050b40 JavaThread "Sweeper thread" daemon [_thread_blocked, id=20524, stack(0x00000074fcc00000,0x00000074fcd00000)]
  0x000001aaabf8f660 JavaThread "Common-Cleaner" daemon [_thread_blocked, id=19216, stack(0x00000074fcd00000,0x00000074fce00000)]
  0x000001aac5396c30 JavaThread "Notification Thread" daemon [_thread_blocked, id=8904, stack(0x00000074fcf00000,0x00000074fd000000)]
  0x000001aac674cf40 JavaThread "Active Thread: Equinox Container: 7611edd1-d46d-4366-aaca-9bbc80844dac" [_thread_blocked, id=21072, stack(0x00000074fd800000,0x00000074fd900000)]
  0x000001aac68c5f20 JavaThread "Framework Event Dispatcher: Equinox Container: 7611edd1-d46d-4366-aaca-9bbc80844dac" daemon [_thread_blocked, id=6604, stack(0x00000074fd600000,0x00000074fd700000)]
  0x000001aac68038a0 JavaThread "Start Level: Equinox Container: 7611edd1-d46d-4366-aaca-9bbc80844dac" daemon [_thread_blocked, id=11816, stack(0x00000074fd700000,0x00000074fd800000)]
  0x000001aac62de840 JavaThread "Bundle File Closer" daemon [_thread_blocked, id=10696, stack(0x00000074fdb00000,0x00000074fdc00000)]
  0x000001aac687d810 JavaThread "SCR Component Actor" daemon [_thread_blocked, id=12088, stack(0x00000074fd900000,0x00000074fda00000)]
  0x000001aac687fb80 JavaThread "Worker-JM" [_thread_blocked, id=15560, stack(0x00000074fde00000,0x00000074fdf00000)]
  0x000001aac687f160 JavaThread "Worker-1" [_thread_blocked, id=17024, stack(0x00000074fe000000,0x00000074fe100000)]
  0x000001aac687f670 JavaThread "Java indexing" daemon [_thread_blocked, id=8680, stack(0x00000074fe100000,0x00000074fe200000)]
  0x000001aac68805a0 JavaThread "JNA Cleaner" daemon [_thread_blocked, id=17384, stack(0x00000074fe300000,0x00000074fe400000)]
  0x000001aac687dd20 JavaThread "pool-2-thread-1" [_thread_blocked, id=11668, stack(0x00000074fe400000,0x00000074fe500000)]
  0x000001aac687d300 JavaThread "WorkspaceEventsHandler" [_thread_blocked, id=16980, stack(0x00000074fe500000,0x00000074fe600000)]
  0x000001aac7283830 JavaThread "pool-1-thread-1" [_thread_in_native, id=13640, stack(0x00000074fe600000,0x00000074fe700000)]
  0x000001aac7286ad0 JavaThread "Worker-5" [_thread_blocked, id=4740, stack(0x00000074fdc00000,0x00000074fdd00000)]
  0x000001aac7285180 JavaThread "ForkJoinPool.commonPool-worker-20" daemon [_thread_in_vm, id=10180, stack(0x00000074fbe00000,0x00000074fbf00000)]
=>0x000001aacafb3820 JavaThread "C2 CompilerThread1" daemon [_thread_in_native, id=13656, stack(0x00000074fbf00000,0x00000074fc000000)]
  0x000001aac7282900 JavaThread "ForkJoinPool.commonPool-worker-21" daemon [_thread_in_Java, id=11636, stack(0x00000074fc000000,0x00000074fc100000)]
  0x000001aac7283d40 JavaThread "ForkJoinPool.commonPool-worker-22" daemon [_thread_blocked, id=10832, stack(0x00000074fdd00000,0x00000074fde00000)]
  0x000001aacafb7290 JavaThread "C2 CompilerThread2" daemon [_thread_in_native, id=1984, stack(0x00000074fdf00000,0x00000074fe000000)]
  0x000001aac7284250 JavaThread "ForkJoinPool.commonPool-worker-23" daemon [_thread_blocked, id=8920, stack(0x00000074fe200000,0x00000074fe300000)]

Other Threads:
  0x000001aabfd9f830 VMThread "VM Thread" [stack: 0x00000074fc300000,0x00000074fc400000] [id=1828]
  0x000001aac5383ad0 WatcherThread [stack: 0x00000074fd000000,0x00000074fd100000] [id=21296]
  0x000001aaabf41c80 GCTaskThread "GC Thread#0" [stack: 0x00000074fc200000,0x00000074fc300000] [id=11260]
  0x000001aac64d3160 GCTaskThread "GC Thread#1" [stack: 0x00000074fce00000,0x00000074fcf00000] [id=18100]
  0x000001aac61b2990 GCTaskThread "GC Thread#2" [stack: 0x00000074fd100000,0x00000074fd200000] [id=20408]
  0x000001aac64d3420 GCTaskThread "GC Thread#3" [stack: 0x00000074fd200000,0x00000074fd300000] [id=11900]
  0x000001aac6670700 GCTaskThread "GC Thread#4" [stack: 0x00000074fd300000,0x00000074fd400000] [id=9428]
  0x000001aac66709c0 GCTaskThread "GC Thread#5" [stack: 0x00000074fd400000,0x00000074fd500000] [id=13888]
  0x000001aac658a3d0 GCTaskThread "GC Thread#6" [stack: 0x00000074fd500000,0x00000074fd600000] [id=8664]
  0x000001aac6ae1c80 GCTaskThread "GC Thread#7" [stack: 0x00000074fda00000,0x00000074fdb00000] [id=9736]

Threads with active compile tasks:
C2 CompilerThread0  8089237 9077       4       org.eclipse.jdt.internal.core.JavaProject$ModuleLookup::addTransitive (71 bytes)
C1 CompilerThread0  8089237 9108       3       org.eclipse.jdt.internal.compiler.parser.Parser::consumeRule (7847 bytes)
C2 CompilerThread1  8089237 9106 % !   4       org.eclipse.jdt.internal.compiler.classfmt.ClassFileReader::<init> @ 63 (2113 bytes)
C2 CompilerThread2  8089237 9143       4       org.eclipse.jdt.core.JavaConventions::validateIdentifier (33 bytes)

VM state: not at safepoint (normal execution)

VM Mutex/Monitor currently owned by a thread: None

Heap address: 0x00000000c0000000, size: 1024 MB, Compressed Oops mode: 32-bit

CDS archive(s) not mapped
Compressed class space mapped at: 0x0000000100000000-0x0000000140000000, reserved size: 1073741824
Narrow klass base: 0x0000000000000000, Narrow klass shift: 3, Narrow klass range: 0x140000000

GC Precious Log:
 CPUs: 8 total, 8 available
 Memory: 8053M
 Large Page Support: Disabled
 NUMA Support: Disabled
 Compressed Oops: Enabled (32-bit)
 Alignments: Space 512K, Generation 512K, Heap 2M
 Heap Min Capacity: 100M
 Heap Initial Capacity: 100M
 Heap Max Capacity: 1G
 Pre-touch: Disabled
 Parallel Workers: 8

Heap:
 PSYoungGen      total 14336K, used 5919K [0x00000000eab00000, 0x00000000ec180000, 0x0000000100000000)
  eden space 11264K, 25% used [0x00000000eab00000,0x00000000eadcaa80,0x00000000eb600000)
  from space 3072K, 99% used [0x00000000ebe80000,0x00000000ec17d1d8,0x00000000ec180000)
  to   space 5120K, 0% used [0x00000000eb980000,0x00000000eb980000,0x00000000ebe80000)
 ParOldGen       total 112640K, used 99072K [0x00000000c0000000, 0x00000000c6e00000, 0x00000000eab00000)
  object space 112640K, 87% used [0x00000000c0000000,0x00000000c60c02f8,0x00000000c6e00000)
 Metaspace       used 70649K, committed 71744K, reserved 1114112K
  class space    used 7479K, committed 7936K, reserved 1048576K

Card table byte_map: [0x000001aaab8d0000,0x000001aaabae0000] _byte_map_base: 0x000001aaab2d0000

Marking Bits: (ParMarkBitMap*) 0x00007ff8b39583a0
 Begin Bits: [0x000001aabdbb0000, 0x000001aabebb0000)
 End Bits:   [0x000001aabebb0000, 0x000001aabfbb0000)

Polling page: 0x000001aaa9e60000

Metaspace:

Usage:
  Non-class:     61.69 MB used.
      Class:      7.30 MB used.
       Both:     68.99 MB used.

Virtual space:
  Non-class space:       64.00 MB reserved,      62.31 MB ( 97%) committed,  1 nodes.
      Class space:        1.00 GB reserved,       7.75 MB ( <1%) committed,  1 nodes.
             Both:        1.06 GB reserved,      70.06 MB (  6%) committed. 

Chunk freelists:
   Non-Class:  1.73 MB
       Class:  8.27 MB
        Both:  10.00 MB

MaxMetaspaceSize: unlimited
CompressedClassSpaceSize: 1.00 GB
Initial GC threshold: 21.00 MB
Current GC threshold: 112.50 MB
CDS: off
MetaspaceReclaimPolicy: balanced
 - commit_granule_bytes: 65536.
 - commit_granule_words: 8192.
 - virtual_space_node_default_size: 8388608.
 - enlarge_chunks_in_place: 1.
 - new_chunks_are_fully_committed: 0.
 - uncommit_free_chunks: 1.
 - use_allocation_guard: 0.
 - handle_deallocations: 1.


Internal statistics:

num_allocs_failed_limit: 9.
num_arena_births: 570.
num_arena_deaths: 14.
num_vsnodes_births: 2.
num_vsnodes_deaths: 0.
num_space_committed: 1121.
num_space_uncommitted: 0.
num_chunks_returned_to_freelist: 23.
num_chunks_taken_from_freelist: 3331.
num_chunk_merges: 10.
num_chunk_splits: 2150.
num_chunks_enlarged: 1346.
num_inconsistent_stats: 0.

CodeHeap 'non-profiled nmethods': size=120000Kb used=5276Kb max_used=5276Kb free=114723Kb
 bounds [0x000001aab6680000, 0x000001aab6bb0000, 0x000001aabdbb0000]
CodeHeap 'profiled nmethods': size=120000Kb used=15893Kb max_used=15893Kb free=104106Kb
 bounds [0x000001aaaebb0000, 0x000001aaafb40000, 0x000001aab60e0000]
CodeHeap 'non-nmethods': size=5760Kb used=1365Kb max_used=1472Kb free=4394Kb
 bounds [0x000001aab60e0000, 0x000001aab6350000, 0x000001aab6680000]
 total_blobs=8393 nmethods=7683 adapters=620
 compilation: enabled
              stopped_count=0, restarted_count=0
 full_count=0

Compilation events (20 events):
Event: 8089.097 Thread 0x000001aacafb3820 nmethod 9098 0x000001aab6ba2610 code [0x000001aab6ba27a0, 0x000001aab6ba29f8]
Event: 8089.116 Thread 0x000001aacafb3820 9099       4       java.lang.String::toLowerCase (29 bytes)
Event: 8089.119 Thread 0x000001aac5047a60 9100       1       org.eclipse.core.internal.resources.Project::isLinked (2 bytes)
Event: 8089.119 Thread 0x000001aac5047a60 nmethod 9100 0x000001aab6a2ba10 code [0x000001aab6a2bba0, 0x000001aab6a2bc78]
Event: 8089.119 Thread 0x000001aac5047a60 9101       3       org.eclipse.core.internal.resources.Resource::isLinked (133 bytes)
Event: 8089.120 Thread 0x000001aac5047a60 nmethod 9101 0x000001aaafb32d10 code [0x000001aaafb33000, 0x000001aaafb34298]
Event: 8089.120 Thread 0x000001aac5047a60 9102       3       java.util.regex.Pattern::escape (1327 bytes)
Event: 8089.131 Thread 0x000001aac5047a60 nmethod 9102 0x000001aaafb34790 code [0x000001aaafb35280, 0x000001aaafb3bc68]
Event: 8089.131 Thread 0x000001aac5047a60 9108       3       org.eclipse.jdt.internal.compiler.parser.Parser::consumeRule (7847 bytes)
Event: 8089.136 Thread 0x000001aacafb3820 nmethod 9099 0x000001aab6ba2b90 code [0x000001aab6ba2d40, 0x000001aab6ba3698]
Event: 8089.136 Thread 0x000001aacafb3820 9106 % !   4       org.eclipse.jdt.internal.compiler.classfmt.ClassFileReader::<init> @ 63 (2113 bytes)
Event: 8089.137 Thread 0x000001aacafb7290 9107       4       org.eclipse.jdt.internal.compiler.parser.Scanner::addTokenToLookBack (53 bytes)
Event: 8089.138 Thread 0x000001aacafb7290 nmethod 9107 0x000001aab6ba3b10 code [0x000001aab6ba3c80, 0x000001aab6ba3d58]
Event: 8089.138 Thread 0x000001aacafb7290 9115       4       java.util.stream.AbstractPipeline::wrapSink (37 bytes)
Event: 8089.140 Thread 0x000001aacafb7290 nmethod 9115 0x000001aab6ba3e10 code [0x000001aab6ba3fa0, 0x000001aab6ba40b8]
Event: 8089.140 Thread 0x000001aacafb7290 9116       4       org.eclipse.jdt.internal.compiler.util.Util::effectivelyEqual (73 bytes)
Event: 8089.143 Thread 0x000001aacafb7290 nmethod 9116 0x000001aab6ba4210 code [0x000001aab6ba43a0, 0x000001aab6ba44f8]
Event: 8089.143 Thread 0x000001aacafb7290 9112       4       org.eclipse.jdt.internal.compiler.parser.Scanner::areRestrictedModuleKeywordsActive (21 bytes)
Event: 8089.144 Thread 0x000001aacafb7290 nmethod 9112 0x000001aab6ba4690 code [0x000001aab6ba4800, 0x000001aab6ba48b8]
Event: 8089.144 Thread 0x000001aacafb7290 9104       4       org.eclipse.jdt.internal.core.PackageFragmentRoot::hashCode (8 bytes)

GC Heap History (20 events):
Event: 17.529 GC heap before
{Heap before GC invocations=43 (full 4):
 PSYoungGen      total 19456K, used 19232K [0x00000000eab00000, 0x00000000ec600000, 0x0000000100000000)
  eden space 11264K, 100% used [0x00000000eab00000,0x00000000eb600000,0x00000000eb600000)
  from space 8192K, 97% used [0x00000000eb600000,0x00000000ebdc8000,0x00000000ebe00000)
  to   space 8192K, 0% used [0x00000000ebe00000,0x00000000ebe00000,0x00000000ec600000)
 ParOldGen       total 91648K, used 79816K [0x00000000c0000000, 0x00000000c5980000, 0x00000000eab00000)
  object space 91648K, 87% used [0x00000000c0000000,0x00000000c4df2090,0x00000000c5980000)
 Metaspace       used 67910K, committed 69120K, reserved 1114112K
  class space    used 7222K, committed 7744K, reserved 1048576K
}
Event: 17.536 GC heap after
{Heap after GC invocations=43 (full 4):
 PSYoungGen      total 17408K, used 5827K [0x00000000eab00000, 0x00000000ec400000, 0x0000000100000000)
  eden space 11264K, 0% used [0x00000000eab00000,0x00000000eab00000,0x00000000eb600000)
  from space 6144K, 94% used [0x00000000ebe00000,0x00000000ec3b0c10,0x00000000ec400000)
  to   space 6656K, 0% used [0x00000000eb700000,0x00000000eb700000,0x00000000ebd80000)
 ParOldGen       total 91648K, used 87712K [0x00000000c0000000, 0x00000000c5980000, 0x00000000eab00000)
  object space 91648K, 95% used [0x00000000c0000000,0x00000000c55a8090,0x00000000c5980000)
 Metaspace       used 67910K, committed 69120K, reserved 1114112K
  class space    used 7222K, committed 7744K, reserved 1048576K
}
Event: 17.536 GC heap before
{Heap before GC invocations=44 (full 5):
 PSYoungGen      total 17408K, used 5827K [0x00000000eab00000, 0x00000000ec400000, 0x0000000100000000)
  eden space 11264K, 0% used [0x00000000eab00000,0x00000000eab00000,0x00000000eb600000)
  from space 6144K, 94% used [0x00000000ebe00000,0x00000000ec3b0c10,0x00000000ec400000)
  to   space 6656K, 0% used [0x00000000eb700000,0x00000000eb700000,0x00000000ebd80000)
 ParOldGen       total 91648K, used 87712K [0x00000000c0000000, 0x00000000c5980000, 0x00000000eab00000)
  object space 91648K, 95% used [0x00000000c0000000,0x00000000c55a8090,0x00000000c5980000)
 Metaspace       used 67910K, committed 69120K, reserved 1114112K
  class space    used 7222K, committed 7744K, reserved 1048576K
}
Event: 17.617 GC heap after
{Heap after GC invocations=44 (full 5):
 PSYoungGen      total 11776K, used 0K [0x00000000eab00000, 0x00000000ec300000, 0x0000000100000000)
  eden space 11264K, 0% used [0x00000000eab00000,0x00000000eab00000,0x00000000eb600000)
  from space 512K, 0% used [0x00000000eb700000,0x00000000eb700000,0x00000000eb780000)
  to   space 6656K, 0% used [0x00000000ebc80000,0x00000000ebc80000,0x00000000ec300000)
 ParOldGen       total 112640K, used 80041K [0x00000000c0000000, 0x00000000c6e00000, 0x00000000eab00000)
  object space 112640K, 71% used [0x00000000c0000000,0x00000000c4e2a578,0x00000000c6e00000)
 Metaspace       used 67910K, committed 69120K, reserved 1114112K
  class space    used 7222K, committed 7744K, reserved 1048576K
}
Event: 5955.945 GC heap before
{Heap before GC invocations=45 (full 5):
 PSYoungGen      total 11776K, used 11264K [0x00000000eab00000, 0x00000000ec300000, 0x0000000100000000)
  eden space 11264K, 100% used [0x00000000eab00000,0x00000000eb600000,0x00000000eb600000)
  from space 512K, 0% used [0x00000000eb700000,0x00000000eb700000,0x00000000eb780000)
  to   space 6656K, 0% used [0x00000000ebc80000,0x00000000ebc80000,0x00000000ec300000)
 ParOldGen       total 112640K, used 80041K [0x00000000c0000000, 0x00000000c6e00000, 0x00000000eab00000)
  object space 112640K, 71% used [0x00000000c0000000,0x00000000c4e2a578,0x00000000c6e00000)
 Metaspace       used 68484K, committed 69568K, reserved 1114112K
  class space    used 7290K, committed 7744K, reserved 1048576K
}
Event: 5955.947 GC heap after
{Heap after GC invocations=45 (full 5):
 PSYoungGen      total 13824K, used 2112K [0x00000000eab00000, 0x00000000ebf00000, 0x0000000100000000)
  eden space 11264K, 0% used [0x00000000eab00000,0x00000000eab00000,0x00000000eb600000)
  from space 2560K, 82% used [0x00000000ebc80000,0x00000000ebe90000,0x00000000ebf00000)
  to   space 4096K, 0% used [0x00000000eb700000,0x00000000eb700000,0x00000000ebb00000)
 ParOldGen       total 112640K, used 80041K [0x00000000c0000000, 0x00000000c6e00000, 0x00000000eab00000)
  object space 112640K, 71% used [0x00000000c0000000,0x00000000c4e2a578,0x00000000c6e00000)
 Metaspace       used 68484K, committed 69568K, reserved 1114112K
  class space    used 7290K, committed 7744K, reserved 1048576K
}
Event: 5957.948 GC heap before
{Heap before GC invocations=46 (full 5):
 PSYoungGen      total 13824K, used 13376K [0x00000000eab00000, 0x00000000ebf00000, 0x0000000100000000)
  eden space 11264K, 100% used [0x00000000eab00000,0x00000000eb600000,0x00000000eb600000)
  from space 2560K, 82% used [0x00000000ebc80000,0x00000000ebe90000,0x00000000ebf00000)
  to   space 4096K, 0% used [0x00000000eb700000,0x00000000eb700000,0x00000000ebb00000)
 ParOldGen       total 112640K, used 80041K [0x00000000c0000000, 0x00000000c6e00000, 0x00000000eab00000)
  object space 112640K, 71% used [0x00000000c0000000,0x00000000c4e2a578,0x00000000c6e00000)
 Metaspace       used 68556K, committed 69632K, reserved 1114112K
  class space    used 7293K, committed 7744K, reserved 1048576K
}
Event: 5957.951 GC heap after
{Heap after GC invocations=46 (full 5):
 PSYoungGen      total 13312K, used 1859K [0x00000000eab00000, 0x00000000ebd00000, 0x0000000100000000)
  eden space 11264K, 0% used [0x00000000eab00000,0x00000000eab00000,0x00000000eb600000)
  from space 2048K, 90% used [0x00000000eb700000,0x00000000eb8d0c10,0x00000000eb900000)
  to   space 2560K, 0% used [0x00000000eba80000,0x00000000eba80000,0x00000000ebd00000)
 ParOldGen       total 112640K, used 82046K [0x00000000c0000000, 0x00000000c6e00000, 0x00000000eab00000)
  object space 112640K, 72% used [0x00000000c0000000,0x00000000c501fa78,0x00000000c6e00000)
 Metaspace       used 68556K, committed 69632K, reserved 1114112K
  class space    used 7293K, committed 7744K, reserved 1048576K
}
Event: 6540.689 GC heap before
{Heap before GC invocations=47 (full 5):
 PSYoungGen      total 13312K, used 13123K [0x00000000eab00000, 0x00000000ebd00000, 0x0000000100000000)
  eden space 11264K, 100% used [0x00000000eab00000,0x00000000eb600000,0x00000000eb600000)
  from space 2048K, 90% used [0x00000000eb700000,0x00000000eb8d0c10,0x00000000eb900000)
  to   space 2560K, 0% used [0x00000000eba80000,0x00000000eba80000,0x00000000ebd00000)
 ParOldGen       total 112640K, used 82046K [0x00000000c0000000, 0x00000000c6e00000, 0x00000000eab00000)
  object space 112640K, 72% used [0x00000000c0000000,0x00000000c501fa78,0x00000000c6e00000)
 Metaspace       used 68754K, committed 69824K, reserved 1114112K
  class space    used 7313K, committed 7744K, reserved 1048576K
}
Event: 6540.691 GC heap after
{Heap after GC invocations=47 (full 5):
 PSYoungGen      total 12288K, used 1008K [0x00000000eab00000, 0x00000000ebb80000, 0x0000000100000000)
  eden space 11264K, 0% used [0x00000000eab00000,0x00000000eab00000,0x00000000eb600000)
  from space 1024K, 98% used [0x00000000eba80000,0x00000000ebb7c010,0x00000000ebb80000)
  to   space 1536K, 0% used [0x00000000eb880000,0x00000000eb880000,0x00000000eba00000)
 ParOldGen       total 112640K, used 82379K [0x00000000c0000000, 0x00000000c6e00000, 0x00000000eab00000)
  object space 112640K, 73% used [0x00000000c0000000,0x00000000c5072ef8,0x00000000c6e00000)
 Metaspace       used 68754K, committed 69824K, reserved 1114112K
  class space    used 7313K, committed 7744K, reserved 1048576K
}
Event: 6540.949 GC heap before
{Heap before GC invocations=48 (full 5):
 PSYoungGen      total 12288K, used 12272K [0x00000000eab00000, 0x00000000ebb80000, 0x0000000100000000)
  eden space 11264K, 100% used [0x00000000eab00000,0x00000000eb600000,0x00000000eb600000)
  from space 1024K, 98% used [0x00000000eba80000,0x00000000ebb7c010,0x00000000ebb80000)
  to   space 1536K, 0% used [0x00000000eb880000,0x00000000eb880000,0x00000000eba00000)
 ParOldGen       total 112640K, used 82379K [0x00000000c0000000, 0x00000000c6e00000, 0x00000000eab00000)
  object space 112640K, 73% used [0x00000000c0000000,0x00000000c5072ef8,0x00000000c6e00000)
 Metaspace       used 69068K, committed 70144K, reserved 1114112K
  class space    used 7344K, committed 7808K, reserved 1048576K
}
Event: 6540.953 GC heap after
{Heap after GC invocations=48 (full 5):
 PSYoungGen      total 12800K, used 1529K [0x00000000eab00000, 0x00000000ebb00000, 0x0000000100000000)
  eden space 11264K, 0% used [0x00000000eab00000,0x00000000eab00000,0x00000000eb600000)
  from space 1536K, 99% used [0x00000000eb880000,0x00000000eb9fe508,0x00000000eba00000)
  to   space 1024K, 0% used [0x00000000eba00000,0x00000000eba00000,0x00000000ebb00000)
 ParOldGen       total 112640K, used 82795K [0x00000000c0000000, 0x00000000c6e00000, 0x00000000eab00000)
  object space 112640K, 73% used [0x00000000c0000000,0x00000000c50daf18,0x00000000c6e00000)
 Metaspace       used 69068K, committed 70144K, reserved 1114112K
  class space    used 7344K, committed 7808K, reserved 1048576K
}
Event: 6541.759 GC heap before
{Heap before GC invocations=49 (full 5):
 PSYoungGen      total 12800K, used 12793K [0x00000000eab00000, 0x00000000ebb00000, 0x0000000100000000)
  eden space 11264K, 99% used [0x00000000eab00000,0x00000000eb5ffff0,0x00000000eb600000)
  from space 1536K, 99% used [0x00000000eb880000,0x00000000eb9fe508,0x00000000eba00000)
  to   space 1024K, 0% used [0x00000000eba00000,0x00000000eba00000,0x00000000ebb00000)
 ParOldGen       total 112640K, used 82795K [0x00000000c0000000, 0x00000000c6e00000, 0x00000000eab00000)
  object space 112640K, 73% used [0x00000000c0000000,0x00000000c50daf18,0x00000000c6e00000)
 Metaspace       used 69192K, committed 70336K, reserved 1114112K
  class space    used 7346K, committed 7808K, reserved 1048576K
}
Event: 6541.762 GC heap after
{Heap after GC invocations=49 (full 5):
 PSYoungGen      total 12288K, used 1018K [0x00000000eab00000, 0x00000000ebc00000, 0x0000000100000000)
  eden space 11264K, 0% used [0x00000000eab00000,0x00000000eab00000,0x00000000eb600000)
  from space 1024K, 99% used [0x00000000eba00000,0x00000000ebafeb00,0x00000000ebb00000)
  to   space 3072K, 0% used [0x00000000eb600000,0x00000000eb600000,0x00000000eb900000)
 ParOldGen       total 112640K, used 84453K [0x00000000c0000000, 0x00000000c6e00000, 0x00000000eab00000)
  object space 112640K, 74% used [0x00000000c0000000,0x00000000c52795b8,0x00000000c6e00000)
 Metaspace       used 69192K, committed 70336K, reserved 1114112K
  class space    used 7346K, committed 7808K, reserved 1048576K
}
Event: 6621.046 GC heap before
{Heap before GC invocations=50 (full 5):
 PSYoungGen      total 12288K, used 12282K [0x00000000eab00000, 0x00000000ebc00000, 0x0000000100000000)
  eden space 11264K, 100% used [0x00000000eab00000,0x00000000eb600000,0x00000000eb600000)
  from space 1024K, 99% used [0x00000000eba00000,0x00000000ebafeb00,0x00000000ebb00000)
  to   space 3072K, 0% used [0x00000000eb600000,0x00000000eb600000,0x00000000eb900000)
 ParOldGen       total 112640K, used 84453K [0x00000000c0000000, 0x00000000c6e00000, 0x00000000eab00000)
  object space 112640K, 74% used [0x00000000c0000000,0x00000000c52795b8,0x00000000c6e00000)
 Metaspace       used 69294K, committed 70464K, reserved 1114112K
  class space    used 7348K, committed 7808K, reserved 1048576K
}
Event: 6621.055 GC heap after
{Heap after GC invocations=50 (full 5):
 PSYoungGen      total 14336K, used 3040K [0x00000000eab00000, 0x00000000ecc00000, 0x0000000100000000)
  eden space 11264K, 0% used [0x00000000eab00000,0x00000000eab00000,0x00000000eb600000)
  from space 3072K, 98% used [0x00000000eb600000,0x00000000eb8f8370,0x00000000eb900000)
  to   space 11264K, 0% used [0x00000000ec100000,0x00000000ec100000,0x00000000ecc00000)
 ParOldGen       total 112640K, used 90968K [0x00000000c0000000, 0x00000000c6e00000, 0x00000000eab00000)
  object space 112640K, 80% used [0x00000000c0000000,0x00000000c58d6168,0x00000000c6e00000)
 Metaspace       used 69294K, committed 70464K, reserved 1114112K
  class space    used 7348K, committed 7808K, reserved 1048576K
}
Event: 6621.346 GC heap before
{Heap before GC invocations=51 (full 5):
 PSYoungGen      total 14336K, used 14304K [0x00000000eab00000, 0x00000000ecc00000, 0x0000000100000000)
  eden space 11264K, 100% used [0x00000000eab00000,0x00000000eb600000,0x00000000eb600000)
  from space 3072K, 98% used [0x00000000eb600000,0x00000000eb8f8370,0x00000000eb900000)
  to   space 11264K, 0% used [0x00000000ec100000,0x00000000ec100000,0x00000000ecc00000)
 ParOldGen       total 112640K, used 90968K [0x00000000c0000000, 0x00000000c6e00000, 0x00000000eab00000)
  object space 112640K, 80% used [0x00000000c0000000,0x00000000c58d6168,0x00000000c6e00000)
 Metaspace       used 69456K, committed 70656K, reserved 1114112K
  class space    used 7350K, committed 7872K, reserved 1048576K
}
Event: 6621.351 GC heap after
{Heap after GC invocations=51 (full 5):
 PSYoungGen      total 13824K, used 2522K [0x00000000eab00000, 0x00000000ec380000, 0x0000000100000000)
  eden space 11264K, 0% used [0x00000000eab00000,0x00000000eab00000,0x00000000eb600000)
  from space 2560K, 98% used [0x00000000ec100000,0x00000000ec376b00,0x00000000ec380000)
  to   space 5120K, 0% used [0x00000000eb980000,0x00000000eb980000,0x00000000ebe80000)
 ParOldGen       total 112640K, used 92608K [0x00000000c0000000, 0x00000000c6e00000, 0x00000000eab00000)
  object space 112640K, 82% used [0x00000000c0000000,0x00000000c5a70168,0x00000000c6e00000)
 Metaspace       used 69456K, committed 70656K, reserved 1114112K
  class space    used 7350K, committed 7872K, reserved 1048576K
}
Event: 8089.012 GC heap before
{Heap before GC invocations=52 (full 5):
 PSYoungGen      total 13824K, used 13768K [0x00000000eab00000, 0x00000000ec380000, 0x0000000100000000)
  eden space 11264K, 99% used [0x00000000eab00000,0x00000000eb5fb5f0,0x00000000eb600000)
  from space 2560K, 98% used [0x00000000ec100000,0x00000000ec376b00,0x00000000ec380000)
  to   space 5120K, 0% used [0x00000000eb980000,0x00000000eb980000,0x00000000ebe80000)
 ParOldGen       total 112640K, used 92608K [0x00000000c0000000, 0x00000000c6e00000, 0x00000000eab00000)
  object space 112640K, 82% used [0x00000000c0000000,0x00000000c5a70168,0x00000000c6e00000)
 Metaspace       used 69740K, committed 70848K, reserved 1114112K
  class space    used 7355K, committed 7872K, reserved 1048576K
}
Event: 8089.016 GC heap after
{Heap after GC invocations=52 (full 5):
 PSYoungGen      total 16384K, used 4850K [0x00000000eab00000, 0x00000000ec180000, 0x0000000100000000)
  eden space 11264K, 0% used [0x00000000eab00000,0x00000000eab00000,0x00000000eb600000)
  from space 5120K, 94% used [0x00000000eb980000,0x00000000ebe3c898,0x00000000ebe80000)
  to   space 3072K, 0% used [0x00000000ebe80000,0x00000000ebe80000,0x00000000ec180000)
 ParOldGen       total 112640K, used 92616K [0x00000000c0000000, 0x00000000c6e00000, 0x00000000eab00000)
  object space 112640K, 82% used [0x00000000c0000000,0x00000000c5a72168,0x00000000c6e00000)
 Metaspace       used 69740K, committed 70848K, reserved 1114112K
  class space    used 7355K, committed 7872K, reserved 1048576K
}

Dll operation events (11 events):
Event: 0.012 Loaded shared library c:\Users\DELL\.vscode\extensions\redhat.java-1.23.0-win32-x64\jre\17.0.8.1-win32-x86_64\bin\java.dll
Event: 0.188 Loaded shared library c:\Users\DELL\.vscode\extensions\redhat.java-1.23.0-win32-x64\jre\17.0.8.1-win32-x86_64\bin\zip.dll
Event: 0.193 Loaded shared library C:\Users\DELL\.vscode\extensions\redhat.java-1.23.0-win32-x64\jre\17.0.8.1-win32-x86_64\bin\instrument.dll
Event: 0.216 Loaded shared library C:\Users\DELL\.vscode\extensions\redhat.java-1.23.0-win32-x64\jre\17.0.8.1-win32-x86_64\bin\net.dll
Event: 0.219 Loaded shared library C:\Users\DELL\.vscode\extensions\redhat.java-1.23.0-win32-x64\jre\17.0.8.1-win32-x86_64\bin\nio.dll
Event: 0.230 Loaded shared library C:\Users\DELL\.vscode\extensions\redhat.java-1.23.0-win32-x64\jre\17.0.8.1-win32-x86_64\bin\zip.dll
Event: 0.256 Loaded shared library C:\Users\DELL\.vscode\extensions\redhat.java-1.23.0-win32-x64\jre\17.0.8.1-win32-x86_64\bin\jimage.dll
Event: 0.382 Loaded shared library c:\Users\DELL\.vscode\extensions\redhat.java-1.23.0-win32-x64\jre\17.0.8.1-win32-x86_64\bin\verify.dll
Event: 4.369 Loaded shared library C:\Users\DELL\AppData\Roaming\Code\User\globalStorage\redhat.java\1.23.0\config_win\org.eclipse.equinox.launcher\org.eclipse.equinox.launcher.win32.win32.x86_64_1.2.700.v20221108-1024\eclipse_11801.dll
Event: 11.238 Loaded shared library C:\Users\DELL\AppData\Local\Temp\jna-2094529\jna4345753633395859618.dll
Event: 16.385 Loaded shared library C:\Users\DELL\.vscode\extensions\redhat.java-1.23.0-win32-x64\jre\17.0.8.1-win32-x86_64\bin\sunmscapi.dll

Deoptimization events (20 events):
Event: 8089.007 Thread 0x000001aac7285180 Uncommon trap: trap_request=0xffffff45 fr.pc=0x000001aab680a5c8 relative=0x0000000000003c48
Event: 8089.007 Thread 0x000001aac7285180 Uncommon trap: reason=unstable_if action=reinterpret pc=0x000001aab680a5c8 method=org.eclipse.jdt.internal.compiler.parser.Parser.consumeRule(I)V @ 1 c2
Event: 8089.007 Thread 0x000001aac7285180 DEOPT PACKING pc=0x000001aab680a5c8 sp=0x00000074fbefe170
Event: 8089.007 Thread 0x000001aac7285180 DEOPT UNPACKING pc=0x000001aab61366a3 sp=0x00000074fbefe100 mode 2
Event: 8089.011 Thread 0x000001aac7285180 Uncommon trap: trap_request=0xffffff45 fr.pc=0x000001aab67e5480 relative=0x0000000000000080
Event: 8089.011 Thread 0x000001aac7285180 Uncommon trap: reason=unstable_if action=reinterpret pc=0x000001aab67e5480 method=org.eclipse.jdt.internal.compiler.parser.Scanner.addTokenToLookBack(I)V @ 1 c2
Event: 8089.011 Thread 0x000001aac7285180 DEOPT PACKING pc=0x000001aab67e5480 sp=0x00000074fbefe070
Event: 8089.011 Thread 0x000001aac7285180 DEOPT UNPACKING pc=0x000001aab61366a3 sp=0x00000074fbefe010 mode 2
Event: 8089.073 Thread 0x000001aac7285180 Uncommon trap: trap_request=0xffffff45 fr.pc=0x000001aab6b16938 relative=0x0000000000000fd8
Event: 8089.073 Thread 0x000001aac7285180 Uncommon trap: reason=unstable_if action=reinterpret pc=0x000001aab6b16938 method=java.util.regex.Pattern.atom()Ljava/util/regex/Pattern$Node; @ 14 c2
Event: 8089.073 Thread 0x000001aac7285180 DEOPT PACKING pc=0x000001aab6b16938 sp=0x00000074fbefd770
Event: 8089.073 Thread 0x000001aac7285180 DEOPT UNPACKING pc=0x000001aab61366a3 sp=0x00000074fbefd748 mode 2
Event: 8089.079 Thread 0x000001aac7285180 Uncommon trap: trap_request=0xffffff45 fr.pc=0x000001aab680240c relative=0x00000000000001ec
Event: 8089.079 Thread 0x000001aac7285180 Uncommon trap: reason=unstable_if action=reinterpret pc=0x000001aab680240c method=java.util.regex.Pattern.RemoveQEQuoting()V @ 41 c2
Event: 8089.079 Thread 0x000001aac7285180 DEOPT PACKING pc=0x000001aab680240c sp=0x00000074fbefde20
Event: 8089.079 Thread 0x000001aac7285180 DEOPT UNPACKING pc=0x000001aab61366a3 sp=0x00000074fbefdd80 mode 2
Event: 8089.137 Thread 0x000001aac7282900 Uncommon trap: trap_request=0xffffff45 fr.pc=0x000001aab691c514 relative=0x00000000000003f4
Event: 8089.137 Thread 0x000001aac7282900 Uncommon trap: reason=unstable_if action=reinterpret pc=0x000001aab691c514 method=org.eclipse.jdt.internal.core.index.DiskIndex.addQueryResults([[C[CILorg/eclipse/jdt/internal/core/index/MemoryIndex;)Lorg/eclipse/jdt/internal/compiler/util/HashtableOfObje
Event: 8089.137 Thread 0x000001aac7282900 DEOPT PACKING pc=0x000001aab691c514 sp=0x00000074fc0fd470
Event: 8089.137 Thread 0x000001aac7282900 DEOPT UNPACKING pc=0x000001aab61366a3 sp=0x00000074fc0fd408 mode 2

Classes unloaded (7 events):
Event: 10.132 Thread 0x000001aabfd9f830 Unloading class 0x0000000100250000 'java/lang/invoke/LambdaForm$MH+0x0000000100250000'
Event: 10.132 Thread 0x000001aabfd9f830 Unloading class 0x000000010024fc00 'java/lang/invoke/LambdaForm$MH+0x000000010024fc00'
Event: 10.132 Thread 0x000001aabfd9f830 Unloading class 0x000000010024f800 'java/lang/invoke/LambdaForm$MH+0x000000010024f800'
Event: 10.132 Thread 0x000001aabfd9f830 Unloading class 0x000000010024f400 'java/lang/invoke/LambdaForm$MH+0x000000010024f400'
Event: 10.132 Thread 0x000001aabfd9f830 Unloading class 0x000000010024f000 'java/lang/invoke/LambdaForm$BMH+0x000000010024f000'
Event: 10.132 Thread 0x000001aabfd9f830 Unloading class 0x000000010024ec00 'java/lang/invoke/LambdaForm$DMH+0x000000010024ec00'
Event: 10.132 Thread 0x000001aabfd9f830 Unloading class 0x000000010024c000 'java/lang/invoke/LambdaForm$DMH+0x000000010024c000'

Classes redefined (0 events):
No events

Internal exceptions (20 events):
Event: 16.278 Thread 0x000001aac7286ad0 Exception <a 'java/lang/NoSuchMethodError'{0x00000000ebb6f8c0}: 'java.lang.Object java.lang.invoke.DirectMethodHandle$Holder.invokeStatic(java.lang.Object, int, java.lang.Object, java.lang.Object, java.lang.Object, java.lang.Object)'> (0x00000000ebb6f8c0) 
thrown [s\src\hotspot\share\interpreter\linkResolver.cpp, line 759]
Event: 16.407 Thread 0x000001aac72819d0 Exception <a 'sun/nio/fs/WindowsException'{0x00000000eaccb3b0}> (0x00000000eaccb3b0) 
thrown [s\src\hotspot\share\prims\jni.cpp, line 516]
Event: 16.583 Thread 0x000001aac7286ad0 Exception <a 'java/lang/ArrayIndexOutOfBoundsException'{0x00000000ebcda6f0}: Index 1490 out of bounds for length 1490> (0x00000000ebcda6f0) 
thrown [s\src\hotspot\share\interpreter\interpreterRuntime.cpp, line 428]
Event: 16.688 Thread 0x000001aac72865c0 Exception <a 'java/io/FileNotFoundException'{0x00000000eaf91328}> (0x00000000eaf91328) 
thrown [s\src\hotspot\share\prims\jni.cpp, line 516]
Event: 17.506 Thread 0x000001aac7286ad0 Exception <a 'java/lang/ArrayIndexOutOfBoundsException'{0x00000000eb3482c8}: Index 1490 out of bounds for length 1490> (0x00000000eb3482c8) 
thrown [s\src\hotspot\share\interpreter\interpreterRuntime.cpp, line 428]
Event: 31.838 Thread 0x000001aac674cf40 Implicit null exception at 0x000001aab6a2be8e to 0x000001aab6a2c1b6
Event: 314.202 Thread 0x000001aac687f160 Exception <a 'java/lang/NoSuchMethodError'{0x00000000eb17b4b0}: 'java.lang.Object java.lang.invoke.DirectMethodHandle$Holder.newInvokeSpecial(java.lang.Object, java.lang.Object, java.lang.Object, java.lang.Object, java.lang.Object, java.lang.Object, java.lang.Object, java.lang.Object)'> (0x00000000eb17b4b0) 
thrown [s\src\hotspot\share\interpreter\linkResolver.cpp, line 759]
Event: 314.203 Thread 0x000001aac687f160 Exception <a 'java/lang/NoSuchMethodError'{0x00000000eb1815f0}: 'java.lang.Object java.lang.invoke.DirectMethodHandle$Holder.invokeSpecial(java.lang.Object, java.lang.Object, java.lang.Object, java.lang.Object, java.lang.Object, java.lang.Object, java.lang.Object, java.lang.Object, java.lang.Object)'> (0x00000000eb1815f0) 
thrown [s\src\hotspot\share\interpreter\linkResolver.cpp, line 759]
Event: 314.203 Thread 0x000001aac687f160 Exception <a 'java/lang/NoSuchMethodError'{0x00000000eb187230}: 'java.lang.Object java.lang.invoke.Invokers$Holder.linkToTargetMethod(java.lang.Object, java.lang.Object, java.lang.Object, java.lang.Object, java.lang.Object, java.lang.Object, java.lang.Object, java.lang.Object)'> (0x00000000eb187230) 
thrown [s\src\hotspot\share\interpreter\linkResolver.cpp, line 759]
Event: 5958.030 Thread 0x000001aac7285690 Exception <a 'java/lang/ArrayIndexOutOfBoundsException'{0x00000000eb1b2358}: Index 65 out of bounds for length 65> (0x00000000eb1b2358) 
thrown [s\src\hotspot\share\interpreter\interpreterRuntime.cpp, line 428]
Event: 6540.664 Thread 0x000001aac7285180 Implicit null exception at 0x000001aab69e52a0 to 0x000001aab69e54d0
Event: 6540.775 Thread 0x000001aac687f670 Exception <a 'sun/nio/fs/WindowsException'{0x00000000eaff7368}> (0x00000000eaff7368) 
thrown [s\src\hotspot\share\prims\jni.cpp, line 516]
Event: 6540.782 Thread 0x000001aac7284c70 Implicit null exception at 0x000001aab66ac6a3 to 0x000001aab66ac8d0
Event: 6541.898 Thread 0x000001aac687f670 Exception <a 'sun/nio/fs/WindowsException'{0x00000000eaf1ec40}> (0x00000000eaf1ec40) 
thrown [s\src\hotspot\share\prims\jni.cpp, line 516]
Event: 6541.913 Thread 0x000001aac687f670 Implicit null exception at 0x000001aab6a509b4 to 0x000001aab6a50dcc
Event: 6541.920 Thread 0x000001aac687f670 Implicit null exception at 0x000001aab6b02f97 to 0x000001aab6b03c10
Event: 6541.920 Thread 0x000001aac687f670 Implicit null exception at 0x000001aab68e4676 to 0x000001aab68e500c
Event: 6620.987 Thread 0x000001aac687f670 Exception <a 'sun/nio/fs/WindowsException'{0x00000000eb0b6e38}> (0x00000000eb0b6e38) 
thrown [s\src\hotspot\share\prims\jni.cpp, line 516]
Event: 6621.399 Thread 0x000001aac687f670 Exception <a 'sun/nio/fs/WindowsException'{0x00000000ead5ab10}> (0x00000000ead5ab10) 
thrown [s\src\hotspot\share\prims\jni.cpp, line 516]
Event: 8089.128 Thread 0x000001aac7282900 Exception <a 'java/lang/ArrayIndexOutOfBoundsException'{0x00000000eaf79d68}: Index 1845 out of bounds for length 1845> (0x00000000eaf79d68) 
thrown [s\src\hotspot\share\interpreter\interpreterRuntime.cpp, line 428]

VM Operations (20 events):
Event: 7636.551 Executing VM operation: HandshakeAllThreads
Event: 7636.551 Executing VM operation: HandshakeAllThreads done
Event: 7756.883 Executing VM operation: HandshakeAllThreads
Event: 7756.883 Executing VM operation: HandshakeAllThreads done
Event: 7937.342 Executing VM operation: HandshakeAllThreads
Event: 7937.342 Executing VM operation: HandshakeAllThreads done
Event: 7997.488 Executing VM operation: HandshakeAllThreads
Event: 7997.488 Executing VM operation: HandshakeAllThreads done
Event: 8057.689 Executing VM operation: HandshakeAllThreads
Event: 8057.689 Executing VM operation: HandshakeAllThreads done
Event: 8086.977 Executing VM operation: Cleanup
Event: 8086.978 Executing VM operation: Cleanup done
Event: 8089.002 Executing VM operation: Cleanup
Event: 8089.003 Executing VM operation: Cleanup done
Event: 8089.012 Executing VM operation: ParallelGCFailedAllocation
Event: 8089.016 Executing VM operation: ParallelGCFailedAllocation done
Event: 8089.052 Executing VM operation: HandshakeAllThreads
Event: 8089.066 Executing VM operation: HandshakeAllThreads done
Event: 8089.127 Executing VM operation: HandshakeAllThreads
Event: 8089.127 Executing VM operation: HandshakeAllThreads done

Events (20 events):
Event: 8089.089 Thread 0x000001aac5050b40 flushing nmethod 0x000001aaaeee3a10
Event: 8089.089 Thread 0x000001aac5050b40 flushing nmethod 0x000001aaaef0a490
Event: 8089.089 Thread 0x000001aac5050b40 flushing nmethod 0x000001aaaef25110
Event: 8089.089 Thread 0x000001aac5050b40 flushing nmethod 0x000001aaaef64610
Event: 8089.101 Thread 0x000001aac5050b40 flushing nmethod 0x000001aaaf65fb10
Event: 8089.104 Thread 0x000001aac5050b40 flushing nmethod 0x000001aaafa11090
Event: 8089.104 Thread 0x000001aac5050b40 flushing nmethod 0x000001aaafa1ad10
Event: 8089.104 Thread 0x000001aac5050b40 flushing nmethod 0x000001aaafa1b190
Event: 8089.104 Thread 0x000001aac5050b40 flushing nmethod 0x000001aaafa1b610
Event: 8089.104 Thread 0x000001aac5050b40 flushing nmethod 0x000001aaafa1ed90
Event: 8089.104 Thread 0x000001aac5050b40 flushing nmethod 0x000001aaafa20190
Event: 8089.104 Thread 0x000001aac5050b40 flushing nmethod 0x000001aaafa28b90
Event: 8089.118 Thread 0x000001aac7282900 Thread added: 0x000001aac7282900
Event: 8089.120 Thread 0x000001aac7283d40 Thread added: 0x000001aac7283d40
Event: 8089.127 loading class java/io/CharArrayReader
Event: 8089.127 loading class java/io/CharArrayReader done
Event: 8089.128 loading class java/util/regex/Pattern$Bound
Event: 8089.128 loading class java/util/regex/Pattern$Bound done
Event: 8089.136 Thread 0x000001aacafb7290 Thread added: 0x000001aacafb7290
Event: 8089.139 Thread 0x000001aac7284250 Thread added: 0x000001aac7284250


Dynamic libraries:
0x00007ff629000000 - 0x00007ff62900e000 	c:\Users\DELL\.vscode\extensions\redhat.java-1.23.0-win32-x64\jre\17.0.8.1-win32-x86_64\bin\java.exe
0x00007ff932e10000 - 0x00007ff933008000 	C:\WINDOWS\SYSTEM32\ntdll.dll
0x00007ff931f20000 - 0x00007ff931fdd000 	C:\WINDOWS\System32\KERNEL32.DLL
0x00007ff9309b0000 - 0x00007ff930ca6000 	C:\WINDOWS\System32\KERNELBASE.dll
0x00007ff9306b0000 - 0x00007ff9307b0000 	C:\WINDOWS\System32\ucrtbase.dll
0x00007ff90cbd0000 - 0x00007ff90cbe7000 	c:\Users\DELL\.vscode\extensions\redhat.java-1.23.0-win32-x64\jre\17.0.8.1-win32-x86_64\bin\jli.dll
0x00007ff931030000 - 0x00007ff9311ce000 	C:\WINDOWS\System32\USER32.dll
0x00007ff930e40000 - 0x00007ff930e62000 	C:\WINDOWS\System32\win32u.dll
0x00007ff932c00000 - 0x00007ff932c2c000 	C:\WINDOWS\System32\GDI32.dll
0x00007ff914270000 - 0x00007ff914289000 	c:\Users\DELL\.vscode\extensions\redhat.java-1.23.0-win32-x64\jre\17.0.8.1-win32-x86_64\bin\VCRUNTIME140.dll
0x00007ff920120000 - 0x00007ff9203ba000 	C:\WINDOWS\WinSxS\amd64_microsoft.windows.common-controls_6595b64144ccf1df_6.0.19041.1110_none_60b5254171f9507e\COMCTL32.dll
0x00007ff930590000 - 0x00007ff9306aa000 	C:\WINDOWS\System32\gdi32full.dll
0x00007ff9304f0000 - 0x00007ff93058d000 	C:\WINDOWS\System32\msvcp_win.dll
0x00007ff932d30000 - 0x00007ff932dce000 	C:\WINDOWS\System32\msvcrt.dll
0x00007ff930e70000 - 0x00007ff930ea0000 	C:\WINDOWS\System32\IMM32.DLL
0x00007ff91b6e0000 - 0x00007ff91b6ec000 	c:\Users\DELL\.vscode\extensions\redhat.java-1.23.0-win32-x64\jre\17.0.8.1-win32-x86_64\bin\vcruntime140_1.dll
0x00007ff8ee490000 - 0x00007ff8ee521000 	c:\Users\DELL\.vscode\extensions\redhat.java-1.23.0-win32-x64\jre\17.0.8.1-win32-x86_64\bin\msvcp140.dll
0x00007ff8b2dd0000 - 0x00007ff8b3a1c000 	c:\Users\DELL\.vscode\extensions\redhat.java-1.23.0-win32-x64\jre\17.0.8.1-win32-x86_64\bin\server\jvm.dll
0x00007ff932b50000 - 0x00007ff932bfe000 	C:\WINDOWS\System32\ADVAPI32.dll
0x00007ff930f90000 - 0x00007ff93102c000 	C:\WINDOWS\System32\sechost.dll
0x00007ff932840000 - 0x00007ff932966000 	C:\WINDOWS\System32\RPCRT4.dll
0x00007ff92faa0000 - 0x00007ff92faeb000 	C:\WINDOWS\SYSTEM32\POWRPROF.dll
0x00007ff91f1b0000 - 0x00007ff91f1b9000 	C:\WINDOWS\SYSTEM32\WSOCK32.dll
0x00007ff932cc0000 - 0x00007ff932d2b000 	C:\WINDOWS\System32\WS2_32.dll
0x00007ff922100000 - 0x00007ff922127000 	C:\WINDOWS\SYSTEM32\WINMM.dll
0x00007ff929cc0000 - 0x00007ff929cca000 	C:\WINDOWS\SYSTEM32\VERSION.dll
0x00007ff92f910000 - 0x00007ff92f922000 	C:\WINDOWS\SYSTEM32\UMPDC.dll
0x00007ff92ed60000 - 0x00007ff92ed72000 	C:\WINDOWS\SYSTEM32\kernel.appcore.dll
0x00007ff919a10000 - 0x00007ff919a1a000 	c:\Users\DELL\.vscode\extensions\redhat.java-1.23.0-win32-x64\jre\17.0.8.1-win32-x86_64\bin\jimage.dll
0x00007ff92e880000 - 0x00007ff92ea64000 	C:\WINDOWS\SYSTEM32\DBGHELP.DLL
0x00007ff91e960000 - 0x00007ff91e994000 	C:\WINDOWS\SYSTEM32\dbgcore.DLL
0x00007ff930920000 - 0x00007ff9309a2000 	C:\WINDOWS\System32\bcryptPrimitives.dll
0x00007ff919780000 - 0x00007ff91978e000 	c:\Users\DELL\.vscode\extensions\redhat.java-1.23.0-win32-x64\jre\17.0.8.1-win32-x86_64\bin\instrument.dll
0x00007ff8fbc60000 - 0x00007ff8fbc85000 	c:\Users\DELL\.vscode\extensions\redhat.java-1.23.0-win32-x64\jre\17.0.8.1-win32-x86_64\bin\java.dll
0x00007ff901290000 - 0x00007ff9012a8000 	c:\Users\DELL\.vscode\extensions\redhat.java-1.23.0-win32-x64\jre\17.0.8.1-win32-x86_64\bin\zip.dll
0x00007ff931720000 - 0x00007ff931e65000 	C:\WINDOWS\System32\SHELL32.dll
0x00007ff92e010000 - 0x00007ff92e7ab000 	C:\WINDOWS\SYSTEM32\windows.storage.dll
0x00007ff932170000 - 0x00007ff9324c4000 	C:\WINDOWS\System32\combase.dll
0x00007ff92ff30000 - 0x00007ff92ff5e000 	C:\WINDOWS\SYSTEM32\Wldp.dll
0x00007ff9329d0000 - 0x00007ff932a7d000 	C:\WINDOWS\System32\SHCORE.dll
0x00007ff932970000 - 0x00007ff9329c5000 	C:\WINDOWS\System32\shlwapi.dll
0x00007ff930420000 - 0x00007ff930445000 	C:\WINDOWS\SYSTEM32\profapi.dll
0x00007ff900820000 - 0x00007ff900839000 	C:\Users\DELL\.vscode\extensions\redhat.java-1.23.0-win32-x64\jre\17.0.8.1-win32-x86_64\bin\net.dll
0x00007ff927570000 - 0x00007ff92767a000 	C:\WINDOWS\SYSTEM32\WINHTTP.dll
0x00007ff92fc90000 - 0x00007ff92fcfa000 	C:\WINDOWS\system32\mswsock.dll
0x00007ff9004e0000 - 0x00007ff9004f5000 	C:\Users\DELL\.vscode\extensions\redhat.java-1.23.0-win32-x64\jre\17.0.8.1-win32-x86_64\bin\nio.dll
0x00007ff919520000 - 0x00007ff919530000 	c:\Users\DELL\.vscode\extensions\redhat.java-1.23.0-win32-x64\jre\17.0.8.1-win32-x86_64\bin\verify.dll
0x00007ff8faf40000 - 0x00007ff8faf7e000 	C:\Users\DELL\AppData\Roaming\Code\User\globalStorage\redhat.java\1.23.0\config_win\org.eclipse.equinox.launcher\org.eclipse.equinox.launcher.win32.win32.x86_64_1.2.700.v20221108-1024\eclipse_11801.dll
0x00007ff932710000 - 0x00007ff93283a000 	C:\WINDOWS\System32\ole32.dll
0x00007ff92fe90000 - 0x00007ff92fea8000 	C:\WINDOWS\SYSTEM32\CRYPTSP.dll
0x00007ff92f4d0000 - 0x00007ff92f504000 	C:\WINDOWS\system32\rsaenh.dll
0x00007ff930e10000 - 0x00007ff930e37000 	C:\WINDOWS\System32\bcrypt.dll
0x00007ff9303a0000 - 0x00007ff9303ce000 	C:\WINDOWS\SYSTEM32\USERENV.dll
0x00007ff92fe80000 - 0x00007ff92fe8c000 	C:\WINDOWS\SYSTEM32\CRYPTBASE.dll
0x00007ff92f930000 - 0x00007ff92f96b000 	C:\WINDOWS\SYSTEM32\IPHLPAPI.DLL
0x00007ff931fe0000 - 0x00007ff931fe8000 	C:\WINDOWS\System32\NSI.dll
0x00007ff929590000 - 0x00007ff9295a7000 	C:\WINDOWS\SYSTEM32\dhcpcsvc6.DLL
0x00007ff929570000 - 0x00007ff92958d000 	C:\WINDOWS\SYSTEM32\dhcpcsvc.DLL
0x00007ff92f970000 - 0x00007ff92fa3a000 	C:\WINDOWS\SYSTEM32\DNSAPI.dll
0x00007ff8f9750000 - 0x00007ff8f9795000 	C:\Users\DELL\AppData\Local\Temp\jna-2094529\jna4345753633395859618.dll
0x00007ff932cb0000 - 0x00007ff932cb8000 	C:\WINDOWS\System32\PSAPI.DLL
0x00007ff918040000 - 0x00007ff91804e000 	C:\Users\DELL\.vscode\extensions\redhat.java-1.23.0-win32-x64\jre\17.0.8.1-win32-x86_64\bin\sunmscapi.dll
0x00007ff930cb0000 - 0x00007ff930e0e000 	C:\WINDOWS\System32\CRYPT32.dll
0x00007ff92ffa0000 - 0x00007ff92ffc8000 	C:\WINDOWS\SYSTEM32\ncrypt.dll
0x00007ff92ff60000 - 0x00007ff92ff9b000 	C:\WINDOWS\SYSTEM32\NTASN1.dll

dbghelp: loaded successfully - version: 4.0.5 - missing functions: none
symbol engine: initialized successfully - sym options: 0x614 - pdb path: .;c:\Users\DELL\.vscode\extensions\redhat.java-1.23.0-win32-x64\jre\17.0.8.1-win32-x86_64\bin;C:\WINDOWS\SYSTEM32;C:\WINDOWS\WinSxS\amd64_microsoft.windows.common-controls_6595b64144ccf1df_6.0.19041.1110_none_60b5254171f9507e;c:\Users\DELL\.vscode\extensions\redhat.java-1.23.0-win32-x64\jre\17.0.8.1-win32-x86_64\bin\server;C:\Users\DELL\AppData\Roaming\Code\User\globalStorage\redhat.java\1.23.0\config_win\org.eclipse.equinox.launcher\org.eclipse.equinox.launcher.win32.win32.x86_64_1.2.700.v20221108-1024;C:\Users\DELL\AppData\Local\Temp\jna-2094529

VM Arguments:
jvm_args: --add-modules=ALL-SYSTEM --add-opens=java.base/java.util=ALL-UNNAMED --add-opens=java.base/java.lang=ALL-UNNAMED --add-opens=java.base/sun.nio.fs=ALL-UNNAMED -Declipse.application=org.eclipse.jdt.ls.core.id1 -Dosgi.bundles.defaultStartLevel=4 -Declipse.product=org.eclipse.jdt.ls.core.product -Djava.import.generatesMetadataFilesAtProjectRoot=false -DDetectVMInstallationsJob.disabled=true -Dfile.encoding=utf8 -XX:+UseParallelGC -XX:GCTimeRatio=4 -XX:AdaptiveSizePolicyWeight=90 -Dsun.zip.disableMemoryMapping=true -Xmx1G -Xms100m -Xlog:disable -javaagent:c:\Users\DELL\.vscode\extensions\redhat.java-1.23.0-win32-x64\lombok\lombok-1.18.30.jar -XX:+HeapDumpOnOutOfMemoryError -XX:HeapDumpPath=c:\Users\DELL\AppData\Roaming\Code\User\workspaceStorage\72c155e9b7a7fa28bd4b3a5f12094ced\redhat.java -Daether.dependencyCollector.impl=bf 
java_command: c:\Users\DELL\.vscode\extensions\redhat.java-1.23.0-win32-x64\server\plugins\org.eclipse.equinox.launcher_1.6.500.v20230717-2134.jar -configuration c:\Users\DELL\AppData\Roaming\Code\User\globalStorage\redhat.java\1.23.0\config_win -data c:\Users\DELL\AppData\Roaming\Code\User\workspaceStorage\72c155e9b7a7fa28bd4b3a5f12094ced\redhat.java\jdt_ws
java_class_path (initial): c:\Users\DELL\.vscode\extensions\redhat.java-1.23.0-win32-x64\server\plugins\org.eclipse.equinox.launcher_1.6.500.v20230717-2134.jar
Launcher Type: SUN_STANDARD

[Global flags]
    uintx AdaptiveSizePolicyWeight                 = 90                                        {product} {command line}
     intx CICompilerCount                          = 4                                         {product} {ergonomic}
    uintx GCTimeRatio                              = 4                                         {product} {command line}
     bool HeapDumpOnOutOfMemoryError               = true                                   {manageable} {command line}
    ccstr HeapDumpPath                             = c:\Users\DELL\AppData\Roaming\Code\User\workspaceStorage\72c155e9b7a7fa28bd4b3a5f12094ced\redhat.java         {manageable} {command line}
   size_t InitialHeapSize                          = 104857600                                 {product} {command line}
   size_t MaxHeapSize                              = 1073741824                                {product} {command line}
   size_t MaxNewSize                               = 357564416                                 {product} {ergonomic}
   size_t MinHeapDeltaBytes                        = 524288                                    {product} {ergonomic}
   size_t MinHeapSize                              = 104857600                                 {product} {command line}
   size_t NewSize                                  = 34603008                                  {product} {ergonomic}
    uintx NonNMethodCodeHeapSize                   = 5839372                                {pd product} {ergonomic}
    uintx NonProfiledCodeHeapSize                  = 122909434                              {pd product} {ergonomic}
   size_t OldSize                                  = 70254592                                  {product} {ergonomic}
    uintx ProfiledCodeHeapSize                     = 122909434                              {pd product} {ergonomic}
    uintx ReservedCodeCacheSize                    = 251658240                              {pd product} {ergonomic}
     bool SegmentedCodeCache                       = true                                      {product} {ergonomic}
   size_t SoftMaxHeapSize                          = 1073741824                             {manageable} {ergonomic}
     bool UseCompressedClassPointers               = true                           {product lp64_product} {ergonomic}
     bool UseCompressedOops                        = true                           {product lp64_product} {ergonomic}
     bool UseLargePagesIndividualAllocation        = false                                  {pd product} {ergonomic}
     bool UseParallelGC                            = true                                      {product} {command line}

Logging:
Log output configuration:
 #0: stdout all=off uptime,level,tags
 #1: stderr all=off uptime,level,tags

Environment Variables:
PATH=C:\Program Files\Common Files\Oracle\Java\javapath;E:\VM\bin\;C:\Program Files (x86)\Common Files\Oracle\Java\javapath;C:\Windows\system32;C:\Windows;C:\Windows\System32\Wbem;C:\Windows\System32\WindowsPowerShell\v1.0\;C:\Program Files (x86)\NVIDIA Corporation\PhysX\Common;C:\WINDOWS\system32;C:\WINDOWS;C:\WINDOWS\System32\Wbem;C:\WINDOWS\System32\WindowsPowerShell\v1.0\;C:\WINDOWS\System32\OpenSSH\;C:\Program Files (x86)\Bitvise SSH Client;C:\Program Files\Git\cmd;C:\Program Files\nodejs\;C:\Program Files (x86)\Intel\Intel(R) Management Engine Components\DAL;C:\Program Files\Intel\Intel(R) Management Engine Components\DAL;C:\Program Files\dotnet\;C:\Users\DELL\AppData\Local\Programs\Python\Python311\;C:\Users\DELL\AppData\Local\Programs\Python\Python311\Scripts\;C:\Program Files\Java\jdk-20\bin;C:\Users\DELL\AppData\Local\Programs\Python\Python311\Scripts\;C:\Users\DELL\AppData\Local\Programs\Python\Python311\;C:\Users\DELL\AppData\Local\Microsoft\WindowsApps;C:\Program Files (x86)\Nmap;C:\Users\DELL\AppData\Roaming\npm;C:\Users\DELL\AppData\Local\Programs\Microsoft VS Code\bin;C:\Program Files\heroku\bin;C:\Program Files\JetBrains\PyCharm Community Edition 2020.3.3\bin;;C:\Program Files\Java\jdk-20\bin\;C:\Users\DELL\AppData\Local\GitHubDesktop\bin
USERNAME=DELL
OS=Windows_NT
PROCESSOR_IDENTIFIER=Intel64 Family 6 Model 158 Stepping 9, GenuineIntel
TMP=C:\Users\DELL\AppData\Local\Temp
TEMP=C:\Users\DELL\AppData\Local\Temp



---------------  S Y S T E M  ---------------

OS:
 Windows 10 , 64 bit Build 19041 (10.0.19041.3393)
OS uptime: 1 days 10:01 hours

CPU: total 8 (initial active 8) (4 cores per cpu, 2 threads per core) family 6 model 158 stepping 9 microcode 0xb4, cx8, cmov, fxsr, ht, mmx, 3dnowpref, sse, sse2, sse3, ssse3, sse4.1, sse4.2, popcnt, lzcnt, tsc, tscinvbit, avx, avx2, aes, erms, clmul, bmi1, bmi2, adx, fma, vzeroupper, clflush, clflushopt
Processor Information for all 8 processors :
  Max Mhz: 2801, Current Mhz: 2800, Mhz Limit: 2772

Memory: 4k page, system-wide physical 8053M (1000M free)
TotalPageFile size 12149M (AvailPageFile size 0M)
current process WorkingSet (physical memory assigned to process): 204M, peak: 321M
current process commit charge ("private bytes"): 360M, peak: 390M

vm_info: OpenJDK 64-Bit Server VM (17.0.8.1+1) for windows-amd64 JRE (17.0.8.1+1), built on Aug 23 2023 15:29:17 by "admin" with MS VC++ 16.7 (VS2019)

END.
