#
# There is insufficient memory for the Java Runtime Environment to continue.
# Native memory allocation (mmap) failed to map 65536 bytes for Failed to commit metaspace.
# Possible reasons:
#   The system is out of physical RAM or swap space
#   The process is running with CompressedOops enabled, and the Java Heap may be blocking the growth of the native heap
# Possible solutions:
#   Reduce memory load on the system
#   Increase physical memory or swap space
#   Check if swap backing store is full
#   Decrease Java heap size (-Xmx/-Xms)
#   Decrease number of Java threads
#   Decrease Java thread stack sizes (-Xss)
#   Set larger code cache with -XX:ReservedCodeCacheSize=
#   JVM is running with Unscaled Compressed Oops mode in which the Java heap is
#     placed in the first 4GB address space. The Java Heap base address is the
#     maximum limit for the native heap growth. Please use -XX:HeapBaseMinAddress
#     to set the Java Heap base and to place the Java Heap above 4GB virtual address.
# This output file may be truncated or incomplete.
#
#  Out of Memory Error (virtualSpaceNode.cpp:110), pid=18816, tid=5640
#
# JRE version: OpenJDK Runtime Environment Temurin-17.0.8.1+1 (17.0.8.1+1) (build 17.0.8.1+1)
# Java VM: OpenJDK 64-Bit Server VM Temurin-17.0.8.1+1 (17.0.8.1+1, mixed mode, tiered, compressed oops, compressed class ptrs, parallel gc, windows-amd64)
# No core dump will be written. Minidumps are not enabled by default on client versions of Windows
#

---------------  S U M M A R Y ------------

Command Line: --add-modules=ALL-SYSTEM --add-opens=java.base/java.util=ALL-UNNAMED --add-opens=java.base/java.lang=ALL-UNNAMED --add-opens=java.base/sun.nio.fs=ALL-UNNAMED -Declipse.application=org.eclipse.jdt.ls.core.id1 -Dosgi.bundles.defaultStartLevel=4 -Declipse.product=org.eclipse.jdt.ls.core.product -Djava.import.generatesMetadataFilesAtProjectRoot=false -DDetectVMInstallationsJob.disabled=true -Dfile.encoding=utf8 -XX:+UseParallelGC -XX:GCTimeRatio=4 -XX:AdaptiveSizePolicyWeight=90 -Dsun.zip.disableMemoryMapping=true -Xmx1G -Xms100m -Xlog:disable -javaagent:c:\Users\DELL\.vscode\extensions\redhat.java-1.23.0-win32-x64\lombok\lombok-1.18.30.jar c:\Users\DELL\.vscode\extensions\redhat.java-1.23.0-win32-x64\server\plugins\org.eclipse.equinox.launcher_1.6.500.v20230717-2134.jar -configuration c:\Users\DELL\AppData\Roaming\Code\User\globalStorage\redhat.java\1.23.0\config_ss_win -data c:\Users\DELL\AppData\Roaming\Code\User\workspaceStorage\72c155e9b7a7fa28bd4b3a5f12094ced\redhat.java\ss_ws

Host: Intel(R) Core(TM) i7-7700HQ CPU @ 2.80GHz, 8 cores, 7G,  Windows 10 , 64 bit Build 19041 (10.0.19041.3393)
Time: Tue Oct 10 17:09:47 2023 India Standard Time elapsed time: 0.832574 seconds (0d 0h 0m 0s)

---------------  T H R E A D  ---------------

Current thread (0x0000023a392ec9e0):  JavaThread "main" [_thread_in_vm, id=5640, stack(0x000000e5c0400000,0x000000e5c0500000)]

Stack: [0x000000e5c0400000,0x000000e5c0500000]
Native frames: (J=compiled Java code, j=interpreted, Vv=VM code, C=native code)
V  [jvm.dll+0x678b0a]
V  [jvm.dll+0x835e84]
V  [jvm.dll+0x83762e]
V  [jvm.dll+0x837c93]
V  [jvm.dll+0x24746f]
V  [jvm.dll+0x831f1b]
V  [jvm.dll+0x61d3c6]
V  [jvm.dll+0x1c1aae]
V  [jvm.dll+0x61fd21]
V  [jvm.dll+0x61dd66]
V  [jvm.dll+0x23ce50]
V  [jvm.dll+0x1ec2ed]
V  [jvm.dll+0x1e1d21]
V  [jvm.dll+0x53fba0]
V  [jvm.dll+0x7b1278]
V  [jvm.dll+0x7b1364]
V  [jvm.dll+0x40ecc5]
V  [jvm.dll+0x414e18]
C  [java.dll+0x17ec]

Java frames: (J=compiled Java code, j=interpreted, Vv=VM code)
j  java.lang.ClassLoader.defineClass1(Ljava/lang/ClassLoader;Ljava/lang/String;[BIILjava/security/ProtectionDomain;Ljava/lang/String;)Ljava/lang/Class;+0 java.base@17.0.8.1
j  java.lang.ClassLoader.defineClass(Ljava/lang/String;[BIILjava/security/ProtectionDomain;)Ljava/lang/Class;+27 java.base@17.0.8.1
j  java.security.SecureClassLoader.defineClass(Ljava/lang/String;[BIILjava/security/CodeSource;)Ljava/lang/Class;+12 java.base@17.0.8.1
j  java.net.URLClassLoader.defineClass(Ljava/lang/String;Ljdk/internal/loader/Resource;)Ljava/lang/Class;+221 java.base@17.0.8.1
j  java.net.URLClassLoader$1.run()Ljava/lang/Class;+43 java.base@17.0.8.1
j  java.net.URLClassLoader$1.run()Ljava/lang/Object;+1 java.base@17.0.8.1
j  java.security.AccessController.executePrivileged(Ljava/security/PrivilegedExceptionAction;Ljava/security/AccessControlContext;Ljava/lang/Class;)Ljava/lang/Object;+29 java.base@17.0.8.1
j  java.security.AccessController.doPrivileged(Ljava/security/PrivilegedExceptionAction;Ljava/security/AccessControlContext;)Ljava/lang/Object;+13 java.base@17.0.8.1
j  java.net.URLClassLoader.findClass(Ljava/lang/String;)Ljava/lang/Class;+13 java.base@17.0.8.1
j  java.lang.ClassLoader.loadClass(Ljava/lang/String;Z)Ljava/lang/Class;+69 java.base@17.0.8.1
J 774 c1 java.lang.ClassLoader.loadClass(Ljava/lang/String;)Ljava/lang/Class; java.base@17.0.8.1 (7 bytes) @ 0x0000023a3c0ad23c [0x0000023a3c0ad140+0x00000000000000fc]
v  ~StubRoutines::call_stub
j  org.eclipse.osgi.internal.log.EquinoxLogServices.<init>(Lorg/eclipse/osgi/internal/framework/EquinoxConfiguration;)V+147
j  org.eclipse.osgi.internal.framework.EquinoxContainer.<init>(Ljava/util/Map;Lorg/osgi/framework/connect/ModuleConnector;)V+96
j  org.eclipse.osgi.launch.Equinox.<init>(Ljava/util/Map;Lorg/osgi/framework/connect/ModuleConnector;)V+10
j  org.eclipse.osgi.launch.Equinox.<init>(Ljava/util/Map;)V+3
j  org.eclipse.core.runtime.adaptor.EclipseStarter.startup([Ljava/lang/String;Ljava/lang/Runnable;)Lorg/osgi/framework/BundleContext;+28
j  org.eclipse.core.runtime.adaptor.EclipseStarter.run([Ljava/lang/String;Ljava/lang/Runnable;)Ljava/lang/Object;+21
v  ~StubRoutines::call_stub
j  jdk.internal.reflect.NativeMethodAccessorImpl.invoke0(Ljava/lang/reflect/Method;Ljava/lang/Object;[Ljava/lang/Object;)Ljava/lang/Object;+0 java.base@17.0.8.1
j  jdk.internal.reflect.NativeMethodAccessorImpl.invoke(Ljava/lang/Object;[Ljava/lang/Object;)Ljava/lang/Object;+133 java.base@17.0.8.1
j  jdk.internal.reflect.DelegatingMethodAccessorImpl.invoke(Ljava/lang/Object;[Ljava/lang/Object;)Ljava/lang/Object;+6 java.base@17.0.8.1
j  java.lang.reflect.Method.invoke(Ljava/lang/Object;[Ljava/lang/Object;)Ljava/lang/Object;+59 java.base@17.0.8.1
j  org.eclipse.equinox.launcher.Main.invokeFramework([Ljava/lang/String;[Ljava/net/URL;)V+201
j  org.eclipse.equinox.launcher.Main.basicRun([Ljava/lang/String;)V+159
j  org.eclipse.equinox.launcher.Main.run([Ljava/lang/String;)I+4
j  org.eclipse.equinox.launcher.Main.main([Ljava/lang/String;)V+10
v  ~StubRoutines::call_stub

---------------  P R O C E S S  ---------------

Threads class SMR info:
_java_thread_list=0x0000023a533f34d0, length=13, elements={
0x0000023a392ec9e0, 0x0000023a4d158790, 0x0000023a4d15a030, 0x0000023a4d165b40,
0x0000023a4d1665d0, 0x0000023a4d167bf0, 0x0000023a524b1020, 0x0000023a524b6130,
0x0000023a524b7a50, 0x0000023a524b9d00, 0x0000023a524ba210, 0x0000023a52678f10,
0x0000023a524bb650
}

Java Threads: ( => current thread )
=>0x0000023a392ec9e0 JavaThread "main" [_thread_in_vm, id=5640, stack(0x000000e5c0400000,0x000000e5c0500000)]
  0x0000023a4d158790 JavaThread "Reference Handler" daemon [_thread_blocked, id=16452, stack(0x000000e5c0700000,0x000000e5c0800000)]
  0x0000023a4d15a030 JavaThread "Finalizer" daemon [_thread_blocked, id=18996, stack(0x000000e5c0800000,0x000000e5c0900000)]
  0x0000023a4d165b40 JavaThread "Signal Dispatcher" daemon [_thread_blocked, id=12396, stack(0x000000e5c0900000,0x000000e5c0a00000)]
  0x0000023a4d1665d0 JavaThread "Attach Listener" daemon [_thread_blocked, id=13888, stack(0x000000e5c0a00000,0x000000e5c0b00000)]
  0x0000023a4d167bf0 JavaThread "Service Thread" daemon [_thread_blocked, id=13824, stack(0x000000e5c0b00000,0x000000e5c0c00000)]
  0x0000023a524b1020 JavaThread "Monitor Deflation Thread" daemon [_thread_blocked, id=21876, stack(0x000000e5c0c00000,0x000000e5c0d00000)]
  0x0000023a524b6130 JavaThread "C2 CompilerThread0" daemon [_thread_in_native, id=700, stack(0x000000e5c0d00000,0x000000e5c0e00000)]
  0x0000023a524b7a50 JavaThread "C1 CompilerThread0" daemon [_thread_blocked, id=13848, stack(0x000000e5c0e00000,0x000000e5c0f00000)]
  0x0000023a524b9d00 JavaThread "Sweeper thread" daemon [_thread_blocked, id=22996, stack(0x000000e5c0f00000,0x000000e5c1000000)]
  0x0000023a524ba210 JavaThread "Common-Cleaner" daemon [_thread_blocked, id=16680, stack(0x000000e5c1000000,0x000000e5c1100000)]
  0x0000023a52678f10 JavaThread "C2 CompilerThread1" daemon [_thread_blocked, id=16500, stack(0x000000e5c1100000,0x000000e5c1200000)]
  0x0000023a524bb650 JavaThread "Notification Thread" daemon [_thread_blocked, id=16208, stack(0x000000e5c1200000,0x000000e5c1300000)]

Other Threads:
  0x0000023a393ae790 VMThread "VM Thread" [stack: 0x000000e5c0600000,0x000000e5c0700000] [id=2616]
  0x0000023a533fdbc0 WatcherThread [stack: 0x000000e5c1300000,0x000000e5c1400000] [id=19420]
  0x0000023a393052c0 GCTaskThread "GC Thread#0" [stack: 0x000000e5c0500000,0x000000e5c0600000] [id=11452]

Threads with active compile tasks:
C2 CompilerThread0      854  781   !   4       java.util.jar.Attributes::read (498 bytes)

VM state: not at safepoint (normal execution)

VM Mutex/Monitor currently owned by a thread:  ([mutex/lock_event])
[0x0000023a392e7470] Metaspace_lock - owner thread: 0x0000023a392ec9e0

Heap address: 0x00000000c0000000, size: 1024 MB, Compressed Oops mode: 32-bit

CDS archive(s) not mapped
Compressed class space mapped at: 0x0000000100000000-0x0000000140000000, reserved size: 1073741824
Narrow klass base: 0x0000000000000000, Narrow klass shift: 3, Narrow klass range: 0x140000000

GC Precious Log:
 CPUs: 8 total, 8 available
 Memory: 8053M
 Large Page Support: Disabled
 NUMA Support: Disabled
 Compressed Oops: Enabled (32-bit)
 Alignments: Space 512K, Generation 512K, Heap 2M
 Heap Min Capacity: 100M
 Heap Initial Capacity: 100M
 Heap Max Capacity: 1G
 Pre-touch: Disabled
 Parallel Workers: 8

Heap:
 PSYoungGen      total 29696K, used 23177K [0x00000000eab00000, 0x00000000ecc00000, 0x0000000100000000)
  eden space 25600K, 90% used [0x00000000eab00000,0x00000000ec1a2618,0x00000000ec400000)
  from space 4096K, 0% used [0x00000000ec800000,0x00000000ec800000,0x00000000ecc00000)
  to   space 4096K, 0% used [0x00000000ec400000,0x00000000ec400000,0x00000000ec800000)
 ParOldGen       total 68608K, used 0K [0x00000000c0000000, 0x00000000c4300000, 0x00000000eab00000)
  object space 68608K, 0% used [0x00000000c0000000,0x00000000c0000000,0x00000000c4300000)
 Metaspace       used 10281K, committed 10368K, reserved 1114112K
  class space    used 1020K, committed 1088K, reserved 1048576K

Card table byte_map: [0x0000023a38cc0000,0x0000023a38ed0000] _byte_map_base: 0x0000023a386c0000

Marking Bits: (ParMarkBitMap*) 0x00007ff8f49083a0
 Begin Bits: [0x0000023a4af70000, 0x0000023a4bf70000)
 End Bits:   [0x0000023a4bf70000, 0x0000023a4cf70000)

Polling page: 0x0000023a38ab0000

Metaspace:

Usage:
  Non-class:      9.04 MB used.
      Class:   1020.41 KB used.
       Both:     10.04 MB used.

Virtual space:
  Non-class space:       64.00 MB reserved,       9.06 MB ( 14%) committed,  1 nodes.
      Class space:        1.00 GB reserved,       1.06 MB ( <1%) committed,  1 nodes.
             Both:        1.06 GB reserved,      10.12 MB ( <1%) committed. 

Chunk freelists:
   Non-Class:  6.55 MB
       Class:  14.98 MB
        Both:  21.53 MB

MaxMetaspaceSize: unlimited
CompressedClassSpaceSize: 1.00 GB
Initial GC threshold: 21.00 MB
Current GC threshold: 21.00 MB
CDS: off
MetaspaceReclaimPolicy: balanced
 - commit_granule_bytes: 65536.
 - commit_granule_words: 8192.
 - virtual_space_node_default_size: 8388608.
 - enlarge_chunks_in_place: 1.
 - new_chunks_are_fully_committed: 0.
 - uncommit_free_chunks: 1.
 - use_allocation_guard: 0.
 - handle_deallocations: 1.


Internal statistics:

num_allocs_failed_limit: 0.
num_arena_births: 14.
num_arena_deaths: 0.
num_vsnodes_births: 2.
num_vsnodes_deaths: 0.
num_space_committed: 162.
num_space_uncommitted: 0.
num_chunks_returned_to_freelist: 0.
num_chunks_taken_from_freelist: 72.
num_chunk_merges: 0.
num_chunk_splits: 45.
num_chunks_enlarged: 37.
num_inconsistent_stats: 0.

CodeHeap 'non-profiled nmethods': size=120000Kb used=326Kb max_used=326Kb free=119673Kb
 bounds [0x0000023a43a40000, 0x0000023a43cb0000, 0x0000023a4af70000]
CodeHeap 'profiled nmethods': size=120000Kb used=1370Kb max_used=1370Kb free=118629Kb
 bounds [0x0000023a3bf70000, 0x0000023a3c1e0000, 0x0000023a434a0000]
CodeHeap 'non-nmethods': size=5760Kb used=1140Kb max_used=1163Kb free=4620Kb
 bounds [0x0000023a434a0000, 0x0000023a43710000, 0x0000023a43a40000]
 total_blobs=1268 nmethods=839 adapters=344
 compilation: enabled
              stopped_count=0, restarted_count=0
 full_count=0

Compilation events (20 events):
Event: 0.815 Thread 0x0000023a524b7a50  832       1       java.lang.String::value (5 bytes)
Event: 0.815 Thread 0x0000023a524b7a50 nmethod 832 0x0000023a43a8e290 code [0x0000023a43a8e420, 0x0000023a43a8e4f8]
Event: 0.819 Thread 0x0000023a524b7a50  834   !   3       jdk.internal.loader.BuiltinClassLoader::loadClassOrNull (143 bytes)
Event: 0.821 Thread 0x0000023a524b7a50 nmethod 834 0x0000023a3c0c2910 code [0x0000023a3c0c2c40, 0x0000023a3c0c4138]
Event: 0.821 Thread 0x0000023a524b7a50  835       1       java.util.zip.ZipEntry::getSize (5 bytes)
Event: 0.821 Thread 0x0000023a524b7a50 nmethod 835 0x0000023a43a8e990 code [0x0000023a43a8eb20, 0x0000023a43a8ebf8]
Event: 0.821 Thread 0x0000023a524b7a50  836       3       java.lang.StringConcatHelper::stringOf (20 bytes)
Event: 0.822 Thread 0x0000023a524b7a50 nmethod 836 0x0000023a3c0c4990 code [0x0000023a3c0c4b40, 0x0000023a3c0c4d68]
Event: 0.822 Thread 0x0000023a524b7a50  837       3       java.lang.StringConcatHelper::mix (27 bytes)
Event: 0.822 Thread 0x0000023a524b7a50 nmethod 837 0x0000023a3c0c4e10 code [0x0000023a3c0c4fe0, 0x0000023a3c0c53e8]
Event: 0.822 Thread 0x0000023a524b7a50  838       3       java.lang.StringConcatHelper::checkOverflow (17 bytes)
Event: 0.822 Thread 0x0000023a524b7a50 nmethod 838 0x0000023a3c0c5590 code [0x0000023a3c0c5740, 0x0000023a3c0c5928]
Event: 0.822 Thread 0x0000023a524b7a50  839       3       java.lang.StringConcatHelper::prepend (37 bytes)
Event: 0.822 Thread 0x0000023a524b7a50 nmethod 839 0x0000023a3c0c5a10 code [0x0000023a3c0c5be0, 0x0000023a3c0c5eb8]
Event: 0.824 Thread 0x0000023a524b7a50  840       1       java.nio.HeapByteBuffer::isDirect (2 bytes)
Event: 0.824 Thread 0x0000023a524b7a50 nmethod 840 0x0000023a43a8ec90 code [0x0000023a43a8ee20, 0x0000023a43a8eef8]
Event: 0.824 Thread 0x0000023a524b7a50  841   !   3       java.util.zip.ZipFile$ZipFileInputStream::close (59 bytes)
Event: 0.824 Thread 0x0000023a524b7a50 nmethod 841 0x0000023a3c0c6010 code [0x0000023a3c0c61c0, 0x0000023a3c0c6528]
Event: 0.824 Thread 0x0000023a524b7a50  842       3       java.util.Collections$SetFromMap::remove (19 bytes)
Event: 0.824 Thread 0x0000023a524b7a50 nmethod 842 0x0000023a3c0c6710 code [0x0000023a3c0c68c0, 0x0000023a3c0c6ae8]

GC Heap History (0 events):
No events

Dll operation events (8 events):
Event: 0.010 Loaded shared library c:\Users\DELL\.vscode\extensions\redhat.java-1.23.0-win32-x64\jre\17.0.8.1-win32-x86_64\bin\java.dll
Event: 0.205 Loaded shared library c:\Users\DELL\.vscode\extensions\redhat.java-1.23.0-win32-x64\jre\17.0.8.1-win32-x86_64\bin\zip.dll
Event: 0.209 Loaded shared library C:\Users\DELL\.vscode\extensions\redhat.java-1.23.0-win32-x64\jre\17.0.8.1-win32-x86_64\bin\instrument.dll
Event: 0.230 Loaded shared library C:\Users\DELL\.vscode\extensions\redhat.java-1.23.0-win32-x64\jre\17.0.8.1-win32-x86_64\bin\net.dll
Event: 0.234 Loaded shared library C:\Users\DELL\.vscode\extensions\redhat.java-1.23.0-win32-x64\jre\17.0.8.1-win32-x86_64\bin\nio.dll
Event: 0.246 Loaded shared library C:\Users\DELL\.vscode\extensions\redhat.java-1.23.0-win32-x64\jre\17.0.8.1-win32-x86_64\bin\zip.dll
Event: 0.273 Loaded shared library C:\Users\DELL\.vscode\extensions\redhat.java-1.23.0-win32-x64\jre\17.0.8.1-win32-x86_64\bin\jimage.dll
Event: 0.371 Loaded shared library c:\Users\DELL\.vscode\extensions\redhat.java-1.23.0-win32-x64\jre\17.0.8.1-win32-x86_64\bin\verify.dll

Deoptimization events (20 events):
Event: 0.795 Thread 0x0000023a392ec9e0 Uncommon trap: trap_request=0xffffffde fr.pc=0x0000023a43a82d88 relative=0x0000000000000a48
Event: 0.795 Thread 0x0000023a392ec9e0 Uncommon trap: reason=class_check action=maybe_recompile pc=0x0000023a43a82d88 method=java.util.HashMap.putVal(ILjava/lang/Object;Ljava/lang/Object;ZZ)Ljava/lang/Object; @ 203 c2
Event: 0.795 Thread 0x0000023a392ec9e0 DEOPT PACKING pc=0x0000023a43a82d88 sp=0x000000e5c04fdaf0
Event: 0.795 Thread 0x0000023a392ec9e0 DEOPT UNPACKING pc=0x0000023a434f66a3 sp=0x000000e5c04fda08 mode 2
Event: 0.795 Thread 0x0000023a392ec9e0 Uncommon trap: trap_request=0xffffffde fr.pc=0x0000023a43a82d88 relative=0x0000000000000a48
Event: 0.795 Thread 0x0000023a392ec9e0 Uncommon trap: reason=class_check action=maybe_recompile pc=0x0000023a43a82d88 method=java.util.HashMap.putVal(ILjava/lang/Object;Ljava/lang/Object;ZZ)Ljava/lang/Object; @ 203 c2
Event: 0.795 Thread 0x0000023a392ec9e0 DEOPT PACKING pc=0x0000023a43a82d88 sp=0x000000e5c04fdaf0
Event: 0.795 Thread 0x0000023a392ec9e0 DEOPT UNPACKING pc=0x0000023a434f66a3 sp=0x000000e5c04fda08 mode 2
Event: 0.795 Thread 0x0000023a392ec9e0 Uncommon trap: trap_request=0xffffffde fr.pc=0x0000023a43a82d88 relative=0x0000000000000a48
Event: 0.795 Thread 0x0000023a392ec9e0 Uncommon trap: reason=class_check action=maybe_recompile pc=0x0000023a43a82d88 method=java.util.HashMap.putVal(ILjava/lang/Object;Ljava/lang/Object;ZZ)Ljava/lang/Object; @ 203 c2
Event: 0.795 Thread 0x0000023a392ec9e0 DEOPT PACKING pc=0x0000023a43a82d88 sp=0x000000e5c04fdaf0
Event: 0.795 Thread 0x0000023a392ec9e0 DEOPT UNPACKING pc=0x0000023a434f66a3 sp=0x000000e5c04fda08 mode 2
Event: 0.819 Thread 0x0000023a392ec9e0 Uncommon trap: trap_request=0xffffffde fr.pc=0x0000023a43a6a534 relative=0x0000000000000214
Event: 0.819 Thread 0x0000023a392ec9e0 Uncommon trap: reason=class_check action=maybe_recompile pc=0x0000023a43a6a534 method=java.util.Collections$UnmodifiableCollection$1.next()Ljava/lang/Object; @ 4 c2
Event: 0.819 Thread 0x0000023a392ec9e0 DEOPT PACKING pc=0x0000023a43a6a534 sp=0x000000e5c04fe370
Event: 0.819 Thread 0x0000023a392ec9e0 DEOPT UNPACKING pc=0x0000023a434f66a3 sp=0x000000e5c04fe320 mode 2
Event: 0.819 Thread 0x0000023a392ec9e0 Uncommon trap: trap_request=0xffffffde fr.pc=0x0000023a43a6a534 relative=0x0000000000000214
Event: 0.819 Thread 0x0000023a392ec9e0 Uncommon trap: reason=class_check action=maybe_recompile pc=0x0000023a43a6a534 method=java.util.Collections$UnmodifiableCollection$1.next()Ljava/lang/Object; @ 4 c2
Event: 0.819 Thread 0x0000023a392ec9e0 DEOPT PACKING pc=0x0000023a43a6a534 sp=0x000000e5c04fe370
Event: 0.819 Thread 0x0000023a392ec9e0 DEOPT UNPACKING pc=0x0000023a434f66a3 sp=0x000000e5c04fe320 mode 2

Classes unloaded (0 events):
No events

Classes redefined (0 events):
No events

Internal exceptions (13 events):
Event: 0.176 Thread 0x0000023a392ec9e0 Exception <a 'java/lang/NoSuchMethodError'{0x00000000eacb25b0}: 'void java.lang.invoke.DirectMethodHandle$Holder.invokeStatic(java.lang.Object, java.lang.Object, java.lang.Object)'> (0x00000000eacb25b0) 
thrown [s\src\hotspot\share\interpreter\linkResolver.cpp, line 759]
Event: 0.402 Thread 0x0000023a392ec9e0 Exception <a 'java/lang/reflect/InvocationTargetException'{0x00000000eafe1af8}> (0x00000000eafe1af8) 
thrown [s\src\hotspot\share\runtime\reflection.cpp, line 1121]
Event: 0.645 Thread 0x0000023a392ec9e0 Exception <a 'java/lang/ClassNotFoundException'{0x00000000eb856a10}: sun/net/www/protocol/c/Handler> (0x00000000eb856a10) 
thrown [s\src\hotspot\share\classfile\systemDictionary.cpp, line 256]
Event: 0.650 Thread 0x0000023a392ec9e0 Exception <a 'java/io/FileNotFoundException'{0x00000000eb86a338}> (0x00000000eb86a338) 
thrown [s\src\hotspot\share\prims\jni.cpp, line 516]
Event: 0.650 Thread 0x0000023a392ec9e0 Exception <a 'java/io/FileNotFoundException'{0x00000000eb86b048}> (0x00000000eb86b048) 
thrown [s\src\hotspot\share\prims\jni.cpp, line 516]
Event: 0.650 Thread 0x0000023a392ec9e0 Exception <a 'java/io/FileNotFoundException'{0x00000000eb86bd38}> (0x00000000eb86bd38) 
thrown [s\src\hotspot\share\prims\jni.cpp, line 516]
Event: 0.651 Thread 0x0000023a392ec9e0 Exception <a 'java/io/FileNotFoundException'{0x00000000eb86c9f8}> (0x00000000eb86c9f8) 
thrown [s\src\hotspot\share\prims\jni.cpp, line 516]
Event: 0.655 Thread 0x0000023a392ec9e0 Implicit null exception at 0x0000023a43a64472 to 0x0000023a43a649c0
Event: 0.658 Thread 0x0000023a392ec9e0 Exception <a 'java/io/FileNotFoundException'{0x00000000eb8a7960}> (0x00000000eb8a7960) 
thrown [s\src\hotspot\share\prims\jni.cpp, line 516]
Event: 0.810 Thread 0x0000023a392ec9e0 Exception <a 'java/lang/ClassNotFoundException'{0x00000000ec0ab550}: sun/net/www/protocol/c/Handler> (0x00000000ec0ab550) 
thrown [s\src\hotspot\share\classfile\systemDictionary.cpp, line 256]
Event: 0.811 Thread 0x0000023a392ec9e0 Exception <a 'java/lang/ClassNotFoundException'{0x00000000ec0ac898}: sun/net/www/protocol/c/Handler> (0x00000000ec0ac898) 
thrown [s\src\hotspot\share\classfile\systemDictionary.cpp, line 256]
Event: 0.811 Thread 0x0000023a392ec9e0 Exception <a 'java/lang/ClassNotFoundException'{0x00000000ec0ada10}: sun/net/www/protocol/c/Handler> (0x00000000ec0ada10) 
thrown [s\src\hotspot\share\classfile\systemDictionary.cpp, line 256]
Event: 0.819 Thread 0x0000023a392ec9e0 Exception <a 'java/io/FileNotFoundException'{0x00000000ec0cc780}> (0x00000000ec0cc780) 
thrown [s\src\hotspot\share\prims\jni.cpp, line 516]

VM Operations (8 events):
Event: 0.183 Executing VM operation: HandshakeAllThreads
Event: 0.183 Executing VM operation: HandshakeAllThreads done
Event: 0.620 Executing VM operation: HandshakeAllThreads
Event: 0.620 Executing VM operation: HandshakeAllThreads done
Event: 0.638 Executing VM operation: HandshakeAllThreads
Event: 0.638 Executing VM operation: HandshakeAllThreads done
Event: 0.825 Executing VM operation: ICBufferFull
Event: 0.825 Executing VM operation: ICBufferFull done

Events (20 events):
Event: 0.792 loading class sun/nio/cs/StreamDecoder
Event: 0.792 loading class sun/nio/cs/StreamDecoder done
Event: 0.792 loading class sun/nio/cs/UTF_8$Decoder
Event: 0.792 loading class sun/nio/cs/UTF_8$Decoder done
Event: 0.792 loading class java/nio/charset/CoderResult
Event: 0.792 loading class java/nio/charset/CoderResult done
Event: 0.803 loading class java/util/Random
Event: 0.804 loading class java/util/random/RandomGenerator
Event: 0.804 loading class java/util/random/RandomGenerator done
Event: 0.804 loading class java/util/Random done
Event: 0.804 loading class java/util/UUID
Event: 0.804 loading class java/util/UUID done
Event: 0.804 loading class java/util/concurrent/atomic/AtomicBoolean
Event: 0.804 loading class java/util/concurrent/atomic/AtomicBoolean done
Event: 0.805 loading class java/lang/invoke/VarHandleInts$FieldInstanceReadWrite
Event: 0.805 loading class java/lang/invoke/VarHandleInts$FieldInstanceReadOnly
Event: 0.805 loading class java/lang/invoke/VarHandleInts$FieldInstanceReadOnly done
Event: 0.805 loading class java/lang/invoke/VarHandleInts$FieldInstanceReadWrite done
Event: 0.815 loading class java/nio/file/FileVisitor
Event: 0.815 loading class java/nio/file/FileVisitor done


Dynamic libraries:
0x00007ff64cc90000 - 0x00007ff64cc9e000 	c:\Users\DELL\.vscode\extensions\redhat.java-1.23.0-win32-x64\jre\17.0.8.1-win32-x86_64\bin\java.exe
0x00007ff932e10000 - 0x00007ff933008000 	C:\WINDOWS\SYSTEM32\ntdll.dll
0x00007ff931f20000 - 0x00007ff931fdd000 	C:\WINDOWS\System32\KERNEL32.DLL
0x00007ff9309b0000 - 0x00007ff930ca6000 	C:\WINDOWS\System32\KERNELBASE.dll
0x00007ff9306b0000 - 0x00007ff9307b0000 	C:\WINDOWS\System32\ucrtbase.dll
0x00007ff914160000 - 0x00007ff914177000 	c:\Users\DELL\.vscode\extensions\redhat.java-1.23.0-win32-x64\jre\17.0.8.1-win32-x86_64\bin\jli.dll
0x00007ff913aa0000 - 0x00007ff913ab9000 	c:\Users\DELL\.vscode\extensions\redhat.java-1.23.0-win32-x64\jre\17.0.8.1-win32-x86_64\bin\VCRUNTIME140.dll
0x00007ff931030000 - 0x00007ff9311ce000 	C:\WINDOWS\System32\USER32.dll
0x00007ff930e40000 - 0x00007ff930e62000 	C:\WINDOWS\System32\win32u.dll
0x00007ff932c00000 - 0x00007ff932c2c000 	C:\WINDOWS\System32\GDI32.dll
0x00007ff930590000 - 0x00007ff9306aa000 	C:\WINDOWS\System32\gdi32full.dll
0x00007ff9304f0000 - 0x00007ff93058d000 	C:\WINDOWS\System32\msvcp_win.dll
0x00007ff920120000 - 0x00007ff9203ba000 	C:\WINDOWS\WinSxS\amd64_microsoft.windows.common-controls_6595b64144ccf1df_6.0.19041.1110_none_60b5254171f9507e\COMCTL32.dll
0x00007ff932d30000 - 0x00007ff932dce000 	C:\WINDOWS\System32\msvcrt.dll
0x00007ff930e70000 - 0x00007ff930ea0000 	C:\WINDOWS\System32\IMM32.DLL
0x00007ff928850000 - 0x00007ff92885c000 	c:\Users\DELL\.vscode\extensions\redhat.java-1.23.0-win32-x64\jre\17.0.8.1-win32-x86_64\bin\vcruntime140_1.dll
0x00007ff8ff020000 - 0x00007ff8ff0b1000 	c:\Users\DELL\.vscode\extensions\redhat.java-1.23.0-win32-x64\jre\17.0.8.1-win32-x86_64\bin\msvcp140.dll
0x00007ff8f3d80000 - 0x00007ff8f49cc000 	c:\Users\DELL\.vscode\extensions\redhat.java-1.23.0-win32-x64\jre\17.0.8.1-win32-x86_64\bin\server\jvm.dll
0x00007ff932b50000 - 0x00007ff932bfe000 	C:\WINDOWS\System32\ADVAPI32.dll
0x00007ff930f90000 - 0x00007ff93102c000 	C:\WINDOWS\System32\sechost.dll
0x00007ff932840000 - 0x00007ff932966000 	C:\WINDOWS\System32\RPCRT4.dll
0x00007ff92faa0000 - 0x00007ff92faeb000 	C:\WINDOWS\SYSTEM32\POWRPROF.dll
0x00007ff91f1b0000 - 0x00007ff91f1b9000 	C:\WINDOWS\SYSTEM32\WSOCK32.dll
0x00007ff932cc0000 - 0x00007ff932d2b000 	C:\WINDOWS\System32\WS2_32.dll
0x00007ff922100000 - 0x00007ff922127000 	C:\WINDOWS\SYSTEM32\WINMM.dll
0x00007ff929cc0000 - 0x00007ff929cca000 	C:\WINDOWS\SYSTEM32\VERSION.dll
0x00007ff92f910000 - 0x00007ff92f922000 	C:\WINDOWS\SYSTEM32\UMPDC.dll
0x00007ff92ed60000 - 0x00007ff92ed72000 	C:\WINDOWS\SYSTEM32\kernel.appcore.dll
0x00007ff9286b0000 - 0x00007ff9286ba000 	c:\Users\DELL\.vscode\extensions\redhat.java-1.23.0-win32-x64\jre\17.0.8.1-win32-x86_64\bin\jimage.dll
0x00007ff92e880000 - 0x00007ff92ea64000 	C:\WINDOWS\SYSTEM32\DBGHELP.DLL
0x00007ff91e960000 - 0x00007ff91e994000 	C:\WINDOWS\SYSTEM32\dbgcore.DLL
0x00007ff930920000 - 0x00007ff9309a2000 	C:\WINDOWS\System32\bcryptPrimitives.dll
0x00007ff924580000 - 0x00007ff92458e000 	c:\Users\DELL\.vscode\extensions\redhat.java-1.23.0-win32-x64\jre\17.0.8.1-win32-x86_64\bin\instrument.dll
0x00007ff90cb80000 - 0x00007ff90cba5000 	c:\Users\DELL\.vscode\extensions\redhat.java-1.23.0-win32-x64\jre\17.0.8.1-win32-x86_64\bin\java.dll
0x00007ff912820000 - 0x00007ff912838000 	c:\Users\DELL\.vscode\extensions\redhat.java-1.23.0-win32-x64\jre\17.0.8.1-win32-x86_64\bin\zip.dll
0x00007ff931720000 - 0x00007ff931e65000 	C:\WINDOWS\System32\SHELL32.dll
0x00007ff92e010000 - 0x00007ff92e7ab000 	C:\WINDOWS\SYSTEM32\windows.storage.dll
0x00007ff932170000 - 0x00007ff9324c4000 	C:\WINDOWS\System32\combase.dll
0x00007ff92ff30000 - 0x00007ff92ff5e000 	C:\WINDOWS\SYSTEM32\Wldp.dll
0x00007ff9329d0000 - 0x00007ff932a7d000 	C:\WINDOWS\System32\SHCORE.dll
0x00007ff932970000 - 0x00007ff9329c5000 	C:\WINDOWS\System32\shlwapi.dll
0x00007ff930420000 - 0x00007ff930445000 	C:\WINDOWS\SYSTEM32\profapi.dll
0x00007ff9117b0000 - 0x00007ff9117c9000 	C:\Users\DELL\.vscode\extensions\redhat.java-1.23.0-win32-x64\jre\17.0.8.1-win32-x86_64\bin\net.dll
0x00007ff927570000 - 0x00007ff92767a000 	C:\WINDOWS\SYSTEM32\WINHTTP.dll
0x00007ff92fc90000 - 0x00007ff92fcfa000 	C:\WINDOWS\system32\mswsock.dll
0x00007ff90f920000 - 0x00007ff90f935000 	C:\Users\DELL\.vscode\extensions\redhat.java-1.23.0-win32-x64\jre\17.0.8.1-win32-x86_64\bin\nio.dll
0x00007ff924490000 - 0x00007ff9244a0000 	c:\Users\DELL\.vscode\extensions\redhat.java-1.23.0-win32-x64\jre\17.0.8.1-win32-x86_64\bin\verify.dll

dbghelp: loaded successfully - version: 4.0.5 - missing functions: none
symbol engine: initialized successfully - sym options: 0x614 - pdb path: .;c:\Users\DELL\.vscode\extensions\redhat.java-1.23.0-win32-x64\jre\17.0.8.1-win32-x86_64\bin;C:\WINDOWS\SYSTEM32;C:\WINDOWS\WinSxS\amd64_microsoft.windows.common-controls_6595b64144ccf1df_6.0.19041.1110_none_60b5254171f9507e;c:\Users\DELL\.vscode\extensions\redhat.java-1.23.0-win32-x64\jre\17.0.8.1-win32-x86_64\bin\server

VM Arguments:
jvm_args: --add-modules=ALL-SYSTEM --add-opens=java.base/java.util=ALL-UNNAMED --add-opens=java.base/java.lang=ALL-UNNAMED --add-opens=java.base/sun.nio.fs=ALL-UNNAMED -Declipse.application=org.eclipse.jdt.ls.core.id1 -Dosgi.bundles.defaultStartLevel=4 -Declipse.product=org.eclipse.jdt.ls.core.product -Djava.import.generatesMetadataFilesAtProjectRoot=false -DDetectVMInstallationsJob.disabled=true -Dfile.encoding=utf8 -XX:+UseParallelGC -XX:GCTimeRatio=4 -XX:AdaptiveSizePolicyWeight=90 -Dsun.zip.disableMemoryMapping=true -Xmx1G -Xms100m -Xlog:disable -javaagent:c:\Users\DELL\.vscode\extensions\redhat.java-1.23.0-win32-x64\lombok\lombok-1.18.30.jar 
java_command: c:\Users\DELL\.vscode\extensions\redhat.java-1.23.0-win32-x64\server\plugins\org.eclipse.equinox.launcher_1.6.500.v20230717-2134.jar -configuration c:\Users\DELL\AppData\Roaming\Code\User\globalStorage\redhat.java\1.23.0\config_ss_win -data c:\Users\DELL\AppData\Roaming\Code\User\workspaceStorage\72c155e9b7a7fa28bd4b3a5f12094ced\redhat.java\ss_ws
java_class_path (initial): c:\Users\DELL\.vscode\extensions\redhat.java-1.23.0-win32-x64\server\plugins\org.eclipse.equinox.launcher_1.6.500.v20230717-2134.jar
Launcher Type: SUN_STANDARD

[Global flags]
    uintx AdaptiveSizePolicyWeight                 = 90                                        {product} {command line}
     intx CICompilerCount                          = 4                                         {product} {ergonomic}
    uintx GCTimeRatio                              = 4                                         {product} {command line}
   size_t InitialHeapSize                          = 104857600                                 {product} {command line}
   size_t MaxHeapSize                              = 1073741824                                {product} {command line}
   size_t MaxNewSize                               = 357564416                                 {product} {ergonomic}
   size_t MinHeapDeltaBytes                        = 524288                                    {product} {ergonomic}
   size_t MinHeapSize                              = 104857600                                 {product} {command line}
   size_t NewSize                                  = 34603008                                  {product} {ergonomic}
    uintx NonNMethodCodeHeapSize                   = 5839372                                {pd product} {ergonomic}
    uintx NonProfiledCodeHeapSize                  = 122909434                              {pd product} {ergonomic}
   size_t OldSize                                  = 70254592                                  {product} {ergonomic}
    uintx ProfiledCodeHeapSize                     = 122909434                              {pd product} {ergonomic}
    uintx ReservedCodeCacheSize                    = 251658240                              {pd product} {ergonomic}
     bool SegmentedCodeCache                       = true                                      {product} {ergonomic}
   size_t SoftMaxHeapSize                          = 1073741824                             {manageable} {ergonomic}
     bool UseCompressedClassPointers               = true                           {product lp64_product} {ergonomic}
     bool UseCompressedOops                        = true                           {product lp64_product} {ergonomic}
     bool UseLargePagesIndividualAllocation        = false                                  {pd product} {ergonomic}
     bool UseParallelGC                            = true                                      {product} {command line}

Logging:
Log output configuration:
 #0: stdout all=off uptime,level,tags
 #1: stderr all=off uptime,level,tags

Environment Variables:
PATH=C:\Program Files\Common Files\Oracle\Java\javapath;E:\VM\bin\;C:\Program Files (x86)\Common Files\Oracle\Java\javapath;C:\Windows\system32;C:\Windows;C:\Windows\System32\Wbem;C:\Windows\System32\WindowsPowerShell\v1.0\;C:\Program Files (x86)\NVIDIA Corporation\PhysX\Common;C:\WINDOWS\system32;C:\WINDOWS;C:\WINDOWS\System32\Wbem;C:\WINDOWS\System32\WindowsPowerShell\v1.0\;C:\WINDOWS\System32\OpenSSH\;C:\Program Files (x86)\Bitvise SSH Client;C:\Program Files\Git\cmd;C:\Program Files\nodejs\;C:\Program Files (x86)\Intel\Intel(R) Management Engine Components\DAL;C:\Program Files\Intel\Intel(R) Management Engine Components\DAL;C:\Program Files\dotnet\;C:\Users\DELL\AppData\Local\Programs\Python\Python311\;C:\Users\DELL\AppData\Local\Programs\Python\Python311\Scripts\;C:\Program Files\Java\jdk-20\bin;C:\Users\DELL\AppData\Local\Programs\Python\Python311\Scripts\;C:\Users\DELL\AppData\Local\Programs\Python\Python311\;C:\Users\DELL\AppData\Local\Microsoft\WindowsApps;C:\Program Files (x86)\Nmap;C:\Users\DELL\AppData\Roaming\npm;C:\Users\DELL\AppData\Local\Programs\Microsoft VS Code\bin;C:\Program Files\heroku\bin;C:\Program Files\JetBrains\PyCharm Community Edition 2020.3.3\bin;;C:\Program Files\Java\jdk-20\bin\;C:\Users\DELL\AppData\Local\GitHubDesktop\bin
USERNAME=DELL
OS=Windows_NT
PROCESSOR_IDENTIFIER=Intel64 Family 6 Model 158 Stepping 9, GenuineIntel
TMP=C:\Users\DELL\AppData\Local\Temp
TEMP=C:\Users\DELL\AppData\Local\Temp



---------------  S Y S T E M  ---------------

OS:
 Windows 10 , 64 bit Build 19041 (10.0.19041.3393)
OS uptime: 2 days 0:17 hours

CPU: total 8 (initial active 8) (4 cores per cpu, 2 threads per core) family 6 model 158 stepping 9 microcode 0xb4, cx8, cmov, fxsr, ht, mmx, 3dnowpref, sse, sse2, sse3, ssse3, sse4.1, sse4.2, popcnt, lzcnt, tsc, tscinvbit, avx, avx2, aes, erms, clmul, bmi1, bmi2, adx, fma, vzeroupper, clflush, clflushopt
Processor Information for all 8 processors :
  Max Mhz: 2801, Current Mhz: 2800, Mhz Limit: 2772

Memory: 4k page, system-wide physical 8053M (498M free)
TotalPageFile size 12149M (AvailPageFile size 7M)
current process WorkingSet (physical memory assigned to process): 68M, peak: 68M
current process commit charge ("private bytes"): 198M, peak: 198M

vm_info: OpenJDK 64-Bit Server VM (17.0.8.1+1) for windows-amd64 JRE (17.0.8.1+1), built on Aug 23 2023 15:29:17 by "admin" with MS VC++ 16.7 (VS2019)

END.
